Connect MD5 differential paths
Copyright (C) 2009 Marc Stevens
http://homepages.cwi.nl/~stevens/

delta_m[11] = [!-14!]
Loading workdir5/paths16_0of1.bin.gz...done: 500000.
Loading workdir5/paths11_0of1.bin.gz...done: 500000.
t=12: 0%   10   20   30   40   50   60   70   80   90   100%
      |----|----|----|----|----|----|----|----|----|----|
      *Q-3:	|01101111 11101100 01111011 01101110|
Q-2:	|01-0101+ 01110000 -0100001 000001+1|
Q-1:	|-++0+--- 10100010 -0100001 1110+--0|
Q0:	|00-01111 011+0-00 -1+11011 00-011+1| ok p=1
Q1:	|1++.-110 .0--.-.. -.0+..+. .1-.01+.| ok p=0.451172
Q2:	|.10.+..+ .00-.-.. 0.++..0. .-+.01+.| ok p=1
Q3:	|!10.+..0 .+1-0+.. 1.+...1. .-+.-1..| ok p=0.999023
Q4:	|0.1..1.+ .+.-.+.. ..+0..-. .-1.++0.| ok p=1
Q5:	|1...01.- .0.+.+.. ..0...0^ .00.0-0.| ok p=1
Q6:	|10!..+.1 .0.+.... ..-^..1+ .1..+++1| ok p=1
Q7:	|-1..^+.0 .-.0.1.. .!1-...0 ....0-+1| ok p=1
Q8:	|00..-..- .+.1.... 1.10...+ ....1-.+| ok p=1
Q9:	|1...10.+ .+.1.... 00111.00 .!....1-| ok p=1
Q10:	|.1..00.- 0+1+.01. +1++1010 0..0.110| ok p=1
Q11:	|011011^+ 1+0+^10^ -+1--111 1^^0^01-| ok p=1
Q12:	|0+010+-- -1+--++0 -100++-- -----+-+| ok p=1
Q13:	|-+0-+00+ ++000+-1 ++1+-1-0 -10+01--| ok p=1
Q14:	|1-010100 1110111- 00101+11 100010.-| ok p=1
Q15:	|111011+0 00+..010 0++101+. 1..10.0-| ok p=0.880859
Q16:	|.1..0+.. 0.+..-.+ .1...0-. +......1| ok p=0.740234
Q17:	|.0..1.^. 1.0..-1+ .0^...1. 0...-..1| ok p=0.701172
Q18:	|.0..-^.. -.1..+.+ .1....-. -...-...| ok p=0.699219
Q19:	|.+...... .....1++ .-....-. ...0+...| ok p=0.633789
Q20:	|...0^... ^....1++ ...0..0. ^..1+..0| ok p=1
Q21:	|.^.1.... 0.....++ .^.1..0. ...+0..1| ok p=0.885742
Q22:	|...+.... 1.....-1 ...-.... ....0..-| ok p=0.708008
Q23:	|........ -.0...00 ......0. ...^....| ok p=0.99707
Q24:	|...^.0.. ..1...1. ...^..1. ..0....^| ok p=1
Q25:	|........ ^.+..... ......+. ..1.....| ok p=0.908203
Q26:	|....0-.. ........ .0...... ..+.....| ok p=0.994141
Q27:	|....1-.. ..^..... .1....^. ........| ok p=0.976562
Q28:	|....-+.. ........ .-...... ..^.....| ok p=0.989258
Q29:	|.....0.. ........ .0...... ........| ok p=1
Q30:	|....^1.. ........ .+...... ........| ok p=1
Q31:	|........ ........ .+...... ........| ok p=0.983398
Q32:	|........ ........ ........ ........| ok p=1
Q33:	|........ ........ .!...... ........| ok p=1
Q34:	|........ ........ ........ ........| ok p=1
Q35:	|........ ........ ........ ........| ok p=1
Q36:	|........ ........ ........ ........| ok p=1
Q37:	|........ ........ ........ ........| ok p=1
Q38:	|........ ........ ........ ........| ok p=1
Q39:	|........ ........ ........ ........| ok p=1
Q40:	|........ ........ ........ ........| ok p=1
Q41:	|........ ........ ........ ........| ok p=1
Q42:	|........ ........ ........ ........| ok p=1
Q43:	|........ ........ ........ ........| ok p=1
Q44:	|........ ........ ........ ........| ok p=1
Q45:	|........ ........ ........ ........| ok p=1
Q46:	|........ ........ ........ ........| ok p=1
Q47:	|........ ........ ........ ........| ok p=1
Q48:	|........ ........ ........ ........| ok p=1
Q49:	|........ ........ ........ ........| ok p=1
Q50:	|........ ........ ........ ........| ok p=1
Q51:	|........ ........ ........ ........| ok p=1
Q52:	|........ ........ ........ ........| ok p=1
Q53:	|........ ........ ........ ........| ok p=1
Q54:	|........ ........ ........ ........| ok p=1
Q55:	|........ ........ ........ ........| ok p=1
Q56:	|........ ........ ........ ........| ok p=1
Q57:	|........ ........ ........ ........| ok p=1
Q58:	|........ ........ ........ ........| ok p=1
Q59:	|........ ........ ........ ........| ok p=1
Q60:	|.......0 ........ ........ ........| ok p=1
Q61:	|......10 ........ ........ ........| ok p=1
Q62:	|......0- ........ ........ ........| ok p=1
Q63:	|......-+ ........ ........ ........| ok p=0.996094
Q64:	|.......- ........ ..-..... ........|
Best path: totcompl=-30 tottunnel=33, totcond=571, p=0.0479468
Q-3:	|01101111 11101100 01111011 01101110|
Q-2:	|01-0101+ 01110000 -0100001 000001+1|
Q-1:	|-++0+--- 10100010 -0100001 1110+--0|
Q0:	|00-01111 011+0-00 -1+11011 00-011+1| ok p=1
Q1:	|1++.-110 .0--.-.. -.0+..+. .1-.01+.| ok p=0.451172
Q2:	|.10.+..+ .00-.-.. ..++..0. .-+.01+.| ok p=1
Q3:	|.10!+..0 .+1-.+.! 1.+...1. .-+.-1..| ok p=1
Q4:	|0.1..1.+ .+0-.+.. ..+0..-. .-.1++0.| ok p=1
Q5:	|1...01.- .0.+.+.. ..0...0^ .00.0-0.| ok p=1
Q6:	|10!..+.1 .0.+.... ..-^..1+ .1..+++1| ok p=1
Q7:	|-1..^+.0 .-...1.. !.1-...0 ....0-+1| ok p=1
Q8:	|00..-..- .+!1.... 1.10...+ ....1-.+| ok p=1
Q9:	|1...10.+ .+.1.... 00110..0 .!....1-| ok p=1
Q10:	|.1..00.- 0+1+.01. +1++0110 0!.0.110| ok p=1
Q11:	|011011^+ 1+0+^10^ -+1--011 1^^0^01-| ok p=1
Q12:	|0+010+-- -1+--++0 -100++-- -----+-+| ok p=1
Q13:	|-+0-+00+ ++000+-1 ++1+-1-0 -10+01--| ok p=1
Q14:	|1-010100 1110111- 00101+11 100010.-| ok p=1
Q15:	|111011+0 00+..010 0++101+. 1..10.0-| ok p=0.883789
Q16:	|.1..0+.. 0.+..-.+ .1...0-. +......1| ok p=0.772461
Q17:	|.0..1.^. 1.0..-1+ .0^...1. 0...-..1| ok p=0.714844
Q18:	|.0..-^.. -.1..+.+ .1....-. -...-...| ok p=0.720703
Q19:	|.+...... .....1++ .-....-. ...0+...| ok p=0.662109
Q20:	|...0^... ^....1++ ...0..0. ^..1+..0| ok p=1
Q21:	|.^.1.... 0.....++ .^.1..0. ...+0..1| ok p=0.910156
Q22:	|...+.... 1.....-1 ...-.... ....0..-| ok p=0.707031
Q23:	|........ -.0...00 ......0. ...^....| ok p=0.995117
Q24:	|...^.0.. ..1...1. ...^..1. ..0....^| ok p=1
Q25:	|........ ^.+..... ......+. ..1.....| ok p=0.916016
Q26:	|....0-.. ........ .0...... ..+.....| ok p=0.998047
Q27:	|....1-.. ..^..... .1....^. ........| ok p=0.987305
Q28:	|....-+.. ........ .-...... ..^.....| ok p=0.974609
Q29:	|.....0.. ........ .0...... ........| ok p=1
Q30:	|....^1.. ........ .+...... ........| ok p=1
Q31:	|........ ........ .+...... ........| ok p=0.979492
Q32:	|........ ........ ........ ........| ok p=1
Q33:	|........ ........ .!...... ........| ok p=1
Q34:	|........ ........ ........ ........| ok p=1
Q35:	|........ ........ ........ ........| ok p=1
Q36:	|........ ........ ........ ........| ok p=1
Q37:	|........ ........ ........ ........| ok p=1
Q38:	|........ ........ ........ ........| ok p=1
Q39:	|........ ........ ........ ........| ok p=1
Q40:	|........ ........ ........ ........| ok p=1
Q41:	|........ ........ ........ ........| ok p=1
Q42:	|........ ........ ........ ........| ok p=1
Q43:	|........ ........ ........ ........| ok p=1
Q44:	|........ ........ ........ ........| ok p=1
Q45:	|........ ........ ........ ........| ok p=1
Q46:	|........ ........ ........ ........| ok p=1
Q47:	|........ ........ ........ ........| ok p=1
Q48:	|........ ........ ........ ........| ok p=1
Q49:	|........ ........ ........ ........| ok p=1
Q50:	|........ ........ ........ ........| ok p=1
Q51:	|........ ........ ........ ........| ok p=1
Q52:	|........ ........ ........ ........| ok p=1
Q53:	|........ ........ ........ ........| ok p=1
Q54:	|........ ........ ........ ........| ok p=1
Q55:	|........ ........ ........ ........| ok p=1
Q56:	|........ ........ ........ ........| ok p=1
Q57:	|........ ........ ........ ........| ok p=1
Q58:	|........ ........ ........ ........| ok p=1
Q59:	|........ ........ ........ ........| ok p=1
Q60:	|.......0 ........ ........ ........| ok p=1
Q61:	|......10 ........ ........ ........| ok p=1
Q62:	|......0- ........ ........ ........| ok p=1
Q63:	|......-+ ........ ........ ........| ok p=0.996094
Q64:	|.......- ........ ..-..... ........|
Best path: totcompl=-29 tottunnel=34, totcond=571, p=0.0493563
Q-3:	|01101111 11101100 01111011 01101110|
Q-2:	|01-0101+ 01110000 -0100001 000001+1|
Q-1:	|-++0+--- 10100010 -0100001 1110+--0|
Q0:	|00-01111 011+0-00 -1+11011 00-011+1| ok p=1
Q1:	|1++.-110 .0--.-.. -.0+..+. .1-.01+.| ok p=0.469727
Q2:	|.10.+..+ .00-.-.. ..++..0. .-+.01+.| ok p=1
Q3:	|!10.+..0 .+1-.+.! 1.+...1. .-+.-1..| ok p=0.999023
Q4:	|.0...1.+ .+.-.+.. ..+0..-. .-.1++0.| ok p=1
Q5:	|11..01.- .0.+.+.. ..0...0^ .00.0-0.| ok p=1
Q6:	|10...+.1 .0.+.... ..-^..1+ .1..+++1| ok p=1
Q7:	|-1..^+.0 .-..01.! ..1-...0 ....0-+1| ok p=0.992188
Q8:	|00..-..- .+.1.... 1.10...+ ....1-.+| ok p=1
Q9:	|1...10.+ .+.1.... 00110..0 1.!...1-| ok p=1
Q10:	|.1..00.- 0+1+.01. +1++0110 0.01.110| ok p=1
Q11:	|111011^+ 1+0+^10^ -+1--011 1^01^01-| ok p=1
Q12:	|1+010+-- -1+--++0 -100++-- -----+-+| ok p=1
Q13:	|-+1-+00+ ++000+-1 ++1+-1-0 -1+-01--| ok p=1
Q14:	|1-010100 1110111- 00101+11 100.10.-| ok p=1
Q15:	|111011+0 00+..010 0++101+. 1.110.0-| ok p=0.884766
Q16:	|.1..0+.. 0.+..-.+ .1...0-. +......1| ok p=0.753906
Q17:	|.0..1.^. 1.0..-1+ .0^...1. 0...-..1| ok p=0.707031
Q18:	|.0..-^.. -.1..+.+ .1....-. -...-...| ok p=0.713867
Q19:	|.+...... .....1++ .-....-. ...0+...| ok p=0.666016
Q20:	|...0^... ^....1++ ...0..0. ^..1+..0| ok p=1
Q21:	|.^.1.... 0.....++ .^.1..0. ...+0..1| ok p=0.911133
Q22:	|...+.... 1.....-1 ...-.... ....0..-| ok p=0.714844
Q23:	|........ -.0...00 ......0. ...^....| ok p=0.998047
Q24:	|...^.0.. ..1...1. ...^..1. ..0....^| ok p=1
Q25:	|........ ^.+..... ......+. ..1.....| ok p=0.916992
Q26:	|....0-.. ........ .0...... ..+.....| ok p=0.992188
Q27:	|....1-.. ..^..... .1....^. ........| ok p=0.982422
Q28:	|....-+.. ........ .-...... ..^.....| ok p=0.983398
Q29:	|.....0.. ........ .0...... ........| ok p=1
Q30:	|....^1.. ........ .+...... ........| ok p=1
Q31:	|........ ........ .+...... ........| ok p=0.985352
Q32:	|........ ........ ........ ........| ok p=1
Q33:	|........ ........ .!...... ........| ok p=1
Q34:	|........ ........ ........ ........| ok p=1
Q35:	|........ ........ ........ ........| ok p=1
Q36:	|........ ........ ........ ........| ok p=1
Q37:	|........ ........ ........ ........| ok p=1
Q38:	|........ ........ ........ ........| ok p=1
Q39:	|........ ........ ........ ........| ok p=1
Q40:	|........ ........ ........ ........| ok p=1
Q41:	|........ ........ ........ ........| ok p=1
Q42:	|........ ........ ........ ........| ok p=1
Q43:	|........ ........ ........ ........| ok p=1
Q44:	|........ ........ ........ ........| ok p=1
Q45:	|........ ........ ........ ........| ok p=1
Q46:	|........ ........ ........ ........| ok p=1
Q47:	|........ ........ ........ ........| ok p=1
Q48:	|........ ........ ........ ........| ok p=1
Q49:	|........ ........ ........ ........| ok p=1
Q50:	|........ ........ ........ ........| ok p=1
Q51:	|........ ........ ........ ........| ok p=1
Q52:	|........ ........ ........ ........| ok p=1
Q53:	|........ ........ ........ ........| ok p=1
Q54:	|........ ........ ........ ........| ok p=1
Q55:	|........ ........ ........ ........| ok p=1
Q56:	|........ ........ ........ ........| ok p=1
Q57:	|........ ........ ........ ........| ok p=1
Q58:	|........ ........ ........ ........| ok p=1
Q59:	|........ ........ ........ ........| ok p=1
Q60:	|.......0 ........ ........ ........| ok p=1
Q61:	|......10 ........ ........ ........| ok p=1
Q62:	|......0- ........ ........ ........| ok p=1
Q63:	|......-+ ........ ........ ........| ok p=0.996094
Q64:	|.......- ........ ..-..... ........|
Best path: totcompl=-28 tottunnel=35, totcond=570, p=0.0514526
Q-3:	|01101111 11101100 01111011 01101110|
Q-2:	|01-0101+ 01110000 -0100001 000001+1|
Q-1:	|-++0+--- 10100010 -0100001 1110+--0|
Q0:	|00-01111 011+0-00 -1+11011 00-011+1| ok p=1
Q1:	|1++.-110 .0--.-.. -.0+..+. .1-.01+.| ok p=0.452148
Q2:	|.10.+..+ .00-.-.. 0.++..0. .-+.01+.| ok p=1
Q3:	|.10!+..0 .+1-.+.. 1.+...1. .-+.-1..| ok p=0.999023
Q4:	|0.1..1.+ .+.-.+.. ..+0..-. .-.1++0.| ok p=1
Q5:	|11..01.- .0.+.+.. ..0...0^ .00.0-0.| ok p=1
Q6:	|10...+.1 .0.+.... ..-^..1+ .1..+++1| ok p=1
Q7:	|-1..^+.0 .-...1.! ..1-...0 ....0-+1| ok p=1
Q8:	|001.-..- .+!1.... 11101..+ ....1-.+| ok p=1
Q9:	|0.0.10.+ .+.1.... 01.110.0 .!....0-| ok p=1
Q10:	|.00.0.1- 0+0+..10 ++0.+100 .1001110| ok p=1
Q11:	|.1-..^0+ 1+1+..00 0-1.1010 ^010100-| ok p=1
Q12:	|!+-^^+-- -0+-.^-0 0--^+--- --------| ok p=1
Q13:	|!--++00+ ++01.+0- -+1-+--0 00+-+--+| ok p=1
Q14:	|.-.10100 1110.10- 1-00.+10 111.1.-+| ok p=1
Q15:	|!.1101+0 00+..0.1 0++111+. ..11010-| ok p=0.750977
Q16:	|.^..0+.. 0.+..-.- .0...1-. 0.....10| ok p=0.75293
Q17:	|.0..1.^. 1.0..-0+ .0^...1. 1...-..0| ok p=0.685547
Q18:	|.0..-^.. -.1..+.+ .1....-. -...-...| ok p=0.708984
Q19:	|.+...... .....0++ .-....-. ...0+...| ok p=0.624023
Q20:	|...0^... ^....0++ ...0..0. ^..1+..0| ok p=1
Q21:	|.^.1.... 0.....++ .^.1..0. ...+0..1| ok p=0.892578
Q22:	|...+.... 1.....-1 ...-.... ....0..-| ok p=0.722656
Q23:	|........ -.0...00 ......0. ...^....| ok p=0.998047
Q24:	|...^.0.. ..1...1. ...^..1. ..0....^| ok p=0.998047
Q25:	|........ ^.+..... ......+. ..1.....| ok p=0.929688
Q26:	|....0-.. ........ .0...... ..+.....| ok p=0.998047
Q27:	|....1-.. ..^..... .1....^. ........| ok p=0.980469
Q28:	|....-+.. ........ .-...... ..^.....| ok p=0.984375
Q29:	|.....0.. ........ .0...... ........| ok p=1
Q30:	|....^1.. ........ .+...... ........| ok p=1
Q31:	|........ ........ .+...... ........| ok p=0.985352
Q32:	|........ ........ ........ ........| ok p=1
Q33:	|........ ........ .!...... ........| ok p=1
Q34:	|........ ........ ........ ........| ok p=1
Q35:	|........ ........ ........ ........| ok p=1
Q36:	|........ ........ ........ ........| ok p=1
Q37:	|........ ........ ........ ........| ok p=1
Q38:	|........ ........ ........ ........| ok p=1
Q39:	|........ ........ ........ ........| ok p=1
Q40:	|........ ........ ........ ........| ok p=1
Q41:	|........ ........ ........ ........| ok p=1
Q42:	|........ ........ ........ ........| ok p=1
Q43:	|........ ........ ........ ........| ok p=1
Q44:	|........ ........ ........ ........| ok p=1
Q45:	|........ ........ ........ ........| ok p=1
Q46:	|........ ........ ........ ........| ok p=1
Q47:	|........ ........ ........ ........| ok p=1
Q48:	|........ ........ ........ ........| ok p=1
Q49:	|........ ........ ........ ........| ok p=1
Q50:	|........ ........ ........ ........| ok p=1
Q51:	|........ ........ ........ ........| ok p=1
Q52:	|........ ........ ........ ........| ok p=1
Q53:	|........ ........ ........ ........| ok p=1
Q54:	|........ ........ ........ ........| ok p=1
Q55:	|........ ........ ........ ........| ok p=1
Q56:	|........ ........ ........ ........| ok p=1
Q57:	|........ ........ ........ ........| ok p=1
Q58:	|........ ........ ........ ........| ok p=1
Q59:	|........ ........ ........ ........| ok p=1
Q60:	|.......0 ........ ........ ........| ok p=1
Q61:	|......10 ........ ........ ........| ok p=1
Q62:	|......0- ........ ........ ........| ok p=1
Q63:	|......-+ ........ ........ ........| ok p=0.99707
Q64:	|.......- ........ ..-..... ........|
Best path: totcompl=-27 tottunnel=36, totcond=562, p=0.0454094
Q-3:	|01101111 11101100 01111011 01101110|
Q-2:	|01-0101+ 01110000 -0100001 000001+1|
Q-1:	|-++0+--- 10100010 -0100001 1110+--0|
Q0:	|00-01111 011+0-00 -1+11011 00-011+1| ok p=1
Q1:	|1++.-110 .0--.-.. -.0+..+. .1-.01+.| ok p=0.441406
Q2:	|.10.+..+ .00-.-.. 0.++..0. .-+.01+.| ok p=1
Q3:	|!10.+..0 .+1-.+.. 1.+...1. .-+.-1..| ok p=0.999023
Q4:	|.0...1.+ .+1-.+.. ..+0..-. .-.1++0.| ok p=1
Q5:	|11..01.- .0.+.+.. ..0...0^ .00.0-0.| ok p=1
Q6:	|10...+.1 .0.+.... ..-^..1+ .1..+++1| ok p=1
Q7:	|-1..^+.0 .-...1.! ..1-...0 ....0-+1| ok p=0.995117
Q8:	|001.-..- .+.1.... 11101..+ ....1-.+| ok p=1
Q9:	|0.0.10.+ .+.1.... 01.110.0 ..!...0-| ok p=1
Q10:	|.00.0.1- 0+0+..10 ++0.+100 .1011110| ok p=1
Q11:	|.1-..^0+ 1+1+..00 0-1.1010 ^011100-| ok p=1
Q12:	|!+-^^+-- -0+-.^-0 0--^+--- --------| ok p=1
Q13:	|!--++00+ ++01.+0- -+1-+--0 001++--+| ok p=1
Q14:	|.-.10100 1110.10- 1-00.+11 00001.-+| ok p=1
Q15:	|!.1101+0 00+..0.1 0++111+. ...1010-| ok p=0.791016
Q16:	|.^..0+.. 0.+..-.- .0...1-. 0.....10| ok p=0.763672
Q17:	|.0..1.^. 1.0..-0+ .0^...1. 1...-..0| ok p=0.702148
Q18:	|.0..-^.. -.1..+.+ .1....-. -...-...| ok p=0.691406
Q19:	|.+...... .....0++ .-....-. ...0+...| ok p=0.640625
Q20:	|...0^... ^....0++ ...0..0. ^..1+..0| ok p=1
Q21:	|.^.1.... 0.....++ .^.1..0. ...+0..1| ok p=0.887695
Q22:	|...+.... 1.....-1 ...-.... ....0..-| ok p=0.714844
Q23:	|........ -.0...00 ......0. ...^....| ok p=0.99707
Q24:	|...^.0.. ..1...1. ...^..1. ..0....^| ok p=1
Q25:	|........ ^.+..... ......+. ..1.....| ok p=0.929688
Q26:	|....0-.. ........ .0...... ..+.....| ok p=0.996094
Q27:	|....1-.. ..^..... .1....^. ........| ok p=0.981445
Q28:	|....-+.. ........ .-...... ..^.....| ok p=0.978516
Q29:	|.....0.. ........ .0...... ........| ok p=1
Q30:	|....^1.. ........ .+...... ........| ok p=1
Q31:	|........ ........ .+...... ........| ok p=0.984375
Q32:	|........ ........ ........ ........| ok p=1
Q33:	|........ ........ .!...... ........| ok p=1
Q34:	|........ ........ ........ ........| ok p=1
Q35:	|........ ........ ........ ........| ok p=1
Q36:	|........ ........ ........ ........| ok p=1
Q37:	|........ ........ ........ ........| ok p=1
Q38:	|........ ........ ........ ........| ok p=1
Q39:	|........ ........ ........ ........| ok p=1
Q40:	|........ ........ ........ ........| ok p=1
Q41:	|........ ........ ........ ........| ok p=1
Q42:	|........ ........ ........ ........| ok p=1
Q43:	|........ ........ ........ ........| ok p=1
Q44:	|........ ........ ........ ........| ok p=1
Q45:	|........ ........ ........ ........| ok p=1
Q46:	|........ ........ ........ ........| ok p=1
Q47:	|........ ........ ........ ........| ok p=1
Q48:	|........ ........ ........ ........| ok p=1
Q49:	|........ ........ ........ ........| ok p=1
Q50:	|........ ........ ........ ........| ok p=1
Q51:	|........ ........ ........ ........| ok p=1
Q52:	|........ ........ ........ ........| ok p=1
Q53:	|........ ........ ........ ........| ok p=1
Q54:	|........ ........ ........ ........| ok p=1
Q55:	|........ ........ ........ ........| ok p=1
Q56:	|........ ........ ........ ........| ok p=1
Q57:	|........ ........ ........ ........| ok p=1
Q58:	|........ ........ ........ ........| ok p=1
Q59:	|........ ........ ........ ........| ok p=1
Q60:	|.......0 ........ ........ ........| ok p=1
Q61:	|......10 ........ ........ ........| ok p=1
Q62:	|......0- ........ ........ ........| ok p=1
Q63:	|......-+ ........ ........ ........| ok p=0.996094
Q64:	|.......- ........ ..-..... ........|
Best path: totcompl=-27 tottunnel=36, totcond=561, p=0.0435802
Best paths: 2
Best paths: 4
Q-3:	|01101111 11101100 01111011 01101110|
Q-2:	|01-0101+ 01110000 -0100001 000001+1|
Q-1:	|-++0+--- 10100010 -0100001 1110+--0|
Q0:	|00-01111 011+0-00 -1+11011 00-011+1| ok p=1
Q1:	|1++.-110 .0--.-.. -.0+..+. .1-.01+.| ok p=0.456055
Q2:	|.01.+..+ .00-.-.. ..++..0. .-+.01+.| ok p=1
Q3:	|110.+..0 .+1-.+.! 1.+...1. .-+.-1..| ok p=0.998047
Q4:	|0....1.+ .+.-.+.. ..+0..-. .-.1++0.| ok p=1
Q5:	|10..01.- .0.+.+.. ..0...0^ .00.0-0.| ok p=1
Q6:	|11...+.1 .0.+.... ..-^..1+ .1..+++1| ok p=1
Q7:	|+0..^+.0 .-...1.! ..1-...0 ....0-+1| ok p=1
Q8:	|01..-..- .+!1.... 1.10...+ ....1-.+| ok p=1
Q9:	|1...10.+ .+.1.... 01111..0 .!....1-| ok p=1
Q10:	|....00.- 0+0+.11. +0++1.00 1010.100| ok p=1
Q11:	|1^1.01^+ 1+1+.00^ 0-1--010 0111^00-| ok p=1
Q12:	|0+0^1+-- -+--.-+0 -011+1+- -----+-+| ok p=1
Q13:	|-0+++00+ ++00.+-1 +0+0-+0+ ++--01--| ok p=1
Q14:	|1-010100 1.10.11- 0-0.1+00 10..10.-| ok p=1
Q15:	|000011+0 00+..010 0++.0.+1 11110.0-| ok p=0.892578
Q16:	|.0..0+.. 0.+..-.+ .0...^-. +......1| ok p=0.751953
Q17:	|.0..1.^. 1.0..-1+ .0^...1. 0...-..1| ok p=0.705078
Q18:	|.0..-^.. -.1..+.+ .1....-. -...-...| ok p=0.716797
Q19:	|.+...... .....1++ .-....-. ...0+...| ok p=0.65625
Q20:	|...0^... ^....1++ ...0..0. ^..1+..0| ok p=1
Q21:	|.^.1.... 0.....++ .^.1..0. ...+0..1| ok p=0.904297
Q22:	|...+.... 1.....-1 ...-.... ....0..-| ok p=0.694336
Q23:	|........ -.0...00 ......0. ...^....| ok p=0.995117
Q24:	|...^.0.. ..1...1. ...^..1. ..0....^| ok p=0.999023
Q25:	|........ ^.+..... ......+. ..1.....| ok p=0.911133
Q26:	|....0-.. ........ .0...... ..+.....| ok p=0.99707
Q27:	|....1-.. ..^..... .1....^. ........| ok p=0.985352
Q28:	|....-+.. ........ .-...... ..^.....| ok p=0.987305
Q29:	|.....0.. ........ .0...... ........| ok p=1
Q30:	|....^1.. ........ .+...... ........| ok p=1
Q31:	|........ ........ .+...... ........| ok p=0.989258
Q32:	|........ ........ ........ ........| ok p=1
Q33:	|........ ........ .!...... ........| ok p=1
Q34:	|........ ........ ........ ........| ok p=1
Q35:	|........ ........ ........ ........| ok p=1
Q36:	|........ ........ ........ ........| ok p=1
Q37:	|........ ........ ........ ........| ok p=1
Q38:	|........ ........ ........ ........| ok p=1
Q39:	|........ ........ ........ ........| ok p=1
Q40:	|........ ........ ........ ........| ok p=1
Q41:	|........ ........ ........ ........| ok p=1
Q42:	|........ ........ ........ ........| ok p=1
Q43:	|........ ........ ........ ........| ok p=1
Q44:	|........ ........ ........ ........| ok p=1
Q45:	|........ ........ ........ ........| ok p=1
Q46:	|........ ........ ........ ........| ok p=1
Q47:	|........ ........ ........ ........| ok p=1
Q48:	|........ ........ ........ ........| ok p=1
Q49:	|........ ........ ........ ........| ok p=1
Q50:	|........ ........ ........ ........| ok p=1
Q51:	|........ ........ ........ ........| ok p=1
Q52:	|........ ........ ........ ........| ok p=1
Q53:	|........ ........ ........ ........| ok p=1
Q54:	|........ ........ ........ ........| ok p=1
Q55:	|........ ........ ........ ........| ok p=1
Q56:	|........ ........ ........ ........| ok p=1
Q57:	|........ ........ ........ ........| ok p=1
Q58:	|........ ........ ........ ........| ok p=1
Q59:	|........ ........ ........ ........| ok p=1
Q60:	|.......0 ........ ........ ........| ok p=1
Q61:	|......10 ........ ........ ........| ok p=1
Q62:	|......0- ........ ........ ........| ok p=1
Q63:	|......-+ ........ ........ ........| ok p=0.996094
Q64:	|.......- ........ ..-..... ........|
Best path: totcompl=-25 tottunnel=38, totcond=560, p=0.0499637
Best paths: 2
Best paths: 4
Q-3:	|01101111 11101100 01111011 01101110|
Q-2:	|01-0101+ 01110000 -0100001 000001+1|
Q-1:	|-++0+--- 10100010 -0100001 1110+--0|
Q0:	|00-01111 011+0-00 -1+11011 00-011+1| ok p=1
Q1:	|1++.-110 .0--.-.. -.0+..+. .1-.01+.| ok p=0.457031
Q2:	|.01.+..+ .00-.-.. 0.++..0. .-+.01+.| ok p=1
Q3:	|.10.+..0 .+1-.+.. 1.+...1. .-+.-1..| ok p=0.998047
Q4:	|0.1..1.+ .+.-.+.. ..+0..-. .-.1++0.| ok p=1
Q5:	|10..01.- .0.+.+.. ..0...0^ .00.0-0.| ok p=1
Q6:	|11...+.1 .0.+.... ..-^..1+ .1..+++1| ok p=1
Q7:	|+0..^+.0 .-.0.1.. !.1-...0 ....0-+1| ok p=1
Q8:	|01..-..- .+.1.... 1.10...+ .1..1-.+| ok p=1
Q9:	|1...10.+ .+.1.... 01110..0 .0....1-| ok p=1
Q10:	|.1..00.- 0+0+.11. +0++0100 0110.110| ok p=1
Q11:	|01.011^+ 1+1+.00^ 0-1--001 1111^01-| ok p=1
Q12:	|1+.10+-- -+--.-+0 -011++-- -----+-+| ok p=1
Q13:	|++^-+00+ ++00.+-1 ++10-++0 -+--01--| ok p=1
Q14:	|1-.10100 1.10.11- 001.1+01 10..10.-| ok p=1
Q15:	|00.011+0 00+..010 0++.0.+. 11110.0-| ok p=0.883789
Q16:	|.0..0+.. 0.+..-.+ .1...^-. +......1| ok p=0.74707
Q17:	|.0..1.^. 1.0..-1+ .0^...1. 0...-..1| ok p=0.688477
Q18:	|.0..-^.. -.1..+.+ .1....-. -...-...| ok p=0.701172
Q19:	|.+...... .....1++ .-....-. ...0+...| ok p=0.646484
Q20:	|...0^... ^....1++ ...0..0. ^..1+..0| ok p=1
Q21:	|.^.1.... 0.....++ .^.1..0. ...+0..1| ok p=0.902344
Q22:	|...+.... 1.....-1 ...-.... ....0..-| ok p=0.685547
Q23:	|........ -.0...00 ......0. ...^....| ok p=0.996094
Q24:	|...^.0.. ..1...1. ...^..1. ..0....^| ok p=1
Q25:	|........ ^.+..... ......+. ..1.....| ok p=0.921875
Q26:	|....0-.. ........ .0...... ..+.....| ok p=0.99707
Q27:	|....1-.. ..^..... .1....^. ........| ok p=0.984375
Q28:	|....-+.. ........ .-...... ..^.....| ok p=0.980469
Q29:	|.....0.. ........ .0...... ........| ok p=1
Q30:	|....^1.. ........ .+...... ........| ok p=1
Q31:	|........ ........ .+...... ........| ok p=0.981445
Q32:	|........ ........ ........ ........| ok p=1
Q33:	|........ ........ .!...... ........| ok p=1
Q34:	|........ ........ ........ ........| ok p=1
Q35:	|........ ........ ........ ........| ok p=1
Q36:	|........ ........ ........ ........| ok p=1
Q37:	|........ ........ ........ ........| ok p=1
Q38:	|........ ........ ........ ........| ok p=1
Q39:	|........ ........ ........ ........| ok p=1
Q40:	|........ ........ ........ ........| ok p=1
Q41:	|........ ........ ........ ........| ok p=1
Q42:	|........ ........ ........ ........| ok p=1
Q43:	|........ ........ ........ ........| ok p=1
Q44:	|........ ........ ........ ........| ok p=1
Q45:	|........ ........ ........ ........| ok p=1
Q46:	|........ ........ ........ ........| ok p=1
Q47:	|........ ........ ........ ........| ok p=1
Q48:	|........ ........ ........ ........| ok p=1
Q49:	|........ ........ ........ ........| ok p=1
Q50:	|........ ........ ........ ........| ok p=1
Q51:	|........ ........ ........ ........| ok p=1
Q52:	|........ ........ ........ ........| ok p=1
Q53:	|........ ........ ........ ........| ok p=1
Q54:	|........ ........ ........ ........| ok p=1
Q55:	|........ ........ ........ ........| ok p=1
Q56:	|........ ........ ........ ........| ok p=1
Q57:	|........ ........ ........ ........| ok p=1
Q58:	|........ ........ ........ ........| ok p=1
Q59:	|........ ........ ........ ........| ok p=1
Q60:	|.......0 ........ ........ ........| ok p=1
Q61:	|......10 ........ ........ ........| ok p=1
Q62:	|......0- ........ ........ ........| ok p=1
Q63:	|......-+ ........ ........ ........| ok p=0.99707
Q64:	|.......- ........ ..-..... ........|
Best path: totcompl=-25 tottunnel=38, totcond=559, p=0.0520768
Best paths: 2
Best paths: 4
Q-3:	|01101111 11101100 01111011 01101110|
Q-2:	|01-0101+ 01110000 -0100001 000001+1|
Q-1:	|-++0+--- 10100010 -0100001 1110+--0|
Q0:	|00-01111 011+0-00 -1+11011 00-011+1| ok p=1
Q1:	|1++.-110 .0--.-.. -.0+..+. .1-.01+.| ok p=0.447266
Q2:	|.01.+..+ .00-.-.. ..++..0. .-+.01+.| ok p=1
Q3:	|.10.+..0 .+1-.+.! 1.+...1. .-+.-1..| ok p=0.999023
Q4:	|.0...1.+ .+.-.+.. ..+0..-. .-.1++0.| ok p=1
Q5:	|11..01.- .0.+.+.. ..0...0^ .00.0-0.| ok p=1
Q6:	|10!..+.1 .0.+.... ..-^..1+ .1..+++1| ok p=1
Q7:	|-1..^+.0 .-..01.! ..1-...0 ....0-+1| ok p=0.999023
Q8:	|00..-..- .+.1.... 1.10...+ ....1-.+| ok p=1
Q9:	|1...10.+ .+.1.... 01111..0 ..!...1-| ok p=1
Q10:	|....00.- 0+0+.11. +0++1.00 1.11.100| ok p=1
Q11:	|0^.111^+ 1+1+.00^ 0-1--010 1^00^00-| ok p=1
Q12:	|1+^00+-- -+--.-+0 -011+1+- -----+-+| ok p=1
Q13:	|+0+++00+ ++00.+-1 +0+0-++0 -10+01--| ok p=1
Q14:	|1-010100 1.10.11- 0-0.1+01 100010.-| ok p=1
Q15:	|000011+0 00+..010 0++.0.+. 1..10.0-| ok p=0.882812
Q16:	|.0..0+.. 0.+..-.+ .0...^-. +......1| ok p=0.749023
Q17:	|.0..1.^. 1.0..-1+ .0^...1. 0...-..1| ok p=0.703125
Q18:	|.0..-^.. -.1..+.+ .1....-. -...-...| ok p=0.708008
Q19:	|.+...... .....1++ .-....-. ...0+...| ok p=0.642578
Q20:	|...0^... ^....1++ ...0..0. ^..1+..0| ok p=1
Q21:	|.^.1.... 0.....++ .^.1..0. ...+0..1| ok p=0.899414
Q22:	|...+.... 1.....-1 ...-.... ....0..-| ok p=0.702148
Q23:	|........ -.0...00 ......0. ...^....| ok p=0.996094
Q24:	|...^.0.. ..1...1. ...^..1. ..0....^| ok p=1
Q25:	|........ ^.+..... ......+. ..1.....| ok p=0.922852
Q26:	|....0-.. ........ .0...... ..+.....| ok p=0.999023
Q27:	|....1-.. ..^..... .1....^. ........| ok p=0.986328
Q28:	|....-+.. ........ .-...... ..^.....| ok p=0.989258
Q29:	|.....0.. ........ .0...... ........| ok p=1
Q30:	|....^1.. ........ .+...... ........| ok p=1
Q31:	|........ ........ .+...... ........| ok p=0.980469
Q32:	|........ ........ ........ ........| ok p=1
Q33:	|........ ........ .!...... ........| ok p=1
Q34:	|........ ........ ........ ........| ok p=1
Q35:	|........ ........ ........ ........| ok p=1
Q36:	|........ ........ ........ ........| ok p=1
Q37:	|........ ........ ........ ........| ok p=1
Q38:	|........ ........ ........ ........| ok p=1
Q39:	|........ ........ ........ ........| ok p=1
Q40:	|........ ........ ........ ........| ok p=1
Q41:	|........ ........ ........ ........| ok p=1
Q42:	|........ ........ ........ ........| ok p=1
Q43:	|........ ........ ........ ........| ok p=1
Q44:	|........ ........ ........ ........| ok p=1
Q45:	|........ ........ ........ ........| ok p=1
Q46:	|........ ........ ........ ........| ok p=1
Q47:	|........ ........ ........ ........| ok p=1
Q48:	|........ ........ ........ ........| ok p=1
Q49:	|........ ........ ........ ........| ok p=1
Q50:	|........ ........ ........ ........| ok p=1
Q51:	|........ ........ ........ ........| ok p=1
Q52:	|........ ........ ........ ........| ok p=1
Q53:	|........ ........ ........ ........| ok p=1
Q54:	|........ ........ ........ ........| ok p=1
Q55:	|........ ........ ........ ........| ok p=1
Q56:	|........ ........ ........ ........| ok p=1
Q57:	|........ ........ ........ ........| ok p=1
Q58:	|........ ........ ........ ........| ok p=1
Q59:	|........ ........ ........ ........| ok p=1
Q60:	|.......0 ........ ........ ........| ok p=1
Q61:	|......10 ........ ........ ........| ok p=1
Q62:	|......0- ........ ........ ........| ok p=1
Q63:	|......-+ ........ ........ ........| ok p=0.994141
Q64:	|.......- ........ ..-..... ........|
Best path: totcompl=-25 tottunnel=38, totcond=558, p=0.044729
Q-3:	|01101111 11101100 01111011 01101110|
Q-2:	|01-0101+ 01110000 -0100001 000001+1|
Q-1:	|-++0+--- 10100010 -0100001 1110+--0|
Q0:	|00-01111 011+0-00 -1+11011 00-011+1| ok p=1
Q1:	|1++.-110 .0--.-.. -.0+..+. .1-.01+.| ok p=0.469727
Q2:	|.01.+..+ .00-.-.. ..++..0. .-+.01+.| ok p=1
Q3:	|.10.+..0 .+1-.+1! 1.+...1. .-+.-1..| ok p=0.999023
Q4:	|0.1..1.+ .+.-.+.. ..+0..-. .-.1++0.| ok p=1
Q5:	|10..01.- .0.+.+.. ..0...0^ .00.0-0.| ok p=1
Q6:	|11...+.1 .0.+.... ..-^..1+ .1..+++1| ok p=1
Q7:	|+0..^+.0 .-.0.1.. .!1-...0 ....0-+1| ok p=1
Q8:	|01..-..- .+.1.... 1.10...+ ....1-.+| ok p=1
Q9:	|1...10.+ .+.1.... 01111..0 .!....1-| ok p=1
Q10:	|.1..00.- 0+0+.11. +0++1.00 11.0.100| ok p=1
Q11:	|11.011^+ 1+1+.00^ 0-1--010 10^1^00-| ok p=1
Q12:	|0+110+-- -+--.-+0 -011+1+- -----+-+| ok p=1
Q13:	|-+.-+00+ ++00.+-1 +0+0-++0 -01+10--| ok p=1
Q14:	|1-.10100 1.10.11- 000.1+01 100010.-| ok p=1
Q15:	|00.011+0 00+..010 0++.0.+. 1..10.0-| ok p=0.883789
Q16:	|.0..0+.. 0.+..-.+ .1...^-. +......1| ok p=0.762695
Q17:	|.0..1.^. 1.0..-1+ .0^...1. 0...-..1| ok p=0.706055
Q18:	|.0..-^.. -.1..+.+ .1....-. -...-...| ok p=0.701172
Q19:	|.+...... .....1++ .-....-. ...0+...| ok p=0.651367
Q20:	|...0^... ^....1++ ...0..0. ^..1+..0| ok p=1
Q21:	|.^.1.... 0.....++ .^.1..0. ...+0..1| ok p=0.878906
Q22:	|...+.... 1.....-1 ...-.... ....0..-| ok p=0.695312
Q23:	|........ -.0...00 ......0. ...^....| ok p=0.998047
Q24:	|...^.0.. ..1...1. ...^..1. ..0....^| ok p=0.999023
Q25:	|........ ^.+..... ......+. ..1.....| ok p=0.916016
Q26:	|....0-.. ........ .0...... ..+.....| ok p=0.99707
Q27:	|....1-.. ..^..... .1....^. ........| ok p=0.985352
Q28:	|....-+.. ........ .-...... ..^.....| ok p=0.989258
Q29:	|.....0.. ........ .0...... ........| ok p=1
Q30:	|....^1.. ........ .+...... ........| ok p=1
Q31:	|........ ........ .+...... ........| ok p=0.988281
Q32:	|........ ........ ........ ........| ok p=1
Q33:	|........ ........ .!...... ........| ok p=1
Q34:	|........ ........ ........ ........| ok p=1
Q35:	|........ ........ ........ ........| ok p=1
Q36:	|........ ........ ........ ........| ok p=1
Q37:	|........ ........ ........ ........| ok p=1
Q38:	|........ ........ ........ ........| ok p=1
Q39:	|........ ........ ........ ........| ok p=1
Q40:	|........ ........ ........ ........| ok p=1
Q41:	|........ ........ ........ ........| ok p=1
Q42:	|........ ........ ........ ........| ok p=1
Q43:	|........ ........ ........ ........| ok p=1
Q44:	|........ ........ ........ ........| ok p=1
Q45:	|........ ........ ........ ........| ok p=1
Q46:	|........ ........ ........ ........| ok p=1
Q47:	|........ ........ ........ ........| ok p=1
Q48:	|........ ........ ........ ........| ok p=1
Q49:	|........ ........ ........ ........| ok p=1
Q50:	|........ ........ ........ ........| ok p=1
Q51:	|........ ........ ........ ........| ok p=1
Q52:	|........ ........ ........ ........| ok p=1
Q53:	|........ ........ ........ ........| ok p=1
Q54:	|........ ........ ........ ........| ok p=1
Q55:	|........ ........ ........ ........| ok p=1
Q56:	|........ ........ ........ ........| ok p=1
Q57:	|........ ........ ........ ........| ok p=1
Q58:	|........ ........ ........ ........| ok p=1
Q59:	|........ ........ ........ ........| ok p=1
Q60:	|.......0 ........ ........ ........| ok p=1
Q61:	|......10 ........ ........ ........| ok p=1
Q62:	|......0- ........ ........ ........| ok p=1
Q63:	|......-+ ........ ........ ........| ok p=0.995117
Q64:	|.......- ........ ..-..... ........|
Best path: totcompl=-25 tottunnel=38, totcond=557, p=0.0492723
Q-3:	|01101111 11101100 01111011 01101110|
Q-2:	|01-0101+ 01110000 -0100001 000001+1|
Q-1:	|-++0+--- 10100010 -0100001 1110+--0|
Q0:	|00-01111 011+0-00 -1+11011 00-011+1| ok p=1
Q1:	|1++.-110 .0--.-.. -.0+..+. .1-.01+.| ok p=0.464844
Q2:	|.10.+..+ .00-.-.. ..++..0. .-+.01+.| ok p=1
Q3:	|.10!+..0 .+1-.+.. 1!+...1. .-+.-1..| ok p=1
Q4:	|!....1.+ .+.-!+.. ..+0..-. .-.1++0.| ok p=1
Q5:	|1!..01.- .0.+.+.. ..0...0^ .00.0-0.| ok p=1
Q6:	|11!..+.1 .0.+.... ..-^..1+ .1..+++0| ok p=1
Q7:	|+0..^+.0 .-.1.1.! ..1-...0 ....0-+0| ok p=1
Q8:	|01..-..- .+.1.... 1.000..+ ..0.1-.+| ok p=1
Q9:	|0..!10.+ .+.-...1 0..10..0 ..1...1-| ok p=1
Q10:	|.11.0..- 0+.0..11 +00++000 000.1100| ok p=1
Q11:	|010...1+ 1+11..0- +00+1101 010.111-| ok p=1
Q12:	|1+1^^100 +.01^^-- +010---- ---.----| ok p=1
Q13:	|++-++0+0 11----0- -++--++0 +--.----| ok p=1
Q14:	|1-001-+. 1.11110+ 1-10.+01 1......-| ok p=1
Q15:	|1101+0+. ..+100.0 0++01.+. 110.011-| ok p=0.798828
Q16:	|.1..+-1. 0.+..-.- .0...^-. 0......1| ok p=0.753906
Q17:	|.0..1.0. 1.0..-0+ .0^...1. 1...-..1| ok p=0.695312
Q18:	|.0..-^.. -.1..+.+ .1....-. -...-...| ok p=0.708984
Q19:	|.+...... .....0++ .-....-. ...0+...| ok p=0.640625
Q20:	|...0^... ^....0++ ...0..0. ^..1+..0| ok p=1
Q21:	|.^.1.... 0.....++ .^.1..0. ...+0..1| ok p=0.894531
Q22:	|...+.... 1.....-1 ...-.... ....0..-| ok p=0.683594
Q23:	|........ -.0...00 ......0. ...^....| ok p=0.995117
Q24:	|...^.0.. ..1...1. ...^..1. ..0....^| ok p=1
Q25:	|........ ^.+..... ......+. ..1.....| ok p=0.916992
Q26:	|....0-.. ........ .0...... ..+.....| ok p=0.999023
Q27:	|....1-.. ..^..... .1....^. ........| ok p=0.988281
Q28:	|....-+.. ........ .-...... ..^.....| ok p=0.986328
Q29:	|.....0.. ........ .0...... ........| ok p=1
Q30:	|....^1.. ........ .+...... ........| ok p=1
Q31:	|........ ........ .+...... ........| ok p=0.978516
Q32:	|........ ........ ........ ........| ok p=1
Q33:	|........ ........ .!...... ........| ok p=1
Q34:	|........ ........ ........ ........| ok p=1
Q35:	|........ ........ ........ ........| ok p=1
Q36:	|........ ........ ........ ........| ok p=1
Q37:	|........ ........ ........ ........| ok p=1
Q38:	|........ ........ ........ ........| ok p=1
Q39:	|........ ........ ........ ........| ok p=1
Q40:	|........ ........ ........ ........| ok p=1
Q41:	|........ ........ ........ ........| ok p=1
Q42:	|........ ........ ........ ........| ok p=1
Q43:	|........ ........ ........ ........| ok p=1
Q44:	|........ ........ ........ ........| ok p=1
Q45:	|........ ........ ........ ........| ok p=1
Q46:	|........ ........ ........ ........| ok p=1
Q47:	|........ ........ ........ ........| ok p=1
Q48:	|........ ........ ........ ........| ok p=1
Q49:	|........ ........ ........ ........| ok p=1
Q50:	|........ ........ ........ ........| ok p=1
Q51:	|........ ........ ........ ........| ok p=1
Q52:	|........ ........ ........ ........| ok p=1
Q53:	|........ ........ ........ ........| ok p=1
Q54:	|........ ........ ........ ........| ok p=1
Q55:	|........ ........ ........ ........| ok p=1
Q56:	|........ ........ ........ ........| ok p=1
Q57:	|........ ........ ........ ........| ok p=1
Q58:	|........ ........ ........ ........| ok p=1
Q59:	|........ ........ ........ ........| ok p=1
Q60:	|.......0 ........ ........ ........| ok p=1
Q61:	|......10 ........ ........ ........| ok p=1
Q62:	|......0- ........ ........ ........| ok p=1
Q63:	|......-+ ........ ........ ........| ok p=0.999023
Q64:	|.......- ........ ..-..... ........|
Best path: totcompl=-25 tottunnel=38, totcond=556, p=0.042145
Q-3:	|01101111 11101100 01111011 01101110|
Q-2:	|01-0101+ 01110000 -0100001 000001+1|
Q-1:	|-++0+--- 10100010 -0100001 1110+--0|
Q0:	|00-01111 011+0-00 -1+11011 00-011+1| ok p=1
Q1:	|1++.-110 .0--.-.. -.0+..+. .1-.01+.| ok p=0.466797
Q2:	|.10.+..+ .00-.-.. ..++..0. .-+.01+.| ok p=1
Q3:	|!10.+..0 .+1-.+.. 1!+...1. .-+.-1..| ok p=0.996094
Q4:	|0.1..1.+ .+1-.+.. ..+0..-. .-.1++0.| ok p=1
Q5:	|10..01.- .0.+.+.. ..0...0^ .00.0-0.| ok p=1
Q6:	|11...+.1 .0.+.... ..-^..1+ .1..+++0| ok p=1
Q7:	|+0..^+.0 .-.1.1.. .!1-...0 ....0-+0| ok p=1
Q8:	|01..-..- .+.1.... 1.000..+ ....1-.+| ok p=1
Q9:	|0..!10.+ .+.-...1 0..101.0 ..!...1-| ok p=1
Q10:	|.1..0..- 0+.0..11 +00++000 010.1100| ok p=1
Q11:	|010.1.1+ 1+01..0- +00+1101 100.111-| ok p=1
Q12:	|1+1^1100 +.11^^-- +010---- ---.----| ok p=1
Q13:	|++-++0+0 10----0- -++--++0 0+-.----| ok p=1
Q14:	|1-001-+. 1.11110+ 1-10.+01 11.....-| ok p=1
Q15:	|1101+0+. ..+100.0 0++01.+. .10.011-| ok p=0.791992
Q16:	|.1..+-1. 0.+..-.- .0...^-. 0......1| ok p=0.75
Q17:	|.0..1.0. 1.0..-0+ .0^...1. 1...-..1| ok p=0.669922
Q18:	|.0..-^.. -.1..+.+ .1....-. -...-...| ok p=0.696289
Q19:	|.+...... .....0++ .-....-. ...0+...| ok p=0.641602
Q20:	|...0^... ^....0++ ...0..0. ^..1+..0| ok p=1
Q21:	|.^.1.... 0.....++ .^.1..0. ...+0..1| ok p=0.918945
Q22:	|...+.... 1.....-1 ...-.... ....0..-| ok p=0.710938
Q23:	|........ -.0...00 ......0. ...^....| ok p=0.998047
Q24:	|...^.0.. ..1...1. ...^..1. ..0....^| ok p=1
Q25:	|........ ^.+..... ......+. ..1.....| ok p=0.933594
Q26:	|....0-.. ........ .0...... ..+.....| ok p=0.998047
Q27:	|....1-.. ..^..... .1....^. ........| ok p=0.980469
Q28:	|....-+.. ........ .-...... ..^.....| ok p=0.982422
Q29:	|.....0.. ........ .0...... ........| ok p=1
Q30:	|....^1.. ........ .+...... ........| ok p=1
Q31:	|........ ........ .+...... ........| ok p=0.973633
Q32:	|........ ........ ........ ........| ok p=1
Q33:	|........ ........ .!...... ........| ok p=1
Q34:	|........ ........ ........ ........| ok p=1
Q35:	|........ ........ ........ ........| ok p=1
Q36:	|........ ........ ........ ........| ok p=1
Q37:	|........ ........ ........ ........| ok p=1
Q38:	|........ ........ ........ ........| ok p=1
Q39:	|........ ........ ........ ........| ok p=1
Q40:	|........ ........ ........ ........| ok p=1
Q41:	|........ ........ ........ ........| ok p=1
Q42:	|........ ........ ........ ........| ok p=1
Q43:	|........ ........ ........ ........| ok p=1
Q44:	|........ ........ ........ ........| ok p=1
Q45:	|........ ........ ........ ........| ok p=1
Q46:	|........ ........ ........ ........| ok p=1
Q47:	|........ ........ ........ ........| ok p=1
Q48:	|........ ........ ........ ........| ok p=1
Q49:	|........ ........ ........ ........| ok p=1
Q50:	|........ ........ ........ ........| ok p=1
Q51:	|........ ........ ........ ........| ok p=1
Q52:	|........ ........ ........ ........| ok p=1
Q53:	|........ ........ ........ ........| ok p=1
Q54:	|........ ........ ........ ........| ok p=1
Q55:	|........ ........ ........ ........| ok p=1
Q56:	|........ ........ ........ ........| ok p=1
Q57:	|........ ........ ........ ........| ok p=1
Q58:	|........ ........ ........ ........| ok p=1
Q59:	|........ ........ ........ ........| ok p=1
Q60:	|.......0 ........ ........ ........| ok p=1
Q61:	|......10 ........ ........ ........| ok p=1
Q62:	|......0- ........ ........ ........| ok p=1
Q63:	|......-+ ........ ........ ........| ok p=0.990234
Q64:	|.......- ........ ..-..... ........|
Best path: totcompl=-24 tottunnel=39, totcond=556, p=0.0431949
Q-3:	|01101111 11101100 01111011 01101110|
Q-2:	|01-0101+ 01110000 -0100001 000001+1|
Q-1:	|-++0+--- 10100010 -0100001 1110+--0|
Q0:	|00-01111 011+0-00 -1+11011 00-011+1| ok p=1
Q1:	|1++.-110 .0--.-.. -.0+..+. .1-.01+.| ok p=0.453125
Q2:	|.01.+..+ .00-.-.. ..++..0. .-+.01+.| ok p=1
Q3:	|.10.+..0 .+1-.+.. 1!+...1. .-+.-1..| ok p=1
Q4:	|.0...1.+ .+.-.+.. ..+0..-. .-..++0.| ok p=1
Q5:	|11..01.- .0.+.+.. ..0...0^ .00^0-0.| ok p=1
Q6:	|10...+.1 .0.+.... ..-^..1+ .1..+++0| ok p=1
Q7:	|-1..^+.0 .-.1.1.. !.1-...0 ....0-+0| ok p=1
Q8:	|00..-..- .+.1.... 1.000..+ ....1-.+| ok p=1
Q9:	|0..!10.+ .+.-...1 0..10.10 ..!...1-| ok p=1
Q10:	|.1..0..- 0+.0..11 +00++000 000.1100| ok p=1
Q11:	|010.1.1+ 1+01..0- +00+1101 010.111-| ok p=1
Q12:	|1+1^1100 +.11^^-- +010---- ---.----| ok p=1
Q13:	|++-++0+0 10----0- -++--++0 +--.----| ok p=1
Q14:	|1-001-+. 1.11110+ 1-10.+01 1......-| ok p=1
Q15:	|1101+0+. ..+100.0 0++01.+. 110.011-| ok p=0.794922
Q16:	|.1..+-1. 0.+..-.- .0...^-. 0......1| ok p=0.754883
Q17:	|.0..1.0. 1.0..-0+ .0^...1. 1...-..1| ok p=0.662109
Q18:	|.0..-^.. -.1..+.+ .1....-. -...-...| ok p=0.709961
Q19:	|.+...... .....0++ .-....-. ...0+...| ok p=0.669922
Q20:	|...0^... ^....0++ ...0..0. ^..1+..0| ok p=1
Q21:	|.^.1.... 0.....++ .^.1..0. ...+0..1| ok p=0.897461
Q22:	|...+.... 1.....-1 ...-.... ....0..-| ok p=0.710938
Q23:	|........ -.0...00 ......0. ...^....| ok p=0.99707
Q24:	|...^.0.. ..1...1. ...^..1. ..0....^| ok p=1
Q25:	|........ ^.+..... ......+. ..1.....| ok p=0.917969
Q26:	|....0-.. ........ .0...... ..+.....| ok p=0.994141
Q27:	|....1-.. ..^..... .1....^. ........| ok p=0.988281
Q28:	|....-+.. ........ .-...... ..^.....| ok p=0.996094
Q29:	|.....0.. ........ .0...... ........| ok p=1
Q30:	|....^1.. ........ .+...... ........| ok p=1
Q31:	|........ ........ .+...... ........| ok p=0.985352
Q32:	|........ ........ ........ ........| ok p=1
Q33:	|........ ........ .!...... ........| ok p=1
Q34:	|........ ........ ........ ........| ok p=1
Q35:	|........ ........ ........ ........| ok p=1
Q36:	|........ ........ ........ ........| ok p=1
Q37:	|........ ........ ........ ........| ok p=1
Q38:	|........ ........ ........ ........| ok p=1
Q39:	|........ ........ ........ ........| ok p=1
Q40:	|........ ........ ........ ........| ok p=1
Q41:	|........ ........ ........ ........| ok p=1
Q42:	|........ ........ ........ ........| ok p=1
Q43:	|........ ........ ........ ........| ok p=1
Q44:	|........ ........ ........ ........| ok p=1
Q45:	|........ ........ ........ ........| ok p=1
Q46:	|........ ........ ........ ........| ok p=1
Q47:	|........ ........ ........ ........| ok p=1
Q48:	|........ ........ ........ ........| ok p=1
Q49:	|........ ........ ........ ........| ok p=1
Q50:	|........ ........ ........ ........| ok p=1
Q51:	|........ ........ ........ ........| ok p=1
Q52:	|........ ........ ........ ........| ok p=1
Q53:	|........ ........ ........ ........| ok p=1
Q54:	|........ ........ ........ ........| ok p=1
Q55:	|........ ........ ........ ........| ok p=1
Q56:	|........ ........ ........ ........| ok p=1
Q57:	|........ ........ ........ ........| ok p=1
Q58:	|........ ........ ........ ........| ok p=1
Q59:	|........ ........ ........ ........| ok p=1
Q60:	|.......0 ........ ........ ........| ok p=1
Q61:	|......10 ........ ........ ........| ok p=1
Q62:	|......0- ........ ........ ........| ok p=1
Q63:	|......-+ ........ ........ ........| ok p=0.996094
Q64:	|.......- ........ ..-..... ........|
Best path: totcompl=-24 tottunnel=39, totcond=553, p=0.0474119
