Extend MD5 differential paths forward
Copyright (C) 2009 Marc Stevens
http://homepages.cwi.nl/~stevens/

delta_m[11] = [!-14!]
Loading workdir5/lowerpath.bin.gz...done: 1.
Estimating maxcond for upper bound 8000000 (=2000000 * 4)...
t=1:  0%   10   20   30   40   50   60   70   80   90   100%
      |----|----|----|----|----|----|----|----|----|----|
e     ***************************************************
Found maxcond = 2176
t=1:  0%   10   20   30   40   50   60   70   80   90   100%
      |----|----|----|----|----|----|----|----|----|----|
      ***************************************************
Q-3:	|01101111 11101100 01111011 01101110|
Q-2:	|01-0101+ 01110000 -0100001 000001+1|
Q-1:	|-++0+--- 10100010 -0100001 1110+--0|
Q0:	|00-01111 011+0-00 -1+11011 00-011+1| ok p=1
Q1:	|1++.-111 .-.+.-.. -.0+..+. ..-.11+.| ok p=0.611328
Q2:	|....+..+ ...-.-.. .-.-.... ...-...-|
Saving 14080 paths...done.
Autobalance parameters: maxcond=2176
Verified: 9472 bad out of 23552
Estimating maxcond for upper bound 8000000 (=2000000 * 4)...
t=2:  0%   10   20   30   40   50   60   70   80   90   100%
      |----|----|----|----|----|----|----|----|----|----|
e     **************************************************Found maxcond = 164
t=2:  0%   10   20   30   40   50   60   70   80   90   100%
      |----|----|----|----|----|----|----|----|----|----|
      **************************************************Q-3:	|01101111 11101100 01111011 01101110|
Q-2:	|01-0101+ 01110000 -0100001 000001+1|
Q-1:	|-++0+--- 10100010 -0100001 1110+--0|
Q0:	|00-01111 011+0-00 -1+11011 00-011+1| ok p=1
Q1:	|1++.-110 ..--.-.. -.+-..+. ..-.00+.| ok p=0.422852
Q2:	|.01.+..- ..0-.-.. ...-..0. ..-...+.| ok p=0.615234
Q3:	|.+..+..- .-.-.+.. ..-..+.. ..-.-...|
Saving 2000000 paths...done.
Autobalance parameters: maxcond=162
Verified: 89177 bad out of 3417081
Estimating maxcond for upper bound 8000000 (=2000000 * 4)...
t=3:  0%   10   20   30   40   50   60   70   80   90   100%
      |----|----|----|----|----|----|----|----|----|----|
e     ***************************************************
Found maxcond = 177
t=3:  0%   10   20   30   40   50   60   70   80   90   100%
      |----|----|----|----|----|----|----|----|----|----|
      ***************************************************
Q-3:	|01101111 11101100 01111011 01101110|
Q-2:	|01-0101+ 01110000 -0100001 000001+1|
Q-1:	|-++0+--- 10100010 -0100001 1110+--0|
Q0:	|00-01111 011+0-00 -1+11011 00-011+1| ok p=1
Q1:	|1++.-110 .-.0++.. -.0+..+. ..-.0+-.| ok p=0.760742
Q2:	|.+0.+..+ .0.--+.. ..++..0. ..-..0-.| ok p=0.944336
Q3:	|.+1.+..+ .-.-0... 1.+...1. .....-..| ok p=0.764648
Q4:	|.+..-.+. .-..-... +.-...+. ...-....|
Saving 2000000 paths...done.
Autobalance parameters: maxcond=176
Verified: 67758 bad out of 2661600
Estimating maxcond for upper bound 8000000 (=2000000 * 4)...
t=4:  0%   10   20   30   40   50   60   70   80   90   100%
      |----|----|----|----|----|----|----|----|----|----|
e     ***************************************************
Found maxcond = 190
t=4:  0%   10   20   30   40   50   60   70   80   90   100%
      |----|----|----|----|----|----|----|----|----|----|
      ***************************************************
Q-3:	|01101111 11101100 01111011 01101110|
Q-2:	|01-0101+ 01110000 -0100001 000001+1|
Q-1:	|-++0+--- 10100010 -0100001 1110+--0|
Q0:	|00-01111 011+0-00 -1+11011 00-011+1| ok p=1
Q1:	|1++.-111 ..--.-.. -.+-..+. ..-.00+.| ok p=0.436523
Q2:	|.10.+..- ..0-.-.. ..0-..0. ..0.---.| ok p=0.712891
Q3:	|.+0.+..- ..--.-.. 1.-...+. ..-.+00.| ok p=0.461914
Q4:	|.+...... ..-..-.. ..-1..0. ..-.--1.| ok p=0.433594
Q5:	|+..+.-.. -..+.+.+ .-.....+ .....+.-|
Saving 2000000 paths...done.
Autobalance parameters: maxcond=189
Verified: 53231 bad out of 2599599
Estimating maxcond for upper bound 8000000 (=2000000 * 4)...
t=5:  0%   10   20   30   40   50   60   70   80   90   100%
      |----|----|----|----|----|----|----|----|----|----|
e     ***************************************************
Found maxcond = 204
t=5:  0%   10   20   30   40   50   60   70   80   90   100%
      |----|----|----|----|----|----|----|----|----|----|
      ***************************************************
Q-3:	|01101111 11101100 01111011 01101110|
Q-2:	|01-0101+ 01110000 -0100001 000001+1|
Q-1:	|-++0+--- 10100010 -0100001 1110+--0|
Q0:	|00-01111 011+0-00 -1+11011 00-011+1| ok p=1
Q1:	|1++.-110 .V--.-.. -.0+..+. .1-.01+.| ok p=0.475586
Q2:	|.01.+..+ .00-.-.. ..++..0. .-+.0V+.| ok p=0.936523
Q3:	|.11.+..0 .+1-.+.. 1.+...1. .-+.-0..| ok p=0.751953
Q4:	|.......+ .+.-.-.. ..+1..-. .-..++0.| ok p=0.614258
Q5:	|....1..- .....+.. ......0. ..1.1-..| ok p=0.748047
Q6:	|.-...+.. ......-. +.+..... +..+..-.|
Saving 2000000 paths...done.
Autobalance parameters: maxcond=202
Verified: 129292 bad out of 3771031
Estimating maxcond for upper bound 8000000 (=2000000 * 4)...
t=6:  0%   10   20   30   40   50   60   70   80   90   100%
      |----|----|----|----|----|----|----|----|----|----|
e     ***************************************************
Found maxcond = 217
t=6:  0%   10   20   30   40   50   60   70   80   90   100%
      |----|----|----|----|----|----|----|----|----|----|
      ***************************************************
Q-3:	|01101111 11101100 01111011 01101110|
Q-2:	|01-0101+ 01110000 -0100001 000001+1|
Q-1:	|-++0+--- 10100010 -0100001 1110+--0|
Q0:	|00-01111 011+0-00 -1+11011 00-011+1| ok p=1
Q1:	|1++.-110 .V--.-.. -.0+..+. .1-.01+.| ok p=0.452148
Q2:	|.01.+..+ .00-.-.. ..++..0. .-+.0V+.| ok p=0.9375
Q3:	|.00.+..0 .+1-.+.. 1.+...1. .-+.-1..| ok p=0.981445
Q4:	|.....V.+ .+0..+.. ..+0..-V .-..++0.| ok p=0.620117
Q5:	|....0..- ..+0.+.. ..0...1. ..0.-+..| ok p=0.865234
Q6:	|.....+.0 .10..... ..+...1+ .1..++..| ok p=0.738281
Q7:	|.+...+.. .-..-... .+.-.+.. -....-..|
Saving 2000000 paths...done.
Autobalance parameters: maxcond=216
Verified: 4816 bad out of 2540520
Estimating maxcond for upper bound 8000000 (=2000000 * 4)...
t=7:  0%   10   20   30   40   50   60   70   80   90   100%
      |----|----|----|----|----|----|----|----|----|----|
e     ***************************************************
Found maxcond = 229
t=7:  0%   10   20   30   40   50   60   70   80   90   100%
      |----|----|----|----|----|----|----|----|----|----|
      ***************************************************
Q-3:	|01101111 11101100 01111011 01101110|
Q-2:	|01-0101+ 01110000 -0100001 000001+1|
Q-1:	|-++0+--- 10100010 -0100001 1110+--0|
Q0:	|00-01111 011+0-00 -1+11011 00-011+1| ok p=1
Q1:	|1++.-110 .V--.-.. -.0+..+. .1-.01+.| ok p=0.458984
Q2:	|.10.+..+ .00-.-.. ..++..0. .-+.0V+.| ok p=0.933594
Q3:	|.00.+..0 .+1-.+.. 1.+...1. .-+.-1..| ok p=0.972656
Q4:	|.....V.+ .+0..+.. ..+0..-V .-..++0.| ok p=0.632812
Q5:	|.V..0..- ..+0.+.. ..1V..1. ..0.0-..| ok p=0.964844
Q6:	|.....+.1 .000.... ..-...0+ .0..++..| ok p=0.744141
Q7:	|.+...0.- ..++.1.. ..0-...0 ....0-..| ok p=0.487305
Q8:	|.-.-..+. .+.-.... .......+ .....+.-|
Saving 2000000 paths...done.
Autobalance parameters: maxcond=228
Verified: 1216 bad out of 2010283
Estimating maxcond for upper bound 8000000 (=2000000 * 4)...
t=8:  0%   10   20   30   40   50   60   70   80   90   100%
      |----|----|----|----|----|----|----|----|----|----|
e     ***************************************************
Found maxcond = 242
t=8:  0%   10   20   30   40   50   60   70   80   90   100%
      |----|----|----|----|----|----|----|----|----|----|
      ***************************************************
Q-3:	|01101111 11101100 01111011 01101110|
Q-2:	|01-0101+ 01110000 -0100001 000001+1|
Q-1:	|-++0+--- 10100010 -0100001 1110+--0|
Q0:	|00-01111 011+0-00 -1+11011 00-011+1| ok p=1
Q1:	|1++.-110 .V--.-.. -.0+..+. .1-.01+.| ok p=0.456055
Q2:	|.01.+..+ .00-.-.. ..++..0. .-+.0V+.| ok p=0.935547
Q3:	|.00.+..0 .+1-.+.. 1.+...1. .-+.-1..| ok p=0.972656
Q4:	|.....V.+ .+0..+.. ..+0..-V .-.1++0.| ok p=0.482422
Q5:	|.V..0..- ..+0.+.. ..11..1. ..000-..| ok p=0.958984
Q6:	|....V+.1 .00..... ..-0..0+ .0.+0-..| ok p=0.751953
Q7:	|.+...0.- ..+..1.. ..-+...1 ...1.-..| ok p=0.71875
Q8:	|.0..--.+ ..+..... ...0...+ ...1....| ok p=0.862305
Q9:	|..+.-..- ...+.... +....-.+ .......+|
Saving 2000000 paths...done.
Autobalance parameters: maxcond=241
Verified: 74596 bad out of 3467600
Estimating maxcond for upper bound 8000000 (=2000000 * 4)...
t=9:  0%   10   20   30   40   50   60   70   80   90   100%
      |----|----|----|----|----|----|----|----|----|----|
e     ***************************************************
Found maxcond = 254
t=9:  0%   10   20   30   40   50   60   70   80   90   100%
      |----|----|----|----|----|----|----|----|----|----|
      ***************************************************
Q-3:	|01101111 11101100 01111011 01101110|
Q-2:	|01-0101+ 01110000 -0100001 000001+1|
Q-1:	|-++0+--- 10100010 -0100001 1110+--0|
Q0:	|00-01111 011+0-00 -1+11011 00-011+1| ok p=1
Q1:	|1++.-110 .V--.-.. -.0+..+. .1-.01+.| ok p=0.442383
Q2:	|.01.+..+ .00-.-.. ..++..0. .-+.0V+.| ok p=0.933594
Q3:	|.00.+..0 .+1-.+.. 1.+...1. .-+.-1..| ok p=0.975586
Q4:	|.....V.+ .+0..+.. ..+0..-. 0-..++0.| ok p=0.616211
Q5:	|.1..1..- ..+0.+.. ..1V..1. 1.0.0-..| ok p=1
Q6:	|.0.V.+.1 .000.... ..-...0. +0..++..| ok p=0.725586
Q7:	|.+...0.0 ..++.1.. ..1-.... -...-+..| ok p=0.193359
Q8:	|.-.+.+.- ..+1.... ..00.... +...-+..| ok p=0.885742
Q9:	|.0.0.-.+ ...+.... ...1.... +....-..| ok p=0.748047
Q10:	|.....-.- ..+.-... +....+.+ .-.....-|
Saving 2000000 paths...done.
Autobalance parameters: maxcond=253
Verified: 223165 bad out of 3261768
Estimating maxcond for upper bound 8000000 (=2000000 * 4)...
t=10: 0%   10   20   30   40   50   60   70   80   90   100%
      |----|----|----|----|----|----|----|----|----|----|
e     ***************************************************
Found maxcond = 266
t=10: 0%   10   20   30   40   50   60   70   80   90   100%
      |----|----|----|----|----|----|----|----|----|----|
      ***************************************************
Q-3:	|01101111 11101100 01111011 01101110|
Q-2:	|01-0101+ 01110000 -0100001 000001+1|
Q-1:	|-++0+--- 10100010 -0100001 1110+--0|
Q0:	|00-01111 011+0-00 -1+11011 00-011+1| ok p=1
Q1:	|1++.-110 .V--.-.. -.0+..+. .1-.01+.| ok p=0.477539
Q2:	|.01.+..+ .00-.-.. ..++..0. .-+.0V+.| ok p=0.942383
Q3:	|.00.+..0 .+1-.+.. 1.+...1. .-+.-1..| ok p=0.973633
Q4:	|.....V.+ .+0..+.. ..+0..-V .-.V++0.| ok p=0.725586
Q5:	|.V..0..- .+-0V+.. ..1V..0. ..0.0-..| ok p=0.813477
Q6:	|....V+.1 ..+.1... ..-...0+ .1.+00..| ok p=0.741211
Q7:	|.+..10.0 .1-.+1.. 1.1-...1 ...1.1..| ok p=0.698242
Q8:	|V0..-1.- ..-.+..V 0.11...+ .V.1....| ok p=1
Q9:	|.1..+..+ ..-..... +..1...- ........| ok p=0.513672
Q10:	|+...1..- ....1..+ +......- .-......| ok p=0.564453
Q11:	|+.-....- ......+. ...+..-. .+.+...+|
Saving 2000000 paths...done.
Autobalance parameters: maxcond=265
Verified: 118750 bad out of 2610169
Runtime: 106.974
Extend MD5 differential paths forward
Copyright (C) 2009 Marc Stevens
http://homepages.cwi.nl/~stevens/

delta_m[11] = [!-14!]
Loading workdir5/paths10_0of1...done: 2000000 (work:2000000).
Estimating maxcond for upper bound 2000000 (=500000 * 4)...
t=11: 0%   10   20   30   40   50   60   70   80   90   100%
      |----|----|----|----|----|----|----|----|----|----|
e     ***************************************************
Found maxcond = 277
t=11: 0%   10   20   30   40   50   60   70   80   90   100%
      |----|----|----|----|----|----|----|----|----|----|
      ***************************************************
Q-3:	|01101111 11101100 01111011 01101110|
Q-2:	|01-0101+ 01110000 -0100001 000001+1|
Q-1:	|-++0+--- 10100010 -0100001 1110+--0|
Q0:	|00-01111 011+0-00 -1+11011 00-011+1| ok p=1
Q1:	|1++.-110 .V--.-.. -.0+..+. .1-.01+.| ok p=0.472656
Q2:	|.10.+..+ .00-.-.. ..++..0. .-+.0V+.| ok p=0.896484
Q3:	|.10.+..0 .+1-.+.. 1.+...1. .-+.-1..| ok p=0.978516
Q4:	|.....V.+ .+.-.+.. ..+0..-V .-..++0.| ok p=0.611328
Q5:	|V...01.- .0.+.+.. ..0V..0. ..0.0-0.| ok p=0.949219
Q6:	|....V+.1 .0.+.... ..-...1+ .1..+++V| ok p=0.467773
Q7:	|+....+.0 .-...1.. ..1-...0 ....0-+0| ok p=0.557617
Q8:	|0...-..- .+.1.... 1.10V..+ ....1-.+| ok p=0.889648
Q9:	|0...10.+ .+.1.... 0..1...0 ......1-| ok p=0.52832
Q10:	|....0..- .+.+.... +..++..1 .....1.0| ok p=0.539062
Q11:	|.......- .+.+.... -..+0... .......-| ok p=0.712891
Q12:	|.+....-. +..+..-. -..-.... ...-...-|
Saving 500000 paths...done.
Autobalance parameters: maxcond=276
Verified: 4506 bad out of 596782
Runtime: 18.985
