MD5 differential path toolbox
Copyright (C) 2009 Marc Stevens
http://homepages.cwi.nl/~stevens/

IHV1   = {1877769070,795138861,2275582438,1785766149}
IHV1   = 6e7bec6f2ddb642fe6a1a28705a1706a

IHV2   = {1877769070,259029775,1755455976,1265639687}
IHV2   = 6e7bec6f0f7b700fe821a2680721704b

dIHV   = {0,3758858210,3774840834,3774840834}
NC0: delta c = delta d = [!-1!]
NC0: delta b           = [!-1,24!]
NC1: delta c = delta d = [!15!]
NC1: delta b           = [!5,15!]
NC2: delta c = delta d = [!-24!]
NC2: delta b           = [!-13,-24!]
NC3: delta c = delta d = [!29!]
NC3: delta b           = [!18,-20,29!]
NC0: prob=-7.65567
NC1: prob=-5.86385
NC2: prob=-5.85513
NC3: prob=-6.54692
delta m_11 = [!-14!]
Q-3:	|01101111 11101100 01111011 01101110|
Q-2:	|01-0101+ 01110000 -0100001 000001+1|
Q-1:	|-++0+--- 10100010 -0100001 1110+--0|
Q0:	|00-01111 011+0-00 -1+11011 00-011+1| ok p=0.764648
Q1:	|+.-.-... .-.+.-.. -..+..+. ..-...+.|
Saved lower diff. path to 'workdir5/lowerpath.bin.gz'.

Q32:	|........ ........ ........ ........|
Q33:	|........ ........ ........ ........|
Q34:	|........ ........ ........ ........|
Q35:	|........ ........ ........ ........| ok p=1
Q36:	|........ ........ ........ ........| ok p=1
Q37:	|........ ........ ........ ........| ok p=1
Q38:	|........ ........ ........ ........| ok p=1
Q39:	|........ ........ ........ ........| ok p=1
Q40:	|........ ........ ........ ........| ok p=1
Q41:	|........ ........ ........ ........| ok p=1
Q42:	|........ ........ ........ ........| ok p=1
Q43:	|........ ........ ........ ........| ok p=1
Q44:	|........ ........ ........ ........| ok p=1
Q45:	|........ ........ ........ ........| ok p=1
Q46:	|........ ........ ........ ........| ok p=1
Q47:	|........ ........ ........ ........| ok p=1
Q48:	|........ ........ ........ ........| ok p=1
Q49:	|........ ........ ........ ........| ok p=1
Q50:	|........ ........ ........ ........| ok p=1
Q51:	|........ ........ ........ ........| ok p=1
Q52:	|........ ........ ........ ........| ok p=1
Q53:	|........ ........ ........ ........| ok p=1
Q54:	|........ ........ ........ ........| ok p=1
Q55:	|........ ........ ........ ........| ok p=1
Q56:	|........ ........ ........ ........| ok p=1
Q57:	|........ ........ ........ ........| ok p=1
Q58:	|........ ........ ........ ........| ok p=1
Q59:	|........ ........ ........ ........| ok p=1
Q60:	|.......0 ........ ........ ........| ok p=1
Q61:	|......10 ........ ........ ........| ok p=1
Q62:	|......0- ........ ........ ........| ok p=1
Q63:	|......-+ ........ ........ ........| ok p=0.996094
Q64:	|.......- ........ ..-..... ........|
Saved upper diff. path to 'workdir5/upperpath.bin.gz'.
Saved 'md5diffpathforward.cfg'.
Saved 'md5diffpathbackward.cfg'.
Saved 'md5diffpathconnect.cfg'.
Saved 'md5diffpathhelper.cfg'.
