Extend MD5 differential paths backward
Copyright (C) 2009 Marc Stevens
http://homepages.cwi.nl/~stevens/

delta_m[11] = [!-10!]
Loading workdir4/upperpath.bin.gz...done: 1.
Estimating maxcond for upper bound 262144 (=65536 * 4)...
t=34: 0%   10   20   30   40   50   60   70   80   90   100%
      |----|----|----|----|----|----|----|----|----|----|
e     ***************************************************
Found maxcond = 2176
t=34: 0%   10   20   30   40   50   60   70   80   90   100%
      |----|----|----|----|----|----|----|----|----|----|
      ***************************************************
Q31:	|........ ........ .....+.. ........|
Q32:	|........ ........ ........ ........|
Q33:	|........ ........ ........ ........|
Q34:	|........ ........ ........ ........| ok p=1
Q35:	|........ ........ ........ ........| ok p=1
Q36:	|........ ........ ........ ........| ok p=1
Q37:	|........ ........ ........ ........| ok p=1
Q38:	|........ ........ ........ ........| ok p=1
Q39:	|........ ........ ........ ........| ok p=1
Q40:	|........ ........ ........ ........| ok p=1
Q41:	|........ ........ ........ ........| ok p=1
Q42:	|........ ........ ........ ........| ok p=1
Q43:	|........ ........ ........ ........| ok p=1
Q44:	|........ ........ ........ ........| ok p=1
Q45:	|........ ........ ........ ........| ok p=1
Q46:	|........ ........ ........ ........| ok p=1
Q47:	|........ ........ ........ ........| ok p=1
Q48:	|........ ........ ........ ........| ok p=1
Q49:	|........ ........ ........ ........| ok p=1
Q50:	|........ ........ ........ ........| ok p=1
Q51:	|........ ........ ........ ........| ok p=1
Q52:	|........ ........ ........ ........| ok p=1
Q53:	|........ ........ ........ ........| ok p=1
Q54:	|........ ........ ........ ........| ok p=1
Q55:	|........ ........ ........ ........| ok p=1
Q56:	|........ ........ ........ ........| ok p=1
Q57:	|........ ........ ........ ........| ok p=1
Q58:	|........ ........ ........ ........| ok p=1
Q59:	|........ ........ ........ ........| ok p=1
Q60:	|........ ...0.... ........ ........| ok p=1
Q61:	|........ ..11.... ........ ........| ok p=1
Q62:	|........ ..1-.... ........ ........| ok p=1
Q63:	|........ ..-+.... ........ ........| ok p=1
Q64:	|........ ...-.... .....+.. ........|
Saving 1 paths...done.
Autobalance parameters: maxcond=2176
Verified: 0 bad out of 1
Estimating maxcond for upper bound 262144 (=65536 * 4)...
t=33: 0%   10   20   30   40   50   60   70   80   90   100%
      |----|----|----|----|----|----|----|----|----|----|
e     ***************************************************
Found maxcond = 35
t=33: 0%   10   20   30   40   50   60   70   80   90   100%
      |----|----|----|----|----|----|----|----|----|----|
      ***************************************************
Q30:	|........ ........ .....-.. ........|
Q31:	|........ ........ .....+.. ........|
Q32:	|........ ........ ........ ........|
Q33:	|........ ........ .....^.. ........| ok p=1
Q34:	|........ ........ ........ ........| ok p=1
Q35:	|........ ........ ........ ........| ok p=1
Q36:	|........ ........ ........ ........| ok p=1
Q37:	|........ ........ ........ ........| ok p=1
Q38:	|........ ........ ........ ........| ok p=1
Q39:	|........ ........ ........ ........| ok p=1
Q40:	|........ ........ ........ ........| ok p=1
Q41:	|........ ........ ........ ........| ok p=1
Q42:	|........ ........ ........ ........| ok p=1
Q43:	|........ ........ ........ ........| ok p=1
Q44:	|........ ........ ........ ........| ok p=1
Q45:	|........ ........ ........ ........| ok p=1
Q46:	|........ ........ ........ ........| ok p=1
Q47:	|........ ........ ........ ........| ok p=1
Q48:	|........ ........ ........ ........| ok p=1
Q49:	|........ ........ ........ ........| ok p=1
Q50:	|........ ........ ........ ........| ok p=1
Q51:	|........ ........ ........ ........| ok p=1
Q52:	|........ ........ ........ ........| ok p=1
Q53:	|........ ........ ........ ........| ok p=1
Q54:	|........ ........ ........ ........| ok p=1
Q55:	|........ ........ ........ ........| ok p=1
Q56:	|........ ........ ........ ........| ok p=1
Q57:	|........ ........ ........ ........| ok p=1
Q58:	|........ ........ ........ ........| ok p=1
Q59:	|........ ........ ........ ........| ok p=1
Q60:	|........ ...0.... ........ ........| ok p=1
Q61:	|........ ..11.... ........ ........| ok p=0.999023
Q62:	|........ ..1-.... ........ ........| ok p=1
Q63:	|........ ..-+.... ........ ........| ok p=1
Q64:	|........ ...-.... .....+.. ........|
Saving 65536 paths...done.
Autobalance parameters: maxcond=31
Verified: 0 bad out of 65537
Estimating maxcond for upper bound 262144 (=65536 * 4)...
t=32: 0%   10   20   30   40   50   60   70   80   90   100%
      |----|----|----|----|----|----|----|----|----|----|
e     ***************************************************
Found maxcond = 25
t=32: 0%   10   20   30   40   50   60   70   80   90   100%
      |----|----|----|----|----|----|----|----|----|----|
      ***************************************************
Q29:	|........ ........ ........ ........|
Q30:	|........ ........ .....+.. ........|
Q31:	|........ ........ .....+.. ........|
Q32:	|........ ........ ........ ........| ok p=1
Q33:	|........ ........ .....!.. ........| ok p=1
Q34:	|........ ........ ........ ........| ok p=1
Q35:	|........ ........ ........ ........| ok p=1
Q36:	|........ ........ ........ ........| ok p=1
Q37:	|........ ........ ........ ........| ok p=1
Q38:	|........ ........ ........ ........| ok p=1
Q39:	|........ ........ ........ ........| ok p=1
Q40:	|........ ........ ........ ........| ok p=1
Q41:	|........ ........ ........ ........| ok p=1
Q42:	|........ ........ ........ ........| ok p=1
Q43:	|........ ........ ........ ........| ok p=1
Q44:	|........ ........ ........ ........| ok p=1
Q45:	|........ ........ ........ ........| ok p=1
Q46:	|........ ........ ........ ........| ok p=1
Q47:	|........ ........ ........ ........| ok p=1
Q48:	|........ ........ ........ ........| ok p=1
Q49:	|........ ........ ........ ........| ok p=1
Q50:	|........ ........ ........ ........| ok p=1
Q51:	|........ ........ ........ ........| ok p=1
Q52:	|........ ........ ........ ........| ok p=1
Q53:	|........ ........ ........ ........| ok p=1
Q54:	|........ ........ ........ ........| ok p=1
Q55:	|........ ........ ........ ........| ok p=1
Q56:	|........ ........ ........ ........| ok p=1
Q57:	|........ ........ ........ ........| ok p=1
Q58:	|........ ........ ........ ........| ok p=1
Q59:	|........ ........ ........ ........| ok p=1
Q60:	|........ ...0.... ........ ........| ok p=1
Q61:	|........ ..11.... ........ ........| ok p=0.999023
Q62:	|........ ..1-.... ........ ........| ok p=1
Q63:	|........ ..-+.... ........ ........| ok p=1
Q64:	|........ ...-.... .....+.. ........|
Saving 65536 paths...done.
Autobalance parameters: maxcond=22
Verified: 0 bad out of 122023
Estimating maxcond for upper bound 262144 (=65536 * 4)...
t=31: 0%   10   20   30   40   50   60   70   80   90   100%
      |----|----|----|----|----|----|----|----|----|----|
e     ***************************************************
Found maxcond = 22
t=31: 0%   10   20   30   40   50   60   70   80   90   100%
      |----|----|----|----|----|----|----|----|----|----|
      ***************************************************
Q28:	|........ .-...... .....-.. ........|
Q29:	|........ ........ ........ ........|
Q30:	|........ ........ .....+.. ........|
Q31:	|........ ........ .....+.. ........| ok p=0.998047
Q32:	|........ ........ ........ ........| ok p=1
Q33:	|........ ........ .....!.. ........| ok p=1
Q34:	|........ ........ ........ ........| ok p=1
Q35:	|........ ........ ........ ........| ok p=1
Q36:	|........ ........ ........ ........| ok p=1
Q37:	|........ ........ ........ ........| ok p=1
Q38:	|........ ........ ........ ........| ok p=1
Q39:	|........ ........ ........ ........| ok p=1
Q40:	|........ ........ ........ ........| ok p=1
Q41:	|........ ........ ........ ........| ok p=1
Q42:	|........ ........ ........ ........| ok p=1
Q43:	|........ ........ ........ ........| ok p=1
Q44:	|........ ........ ........ ........| ok p=1
Q45:	|........ ........ ........ ........| ok p=1
Q46:	|........ ........ ........ ........| ok p=1
Q47:	|........ ........ ........ ........| ok p=1
Q48:	|........ ........ ........ ........| ok p=1
Q49:	|........ ........ ........ ........| ok p=1
Q50:	|........ ........ ........ ........| ok p=1
Q51:	|........ ........ ........ ........| ok p=1
Q52:	|........ ........ ........ ........| ok p=1
Q53:	|........ ........ ........ ........| ok p=1
Q54:	|........ ........ ........ ........| ok p=1
Q55:	|........ ........ ........ ........| ok p=1
Q56:	|........ ........ ........ ........| ok p=1
Q57:	|........ ........ ........ ........| ok p=1
Q58:	|........ ........ ........ ........| ok p=1
Q59:	|........ ........ ........ ........| ok p=1
Q60:	|........ ...0.... ........ ........| ok p=1
Q61:	|........ ..11.... ........ ........| ok p=1
Q62:	|........ ..1-.... ........ ........| ok p=1
Q63:	|........ ..-+.... ........ ........| ok p=1
Q64:	|........ ...-.... .....+.. ........|
Saving 65536 paths...done.
Autobalance parameters: maxcond=20
Verified: 0 bad out of 115105
Estimating maxcond for upper bound 262144 (=65536 * 4)...
t=30: 0%   10   20   30   40   50   60   70   80   90   100%
      |----|----|----|----|----|----|----|----|----|----|
e     ***************************************************
Found maxcond = 22
t=30: 0%   10   20   30   40   50   60   70   80   90   100%
      |----|----|----|----|----|----|----|----|----|----|
      ***************************************************
Q27:	|..+..... ........ ........ ........|
Q28:	|........ .-...... .....-.. ........|
Q29:	|........ ........ .....1.. ........|
Q30:	|........ .^...... .....-.. ........| ok p=0.868164
Q31:	|........ ........ .....+.. ........| ok p=0.998047
Q32:	|........ ........ ........ ........| ok p=1
Q33:	|........ ........ .....^.. ........| ok p=1
Q34:	|........ ........ ........ ........| ok p=1
Q35:	|........ ........ ........ ........| ok p=1
Q36:	|........ ........ ........ ........| ok p=1
Q37:	|........ ........ ........ ........| ok p=1
Q38:	|........ ........ ........ ........| ok p=1
Q39:	|........ ........ ........ ........| ok p=1
Q40:	|........ ........ ........ ........| ok p=1
Q41:	|........ ........ ........ ........| ok p=1
Q42:	|........ ........ ........ ........| ok p=1
Q43:	|........ ........ ........ ........| ok p=1
Q44:	|........ ........ ........ ........| ok p=1
Q45:	|........ ........ ........ ........| ok p=1
Q46:	|........ ........ ........ ........| ok p=1
Q47:	|........ ........ ........ ........| ok p=1
Q48:	|........ ........ ........ ........| ok p=1
Q49:	|........ ........ ........ ........| ok p=1
Q50:	|........ ........ ........ ........| ok p=1
Q51:	|........ ........ ........ ........| ok p=1
Q52:	|........ ........ ........ ........| ok p=1
Q53:	|........ ........ ........ ........| ok p=1
Q54:	|........ ........ ........ ........| ok p=1
Q55:	|........ ........ ........ ........| ok p=1
Q56:	|........ ........ ........ ........| ok p=1
Q57:	|........ ........ ........ ........| ok p=1
Q58:	|........ ........ ........ ........| ok p=1
Q59:	|........ ........ ........ ........| ok p=1
Q60:	|........ ...0.... ........ ........| ok p=1
Q61:	|........ ..11.... ........ ........| ok p=1
Q62:	|........ ..1-.... ........ ........| ok p=1
Q63:	|........ ..-+.... ........ ........| ok p=1
Q64:	|........ ...-.... .....+.. ........|
Saving 65536 paths...done.
Autobalance parameters: maxcond=19
Verified: 1362 bad out of 135476
Runtime: 5.03222
Extend MD5 differential paths backward
Copyright (C) 2009 Marc Stevens
http://homepages.cwi.nl/~stevens/

delta_m[11] = [!-10!]
Loading workdir4/paths30_0of1...done: 65536 (work:65536).
Estimating maxcond for upper bound 400000 (=100000 * 4)...
t=29: 0%   10   20   30   40   50   60   70   80   90   100%
      |----|----|----|----|----|----|----|----|----|----|
e     ***************************************************
Found maxcond = 23
t=29: 0%   10   20   30   40   50   60   70   80   90   100%
      |----|----|----|----|----|----|----|----|----|----|
      ***************************************************
Q26:	|........ ........ .....+.. ......+.|
Q27:	|........ .1...... .....-.. ........|
Q28:	|........ .-...... .....-.. ........|
Q29:	|........ ........ .....1.. ........| ok p=1
Q30:	|........ .^...... .....+.. ........| ok p=1
Q31:	|........ ........ .....+.. ........| ok p=0.999023
Q32:	|........ ........ ........ ........| ok p=1
Q33:	|........ ........ .....!.. ........| ok p=1
Q34:	|........ ........ ........ ........| ok p=1
Q35:	|........ ........ ........ ........| ok p=1
Q36:	|........ ........ ........ ........| ok p=1
Q37:	|........ ........ ........ ........| ok p=1
Q38:	|........ ........ ........ ........| ok p=1
Q39:	|........ ........ ........ ........| ok p=1
Q40:	|........ ........ ........ ........| ok p=1
Q41:	|........ ........ ........ ........| ok p=1
Q42:	|........ ........ ........ ........| ok p=1
Q43:	|........ ........ ........ ........| ok p=1
Q44:	|........ ........ ........ ........| ok p=1
Q45:	|........ ........ ........ ........| ok p=1
Q46:	|........ ........ ........ ........| ok p=1
Q47:	|........ ........ ........ ........| ok p=1
Q48:	|........ ........ ........ ........| ok p=1
Q49:	|........ ........ ........ ........| ok p=1
Q50:	|........ ........ ........ ........| ok p=1
Q51:	|........ ........ ........ ........| ok p=1
Q52:	|........ ........ ........ ........| ok p=1
Q53:	|........ ........ ........ ........| ok p=1
Q54:	|........ ........ ........ ........| ok p=1
Q55:	|........ ........ ........ ........| ok p=1
Q56:	|........ ........ ........ ........| ok p=1
Q57:	|........ ........ ........ ........| ok p=1
Q58:	|........ ........ ........ ........| ok p=1
Q59:	|........ ........ ........ ........| ok p=1
Q60:	|........ ...0.... ........ ........| ok p=1
Q61:	|........ ..11.... ........ ........| ok p=1
Q62:	|........ ..1-.... ........ ........| ok p=1
Q63:	|........ ..-+.... ........ ........| ok p=1
Q64:	|........ ...-.... .....+.. ........|
Saving 100000 paths...done.
Autobalance parameters: maxcond=21
Verified: 0 bad out of 158589
Estimating maxcond for upper bound 400000 (=100000 * 4)...
t=28: 0%   10   20   30   40   50   60   70   80   90   100%
      |----|----|----|----|----|----|----|----|----|----|
e     ***************************************************
Found maxcond = 25
t=28: 0%   10   20   30   40   50   60   70   80   90   100%
      |----|----|----|----|----|----|----|----|----|----|
      ***************************************************
Q25:	|........ ......+. .....+.. ..+.....|
Q26:	|........ .+...... .....+.. ......+.|
Q27:	|........ .0...... .....-.. ........|
Q28:	|........ .-...... .....-.. ......^.| ok p=0.998047
Q29:	|........ ........ .....1.. ........| ok p=1
Q30:	|........ .^...... .....+.. ........| ok p=1
Q31:	|........ ........ .....+.. ........| ok p=0.998047
Q32:	|........ ........ ........ ........| ok p=1
Q33:	|........ ........ .....!.. ........| ok p=1
Q34:	|........ ........ ........ ........| ok p=1
Q35:	|........ ........ ........ ........| ok p=1
Q36:	|........ ........ ........ ........| ok p=1
Q37:	|........ ........ ........ ........| ok p=1
Q38:	|........ ........ ........ ........| ok p=1
Q39:	|........ ........ ........ ........| ok p=1
Q40:	|........ ........ ........ ........| ok p=1
Q41:	|........ ........ ........ ........| ok p=1
Q42:	|........ ........ ........ ........| ok p=1
Q43:	|........ ........ ........ ........| ok p=1
Q44:	|........ ........ ........ ........| ok p=1
Q45:	|........ ........ ........ ........| ok p=1
Q46:	|........ ........ ........ ........| ok p=1
Q47:	|........ ........ ........ ........| ok p=1
Q48:	|........ ........ ........ ........| ok p=1
Q49:	|........ ........ ........ ........| ok p=1
Q50:	|........ ........ ........ ........| ok p=1
Q51:	|........ ........ ........ ........| ok p=1
Q52:	|........ ........ ........ ........| ok p=1
Q53:	|........ ........ ........ ........| ok p=1
Q54:	|........ ........ ........ ........| ok p=1
Q55:	|........ ........ ........ ........| ok p=1
Q56:	|........ ........ ........ ........| ok p=1
Q57:	|........ ........ ........ ........| ok p=1
Q58:	|........ ........ ........ ........| ok p=1
Q59:	|........ ........ ........ ........| ok p=1
Q60:	|........ ...0.... ........ ........| ok p=1
Q61:	|........ ..11.... ........ ........| ok p=0.99707
Q62:	|........ ..1-.... ........ ........| ok p=1
Q63:	|........ ..-+.... ........ ........| ok p=1
Q64:	|........ ...-.... .....+.. ........|
Saving 100000 paths...done.
Autobalance parameters: maxcond=23
Verified: 0 bad out of 167047
Estimating maxcond for upper bound 400000 (=100000 * 4)...
t=27: 0%   10   20   30   40   50   60   70   80   90   100%
      |----|----|----|----|----|----|----|----|----|----|
e     ***************************************************
Found maxcond = 28
t=27: 0%   10   20   30   40   50   60   70   80   90   100%
      |----|----|----|----|----|----|----|----|----|----|
      ***************************************************
Q24:	|........ .-...... ........ .....-..|
Q25:	|........ ......+. ........ ..+...1.|
Q26:	|........ .0...... .....0.. ......+.|
Q27:	|........ .1....^. .....1.. ..^.....| ok p=0.99707
Q28:	|........ .-...... .....-.. ......^.| ok p=1
Q29:	|........ ........ .....0.. ........| ok p=1
Q30:	|........ .^...... .....+.. ........| ok p=1
Q31:	|........ ........ .....+.. ........| ok p=0.999023
Q32:	|........ ........ ........ ........| ok p=1
Q33:	|........ ........ .....!.. ........| ok p=1
Q34:	|........ ........ ........ ........| ok p=1
Q35:	|........ ........ ........ ........| ok p=1
Q36:	|........ ........ ........ ........| ok p=1
Q37:	|........ ........ ........ ........| ok p=1
Q38:	|........ ........ ........ ........| ok p=1
Q39:	|........ ........ ........ ........| ok p=1
Q40:	|........ ........ ........ ........| ok p=1
Q41:	|........ ........ ........ ........| ok p=1
Q42:	|........ ........ ........ ........| ok p=1
Q43:	|........ ........ ........ ........| ok p=1
Q44:	|........ ........ ........ ........| ok p=1
Q45:	|........ ........ ........ ........| ok p=1
Q46:	|........ ........ ........ ........| ok p=1
Q47:	|........ ........ ........ ........| ok p=1
Q48:	|........ ........ ........ ........| ok p=1
Q49:	|........ ........ ........ ........| ok p=1
Q50:	|........ ........ ........ ........| ok p=1
Q51:	|........ ........ ........ ........| ok p=1
Q52:	|........ ........ ........ ........| ok p=1
Q53:	|........ ........ ........ ........| ok p=1
Q54:	|........ ........ ........ ........| ok p=1
Q55:	|........ ........ ........ ........| ok p=1
Q56:	|........ ........ ........ ........| ok p=1
Q57:	|........ ........ ........ ........| ok p=1
Q58:	|........ ........ ........ ........| ok p=1
Q59:	|........ ........ ........ ........| ok p=1
Q60:	|........ ...0.... ........ ........| ok p=1
Q61:	|........ ..11.... ........ ........| ok p=0.999023
Q62:	|........ ..1-.... ........ ........| ok p=1
Q63:	|........ ..-+.... ........ ........| ok p=1
Q64:	|........ ...-.... .....+.. ........|
Saving 100000 paths...done.
Autobalance parameters: maxcond=26
Verified: 0 bad out of 171958
Estimating maxcond for upper bound 400000 (=100000 * 4)...
t=26: 0%   10   20   30   40   50   60   70   80   90   100%
      |----|----|----|----|----|----|----|----|----|----|
e     ***************************************************
Found maxcond = 31
t=26: 0%   10   20   30   40   50   60   70   80   90   100%
      |----|----|----|----|----|----|----|----|----|----|
      ***************************************************
Q23:	|........ .-..-... ......-. ........|
Q24:	|........ .-....1. ........ ..1...-.|
Q25:	|........ .+....+. ........ ..+...0.|
Q26:	|........ .+...... .....0.. ......+.| ok p=0.999023
Q27:	|........ .-....^. .....1.. ..^.....| ok p=1
Q28:	|........ .-...... .....-.. ......^.| ok p=0.996094
Q29:	|........ .1...... .....0.. ........| ok p=1
Q30:	|........ .0...... .....+.. ........| ok p=1
Q31:	|........ ........ .....+.. ........| ok p=0.998047
Q32:	|........ ........ ........ ........| ok p=1
Q33:	|........ ........ .....!.. ........| ok p=1
Q34:	|........ ........ ........ ........| ok p=1
Q35:	|........ ........ ........ ........| ok p=1
Q36:	|........ ........ ........ ........| ok p=1
Q37:	|........ ........ ........ ........| ok p=1
Q38:	|........ ........ ........ ........| ok p=1
Q39:	|........ ........ ........ ........| ok p=1
Q40:	|........ ........ ........ ........| ok p=1
Q41:	|........ ........ ........ ........| ok p=1
Q42:	|........ ........ ........ ........| ok p=1
Q43:	|........ ........ ........ ........| ok p=1
Q44:	|........ ........ ........ ........| ok p=1
Q45:	|........ ........ ........ ........| ok p=1
Q46:	|........ ........ ........ ........| ok p=1
Q47:	|........ ........ ........ ........| ok p=1
Q48:	|........ ........ ........ ........| ok p=1
Q49:	|........ ........ ........ ........| ok p=1
Q50:	|........ ........ ........ ........| ok p=1
Q51:	|........ ........ ........ ........| ok p=1
Q52:	|........ ........ ........ ........| ok p=1
Q53:	|........ ........ ........ ........| ok p=1
Q54:	|........ ........ ........ ........| ok p=1
Q55:	|........ ........ ........ ........| ok p=1
Q56:	|........ ........ ........ ........| ok p=1
Q57:	|........ ........ ........ ........| ok p=1
Q58:	|........ ........ ........ ........| ok p=1
Q59:	|........ ........ ........ ........| ok p=1
Q60:	|........ ...0.... ........ ........| ok p=1
Q61:	|........ ..11.... ........ ........| ok p=1
Q62:	|........ ..1-.... ........ ........| ok p=1
Q63:	|........ ..-+.... ........ ........| ok p=1
Q64:	|........ ...-.... .....+.. ........|
Saving 100000 paths...done.
Autobalance parameters: maxcond=29
Verified: 0 bad out of 163211
Estimating maxcond for upper bound 400000 (=100000 * 4)...
t=25: 0%   10   20   30   40   50   60   70   80   90   100%
      |----|----|----|----|----|----|----|----|----|----|
e     ***************************************************
Found maxcond = 36
t=25: 0%   10   20   30   40   50   60   70   80   90   100%
      |----|----|----|----|----|----|----|----|----|----|
      ***************************************************
Q22:	|...-...+ ........ .......- ........|
Q23:	|........ .-..-.0. ......-. ..-.....|
Q24:	|........ .-....1. ........ ..0...0.|
Q25:	|........ .+..^.+. ......^. ..+...1.| ok p=0.947266
Q26:	|........ .+...... .....0.. ......+.| ok p=1
Q27:	|........ .-....^. .....1.. ..^.....| ok p=0.999023
Q28:	|........ .-...... .....-.. ......^.| ok p=0.999023
Q29:	|........ .1...... .....0.. ........| ok p=1
Q30:	|........ .0...... .....+.. ........| ok p=1
Q31:	|........ ........ .....+.. ........| ok p=1
Q32:	|........ ........ ........ ........| ok p=1
Q33:	|........ ........ .....!.. ........| ok p=1
Q34:	|........ ........ ........ ........| ok p=1
Q35:	|........ ........ ........ ........| ok p=1
Q36:	|........ ........ ........ ........| ok p=1
Q37:	|........ ........ ........ ........| ok p=1
Q38:	|........ ........ ........ ........| ok p=1
Q39:	|........ ........ ........ ........| ok p=1
Q40:	|........ ........ ........ ........| ok p=1
Q41:	|........ ........ ........ ........| ok p=1
Q42:	|........ ........ ........ ........| ok p=1
Q43:	|........ ........ ........ ........| ok p=1
Q44:	|........ ........ ........ ........| ok p=1
Q45:	|........ ........ ........ ........| ok p=1
Q46:	|........ ........ ........ ........| ok p=1
Q47:	|........ ........ ........ ........| ok p=1
Q48:	|........ ........ ........ ........| ok p=1
Q49:	|........ ........ ........ ........| ok p=1
Q50:	|........ ........ ........ ........| ok p=1
Q51:	|........ ........ ........ ........| ok p=1
Q52:	|........ ........ ........ ........| ok p=1
Q53:	|........ ........ ........ ........| ok p=1
Q54:	|........ ........ ........ ........| ok p=1
Q55:	|........ ........ ........ ........| ok p=1
Q56:	|........ ........ ........ ........| ok p=1
Q57:	|........ ........ ........ ........| ok p=1
Q58:	|........ ........ ........ ........| ok p=1
Q59:	|........ ........ ........ ........| ok p=1
Q60:	|........ ...0.... ........ ........| ok p=1
Q61:	|........ ..11.... ........ ........| ok p=0.999023
Q62:	|........ ..1-.... ........ ........| ok p=1
Q63:	|........ ..-+.... ........ ........| ok p=1
Q64:	|........ ...-.... .....+.. ........|
Saving 100000 paths...done.
Autobalance parameters: maxcond=35
Verified: 0 bad out of 134004
Estimating maxcond for upper bound 400000 (=100000 * 4)...
t=24: 0%   10   20   30   40   50   60   70   80   90   100%
      |----|----|----|----|----|----|----|----|----|----|
e     ***************************************************
Found maxcond = 44
t=24: 0%   10   20   30   40   50   60   70   80   90   100%
      |----|----|----|----|----|----|----|----|----|----|
      ***************************************************
Q21:	|..+..... .+...+.. ...+.... .....+.-|
Q22:	|...-.... ....1... ......1- ........|
Q23:	|........ .-..-.0. ......-. ..0...-.|
Q24:	|...^.... .-....1. .......^ ..1...-.| ok p=0.885742
Q25:	|........ .+..^.+. ......^. ..+...+.| ok p=0.923828
Q26:	|........ .+...... .....0.. ......+.| ok p=1
Q27:	|........ .-....^. .....1.. ..^...1.| ok p=0.999023
Q28:	|........ .-...... .....-.. ......0.| ok p=0.998047
Q29:	|........ .1...... .....0.. ........| ok p=1
Q30:	|........ .0...... .....+.. ........| ok p=1
Q31:	|........ ........ .....+.. ........| ok p=1
Q32:	|........ ........ ........ ........| ok p=1
Q33:	|........ ........ .....!.. ........| ok p=1
Q34:	|........ ........ ........ ........| ok p=1
Q35:	|........ ........ ........ ........| ok p=1
Q36:	|........ ........ ........ ........| ok p=1
Q37:	|........ ........ ........ ........| ok p=1
Q38:	|........ ........ ........ ........| ok p=1
Q39:	|........ ........ ........ ........| ok p=1
Q40:	|........ ........ ........ ........| ok p=1
Q41:	|........ ........ ........ ........| ok p=1
Q42:	|........ ........ ........ ........| ok p=1
Q43:	|........ ........ ........ ........| ok p=1
Q44:	|........ ........ ........ ........| ok p=1
Q45:	|........ ........ ........ ........| ok p=1
Q46:	|........ ........ ........ ........| ok p=1
Q47:	|........ ........ ........ ........| ok p=1
Q48:	|........ ........ ........ ........| ok p=1
Q49:	|........ ........ ........ ........| ok p=1
Q50:	|........ ........ ........ ........| ok p=1
Q51:	|........ ........ ........ ........| ok p=1
Q52:	|........ ........ ........ ........| ok p=1
Q53:	|........ ........ ........ ........| ok p=1
Q54:	|........ ........ ........ ........| ok p=1
Q55:	|........ ........ ........ ........| ok p=1
Q56:	|........ ........ ........ ........| ok p=1
Q57:	|........ ........ ........ ........| ok p=1
Q58:	|........ ........ ........ ........| ok p=1
Q59:	|........ ........ ........ ........| ok p=1
Q60:	|........ ...0.... ........ ........| ok p=1
Q61:	|........ ..11.... ........ ........| ok p=0.999023
Q62:	|........ ..1-.... ........ ........| ok p=1
Q63:	|........ ..-+.... ........ ........| ok p=1
Q64:	|........ ...-.... .....+.. ........|
Saving 100000 paths...done.
Autobalance parameters: maxcond=43
Verified: 0 bad out of 132427
Estimating maxcond for upper bound 400000 (=100000 * 4)...
t=23: 0%   10   20   30   40   50   60   70   80   90   100%
      |----|----|----|----|----|----|----|----|----|----|
e     ***************************************************
Found maxcond = 53
t=23: 0%   10   20   30   40   50   60   70   80   90   100%
      |----|----|----|----|----|----|----|----|----|----|
      ***************************************************
Q20:	|+....... ........ ........ ........|
Q21:	|...1...1 ....0... ..1+...1 .......+|
Q22:	|...-...+ ....1... ..-....- ........|
Q23:	|........ ....-.0. ...^.... ..0....^| ok p=0.5
Q24:	|...^...^ .0....1. ..^....^ ..1...0.| ok p=1
Q25:	|........ ....^.+. ........ ..+...1.| ok p=0.9375
Q26:	|........ 0-...... .....0.. ......+.| ok p=1
Q27:	|........ 1-....^. .....1.. ..^.....| ok p=0.999023
Q28:	|........ -+...... .....-.. ......^.| ok p=0.999023
Q29:	|........ .0...... .....0.. ........| ok p=1
Q30:	|........ ^1...... .....+.. ........| ok p=1
Q31:	|........ ........ .....+.. ........| ok p=0.999023
Q32:	|........ ........ ........ ........| ok p=1
Q33:	|........ ........ .....!.. ........| ok p=1
Q34:	|........ ........ ........ ........| ok p=1
Q35:	|........ ........ ........ ........| ok p=1
Q36:	|........ ........ ........ ........| ok p=1
Q37:	|........ ........ ........ ........| ok p=1
Q38:	|........ ........ ........ ........| ok p=1
Q39:	|........ ........ ........ ........| ok p=1
Q40:	|........ ........ ........ ........| ok p=1
Q41:	|........ ........ ........ ........| ok p=1
Q42:	|........ ........ ........ ........| ok p=1
Q43:	|........ ........ ........ ........| ok p=1
Q44:	|........ ........ ........ ........| ok p=1
Q45:	|........ ........ ........ ........| ok p=1
Q46:	|........ ........ ........ ........| ok p=1
Q47:	|........ ........ ........ ........| ok p=1
Q48:	|........ ........ ........ ........| ok p=1
Q49:	|........ ........ ........ ........| ok p=1
Q50:	|........ ........ ........ ........| ok p=1
Q51:	|........ ........ ........ ........| ok p=1
Q52:	|........ ........ ........ ........| ok p=1
Q53:	|........ ........ ........ ........| ok p=1
Q54:	|........ ........ ........ ........| ok p=1
Q55:	|........ ........ ........ ........| ok p=1
Q56:	|........ ........ ........ ........| ok p=1
Q57:	|........ ........ ........ ........| ok p=1
Q58:	|........ ........ ........ ........| ok p=1
Q59:	|........ ........ ........ ........| ok p=1
Q60:	|........ ...0.... ........ ........| ok p=1
Q61:	|........ ..11.... ........ ........| ok p=0.999023
Q62:	|........ ..1-.... ........ ........| ok p=1
Q63:	|........ ..-+.... ........ ........| ok p=1
Q64:	|........ ...-.... .....+.. ........|
Saving 100000 paths...done.
Autobalance parameters: maxcond=52
Verified: 0 bad out of 125003
Estimating maxcond for upper bound 400000 (=100000 * 4)...
t=22: 0%   10   20   30   40   50   60   70   80   90   100%
      |----|----|----|----|----|----|----|----|----|----|
e     ***************************************************
Found maxcond = 60
t=22: 0%   10   20   30   40   50   60   70   80   90   100%
      |----|----|----|----|----|----|----|----|----|----|
      ***************************************************
Q19:	|+....+.. ........ .+...-.. ..-.....|
Q20:	|+..+...- ........ ..01...0 .......1|
Q21:	|...0...0 ....0... ..1+...1 .......+|
Q22:	|^..-...+ ....1... ..-....- ........| ok p=0.447266
Q23:	|........ ....-.0. ...^.... ..0....^| ok p=0.503906
Q24:	|...^...^ .0....1. ..^....^ ..1...0.| ok p=1
Q25:	|........ ....^.+. ........ ..+...1.| ok p=0.948242
Q26:	|........ 0-...... .....0.. ......+.| ok p=1
Q27:	|........ 1-....^. .....1.. ..^.....| ok p=1
Q28:	|........ -+...... .....-.. ......^.| ok p=1
Q29:	|........ .0...... .....0.. ........| ok p=1
Q30:	|........ ^1...... .....+.. ........| ok p=1
Q31:	|........ ........ .....+.. ........| ok p=0.999023
Q32:	|........ ........ ........ ........| ok p=1
Q33:	|........ ........ .....!.. ........| ok p=1
Q34:	|........ ........ ........ ........| ok p=1
Q35:	|........ ........ ........ ........| ok p=1
Q36:	|........ ........ ........ ........| ok p=1
Q37:	|........ ........ ........ ........| ok p=1
Q38:	|........ ........ ........ ........| ok p=1
Q39:	|........ ........ ........ ........| ok p=1
Q40:	|........ ........ ........ ........| ok p=1
Q41:	|........ ........ ........ ........| ok p=1
Q42:	|........ ........ ........ ........| ok p=1
Q43:	|........ ........ ........ ........| ok p=1
Q44:	|........ ........ ........ ........| ok p=1
Q45:	|........ ........ ........ ........| ok p=1
Q46:	|........ ........ ........ ........| ok p=1
Q47:	|........ ........ ........ ........| ok p=1
Q48:	|........ ........ ........ ........| ok p=1
Q49:	|........ ........ ........ ........| ok p=1
Q50:	|........ ........ ........ ........| ok p=1
Q51:	|........ ........ ........ ........| ok p=1
Q52:	|........ ........ ........ ........| ok p=1
Q53:	|........ ........ ........ ........| ok p=1
Q54:	|........ ........ ........ ........| ok p=1
Q55:	|........ ........ ........ ........| ok p=1
Q56:	|........ ........ ........ ........| ok p=1
Q57:	|........ ........ ........ ........| ok p=1
Q58:	|........ ........ ........ ........| ok p=1
Q59:	|........ ........ ........ ........| ok p=1
Q60:	|........ ...0.... ........ ........| ok p=1
Q61:	|........ ..11.... ........ ........| ok p=0.999023
Q62:	|........ ..1-.... ........ ........| ok p=1
Q63:	|........ ..-+.... ........ ........| ok p=1
Q64:	|........ ...-.... .....+.. ........|
Saving 100000 paths...done.
Autobalance parameters: maxcond=58
Verified: 8109 bad out of 193603
Estimating maxcond for upper bound 400000 (=100000 * 4)...
t=21: 0%   10   20   30   40   50   60   70   80   90   100%
      |----|----|----|----|----|----|----|----|----|----|
e     ***************************************************
Found maxcond = 70
t=21: 0%   10   20   30   40   50   60   70   80   90   100%
      |----|----|----|----|----|----|----|----|----|----|
      ***************************************************
Q18:	|+....... -...-... +..-.... ..-.+..-|
Q19:	|1....+.. ........ ..++.-.. ..-....0|
Q20:	|-..0...0 ........ ..+0...0 .......0|
Q21:	|0..1.^.1 ....0... ..0+.^.1 ..^....+| ok p=0.509766
Q22:	|1..-...+ ....1... ..-....- ........| ok p=0.495117
Q23:	|........ ....-.0. ...^.... ..0....^| ok p=0.520508
Q24:	|...^...^ .0....1. ..^....^ ..1...0.| ok p=1
Q25:	|........ ....^.+. ........ ..+...1.| ok p=0.939453
Q26:	|........ 0-...... .....0.. ......+.| ok p=1
Q27:	|........ 1-....^. .....1.. ..^.....| ok p=0.998047
Q28:	|........ -+...... .....-.. ......^.| ok p=0.999023
Q29:	|........ .0...... .....0.. ........| ok p=1
Q30:	|........ ^1...... .....+.. ........| ok p=1
Q31:	|........ ........ .....+.. ........| ok p=0.999023
Q32:	|........ ........ ........ ........| ok p=1
Q33:	|........ ........ .....!.. ........| ok p=1
Q34:	|........ ........ ........ ........| ok p=1
Q35:	|........ ........ ........ ........| ok p=1
Q36:	|........ ........ ........ ........| ok p=1
Q37:	|........ ........ ........ ........| ok p=1
Q38:	|........ ........ ........ ........| ok p=1
Q39:	|........ ........ ........ ........| ok p=1
Q40:	|........ ........ ........ ........| ok p=1
Q41:	|........ ........ ........ ........| ok p=1
Q42:	|........ ........ ........ ........| ok p=1
Q43:	|........ ........ ........ ........| ok p=1
Q44:	|........ ........ ........ ........| ok p=1
Q45:	|........ ........ ........ ........| ok p=1
Q46:	|........ ........ ........ ........| ok p=1
Q47:	|........ ........ ........ ........| ok p=1
Q48:	|........ ........ ........ ........| ok p=1
Q49:	|........ ........ ........ ........| ok p=1
Q50:	|........ ........ ........ ........| ok p=1
Q51:	|........ ........ ........ ........| ok p=1
Q52:	|........ ........ ........ ........| ok p=1
Q53:	|........ ........ ........ ........| ok p=1
Q54:	|........ ........ ........ ........| ok p=1
Q55:	|........ ........ ........ ........| ok p=1
Q56:	|........ ........ ........ ........| ok p=1
Q57:	|........ ........ ........ ........| ok p=1
Q58:	|........ ........ ........ ........| ok p=1
Q59:	|........ ........ ........ ........| ok p=1
Q60:	|........ ...0.... ........ ........| ok p=1
Q61:	|........ ..11.... ........ ........| ok p=0.998047
Q62:	|........ ..1-.... ........ ........| ok p=1
Q63:	|........ ..-+.... ........ ........| ok p=1
Q64:	|........ ...-.... .....+.. ........|
Saving 100000 paths...done.
Autobalance parameters: maxcond=69
Verified: 0 bad out of 108275
Runtime: 10.5929
Extend MD5 differential paths backward
Copyright (C) 2009 Marc Stevens
http://homepages.cwi.nl/~stevens/

delta_m[11] = [!-10!]
Loading workdir4/paths21_0of1...done: 100000 (work:100000).
Estimating maxcond for upper bound 65536 (=16384 * 4)...
t=20: 0%   10   20   30   40   50   60   70   80   90   100%
      |----|----|----|----|----|----|----|----|----|----|
e     ***************************************************
Found maxcond = 83
t=20: 0%   10   20   30   40   50   60   70   80   90   100%
      |----|----|----|----|----|----|----|----|----|----|
      ***************************************************
Q17:	|+....+.. ........ .-.+.... -.......|
Q18:	|.....1.. -...-... +..-.1.. ..1.+...|
Q19:	|+....+.. ........ ..++.-.. ..-....0|
Q20:	|+..0...0 ^...^... ^.+0...0 ..0.^..1| ok p=0.585938
Q21:	|1..1.^.1 ....0... ..0+.^.1 ..1....+| ok p=0.498047
Q22:	|^..-...+ ....1... ..-....- ........| ok p=0.452148
Q23:	|........ ....-.0. ...^.... ..0....^| ok p=0.501953
Q24:	|...^...^ .0....1. ..^....^ ..1...0.| ok p=1
Q25:	|........ ....^.+. ........ ..+...1.| ok p=0.935547
Q26:	|........ 0-...... .....0.. ......+.| ok p=1
Q27:	|........ 1-....^. .....1.. ..^.....| ok p=0.999023
Q28:	|........ -+...... .....-.. ......^.| ok p=0.999023
Q29:	|........ .0...... .....0.. ........| ok p=1
Q30:	|........ ^1...... .....+.. ........| ok p=1
Q31:	|........ ........ .....+.. ........| ok p=0.999023
Q32:	|........ ........ ........ ........| ok p=1
Q33:	|........ ........ .....!.. ........| ok p=1
Q34:	|........ ........ ........ ........| ok p=1
Q35:	|........ ........ ........ ........| ok p=1
Q36:	|........ ........ ........ ........| ok p=1
Q37:	|........ ........ ........ ........| ok p=1
Q38:	|........ ........ ........ ........| ok p=1
Q39:	|........ ........ ........ ........| ok p=1
Q40:	|........ ........ ........ ........| ok p=1
Q41:	|........ ........ ........ ........| ok p=1
Q42:	|........ ........ ........ ........| ok p=1
Q43:	|........ ........ ........ ........| ok p=1
Q44:	|........ ........ ........ ........| ok p=1
Q45:	|........ ........ ........ ........| ok p=1
Q46:	|........ ........ ........ ........| ok p=1
Q47:	|........ ........ ........ ........| ok p=1
Q48:	|........ ........ ........ ........| ok p=1
Q49:	|........ ........ ........ ........| ok p=1
Q50:	|........ ........ ........ ........| ok p=1
Q51:	|........ ........ ........ ........| ok p=1
Q52:	|........ ........ ........ ........| ok p=1
Q53:	|........ ........ ........ ........| ok p=1
Q54:	|........ ........ ........ ........| ok p=1
Q55:	|........ ........ ........ ........| ok p=1
Q56:	|........ ........ ........ ........| ok p=1
Q57:	|........ ........ ........ ........| ok p=1
Q58:	|........ ........ ........ ........| ok p=1
Q59:	|........ ........ ........ ........| ok p=1
Q60:	|........ ...0.... ........ ........| ok p=1
Q61:	|........ ..11.... ........ ........| ok p=1
Q62:	|........ ..1-.... ........ ........| ok p=1
Q63:	|........ ..-+.... ........ ........| ok p=1
Q64:	|........ ...-.... .....+.. ........|
Saving 16384 paths...done.
Autobalance parameters: maxcond=82
Verified: 0 bad out of 23674
Runtime: 3.38039
Extend MD5 differential paths backward
Copyright (C) 2009 Marc Stevens
http://homepages.cwi.nl/~stevens/

delta_m[11] = [!-10!]
Loading workdir4/paths20_0of1...done: 16384 (work:16384).
Estimating maxcond for upper bound 2000000 (=500000 * 4)...
t=19: 0%   10   20   30   40   50   60   70   80   90   100%
      |----|----|----|----|----|----|----|----|----|----|
e     ***************************************************
Found maxcond = 94
t=19: 0%   10   20   30   40   50   60   70   80   90   100%
      |----|----|----|----|----|----|----|----|----|----|
      ***************************************************
Q16:	|.....-.. .+....+. .-..-... ..-.....|
Q17:	|.....+.. 1...1... .....0.. +...1...|
Q18:	|0....1.. -...-... .+...1.. ..-.+...|
Q19:	|0....+.. ........ .+.0.-.. ^.-....0| ok p=0.393555
Q20:	|-..0...0 ^...^... .001...0 ..0.^..0| ok p=0.637695
Q21:	|0..1.^.1 ....0... .11+.^.1 ..^....+| ok p=0.491211
Q22:	|1..-...+ ....1... ..-....- ........| ok p=0.503906
Q23:	|........ ....-.0. ...^.... ..0....^| ok p=0.496094
Q24:	|...^...^ .0....1. ..^....^ ..1...0.| ok p=1
Q25:	|........ ....^.+. ........ ..+...1.| ok p=0.938477
Q26:	|........ 0-...... .....0.. ......+.| ok p=1
Q27:	|........ 1-....^. .....1.. ..^.....| ok p=0.999023
Q28:	|........ -+...... .....-.. ......^.| ok p=0.999023
Q29:	|........ .0...... .....0.. ........| ok p=1
Q30:	|........ ^1...... .....+.. ........| ok p=1
Q31:	|........ ........ .....+.. ........| ok p=0.996094
Q32:	|........ ........ ........ ........| ok p=1
Q33:	|........ ........ .....!.. ........| ok p=1
Q34:	|........ ........ ........ ........| ok p=1
Q35:	|........ ........ ........ ........| ok p=1
Q36:	|........ ........ ........ ........| ok p=1
Q37:	|........ ........ ........ ........| ok p=1
Q38:	|........ ........ ........ ........| ok p=1
Q39:	|........ ........ ........ ........| ok p=1
Q40:	|........ ........ ........ ........| ok p=1
Q41:	|........ ........ ........ ........| ok p=1
Q42:	|........ ........ ........ ........| ok p=1
Q43:	|........ ........ ........ ........| ok p=1
Q44:	|........ ........ ........ ........| ok p=1
Q45:	|........ ........ ........ ........| ok p=1
Q46:	|........ ........ ........ ........| ok p=1
Q47:	|........ ........ ........ ........| ok p=1
Q48:	|........ ........ ........ ........| ok p=1
Q49:	|........ ........ ........ ........| ok p=1
Q50:	|........ ........ ........ ........| ok p=1
Q51:	|........ ........ ........ ........| ok p=1
Q52:	|........ ........ ........ ........| ok p=1
Q53:	|........ ........ ........ ........| ok p=1
Q54:	|........ ........ ........ ........| ok p=1
Q55:	|........ ........ ........ ........| ok p=1
Q56:	|........ ........ ........ ........| ok p=1
Q57:	|........ ........ ........ ........| ok p=1
Q58:	|........ ........ ........ ........| ok p=1
Q59:	|........ ........ ........ ........| ok p=1
Q60:	|........ ...0.... ........ ........| ok p=1
Q61:	|........ ..11.... ........ ........| ok p=1
Q62:	|........ ..1-.... ........ ........| ok p=1
Q63:	|........ ..-+.... ........ ........| ok p=1
Q64:	|........ ...-.... .....+.. ........|
Saving 500000 paths...done.
Autobalance parameters: maxcond=93
Verified: 0 bad out of 782348
Estimating maxcond for upper bound 2000000 (=500000 * 4)...
t=18: 0%   10   20   30   40   50   60   70   80   90   100%
      |----|----|----|----|----|----|----|----|----|----|
e     ***************************************************
Found maxcond = 105
t=18: 0%   10   20   30   40   50   60   70   80   90   100%
      |----|----|----|----|----|----|----|----|----|----|
      ***************************************************
Q15:	|+..-.... ..-..... ..+.-.-. ..+.....|
Q16:	|.....-.. 0+..0.+. .-...... 1.-.-...|
Q17:	|+....0.. 1...1... .0...0.. +.+.0...|
Q18:	|+....0.. -^..-.^. .+...1.. ..-.+...| ok p=0.936523
Q19:	|-....+.. ........ .+.0.-.. ^.-....0| ok p=0.9375
Q20:	|-..0...0 ^...^... .001...0 ..1.^..1| ok p=0.59375
Q21:	|0..1.^.1 ....0... .11+.^.1 ..^....+| ok p=0.454102
Q22:	|^..-...+ ....1... ..-....- ........| ok p=0.453125
Q23:	|........ ....-.0. ...^.... ..0....^| ok p=0.515625
Q24:	|...^...^ .0....1. ..^....^ ..1...0.| ok p=1
Q25:	|........ ....^.+. ........ ..+...1.| ok p=0.943359
Q26:	|........ 0-...... .....0.. ......+.| ok p=1
Q27:	|........ 1-....^. .....1.. ..^.....| ok p=0.999023
Q28:	|........ -+...... .....-.. ......^.| ok p=1
Q29:	|........ .0...... .....0.. ........| ok p=1
Q30:	|........ ^1...... .....+.. ........| ok p=1
Q31:	|........ ........ .....+.. ........| ok p=0.999023
Q32:	|........ ........ ........ ........| ok p=1
Q33:	|........ ........ .....!.. ........| ok p=1
Q34:	|........ ........ ........ ........| ok p=1
Q35:	|........ ........ ........ ........| ok p=1
Q36:	|........ ........ ........ ........| ok p=1
Q37:	|........ ........ ........ ........| ok p=1
Q38:	|........ ........ ........ ........| ok p=1
Q39:	|........ ........ ........ ........| ok p=1
Q40:	|........ ........ ........ ........| ok p=1
Q41:	|........ ........ ........ ........| ok p=1
Q42:	|........ ........ ........ ........| ok p=1
Q43:	|........ ........ ........ ........| ok p=1
Q44:	|........ ........ ........ ........| ok p=1
Q45:	|........ ........ ........ ........| ok p=1
Q46:	|........ ........ ........ ........| ok p=1
Q47:	|........ ........ ........ ........| ok p=1
Q48:	|........ ........ ........ ........| ok p=1
Q49:	|........ ........ ........ ........| ok p=1
Q50:	|........ ........ ........ ........| ok p=1
Q51:	|........ ........ ........ ........| ok p=1
Q52:	|........ ........ ........ ........| ok p=1
Q53:	|........ ........ ........ ........| ok p=1
Q54:	|........ ........ ........ ........| ok p=1
Q55:	|........ ........ ........ ........| ok p=1
Q56:	|........ ........ ........ ........| ok p=1
Q57:	|........ ........ ........ ........| ok p=1
Q58:	|........ ........ ........ ........| ok p=1
Q59:	|........ ........ ........ ........| ok p=1
Q60:	|........ ...0.... ........ ........| ok p=1
Q61:	|........ ..11.... ........ ........| ok p=1
Q62:	|........ ..1-.... ........ ........| ok p=1
Q63:	|........ ..-+.... ........ ........| ok p=1
Q64:	|........ ...-.... .....+.. ........|
Saving 500000 paths...done.
Autobalance parameters: maxcond=104
Verified: 0 bad out of 604233
Estimating maxcond for upper bound 2000000 (=500000 * 4)...
t=17: 0%   10   20   30   40   50   60   70   80   90   100%
      |----|----|----|----|----|----|----|----|----|----|
e     ***************************************************
Found maxcond = 121
t=17: 0%   10   20   30   40   50   60   70   80   90   100%
      |----|----|----|----|----|----|----|----|----|----|
      ***************************************************
Q14:	|+.+..... ......-. .-...-.. ..+.....|
Q15:	|...-.1.. .1-...1. .1.+.++. 0.+.....|
Q16:	|.....-.. 0+..0.+. .-...-.. 1.-.0...|
Q17:	|...^.+.. 1.^.1... .0.^.1^. +.+.1...| ok p=0.602539
Q18:	|0....1.. -^..-.^. .+...1.. ..-.+...| ok p=0.916016
Q19:	|0....+.. ........ .+.0.-.. ^.-....0| ok p=0.40918
Q20:	|-..0...0 ^...^... .001...0 ..1.^..0| ok p=0.640625
Q21:	|0..1.^.1 ....0... .11+.^.1 ..^....+| ok p=0.5
Q22:	|1..-...+ ....1... ..-....- ........| ok p=0.487305
Q23:	|........ ....-.0. ...^.... ..0....^| ok p=0.508789
Q24:	|...^...^ .0....1. ..^....^ ..1...0.| ok p=1
Q25:	|........ ....^.+. ........ ..+...1.| ok p=0.941406
Q26:	|........ 0-...... .....0.. ......+.| ok p=1
Q27:	|........ 1-....^. .....1.. ..^.....| ok p=1
Q28:	|........ -+...... .....-.. ......^.| ok p=1
Q29:	|........ .0...... .....0.. ........| ok p=1
Q30:	|........ ^1...... .....+.. ........| ok p=1
Q31:	|........ ........ .....+.. ........| ok p=0.999023
Q32:	|........ ........ ........ ........| ok p=1
Q33:	|........ ........ .....!.. ........| ok p=1
Q34:	|........ ........ ........ ........| ok p=1
Q35:	|........ ........ ........ ........| ok p=1
Q36:	|........ ........ ........ ........| ok p=1
Q37:	|........ ........ ........ ........| ok p=1
Q38:	|........ ........ ........ ........| ok p=1
Q39:	|........ ........ ........ ........| ok p=1
Q40:	|........ ........ ........ ........| ok p=1
Q41:	|........ ........ ........ ........| ok p=1
Q42:	|........ ........ ........ ........| ok p=1
Q43:	|........ ........ ........ ........| ok p=1
Q44:	|........ ........ ........ ........| ok p=1
Q45:	|........ ........ ........ ........| ok p=1
Q46:	|........ ........ ........ ........| ok p=1
Q47:	|........ ........ ........ ........| ok p=1
Q48:	|........ ........ ........ ........| ok p=1
Q49:	|........ ........ ........ ........| ok p=1
Q50:	|........ ........ ........ ........| ok p=1
Q51:	|........ ........ ........ ........| ok p=1
Q52:	|........ ........ ........ ........| ok p=1
Q53:	|........ ........ ........ ........| ok p=1
Q54:	|........ ........ ........ ........| ok p=1
Q55:	|........ ........ ........ ........| ok p=1
Q56:	|........ ........ ........ ........| ok p=1
Q57:	|........ ........ ........ ........| ok p=1
Q58:	|........ ........ ........ ........| ok p=1
Q59:	|........ ........ ........ ........| ok p=1
Q60:	|........ ...0.... ........ ........| ok p=1
Q61:	|........ ..11.... ........ ........| ok p=1
Q62:	|........ ..1-.... ........ ........| ok p=1
Q63:	|........ ..-+.... ........ ........| ok p=1
Q64:	|........ ...-.... .....+.. ........|
Saving 500000 paths...done.
Autobalance parameters: maxcond=120
Verified: 0 bad out of 731934
Estimating maxcond for upper bound 2000000 (=500000 * 4)...
t=16: 0%   10   20   30   40   50   60   70   80   90   100%
      |----|----|----|----|----|----|----|----|----|----|
e     ***************************************************
Found maxcond = 133
t=16: 0%   10   20   30   40   50   60   70   80   90   100%
      |----|----|----|----|----|----|----|----|----|----|
      ***************************************************
Q13:	|.....+.. ..+...-. .+.-..+. ..+.+.-.|
Q14:	|.-.-.+.. .-1...0. ...1.-1. ..+.....|
Q15:	|...-.1.. .0-...1. .-.+.++. 0.+.....|
Q16:	|.^.0.-.. 0+..0.+. .-...-.. 1.-.0...| ok p=1
Q17:	|...1.0.. 1.^.1... .1.^.1^. +.+.1...| ok p=0.617188
Q18:	|0....0.. -^..-.^. .+...1.. ..-.+...| ok p=0.878906
Q19:	|0....+.. ........ .+.0.-.. ^.-....0| ok p=0.520508
Q20:	|+..0...0 ^...^... .001...0 ..1.^..1| ok p=0.34668
Q21:	|0..1.^.1 ....0... .11+.^.1 ..^....+| ok p=0.484375
Q22:	|1..-...+ ....1... ..-....- ........| ok p=0.435547
Q23:	|........ ....-.0. ...^.... ..0....^| ok p=0.486328
Q24:	|...^...^ .0....1. ..^....^ ..1...0.| ok p=1
Q25:	|........ ....^.+. ........ ..+...1.| ok p=0.946289
Q26:	|........ 0-...... .....0.. ......+.| ok p=1
Q27:	|........ 1-....^. .....1.. ..^.....| ok p=1
Q28:	|........ -+...... .....-.. ......^.| ok p=0.999023
Q29:	|........ .0...... .....0.. ........| ok p=1
Q30:	|........ ^1...... .....+.. ........| ok p=1
Q31:	|........ ........ .....+.. ........| ok p=1
Q32:	|........ ........ ........ ........| ok p=1
Q33:	|........ ........ .....!.. ........| ok p=1
Q34:	|........ ........ ........ ........| ok p=1
Q35:	|........ ........ ........ ........| ok p=1
Q36:	|........ ........ ........ ........| ok p=1
Q37:	|........ ........ ........ ........| ok p=1
Q38:	|........ ........ ........ ........| ok p=1
Q39:	|........ ........ ........ ........| ok p=1
Q40:	|........ ........ ........ ........| ok p=1
Q41:	|........ ........ ........ ........| ok p=1
Q42:	|........ ........ ........ ........| ok p=1
Q43:	|........ ........ ........ ........| ok p=1
Q44:	|........ ........ ........ ........| ok p=1
Q45:	|........ ........ ........ ........| ok p=1
Q46:	|........ ........ ........ ........| ok p=1
Q47:	|........ ........ ........ ........| ok p=1
Q48:	|........ ........ ........ ........| ok p=1
Q49:	|........ ........ ........ ........| ok p=1
Q50:	|........ ........ ........ ........| ok p=1
Q51:	|........ ........ ........ ........| ok p=1
Q52:	|........ ........ ........ ........| ok p=1
Q53:	|........ ........ ........ ........| ok p=1
Q54:	|........ ........ ........ ........| ok p=1
Q55:	|........ ........ ........ ........| ok p=1
Q56:	|........ ........ ........ ........| ok p=1
Q57:	|........ ........ ........ ........| ok p=1
Q58:	|........ ........ ........ ........| ok p=1
Q59:	|........ ........ ........ ........| ok p=1
Q60:	|........ ...0.... ........ ........| ok p=1
Q61:	|........ ..11.... ........ ........| ok p=0.999023
Q62:	|........ ..1-.... ........ ........| ok p=1
Q63:	|........ ..-+.... ........ ........| ok p=1
Q64:	|........ ...-.... .....+.. ........|
Saving 500000 paths...done.
Autobalance parameters: maxcond=132
Verified: 0 bad out of 883458
Runtime: 35.0249
