Connect MD5 differential paths
Copyright (C) 2009 Marc Stevens
http://homepages.cwi.nl/~stevens/

delta_m[11] = [!-10!]
Loading workdir4/paths16_0of1.bin.gz...done: 500000.
Loading workdir4/paths11_0of1.bin.gz...done: 500000.
t=12: 0%   10   20   30   40   50   60   70   80   90   100%
      |----|----|----|----|----|----|----|----|----|----|
      *Q-3:	|11010100 01011001 11011011 10110101|
Q-2:	|001----- 110+0101 -1010000 010000+1|
Q-1:	|1-+111+- 100+1100 -0101111 111100+1|
Q0:	|1-+00101 00+0-0++ +10+++01 1-+0+--0| ok p=0.499023
Q1:	|.++..+10 -.--+.+1 0-.-1-.. ++1.--1.| ok p=0.397461
Q2:	|.11.^1.. 0.+-+..1 -0.--1.^ ++1.1.-.| ok p=1
Q3:	|.10.-1.. 1.11..0. 11.-+-1- .-..11+.| ok p=1
Q4:	|!+-.1... 1.1000.. 0...1101 011...+.| ok p=1
Q5:	|!-0.+.^. +..+.0.. ...01--1 .+0.....| ok p=1
Q6:	|!+1.1.-. 1..0.-.. ....01-0 0+....0.| ok p=1
Q7:	|.+-0-^0. -..1.+.. !....1.- 1+......| ok p=1
Q8:	|.1-1+.1. 1.1..+.. ......00 --1.....| ok p=1
Q9:	|.1.-1..1 1.0..0.. .......1 --0.....| ok p=1
Q10:	|010-01.1 ..-10+01 00.1!1.+ 1--.^111| ok p=1
Q11:	|001-00^- 0.+01+00 10^1^0^0 00-1+001| ok p=1
Q12:	|-+----++ 1.1++1++ -------0 -++00+++| ok p=1
Q13:	|011+1+00 +^--+++- --0-101- 1-0--+--| ok p=1
Q14:	|1-1-0111 1-00.1-1 .01100-1 01+11.11| ok p=1
Q15:	|.0.-01.. 00-11110 1-.+.++1 -0+00010| ok p=0.466797
Q16:	|.0.1.-.. 0+..0.+. .-...-1. -.-.0...| ok p=0.946289
Q17:	|...1.+.. 1.^.1... .1.^.10. +.1.1...| ok p=0.805664
Q18:	|0....1.. -^..-.^. .+...1.. 0.-.+...| ok p=0.885742
Q19:	|0....+.. ........ .+.0.-.. 1.-....0| ok p=0.526367
Q20:	|+..0...0 ^...^... .001...0 ..0.^..1| ok p=0.352539
Q21:	|0..1.^.1 ....0... .11+.^.1 ..0....+| ok p=0.415039
Q22:	|1..-...+ ....1... ..-....- ........| ok p=0.455078
Q23:	|........ ....-.0. ...^.... ..0....^| ok p=0.524414
Q24:	|...^...^ .0....1. ..^....^ ..1...0.| ok p=1
Q25:	|........ ....^.+. ........ ..+...1.| ok p=0.93457
Q26:	|........ 0-...... .....0.. ......+.| ok p=1
Q27:	|........ 1-....^. .....1.. ..^.....| ok p=0.998047
Q28:	|........ -+...... .....-.. ......^.| ok p=0.99707
Q29:	|........ .0...... .....0.. ........| ok p=1
Q30:	|........ ^1...... .....+.. ........| ok p=1
Q31:	|........ ........ .....+.. ........| ok p=0.998047
Q32:	|........ ........ ........ ........| ok p=1
Q33:	|........ ........ .....!.. ........| ok p=1
Q34:	|........ ........ ........ ........| ok p=1
Q35:	|........ ........ ........ ........| ok p=1
Q36:	|........ ........ ........ ........| ok p=1
Q37:	|........ ........ ........ ........| ok p=1
Q38:	|........ ........ ........ ........| ok p=1
Q39:	|........ ........ ........ ........| ok p=1
Q40:	|........ ........ ........ ........| ok p=1
Q41:	|........ ........ ........ ........| ok p=1
Q42:	|........ ........ ........ ........| ok p=1
Q43:	|........ ........ ........ ........| ok p=1
Q44:	|........ ........ ........ ........| ok p=1
Q45:	|........ ........ ........ ........| ok p=1
Q46:	|........ ........ ........ ........| ok p=1
Q47:	|........ ........ ........ ........| ok p=1
Q48:	|........ ........ ........ ........| ok p=1
Q49:	|........ ........ ........ ........| ok p=1
Q50:	|........ ........ ........ ........| ok p=1
Q51:	|........ ........ ........ ........| ok p=1
Q52:	|........ ........ ........ ........| ok p=1
Q53:	|........ ........ ........ ........| ok p=1
Q54:	|........ ........ ........ ........| ok p=1
Q55:	|........ ........ ........ ........| ok p=1
Q56:	|........ ........ ........ ........| ok p=1
Q57:	|........ ........ ........ ........| ok p=1
Q58:	|........ ........ ........ ........| ok p=1
Q59:	|........ ........ ........ ........| ok p=1
Q60:	|........ ...0.... ........ ........| ok p=1
Q61:	|........ ..11.... ........ ........| ok p=1
Q62:	|........ ..1-.... ........ ........| ok p=1
Q63:	|........ ..-+.... ........ ........| ok p=1
Q64:	|........ ...-.... .....+.. ........|
Best path: totcompl=-31 tottunnel=31, totcond=570, p=0.000948915
Q-3:	|11010100 01011001 11011011 10110101|
Q-2:	|001----- 110+0101 -1010000 010000+1|
Q-1:	|1-+111+- 100+1100 -0101111 111100+1|
Q0:	|1-+00101 00+0-0++ +10+++01 1-+0+--0| ok p=0.478516
Q1:	|.++..+10 -.--+.+1 0-.-1-.. ++1.--1.| ok p=0.381836
Q2:	|.11.^1.. 0.+-+..1 -0.--1.^ ++1.1.-.| ok p=1
Q3:	|.10.-1.. 1.11..0. 11.-+-1- .-..11+.| ok p=1
Q4:	|!+-.1... 1.1000.. 0...1101 011...+.| ok p=1
Q5:	|!-0.+.^. +..+.0.. ...01--1 .+0.....| ok p=1
Q6:	|!+111.-. 1..0.-.. ....01-0 0+....0.| ok p=1
Q7:	|.+-0-.0. -..1.+.. !....1.- 1+......| ok p=1
Q8:	|!.-1+.1. 1.1..+.. ......00 --1.....| ok p=1
Q9:	|.1.-1..1 1.0..0.. .....0.1 --0.....| ok p=1
Q10:	|010-01.1 ..-10+.0 00.1.1.+ 1--.^111| ok p=1
Q11:	|001-00^- 0.+01+01 10^1^0^0 00-1+001| ok p=1
Q12:	|-+----++ 1.1+++1- -------0 -++00+++| ok p=1
Q13:	|011+1+00 +^--+++- --0-101- 1-0--+--| ok p=1
Q14:	|1-1-0111 1-00..-. 001100-1 01+11.11| ok p=1
Q15:	|.0.-01.. 00-11110 1-.+.++1 -0+00010| ok p=0.460938
Q16:	|.0.1.-.. 0+..0.+. .-...-1. -.-.0...| ok p=0.93457
Q17:	|...1.+.. 1.^.1... .1.^.10. +.1.1...| ok p=0.807617
Q18:	|0....1.. -^..-.^. .+...1.. 0.-.+...| ok p=0.890625
Q19:	|0....+.. ........ .+.0.-.. 1.-....0| ok p=0.53418
Q20:	|+..0...0 ^...^... .001...0 ..0.^..1| ok p=0.355469
Q21:	|0..1.^.1 ....0... .11+.^.1 ..0....+| ok p=0.432617
Q22:	|1..-...+ ....1... ..-....- ........| ok p=0.469727
Q23:	|........ ....-.0. ...^.... ..0....^| ok p=0.485352
Q24:	|...^...^ .0....1. ..^....^ ..1...0.| ok p=1
Q25:	|........ ....^.+. ........ ..+...1.| ok p=0.949219
Q26:	|........ 0-...... .....0.. ......+.| ok p=1
Q27:	|........ 1-....^. .....1.. ..^.....| ok p=1
Q28:	|........ -+...... .....-.. ......^.| ok p=0.998047
Q29:	|........ .0...... .....0.. ........| ok p=1
Q30:	|........ ^1...... .....+.. ........| ok p=1
Q31:	|........ ........ .....+.. ........| ok p=0.999023
Q32:	|........ ........ ........ ........| ok p=1
Q33:	|........ ........ .....!.. ........| ok p=1
Q34:	|........ ........ ........ ........| ok p=1
Q35:	|........ ........ ........ ........| ok p=1
Q36:	|........ ........ ........ ........| ok p=1
Q37:	|........ ........ ........ ........| ok p=1
Q38:	|........ ........ ........ ........| ok p=1
Q39:	|........ ........ ........ ........| ok p=1
Q40:	|........ ........ ........ ........| ok p=1
Q41:	|........ ........ ........ ........| ok p=1
Q42:	|........ ........ ........ ........| ok p=1
Q43:	|........ ........ ........ ........| ok p=1
Q44:	|........ ........ ........ ........| ok p=1
Q45:	|........ ........ ........ ........| ok p=1
Q46:	|........ ........ ........ ........| ok p=1
Q47:	|........ ........ ........ ........| ok p=1
Q48:	|........ ........ ........ ........| ok p=1
Q49:	|........ ........ ........ ........| ok p=1
Q50:	|........ ........ ........ ........| ok p=1
Q51:	|........ ........ ........ ........| ok p=1
Q52:	|........ ........ ........ ........| ok p=1
Q53:	|........ ........ ........ ........| ok p=1
Q54:	|........ ........ ........ ........| ok p=1
Q55:	|........ ........ ........ ........| ok p=1
Q56:	|........ ........ ........ ........| ok p=1
Q57:	|........ ........ ........ ........| ok p=1
Q58:	|........ ........ ........ ........| ok p=1
Q59:	|........ ........ ........ ........| ok p=1
Q60:	|........ ...0.... ........ ........| ok p=1
Q61:	|........ ..11.... ........ ........| ok p=0.998047
Q62:	|........ ..1-.... ........ ........| ok p=1
Q63:	|........ ..-+.... ........ ........| ok p=1
Q64:	|........ ...-.... .....+.. ........|
Best path: totcompl=-27 tottunnel=35, totcond=568, p=0.00121458
Q-3:	|11010100 01011001 11011011 10110101|
Q-2:	|001----- 110+0101 -1010000 010000+1|
Q-1:	|1-+111+- 100+1100 -0101111 111100+1|
Q0:	|1-+00101 00+0-0++ +10+++01 1-+0+--0| ok p=0.517578
Q1:	|.++..+10 -.--+.+1 0-.-1-.. ++1.--1.| ok p=0.392578
Q2:	|.11.^1.. 0.+-+..1 -0.--1.^ ++1.1.-.| ok p=1
Q3:	|.10.-1.. 1.11..0. 11.-+-1- .-..11+.| ok p=1
Q4:	|!+-.1... 1.1000.. 0...1101 011...+.| ok p=1
Q5:	|!-0.+.^. +..+.0.. ...01--1 .+0.....| ok p=1
Q6:	|!+1.1.-. 1..0.-.. ....01-0 0+....0.| ok p=1
Q7:	|!+-0-.0. -..1.+.. !....1.- 1+......| ok p=1
Q8:	|!.-1+.1. 1.1..+.. ......00 --1.....| ok p=1
Q9:	|.1.-1..1 1.0..0.. .....0.1 --0.....| ok p=1
Q10:	|010-01.1 ..-.1+.0 00.1.1.+ 1--.^111| ok p=1
Q11:	|001-00^- 0.+^0+01 10^1^0^0 00-1+001| ok p=1
Q12:	|-+----++ 1.1+++1- -------0 -++00+++| ok p=1
Q13:	|011+1+00 +^-0-++- --0-101- 1-0--+--| ok p=1
Q14:	|1-1-0111 1-000.-. 001100-1 01+11.11| ok p=1
Q15:	|.00-.1.. 00-.1110 1-.+.++1 -0+00010| ok p=0.417969
Q16:	|.0.1.-.. 0+..0.+. .-...-1. -.-.0...| ok p=0.946289
Q17:	|...1.+.. 1.^.1... .1.^.10. +.1.1...| ok p=0.791992
Q18:	|0....1.. -^..-.^. .+...1.. 0.-.+...| ok p=0.884766
Q19:	|0....+.. ........ .+.0.-.. 1.-....0| ok p=0.515625
Q20:	|+..0...0 ^...^... .001...0 ..0.^..1| ok p=0.370117
Q21:	|0..1.^.1 ....0... .11+.^.1 ..0....+| ok p=0.4375
Q22:	|1..-...+ ....1... ..-....- ........| ok p=0.482422
Q23:	|........ ....-.0. ...^.... ..0....^| ok p=0.510742
Q24:	|...^...^ .0....1. ..^....^ ..1...0.| ok p=1
Q25:	|........ ....^.+. ........ ..+...1.| ok p=0.946289
Q26:	|........ 0-...... .....0.. ......+.| ok p=1
Q27:	|........ 1-....^. .....1.. ..^.....| ok p=1
Q28:	|........ -+...... .....-.. ......^.| ok p=0.998047
Q29:	|........ .0...... .....0.. ........| ok p=1
Q30:	|........ ^1...... .....+.. ........| ok p=1
Q31:	|........ ........ .....+.. ........| ok p=0.999023
Q32:	|........ ........ ........ ........| ok p=1
Q33:	|........ ........ .....!.. ........| ok p=1
Q34:	|........ ........ ........ ........| ok p=1
Q35:	|........ ........ ........ ........| ok p=1
Q36:	|........ ........ ........ ........| ok p=1
Q37:	|........ ........ ........ ........| ok p=1
Q38:	|........ ........ ........ ........| ok p=1
Q39:	|........ ........ ........ ........| ok p=1
Q40:	|........ ........ ........ ........| ok p=1
Q41:	|........ ........ ........ ........| ok p=1
Q42:	|........ ........ ........ ........| ok p=1
Q43:	|........ ........ ........ ........| ok p=1
Q44:	|........ ........ ........ ........| ok p=1
Q45:	|........ ........ ........ ........| ok p=1
Q46:	|........ ........ ........ ........| ok p=1
Q47:	|........ ........ ........ ........| ok p=1
Q48:	|........ ........ ........ ........| ok p=1
Q49:	|........ ........ ........ ........| ok p=1
Q50:	|........ ........ ........ ........| ok p=1
Q51:	|........ ........ ........ ........| ok p=1
Q52:	|........ ........ ........ ........| ok p=1
Q53:	|........ ........ ........ ........| ok p=1
Q54:	|........ ........ ........ ........| ok p=1
Q55:	|........ ........ ........ ........| ok p=1
Q56:	|........ ........ ........ ........| ok p=1
Q57:	|........ ........ ........ ........| ok p=1
Q58:	|........ ........ ........ ........| ok p=1
Q59:	|........ ........ ........ ........| ok p=1
Q60:	|........ ...0.... ........ ........| ok p=1
Q61:	|........ ..11.... ........ ........| ok p=1
Q62:	|........ ..1-.... ........ ........| ok p=1
Q63:	|........ ..-+.... ........ ........| ok p=1
Q64:	|........ ...-.... .....+.. ........|
Best path: totcompl=-27 tottunnel=35, totcond=567, p=0.00117962
Q-3:	|11010100 01011001 11011011 10110101|
Q-2:	|001----- 110+0101 -1010000 010000+1|
Q-1:	|1-+111+- 100+1100 -0101111 111100+1|
Q0:	|1-+00101 00+0-0++ +10+++01 1-+0+--0| ok p=0.478516
Q1:	|.++..+10 -.--+.+1 0-.-1-.. ++1.--1.| ok p=0.382812
Q2:	|.11.^1.. 0.+-+..1 -0.--1.^ ++1.1.-.| ok p=1
Q3:	|010.-1.. 1.11..0. 11.-+-0- .-..11+.| ok p=1
Q4:	|1+-.1... 1.100... 0...1111 011...+.| ok p=1
Q5:	|0-0.+..^ +..+.^.. ...1-0+1 .+0.....| ok p=1
Q6:	|1+1.1..- 0.00.-.. ....1.-. .+....1.| ok p=1
Q7:	|01+.-..1 +.1010.. .^..1.-. .+......| ok p=1
Q8:	|10+.+..+ 0.+000.. .-....+. .+......| ok p=1
Q9:	|-1000..- 1.+..-10 .0...1+. .+......| ok p=1
Q10:	|0+01001- 01010+10 111..00^ .-10....| ok p=1
Q11:	|+-0..110 000111++ 001.^10+ 0000.00.| ok p=1
Q12:	|--+1^-++ +++++++0 ---.---0 1-++.11^| ok p=1
Q13:	|0++0--+- --+-++01 +--10+1- --1-.-+-| ok p=1
Q14:	|0-.-01.1 1000..-. 00.01-11 0.+01011| ok p=1
Q15:	|101-0111 01-0001. 1-0+.++0 00+11101| ok p=0.496094
Q16:	|.0.1.-.. 0+..0.+. .-...-.. 1.-.-...| ok p=0.680664
Q17:	|...1.+.. 1.^.1... .1.^.1^. +.1.0...| ok p=0.69043
Q18:	|0....1.. -^..-.^. .+...1.. ..-.+...| ok p=0.888672
Q19:	|0....+.. ........ .+.0.-.. ^.-....0| ok p=0.519531
Q20:	|+..0...0 ^...^... .001...0 ..0.^..1| ok p=0.333984
Q21:	|0..1.^.1 ....0... .11+.^.1 ..0....+| ok p=0.424805
Q22:	|1..-...+ ....1... ..-....- ........| ok p=0.446289
Q23:	|........ ....-.0. ...^.... ..0....^| ok p=0.493164
Q24:	|...^...^ .0....1. ..^....^ ..1...0.| ok p=1
Q25:	|........ ....^.+. ........ ..+...1.| ok p=0.947266
Q26:	|........ 0-...... .....0.. ......+.| ok p=1
Q27:	|........ 1-....^. .....1.. ..^.....| ok p=1
Q28:	|........ -+...... .....-.. ......^.| ok p=1
Q29:	|........ .0...... .....0.. ........| ok p=1
Q30:	|........ ^1...... .....+.. ........| ok p=1
Q31:	|........ ........ .....+.. ........| ok p=0.99707
Q32:	|........ ........ ........ ........| ok p=1
Q33:	|........ ........ .....!.. ........| ok p=1
Q34:	|........ ........ ........ ........| ok p=1
Q35:	|........ ........ ........ ........| ok p=1
Q36:	|........ ........ ........ ........| ok p=1
Q37:	|........ ........ ........ ........| ok p=1
Q38:	|........ ........ ........ ........| ok p=1
Q39:	|........ ........ ........ ........| ok p=1
Q40:	|........ ........ ........ ........| ok p=1
Q41:	|........ ........ ........ ........| ok p=1
Q42:	|........ ........ ........ ........| ok p=1
Q43:	|........ ........ ........ ........| ok p=1
Q44:	|........ ........ ........ ........| ok p=1
Q45:	|........ ........ ........ ........| ok p=1
Q46:	|........ ........ ........ ........| ok p=1
Q47:	|........ ........ ........ ........| ok p=1
Q48:	|........ ........ ........ ........| ok p=1
Q49:	|........ ........ ........ ........| ok p=1
Q50:	|........ ........ ........ ........| ok p=1
Q51:	|........ ........ ........ ........| ok p=1
Q52:	|........ ........ ........ ........| ok p=1
Q53:	|........ ........ ........ ........| ok p=1
Q54:	|........ ........ ........ ........| ok p=1
Q55:	|........ ........ ........ ........| ok p=1
Q56:	|........ ........ ........ ........| ok p=1
Q57:	|........ ........ ........ ........| ok p=1
Q58:	|........ ........ ........ ........| ok p=1
Q59:	|........ ........ ........ ........| ok p=1
Q60:	|........ ...0.... ........ ........| ok p=1
Q61:	|........ ..11.... ........ ........| ok p=1
Q62:	|........ ..1-.... ........ ........| ok p=1
Q63:	|........ ..-+.... ........ ........| ok p=1
Q64:	|........ ...-.... .....+.. ........|
Best path: totcompl=-27 tottunnel=35, totcond=563, p=0.000675057
Best paths: 2
Q-3:	|11010100 01011001 11011011 10110101|
Q-2:	|001----- 110+0101 -1010000 010000+1|
Q-1:	|1-+111+- 100+1100 -0101111 111100+1|
Q0:	|1-+00101 00+0-0++ +10+++01 1-+0+--0| ok p=0.496094
Q1:	|.++..+10 -.--+.+1 0-.-1-.. ++1.--1.| ok p=0.380859
Q2:	|.11.^1.. 0.+-+..1 -0.--1.^ ++1.1.-.| ok p=1
Q3:	|010.-1.. 1.11..0. 11.-+-0- .-..11+.| ok p=1
Q4:	|1+-.1... 1.100... 0...1111 011...+.| ok p=1
Q5:	|0-0.+..^ +..+.^.. ...1-0+1 .+0.....| ok p=1
Q6:	|1+1.1..- 0.00.-.. ....1.-. .+....1.| ok p=1
Q7:	|01+.-..1 +.1010.. .^..1.-. .+......| ok p=1
Q8:	|10+.+..+ 0.+000.. .-....+. .+......| ok p=1
Q9:	|-1000..- 1.+..-10 .0...1+. .+......| ok p=1
Q10:	|0+01001- 01010+10 111..00^ .-10....| ok p=1
Q11:	|+-0..110 000111++ 001.^10+ 0000..1.| ok p=1
Q12:	|--+1^-++ +++++++0 ---.---0 1-++.^0^| ok p=1
Q13:	|0++0--+- --+-++01 +--10+1- --1-.-+-| ok p=1
Q14:	|0-.-01.1 1000..-. 00.01-11 0.+01011| ok p=1
Q15:	|101-0111 01-0001. 1-0+.++0 00+11101| ok p=0.499023
Q16:	|.0.1.-.. 0+..0.+. .-...-.. 1.-.-...| ok p=0.669922
Q17:	|...1.+.. 1.^.1... .1.^.1^. +.1.0...| ok p=0.668945
Q18:	|0....1.. -^..-.^. .+...1.. ..-.+...| ok p=0.914062
Q19:	|0....+.. ........ .+.0.-.. ^.-....0| ok p=0.530273
Q20:	|+..0...0 ^...^... .001...0 ..0.^..1| ok p=0.34668
Q21:	|0..1.^.1 ....0... .11+.^.1 ..0....+| ok p=0.439453
Q22:	|1..-...+ ....1... ..-....- ........| ok p=0.458984
Q23:	|........ ....-.0. ...^.... ..0....^| ok p=0.517578
Q24:	|...^...^ .0....1. ..^....^ ..1...0.| ok p=1
Q25:	|........ ....^.+. ........ ..+...1.| ok p=0.947266
Q26:	|........ 0-...... .....0.. ......+.| ok p=1
Q27:	|........ 1-....^. .....1.. ..^.....| ok p=0.999023
Q28:	|........ -+...... .....-.. ......^.| ok p=0.998047
Q29:	|........ .0...... .....0.. ........| ok p=1
Q30:	|........ ^1...... .....+.. ........| ok p=1
Q31:	|........ ........ .....+.. ........| ok p=1
Q32:	|........ ........ ........ ........| ok p=1
Q33:	|........ ........ .....!.. ........| ok p=1
Q34:	|........ ........ ........ ........| ok p=1
Q35:	|........ ........ ........ ........| ok p=1
Q36:	|........ ........ ........ ........| ok p=1
Q37:	|........ ........ ........ ........| ok p=1
Q38:	|........ ........ ........ ........| ok p=1
Q39:	|........ ........ ........ ........| ok p=1
Q40:	|........ ........ ........ ........| ok p=1
Q41:	|........ ........ ........ ........| ok p=1
Q42:	|........ ........ ........ ........| ok p=1
Q43:	|........ ........ ........ ........| ok p=1
Q44:	|........ ........ ........ ........| ok p=1
Q45:	|........ ........ ........ ........| ok p=1
Q46:	|........ ........ ........ ........| ok p=1
Q47:	|........ ........ ........ ........| ok p=1
Q48:	|........ ........ ........ ........| ok p=1
Q49:	|........ ........ ........ ........| ok p=1
Q50:	|........ ........ ........ ........| ok p=1
Q51:	|........ ........ ........ ........| ok p=1
Q52:	|........ ........ ........ ........| ok p=1
Q53:	|........ ........ ........ ........| ok p=1
Q54:	|........ ........ ........ ........| ok p=1
Q55:	|........ ........ ........ ........| ok p=1
Q56:	|........ ........ ........ ........| ok p=1
Q57:	|........ ........ ........ ........| ok p=1
Q58:	|........ ........ ........ ........| ok p=1
Q59:	|........ ........ ........ ........| ok p=1
Q60:	|........ ...0.... ........ ........| ok p=1
Q61:	|........ ..11.... ........ ........| ok p=1
Q62:	|........ ..1-.... ........ ........| ok p=1
Q63:	|........ ..-+.... ........ ........| ok p=1
Q64:	|........ ...-.... .....+.. ........|
Best path: totcompl=-27 tottunnel=35, totcond=562, p=0.00064385
Best paths: 2
Q-3:	|11010100 01011001 11011011 10110101|
Q-2:	|001----- 110+0101 -1010000 010000+1|
Q-1:	|1-+111+- 100+1100 -0101111 111100+1|
Q0:	|1-+00101 00+0-0++ +10+++01 1-+0+--0| ok p=0.511719
Q1:	|.++..+10 -.--+.+1 0-.-1-.. ++1.--1.| ok p=0.395508
Q2:	|.11.^1.. 0.+-+..1 -0.--1.^ ++1.1.-.| ok p=1
Q3:	|110.-1.. 1.11..0. 11.-+-0- .-..11+.| ok p=1
Q4:	|0+-.1... 1.100... 0...1111 011...+.| ok p=1
Q5:	|1-0.+..^ +..+.^.. ...1-0+1 .+0.....| ok p=1
Q6:	|0+1.1..- 0.00.-.. ....1.-. .+....1.| ok p=1
Q7:	|11+.-..1 +.1010.. .^..1.-. .+......| ok p=1
Q8:	|00+.+..+ 0.+000.. .-....+. .+......| ok p=1
Q9:	|+1..0..- 1.+..-10 .0...1+. .+......| ok p=1
Q10:	|0+0.001- 01010+10 111..00^ .-10....| ok p=1
Q11:	|--0..110 000111++ 001.^10+ 0000.00.| ok p=1
Q12:	|+-+1^-++ +++++++0 ---.---0 1-++.11^| ok p=1
Q13:	|0++0--+- --+-++01 +--10+1- --1-.-+-| ok p=1
Q14:	|0-.-01.1 1000..-. 00.01-11 0.+01011| ok p=1
Q15:	|101-0111 01-0001. 1-0+.++0 00+11101| ok p=0.469727
Q16:	|.0.1.-.. 0+..0.+. .-...-.. 1.-.-...| ok p=0.666016
Q17:	|...1.+.. 1.^.1... .1.^.1^. +.1.0...| ok p=0.647461
Q18:	|0....1.. -^..-.^. .+...1.. ..-.+...| ok p=0.902344
Q19:	|0....+.. ........ .+.0.-.. ^.-....0| ok p=0.551758
Q20:	|+..0...0 ^...^... .001...0 ..0.^..1| ok p=0.355469
Q21:	|0..1.^.1 ....0... .11+.^.1 ..0....+| ok p=0.44043
Q22:	|1..-...+ ....1... ..-....- ........| ok p=0.452148
Q23:	|........ ....-.0. ...^.... ..0....^| ok p=0.526367
Q24:	|...^...^ .0....1. ..^....^ ..1...0.| ok p=1
Q25:	|........ ....^.+. ........ ..+...1.| ok p=0.933594
Q26:	|........ 0-...... .....0.. ......+.| ok p=1
Q27:	|........ 1-....^. .....1.. ..^.....| ok p=0.999023
Q28:	|........ -+...... .....-.. ......^.| ok p=1
Q29:	|........ .0...... .....0.. ........| ok p=1
Q30:	|........ ^1...... .....+.. ........| ok p=1
Q31:	|........ ........ .....+.. ........| ok p=0.999023
Q32:	|........ ........ ........ ........| ok p=1
Q33:	|........ ........ .....!.. ........| ok p=1
Q34:	|........ ........ ........ ........| ok p=1
Q35:	|........ ........ ........ ........| ok p=1
Q36:	|........ ........ ........ ........| ok p=1
Q37:	|........ ........ ........ ........| ok p=1
Q38:	|........ ........ ........ ........| ok p=1
Q39:	|........ ........ ........ ........| ok p=1
Q40:	|........ ........ ........ ........| ok p=1
Q41:	|........ ........ ........ ........| ok p=1
Q42:	|........ ........ ........ ........| ok p=1
Q43:	|........ ........ ........ ........| ok p=1
Q44:	|........ ........ ........ ........| ok p=1
Q45:	|........ ........ ........ ........| ok p=1
Q46:	|........ ........ ........ ........| ok p=1
Q47:	|........ ........ ........ ........| ok p=1
Q48:	|........ ........ ........ ........| ok p=1
Q49:	|........ ........ ........ ........| ok p=1
Q50:	|........ ........ ........ ........| ok p=1
Q51:	|........ ........ ........ ........| ok p=1
Q52:	|........ ........ ........ ........| ok p=1
Q53:	|........ ........ ........ ........| ok p=1
Q54:	|........ ........ ........ ........| ok p=1
Q55:	|........ ........ ........ ........| ok p=1
Q56:	|........ ........ ........ ........| ok p=1
Q57:	|........ ........ ........ ........| ok p=1
Q58:	|........ ........ ........ ........| ok p=1
Q59:	|........ ........ ........ ........| ok p=1
Q60:	|........ ...0.... ........ ........| ok p=1
Q61:	|........ ..11.... ........ ........| ok p=0.999023
Q62:	|........ ..1-.... ........ ........| ok p=1
Q63:	|........ ..-+.... ........ ........| ok p=1
Q64:	|........ ...-.... .....+.. ........|
Best path: totcompl=-26 tottunnel=36, totcond=560, p=0.00065959
Best paths: 2
Q-3:	|11010100 01011001 11011011 10110101|
Q-2:	|001----- 110+0101 -1010000 010000+1|
Q-1:	|1-+111+- 100+1100 -0101111 111100+1|
Q0:	|1-+00101 00+0-0++ +10+++01 1-+0+--0| ok p=0.515625
Q1:	|.++..+10 -.--+.+1 0-.-1-.. ++1.--1.| ok p=0.410156
Q2:	|.11.^1.. 0.+-+..1 -0.--1.^ ++1.1.-.| ok p=1
Q3:	|110.-1.. 1.11..0. 11.-+-0- .-..11+.| ok p=1
Q4:	|0+-.1... 1.100... 0...1111 011...+.| ok p=1
Q5:	|1-0.+..^ +..+.^.. ...1-0+1 .+0.....| ok p=1
Q6:	|0+1.1..- 0.00.-.. ....1.-. .+....1.| ok p=1
Q7:	|11+.-..1 +.1010.. .^..1.-. .+......| ok p=1
Q8:	|00+.+..+ 0.+000.. .-....+. .+......| ok p=1
Q9:	|+1..0..- 1.+..-10 .0...1+. .+......| ok p=1
Q10:	|0+0.001- 01010+10 111..00^ .-10....| ok p=1
Q11:	|--0..110 000111++ 001.^10+ 0000..1.| ok p=1
Q12:	|+-+1^-++ +++++++0 ---.---0 1-++.^0^| ok p=1
Q13:	|0++0--+- --+-++01 +--10+1- --1-.-+-| ok p=1
Q14:	|0-.-01.1 1000..-. 00.01-11 0.+01011| ok p=1
Q15:	|101-0111 01-0001. 1-0+.++0 00+11101| ok p=0.498047
Q16:	|.0.1.-.. 0+..0.+. .-...-.. 1.-.-...| ok p=0.665039
Q17:	|...1.+.. 1.^.1... .1.^.1^. +.1.0...| ok p=0.667969
Q18:	|0....1.. -^..-.^. .+...1.. ..-.+...| ok p=0.899414
Q19:	|0....+.. ........ .+.0.-.. ^.-....0| ok p=0.527344
Q20:	|+..0...0 ^...^... .001...0 ..0.^..1| ok p=0.34082
Q21:	|0..1.^.1 ....0... .11+.^.1 ..0....+| ok p=0.442383
Q22:	|1..-...+ ....1... ..-....- ........| ok p=0.443359
Q23:	|........ ....-.0. ...^.... ..0....^| ok p=0.498047
Q24:	|...^...^ .0....1. ..^....^ ..1...0.| ok p=1
Q25:	|........ ....^.+. ........ ..+...1.| ok p=0.943359
Q26:	|........ 0-...... .....0.. ......+.| ok p=1
Q27:	|........ 1-....^. .....1.. ..^.....| ok p=0.99707
Q28:	|........ -+...... .....-.. ......^.| ok p=0.999023
Q29:	|........ .0...... .....0.. ........| ok p=1
Q30:	|........ ^1...... .....+.. ........| ok p=1
Q31:	|........ ........ .....+.. ........| ok p=1
Q32:	|........ ........ ........ ........| ok p=1
Q33:	|........ ........ .....!.. ........| ok p=1
Q34:	|........ ........ ........ ........| ok p=1
Q35:	|........ ........ ........ ........| ok p=1
Q36:	|........ ........ ........ ........| ok p=1
Q37:	|........ ........ ........ ........| ok p=1
Q38:	|........ ........ ........ ........| ok p=1
Q39:	|........ ........ ........ ........| ok p=1
Q40:	|........ ........ ........ ........| ok p=1
Q41:	|........ ........ ........ ........| ok p=1
Q42:	|........ ........ ........ ........| ok p=1
Q43:	|........ ........ ........ ........| ok p=1
Q44:	|........ ........ ........ ........| ok p=1
Q45:	|........ ........ ........ ........| ok p=1
Q46:	|........ ........ ........ ........| ok p=1
Q47:	|........ ........ ........ ........| ok p=1
Q48:	|........ ........ ........ ........| ok p=1
Q49:	|........ ........ ........ ........| ok p=1
Q50:	|........ ........ ........ ........| ok p=1
Q51:	|........ ........ ........ ........| ok p=1
Q52:	|........ ........ ........ ........| ok p=1
Q53:	|........ ........ ........ ........| ok p=1
Q54:	|........ ........ ........ ........| ok p=1
Q55:	|........ ........ ........ ........| ok p=1
Q56:	|........ ........ ........ ........| ok p=1
Q57:	|........ ........ ........ ........| ok p=1
Q58:	|........ ........ ........ ........| ok p=1
Q59:	|........ ........ ........ ........| ok p=1
Q60:	|........ ...0.... ........ ........| ok p=1
Q61:	|........ ..11.... ........ ........| ok p=0.999023
Q62:	|........ ..1-.... ........ ........| ok p=1
Q63:	|........ ..-+.... ........ ........| ok p=1
Q64:	|........ ...-.... .....+.. ........|
Best path: totcompl=-26 tottunnel=36, totcond=559, p=0.000539703
Best paths: 2
Best paths: 4
Q-3:	|11010100 01011001 11011011 10110101|
Q-2:	|001----- 110+0101 -1010000 010000+1|
Q-1:	|1-+111+- 100+1100 -0101111 111100+1|
Q0:	|1-+00101 00+0-0++ +10+++01 1-+0+--0| ok p=0.481445
Q1:	|.++..+10 -.--+.+1 0-.-1-.. ++1.--1.| ok p=0.267578
Q2:	|.10.^1.. 0.+-+..1 -0.--1.^ ++1.1.-.| ok p=1
Q3:	|.11.-1.. 1.1.0.0. 11.-+-.- .-..11+.| ok p=1
Q4:	|!.+.1... 1.01-... 0...01^1 011...+1| ok p=1
Q5:	|!.-.0.0. +...1^.. ...1-1+0 .+0....1| ok p=1
Q6:	|.^-!-.0. -...1-.. ....0-11 .-....1+| ok p=1
Q7:	|!-..0.+. -....0.. ....0-+- .-.....+| ok p=1
Q8:	|!10.1.+. 1....0.. ....1-1- 0-00...-| ok p=1
Q9:	|00...... 0....-.. ....0-0- 1010...1| ok p=1
Q10:	|1-10..01 -011.+00 1.1.--.. +01+.0.0| ok p=1
Q11:	|0-100100 -111.+10 1.0.1-00 +.0+.1^.| ok p=1
Q12:	|---+11++ +--+^++- -^-^0-11 +.1+^--^| ok p=1
Q13:	|+-0++-00 +-1-+++- --0----+ -!+.+01+| ok p=1
Q14:	|1-000+10 .-001.11 .1000-10 1.+10110| ok p=1
Q15:	|00.-11.. 00-11010 1-.+0++1 -.+.0..1| ok p=0.506836
Q16:	|.1.0.-.. 0+..0.+. .-...-.. -.-.0...| ok p=1
Q17:	|...1.0.. 1.^.1... .1.^.1^. +.1.1...| ok p=0.791016
Q18:	|0....0.. -^..-.^. .+...1.. 0.-.+...| ok p=0.894531
Q19:	|0....+.. ........ .+.0.-.. 1.-....0| ok p=0.560547
Q20:	|+..0...0 ^...^... .001...0 ..0.^..1| ok p=0.335938
Q21:	|0..1.^.1 ....0... .11+.^.1 ..0....+| ok p=0.448242
Q22:	|1..-...+ ....1... ..-....- ........| ok p=0.425781
Q23:	|........ ....-.0. ...^.... ..0....^| ok p=0.516602
Q24:	|...^...^ .0....1. ..^....^ ..1...0.| ok p=1
Q25:	|........ ....^.+. ........ ..+...1.| ok p=0.936523
Q26:	|........ 0-...... .....0.. ......+.| ok p=1
Q27:	|........ 1-....^. .....1.. ..^.....| ok p=0.999023
Q28:	|........ -+...... .....-.. ......^.| ok p=1
Q29:	|........ .0...... .....0.. ........| ok p=1
Q30:	|........ ^1...... .....+.. ........| ok p=1
Q31:	|........ ........ .....+.. ........| ok p=1
Q32:	|........ ........ ........ ........| ok p=1
Q33:	|........ ........ .....!.. ........| ok p=1
Q34:	|........ ........ ........ ........| ok p=1
Q35:	|........ ........ ........ ........| ok p=1
Q36:	|........ ........ ........ ........| ok p=1
Q37:	|........ ........ ........ ........| ok p=1
Q38:	|........ ........ ........ ........| ok p=1
Q39:	|........ ........ ........ ........| ok p=1
Q40:	|........ ........ ........ ........| ok p=1
Q41:	|........ ........ ........ ........| ok p=1
Q42:	|........ ........ ........ ........| ok p=1
Q43:	|........ ........ ........ ........| ok p=1
Q44:	|........ ........ ........ ........| ok p=1
Q45:	|........ ........ ........ ........| ok p=1
Q46:	|........ ........ ........ ........| ok p=1
Q47:	|........ ........ ........ ........| ok p=1
Q48:	|........ ........ ........ ........| ok p=1
Q49:	|........ ........ ........ ........| ok p=1
Q50:	|........ ........ ........ ........| ok p=1
Q51:	|........ ........ ........ ........| ok p=1
Q52:	|........ ........ ........ ........| ok p=1
Q53:	|........ ........ ........ ........| ok p=1
Q54:	|........ ........ ........ ........| ok p=1
Q55:	|........ ........ ........ ........| ok p=1
Q56:	|........ ........ ........ ........| ok p=1
Q57:	|........ ........ ........ ........| ok p=1
Q58:	|........ ........ ........ ........| ok p=1
Q59:	|........ ........ ........ ........| ok p=1
Q60:	|........ ...0.... ........ ........| ok p=1
Q61:	|........ ..11.... ........ ........| ok p=1
Q62:	|........ ..1-.... ........ ........| ok p=1
Q63:	|........ ..-+.... ........ ........| ok p=1
Q64:	|........ ...-.... .....+.. ........|
Best path: totcompl=-26 tottunnel=36, totcond=558, p=0.000714396
Q-3:	|11010100 01011001 11011011 10110101|
Q-2:	|001----- 110+0101 -1010000 010000+1|
Q-1:	|1-+111+- 100+1100 -0101111 111100+1|
Q0:	|1-+00101 00+0-0++ +10+++01 1-+0+--0| ok p=0.504883
Q1:	|.++..+10 -.--+.+1 0-.-1-.. ++1.--1.| ok p=0.266602
Q2:	|.10.^1.. 0.+-+..1 -0.--1.^ ++1.1.-.| ok p=1
Q3:	|.11.-1.. 1.1.0.0. 11.-+-.- .-..11+.| ok p=1
Q4:	|!.+.1... 1.01-... 0...01^1 011...+1| ok p=1
Q5:	|!.-.0.0. +...1^.. ...1-1+0 .+0....1| ok p=1
Q6:	|.^-!-.0. -...1-.. ....0-11 .-....1+| ok p=1
Q7:	|!-..0.+. -....0.. ....0-+- .-.....+| ok p=1
Q8:	|!10.1.+. 1....0.. ....1-1- 0-00...-| ok p=1
Q9:	|00...... 0....-.. ....0-0- 1010...1| ok p=1
Q10:	|1-01..01 -0.0.+00 1.1.--.1 +0.+.0.0| ok p=1
Q11:	|0-011100 -1.0.+10 1.0.1-00 +.0+.1^.| ok p=1
Q12:	|---+01++ +-!-^++- -^-^0-11 +.1+^--^| ok p=1
Q13:	|+-+1--00 +-1-+++- --0----+ -.+0+01+| ok p=1
Q14:	|1-000+10 .-0.1.1. 01000-10 1.+10110| ok p=1
Q15:	|001-11.. 00-11010 1-.+0++1 -.+.0..1| ok p=0.522461
Q16:	|.1.0.-.. 0+..0.+. .-...-.. -.-.0...| ok p=1
Q17:	|...1.0.. 1.^.1... .1.^.1^. +.1.1...| ok p=0.795898
Q18:	|0....0.. -^..-.^. .+...1.. 0.-.+...| ok p=0.901367
Q19:	|0....+.. ........ .+.0.-.. 1.-....0| ok p=0.561523
Q20:	|+..0...0 ^...^... .001...0 ..0.^..1| ok p=0.382812
Q21:	|0..1.^.1 ....0... .11+.^.1 ..0....+| ok p=0.428711
Q22:	|1..-...+ ....1... ..-....- ........| ok p=0.462891
Q23:	|........ ....-.0. ...^.... ..0....^| ok p=0.478516
Q24:	|...^...^ .0....1. ..^....^ ..1...0.| ok p=1
Q25:	|........ ....^.+. ........ ..+...1.| ok p=0.941406
Q26:	|........ 0-...... .....0.. ......+.| ok p=1
Q27:	|........ 1-....^. .....1.. ..^.....| ok p=0.999023
Q28:	|........ -+...... .....-.. ......^.| ok p=1
Q29:	|........ .0...... .....0.. ........| ok p=1
Q30:	|........ ^1...... .....+.. ........| ok p=1
Q31:	|........ ........ .....+.. ........| ok p=0.999023
Q32:	|........ ........ ........ ........| ok p=1
Q33:	|........ ........ .....!.. ........| ok p=1
Q34:	|........ ........ ........ ........| ok p=1
Q35:	|........ ........ ........ ........| ok p=1
Q36:	|........ ........ ........ ........| ok p=1
Q37:	|........ ........ ........ ........| ok p=1
Q38:	|........ ........ ........ ........| ok p=1
Q39:	|........ ........ ........ ........| ok p=1
Q40:	|........ ........ ........ ........| ok p=1
Q41:	|........ ........ ........ ........| ok p=1
Q42:	|........ ........ ........ ........| ok p=1
Q43:	|........ ........ ........ ........| ok p=1
Q44:	|........ ........ ........ ........| ok p=1
Q45:	|........ ........ ........ ........| ok p=1
Q46:	|........ ........ ........ ........| ok p=1
Q47:	|........ ........ ........ ........| ok p=1
Q48:	|........ ........ ........ ........| ok p=1
Q49:	|........ ........ ........ ........| ok p=1
Q50:	|........ ........ ........ ........| ok p=1
Q51:	|........ ........ ........ ........| ok p=1
Q52:	|........ ........ ........ ........| ok p=1
Q53:	|........ ........ ........ ........| ok p=1
Q54:	|........ ........ ........ ........| ok p=1
Q55:	|........ ........ ........ ........| ok p=1
Q56:	|........ ........ ........ ........| ok p=1
Q57:	|........ ........ ........ ........| ok p=1
Q58:	|........ ........ ........ ........| ok p=1
Q59:	|........ ........ ........ ........| ok p=1
Q60:	|........ ...0.... ........ ........| ok p=1
Q61:	|........ ..11.... ........ ........| ok p=1
Q62:	|........ ..1-.... ........ ........| ok p=1
Q63:	|........ ..-+.... ........ ........| ok p=1
Q64:	|........ ...-.... .....+.. ........|
Best path: totcompl=-26 tottunnel=36, totcond=556, p=0.000717341
Q-3:	|11010100 01011001 11011011 10110101|
Q-2:	|001----- 110+0101 -1010000 010000+1|
Q-1:	|1-+111+- 100+1100 -0101111 111100+1|
Q0:	|1-+00101 00+0-0++ +10+++01 1-+0+--0| ok p=0.50293
Q1:	|.++..+10 -.--+.+1 0-.-1-.. ++1.--1.| ok p=0.25293
Q2:	|.10.^1.. 0.+-+..1 -0.--1.^ ++1.1.-.| ok p=1
Q3:	|.11.-1.. 1.1.0.0. 11.-+-.- .-..11+.| ok p=1
Q4:	|!.+.1... 1.01-... 0...01^1 011...+1| ok p=1
Q5:	|!.-.0.0. +...1^.. ...1-1+0 .+0....1| ok p=1
Q6:	|!^-.-.0. -...1-.. ....0-11 .-....1+| ok p=1
Q7:	|!-..0.+. -....0.. ....0-+- .-.....+| ok p=1
Q8:	|!10.1.+. 1....0.. ....1-1- 0-00...-| ok p=1
Q9:	|00...... 0....-.. ....0-0- 1010...1| ok p=1
Q10:	|1-01..01 -0...+00 1.1.--1. +0.+.0.0| ok p=1
Q11:	|0-011100 -1.^.+10 1.0.1-00 +.0+.1^.| ok p=1
Q12:	|---+01++ +-!-^++- -^-^0-11 +.1+^--^| ok p=1
Q13:	|+-+1--00 +-11-++- --0----+ -.+0+01+| ok p=1
Q14:	|1-000+10 .-011.1. .1000-10 1.+10110| ok p=1
Q15:	|001-11.. 00-.1010 1-0+0++1 -.+.0..1| ok p=0.479492
Q16:	|.1.0.-.. 0+..0.+. .-...-.. -.-.0...| ok p=1
Q17:	|...1.0.. 1.^.1... .1.^.1^. +.1.1...| ok p=0.801758
Q18:	|0....0.. -^..-.^. .+...1.. 0.-.+...| ok p=0.881836
Q19:	|0....+.. ........ .+.0.-.. 1.-....0| ok p=0.520508
Q20:	|+..0...0 ^...^... .001...0 ..0.^..1| ok p=0.360352
Q21:	|0..1.^.1 ....0... .11+.^.1 ..0....+| ok p=0.446289
Q22:	|1..-...+ ....1... ..-....- ........| ok p=0.426758
Q23:	|........ ....-.0. ...^.... ..0....^| ok p=0.505859
Q24:	|...^...^ .0....1. ..^....^ ..1...0.| ok p=1
Q25:	|........ ....^.+. ........ ..+...1.| ok p=0.945312
Q26:	|........ 0-...... .....0.. ......+.| ok p=1
Q27:	|........ 1-....^. .....1.. ..^.....| ok p=0.998047
Q28:	|........ -+...... .....-.. ......^.| ok p=1
Q29:	|........ .0...... .....0.. ........| ok p=1
Q30:	|........ ^1...... .....+.. ........| ok p=1
Q31:	|........ ........ .....+.. ........| ok p=1
Q32:	|........ ........ ........ ........| ok p=1
Q33:	|........ ........ .....!.. ........| ok p=1
Q34:	|........ ........ ........ ........| ok p=1
Q35:	|........ ........ ........ ........| ok p=1
Q36:	|........ ........ ........ ........| ok p=1
Q37:	|........ ........ ........ ........| ok p=1
Q38:	|........ ........ ........ ........| ok p=1
Q39:	|........ ........ ........ ........| ok p=1
Q40:	|........ ........ ........ ........| ok p=1
Q41:	|........ ........ ........ ........| ok p=1
Q42:	|........ ........ ........ ........| ok p=1
Q43:	|........ ........ ........ ........| ok p=1
Q44:	|........ ........ ........ ........| ok p=1
Q45:	|........ ........ ........ ........| ok p=1
Q46:	|........ ........ ........ ........| ok p=1
Q47:	|........ ........ ........ ........| ok p=1
Q48:	|........ ........ ........ ........| ok p=1
Q49:	|........ ........ ........ ........| ok p=1
Q50:	|........ ........ ........ ........| ok p=1
Q51:	|........ ........ ........ ........| ok p=1
Q52:	|........ ........ ........ ........| ok p=1
Q53:	|........ ........ ........ ........| ok p=1
Q54:	|........ ........ ........ ........| ok p=1
Q55:	|........ ........ ........ ........| ok p=1
Q56:	|........ ........ ........ ........| ok p=1
Q57:	|........ ........ ........ ........| ok p=1
Q58:	|........ ........ ........ ........| ok p=1
Q59:	|........ ........ ........ ........| ok p=1
Q60:	|........ ...0.... ........ ........| ok p=1
Q61:	|........ ..11.... ........ ........| ok p=0.999023
Q62:	|........ ..1-.... ........ ........| ok p=1
Q63:	|........ ..-+.... ........ ........| ok p=1
Q64:	|........ ...-.... .....+.. ........|
Best path: totcompl=-26 tottunnel=36, totcond=555, p=0.000871313
Q-3:	|11010100 01011001 11011011 10110101|
Q-2:	|001----- 110+0101 -1010000 010000+1|
Q-1:	|1-+111+- 100+1100 -0101111 111100+1|
Q0:	|1-+00101 00+0-0++ +10+++01 1-+0+--0| ok p=0.500977
Q1:	|.++..+10 -.--+.+1 0-.-1-.. ++1.--1.| ok p=0.271484
Q2:	|.10.^1.. 0.+-+..1 -0.--1.^ ++1.1.-.| ok p=1
Q3:	|.11.-1.. 1.1.0.0. 11.-+-.- .-..11+.| ok p=1
Q4:	|.0+.1... 1.01-... 0...01^1 011...+1| ok p=1
Q5:	|!.-.0.0. +...1^.. ...1-1+0 .+0....1| ok p=1
Q6:	|!^-.-.0. -...1-.. ....0-11 .-....1+| ok p=1
Q7:	|!-..0.+. -....0.. ....0-+- .-.....+| ok p=1
Q8:	|!10.1.+. 1....0.. ....1-1- 0-10...-| ok p=1
Q9:	|10...... 0....-.. ....0-0- 1100...1| ok p=1
Q10:	|0-.0..01 -0.0.+00 1.1.--.1 +0.+.0.0| ok p=1
Q11:	|1-^00100 -1.0.+10 1.0.1-00 +.0+.1^.| ok p=1
Q12:	|---+11++ +-!-^++- -^-^0-11 +.1+^--^| ok p=1
Q13:	|--0++-00 +-1-+++- --0----+ -!+.+01+| ok p=0.503906
Q14:	|.-000+10 .-0.1.1. .1000-10 1.+10110| ok p=0.453125
Q15:	|00.-11.. 00-11010 1-.+0++1 -.+.0..1| ok p=0.490234
Q16:	|.1.0.-.. 0+..0.+. .-...-.. -.-.0...| ok p=1
Q17:	|...1.0.. 1.^.1... .1.^.1^. +.1.1...| ok p=0.817383
Q18:	|0....0.. -^..-.^. .+...1.. 0.-.+...| ok p=0.898438
Q19:	|0....+.. ........ .+.0.-.. 1.-....0| ok p=0.545898
Q20:	|+..0...0 ^...^... .001...0 ..0.^..1| ok p=0.381836
Q21:	|0..1.^.1 ....0... .11+.^.1 ..0....+| ok p=0.442383
Q22:	|1..-...+ ....1... ..-....- ........| ok p=0.459961
Q23:	|........ ....-.0. ...^.... ..0....^| ok p=0.491211
Q24:	|...^...^ .0....1. ..^....^ ..1...0.| ok p=1
Q25:	|........ ....^.+. ........ ..+...1.| ok p=0.948242
Q26:	|........ 0-...... .....0.. ......+.| ok p=1
Q27:	|........ 1-....^. .....1.. ..^.....| ok p=0.99707
Q28:	|........ -+...... .....-.. ......^.| ok p=1
Q29:	|........ .0...... .....0.. ........| ok p=1
Q30:	|........ ^1...... .....+.. ........| ok p=1
Q31:	|........ ........ .....+.. ........| ok p=1
Q32:	|........ ........ ........ ........| ok p=1
Q33:	|........ ........ .....!.. ........| ok p=1
Q34:	|........ ........ ........ ........| ok p=1
Q35:	|........ ........ ........ ........| ok p=1
Q36:	|........ ........ ........ ........| ok p=1
Q37:	|........ ........ ........ ........| ok p=1
Q38:	|........ ........ ........ ........| ok p=1
Q39:	|........ ........ ........ ........| ok p=1
Q40:	|........ ........ ........ ........| ok p=1
Q41:	|........ ........ ........ ........| ok p=1
Q42:	|........ ........ ........ ........| ok p=1
Q43:	|........ ........ ........ ........| ok p=1
Q44:	|........ ........ ........ ........| ok p=1
Q45:	|........ ........ ........ ........| ok p=1
Q46:	|........ ........ ........ ........| ok p=1
Q47:	|........ ........ ........ ........| ok p=1
Q48:	|........ ........ ........ ........| ok p=1
Q49:	|........ ........ ........ ........| ok p=1
Q50:	|........ ........ ........ ........| ok p=1
Q51:	|........ ........ ........ ........| ok p=1
Q52:	|........ ........ ........ ........| ok p=1
Q53:	|........ ........ ........ ........| ok p=1
Q54:	|........ ........ ........ ........| ok p=1
Q55:	|........ ........ ........ ........| ok p=1
Q56:	|........ ........ ........ ........| ok p=1
Q57:	|........ ........ ........ ........| ok p=1
Q58:	|........ ........ ........ ........| ok p=1
Q59:	|........ ........ ........ ........| ok p=1
Q60:	|........ ...0.... ........ ........| ok p=1
Q61:	|........ ..11.... ........ ........| ok p=1
Q62:	|........ ..1-.... ........ ........| ok p=1
Q63:	|........ ..-+.... ........ ........| ok p=1
Q64:	|........ ...-.... .....+.. ........|
Best path: totcompl=-26 tottunnel=36, totcond=552, p=0.000179388
Q-3:	|11010100 01011001 11011011 10110101|
Q-2:	|001----- 110+0101 -1010000 010000+1|
Q-1:	|1-+111+- 100+1100 -0101111 111100+1|
Q0:	|1-+00101 00+0-0++ +10+++01 1-+0+--0| ok p=0.485352
Q1:	|.++..+10 -.--+.+1 0-.-1-.. ++1.--1.| ok p=0.28418
Q2:	|.10.^1.. 0.+-+..1 -0.--1.^ ++1.1.-.| ok p=1
Q3:	|.11.-1.. 1.1.0.0. 11.-+-.- .-..11+.| ok p=1
Q4:	|.0+.1... 1.01-... 0...01^1 011...+1| ok p=1
Q5:	|!.-.0.0. +...1^.. ...1-1+0 .+0....1| ok p=1
Q6:	|.^-!-.0. -...1-.. ....0-11 .-....1+| ok p=1
Q7:	|!-..0.+. -....0.. ....0-+- .-.....+| ok p=1
Q8:	|!10.1.+. 1....0.. ....1-1- 0-00...-| ok p=1
Q9:	|10...... 0....-.. ....0-0- 1010...1| ok p=1
Q10:	|0-.0..01 -0.1.+00 1.1.--1. +0.+.0.0| ok p=1
Q11:	|1-^00100 -1.1.+10 1.0.1-00 +.0+.1^.| ok p=1
Q12:	|---+11++ +-.-^++- -^-^0-11 +.1+^--^| ok p=1
Q13:	|--0++-00 +-11-++- --0----+ -.+0+01+| ok p=0.506836
Q14:	|.-000+10 .-011.1. .1000-10 1.+10110| ok p=0.442383
Q15:	|00.-11.. 00-.1010 1-.+0++1 -.+.0..1| ok p=0.496094
Q16:	|.1.0.-.. 0+..0.+. .-...-.. -.-.0...| ok p=1
Q17:	|...1.0.. 1.^.1... .1.^.1^. +.1.1...| ok p=0.786133
Q18:	|0....0.. -^..-.^. .+...1.. 0.-.+...| ok p=0.869141
Q19:	|0....+.. ........ .+.0.-.. 1.-....0| ok p=0.544922
Q20:	|+..0...0 ^...^... .001...0 ..0.^..1| ok p=0.321289
Q21:	|0..1.^.1 ....0... .11+.^.1 ..0....+| ok p=0.416992
Q22:	|1..-...+ ....1... ..-....- ........| ok p=0.453125
Q23:	|........ ....-.0. ...^.... ..0....^| ok p=0.484375
Q24:	|...^...^ .0....1. ..^....^ ..1...0.| ok p=1
Q25:	|........ ....^.+. ........ ..+...1.| ok p=0.931641
Q26:	|........ 0-...... .....0.. ......+.| ok p=1
Q27:	|........ 1-....^. .....1.. ..^.....| ok p=0.998047
Q28:	|........ -+...... .....-.. ......^.| ok p=0.999023
Q29:	|........ .0...... .....0.. ........| ok p=1
Q30:	|........ ^1...... .....+.. ........| ok p=1
Q31:	|........ ........ .....+.. ........| ok p=1
Q32:	|........ ........ ........ ........| ok p=1
Q33:	|........ ........ .....!.. ........| ok p=1
Q34:	|........ ........ ........ ........| ok p=1
Q35:	|........ ........ ........ ........| ok p=1
Q36:	|........ ........ ........ ........| ok p=1
Q37:	|........ ........ ........ ........| ok p=1
Q38:	|........ ........ ........ ........| ok p=1
Q39:	|........ ........ ........ ........| ok p=1
Q40:	|........ ........ ........ ........| ok p=1
Q41:	|........ ........ ........ ........| ok p=1
Q42:	|........ ........ ........ ........| ok p=1
Q43:	|........ ........ ........ ........| ok p=1
Q44:	|........ ........ ........ ........| ok p=1
Q45:	|........ ........ ........ ........| ok p=1
Q46:	|........ ........ ........ ........| ok p=1
Q47:	|........ ........ ........ ........| ok p=1
Q48:	|........ ........ ........ ........| ok p=1
Q49:	|........ ........ ........ ........| ok p=1
Q50:	|........ ........ ........ ........| ok p=1
Q51:	|........ ........ ........ ........| ok p=1
Q52:	|........ ........ ........ ........| ok p=1
Q53:	|........ ........ ........ ........| ok p=1
Q54:	|........ ........ ........ ........| ok p=1
Q55:	|........ ........ ........ ........| ok p=1
Q56:	|........ ........ ........ ........| ok p=1
Q57:	|........ ........ ........ ........| ok p=1
Q58:	|........ ........ ........ ........| ok p=1
Q59:	|........ ........ ........ ........| ok p=1
Q60:	|........ ...0.... ........ ........| ok p=1
Q61:	|........ ..11.... ........ ........| ok p=1
Q62:	|........ ..1-.... ........ ........| ok p=1
Q63:	|........ ..-+.... ........ ........| ok p=1
Q64:	|........ ...-.... .....+.. ........|
Best path: totcompl=-25 tottunnel=37, totcond=551, p=0.00015476
******Q-3:	|11010100 01011001 11011011 10110101|
Q-2:	|001----- 110+0101 -1010000 010000+1|
Q-1:	|1-+111+- 100+1100 -0101111 111100+1|
Q0:	|1-+00101 00+0-0++ +10+++01 1-+0+--0| ok p=0.459961
Q1:	|.++..+10 -.--+.+1 0-.-1-.. ++1.--1.| ok p=0.382812
Q2:	|.11.^1.. 0.+-+..1 -0.--1.^ ++1.1.-.| ok p=1
Q3:	|.10.-1.. 1.11..0. 11.-+-1- .-..11+.| ok p=1
Q4:	|!+-.1... 1.100... 0...1101 011...+.| ok p=1
Q5:	|!-0.+..^ +..+.^.. ...11--1 .+0.....| ok p=1
Q6:	|!+111..- 0..0.-.. ....01-. 0+....1.| ok p=1
Q7:	|.+-0-..0 +..1.1.. .....1-. 1+......| ok p=0.999023
Q8:	|!--0+..+ 00...1.. ......-. --......| ok p=1
Q9:	|^+++1..+ 10...-.. ......-. --.!....| ok p=1
Q10:	|!+0-010+ -+.000.0 0.1.!.00 1-....1.| ok p=1
Q11:	|10+0+010 1-.11111 011..1+1 0-0...1.| ok p=1
Q12:	|0-110+++ ++.-++0+ -0-..01+ ++1^^^-^| ok p=1
Q13:	|--010+11 0+0101-- ---0.+-0 1--+--+-| ok p=1
Q14:	|0-0-.110 101110-1 .1.0!-11 -0+10011| ok p=1
Q15:	|10.-.1.. .1-...10 1-0+.+0+ +1+10011| ok p=0.541016
Q16:	|.1.0.-.. 0+..0.+. .-...-.. 0.-.0...| ok p=0.923828
Q17:	|...0.+.. 1.^.1... .1.^.1.^ +.1.1...| ok p=0.696289
Q18:	|0....1.. -^..-.^. .+...1.. ..-.+...| ok p=0.914062
Q19:	|0....+.. ........ .+.0.-.. ^.-....0| ok p=0.53418
Q20:	|+..0...0 ^...^... .001...0 ..0.^..1| ok p=0.365234
Q21:	|0..1.^.1 ....0... .11+.^.1 ..0....+| ok p=0.453125
Q22:	|1..-...+ ....1... ..-....- ........| ok p=0.446289
Q23:	|........ ....-.0. ...^.... ..0....^| ok p=0.5
Q24:	|...^...^ .0....1. ..^....^ ..1...0.| ok p=1
Q25:	|........ ....^.+. ........ ..+...1.| ok p=0.939453
Q26:	|........ 0-...... .....0.. ......+.| ok p=1
Q27:	|........ 1-....^. .....1.. ..^.....| ok p=1
Q28:	|........ -+...... .....-.. ......^.| ok p=0.998047
Q29:	|........ .0...... .....0.. ........| ok p=1
Q30:	|........ ^1...... .....+.. ........| ok p=1
Q31:	|........ ........ .....+.. ........| ok p=0.999023
Q32:	|........ ........ ........ ........| ok p=1
Q33:	|........ ........ .....!.. ........| ok p=1
Q34:	|........ ........ ........ ........| ok p=1
Q35:	|........ ........ ........ ........| ok p=1
Q36:	|........ ........ ........ ........| ok p=1
Q37:	|........ ........ ........ ........| ok p=1
Q38:	|........ ........ ........ ........| ok p=1
Q39:	|........ ........ ........ ........| ok p=1
Q40:	|........ ........ ........ ........| ok p=1
Q41:	|........ ........ ........ ........| ok p=1
Q42:	|........ ........ ........ ........| ok p=1
Q43:	|........ ........ ........ ........| ok p=1
Q44:	|........ ........ ........ ........| ok p=1
Q45:	|........ ........ ........ ........| ok p=1
Q46:	|........ ........ ........ ........| ok p=1
Q47:	|........ ........ ........ ........| ok p=1
Q48:	|........ ........ ........ ........| ok p=1
Q49:	|........ ........ ........ ........| ok p=1
Q50:	|........ ........ ........ ........| ok p=1
Q51:	|........ ........ ........ ........| ok p=1
Q52:	|........ ........ ........ ........| ok p=1
Q53:	|........ ........ ........ ........| ok p=1
Q54:	|........ ........ ........ ........| ok p=1
Q55:	|........ ........ ........ ........| ok p=1
Q56:	|........ ........ ........ ........| ok p=1
Q57:	|........ ........ ........ ........| ok p=1
Q58:	|........ ........ ........ ........| ok p=1
Q59:	|........ ........ ........ ........| ok p=1
Q60:	|........ ...0.... ........ ........| ok p=1
Q61:	|........ ..11.... ........ ........| ok p=1
Q62:	|........ ..1-.... ........ ........| ok p=1
Q63:	|........ ..-+.... ........ ........| ok p=1
Q64:	|........ ...-.... .....+.. ........|
Best path: totcompl=-24 tottunnel=38, totcond=550, p=0.000902727
Q-3:	|11010100 01011001 11011011 10110101|
Q-2:	|001----- 110+0101 -1010000 010000+1|
Q-1:	|1-+111+- 100+1100 -0101111 111100+1|
Q0:	|1-+00101 00+0-0++ +10+++01 1-+0+--0| ok p=0.519531
Q1:	|.++..+10 -.--+.+1 0-.-1-.. ++1.--1.| ok p=0.410156
Q2:	|.11.^1.. 0.+-+..1 -0.--1.^ ++1.1.-.| ok p=1
Q3:	|.10.-1.. 1.11..0. 11.-+-1- .-..11+.| ok p=1
Q4:	|!+-.1... 1.100... 0...1101 011...+.| ok p=1
Q5:	|!-0.+..^ +..+.^.. ...11--1 .+0.....| ok p=1
Q6:	|!+111..- 0..0.-.. ....01-. 0+....1.| ok p=1
Q7:	|.+-0-..0 +..1.1.. .....1-. 1+......| ok p=1
Q8:	|!--0+..+ 00...1.. ......-. --......| ok p=1
Q9:	|^+++1..+ 10...-.. ......-. --!.....| ok p=1
Q10:	|!+0-010+ -+.000.0 1.1..!00 1-....1.| ok p=1
Q11:	|10+0+010 1-.11111 101..1+1 0-0...1.| ok p=1
Q12:	|0-110+++ ++.-++0+ -1-..01+ ++1^^^-^| ok p=1
Q13:	|--010+11 0+0101-- ---0.+-0 1--+--+-| ok p=1
Q14:	|0-0-.110 101110-1 .1.0!-11 -0+10011| ok p=1
Q15:	|10.-.1.. .1-...10 1-0+.+0+ +1+10011| ok p=0.517578
Q16:	|.1.0.-.. 0+..0.+. .-...-.. 0.-.0...| ok p=0.936523
Q17:	|...0.+.. 1.^.1... .1.^.1.^ +.1.1...| ok p=0.706055
Q18:	|0....1.. -^..-.^. .+...1.. ..-.+...| ok p=0.901367
Q19:	|0....+.. ........ .+.0.-.. ^.-....0| ok p=0.508789
Q20:	|+..0...0 ^...^... .001...0 ..0.^..1| ok p=0.371094
Q21:	|0..1.^.1 ....0... .11+.^.1 ..0....+| ok p=0.464844
Q22:	|1..-...+ ....1... ..-....- ........| ok p=0.454102
Q23:	|........ ....-.0. ...^.... ..0....^| ok p=0.518555
Q24:	|...^...^ .0....1. ..^....^ ..1...0.| ok p=1
Q25:	|........ ....^.+. ........ ..+...1.| ok p=0.956055
Q26:	|........ 0-...... .....0.. ......+.| ok p=1
Q27:	|........ 1-....^. .....1.. ..^.....| ok p=0.998047
Q28:	|........ -+...... .....-.. ......^.| ok p=0.998047
Q29:	|........ .0...... .....0.. ........| ok p=1
Q30:	|........ ^1...... .....+.. ........| ok p=1
Q31:	|........ ........ .....+.. ........| ok p=0.998047
Q32:	|........ ........ ........ ........| ok p=1
Q33:	|........ ........ .....!.. ........| ok p=1
Q34:	|........ ........ ........ ........| ok p=1
Q35:	|........ ........ ........ ........| ok p=1
Q36:	|........ ........ ........ ........| ok p=1
Q37:	|........ ........ ........ ........| ok p=1
Q38:	|........ ........ ........ ........| ok p=1
Q39:	|........ ........ ........ ........| ok p=1
Q40:	|........ ........ ........ ........| ok p=1
Q41:	|........ ........ ........ ........| ok p=1
Q42:	|........ ........ ........ ........| ok p=1
Q43:	|........ ........ ........ ........| ok p=1
Q44:	|........ ........ ........ ........| ok p=1
Q45:	|........ ........ ........ ........| ok p=1
Q46:	|........ ........ ........ ........| ok p=1
Q47:	|........ ........ ........ ........| ok p=1
Q48:	|........ ........ ........ ........| ok p=1
Q49:	|........ ........ ........ ........| ok p=1
Q50:	|........ ........ ........ ........| ok p=1
Q51:	|........ ........ ........ ........| ok p=1
Q52:	|........ ........ ........ ........| ok p=1
Q53:	|........ ........ ........ ........| ok p=1
Q54:	|........ ........ ........ ........| ok p=1
Q55:	|........ ........ ........ ........| ok p=1
Q56:	|........ ........ ........ ........| ok p=1
Q57:	|........ ........ ........ ........| ok p=1
Q58:	|........ ........ ........ ........| ok p=1
Q59:	|........ ........ ........ ........| ok p=1
Q60:	|........ ...0.... ........ ........| ok p=1
Q61:	|........ ..11.... ........ ........| ok p=1
Q62:	|........ ..1-.... ........ ........| ok p=1
Q63:	|........ ..-+.... ........ ........| ok p=1
Q64:	|........ ...-.... .....+.. ........|
Best path: totcompl=-22 tottunnel=40, totcond=550, p=0.00109056
Q-3:	|11010100 01011001 11011011 10110101|
Q-2:	|001----- 110+0101 -1010000 010000+1|
Q-1:	|1-+111+- 100+1100 -0101111 111100+1|
Q0:	|1-+00101 00+0-0++ +10+++01 1-+0+--0| ok p=0.494141
Q1:	|.++..+10 -.--+.+1 0-.-1-.. ++1.--1.| ok p=0.37207
Q2:	|.11.^1.. 0.+-+..1 -0.--1.^ ++1.1.-.| ok p=1
Q3:	|.10.-1.. 1.11..0. 11.-+-1- .-..11+.| ok p=1
Q4:	|!+-.1... 1.100... 0...1101 011...+.| ok p=1
Q5:	|!-0.+..^ +..+.^.. ...11--1 .+0.....| ok p=1
Q6:	|!+111..- 0..0.-.. ....01-. 0+....1.| ok p=1
Q7:	|.+-0-..0 +..1.1.. .....1-. 1+......| ok p=1
Q8:	|!--0+..+ 00...1.. ......-. --......| ok p=1
Q9:	|^+++1..+ 10...-.. ......-1 --..!...| ok p=1
Q10:	|!+0-010+ -+..00.0 1.1...00 1-....1.| ok p=1
Q11:	|10+0+010 1-..1101 101..1+1 0-0...1.| ok p=1
Q12:	|0-110+++ ++..-+1+ -1-..01+ ++1^^^-^| ok p=1
Q13:	|--010+11 0+0.10-- ---0.+-0 1--+--+-| ok p=1
Q14:	|0-0-.110 101.11-0 .1.0!-11 -0+10011| ok p=1
Q15:	|10.-.1.. .1-...10 1-0+^+0+ +1+10011| ok p=0.529297
Q16:	|.1.0.-.. 0+..0.+. .-...-.. 0.-.0...| ok p=0.931641
Q17:	|...0.+.. 1.^.1... .1.^.1.^ +.1.1...| ok p=0.686523
Q18:	|0....1.. -^..-.^. .+...1.. ..-.+...| ok p=0.90918
Q19:	|0....+.. ........ .+.0.-.. ^.-....0| ok p=0.555664
Q20:	|+..0...0 ^...^... .001...0 ..0.^..1| ok p=0.391602
Q21:	|0..1.^.1 ....0... .11+.^.1 ..0....+| ok p=0.415039
Q22:	|1..-...+ ....1... ..-....- ........| ok p=0.454102
Q23:	|........ ....-.0. ...^.... ..0....^| ok p=0.508789
Q24:	|...^...^ .0....1. ..^....^ ..1...0.| ok p=1
Q25:	|........ ....^.+. ........ ..+...1.| ok p=0.939453
Q26:	|........ 0-...... .....0.. ......+.| ok p=1
Q27:	|........ 1-....^. .....1.. ..^.....| ok p=1
Q28:	|........ -+...... .....-.. ......^.| ok p=0.998047
Q29:	|........ .0...... .....0.. ........| ok p=1
Q30:	|........ ^1...... .....+.. ........| ok p=1
Q31:	|........ ........ .....+.. ........| ok p=1
Q32:	|........ ........ ........ ........| ok p=1
Q33:	|........ ........ .....!.. ........| ok p=1
Q34:	|........ ........ ........ ........| ok p=1
Q35:	|........ ........ ........ ........| ok p=1
Q36:	|........ ........ ........ ........| ok p=1
Q37:	|........ ........ ........ ........| ok p=1
Q38:	|........ ........ ........ ........| ok p=1
Q39:	|........ ........ ........ ........| ok p=1
Q40:	|........ ........ ........ ........| ok p=1
Q41:	|........ ........ ........ ........| ok p=1
Q42:	|........ ........ ........ ........| ok p=1
Q43:	|........ ........ ........ ........| ok p=1
Q44:	|........ ........ ........ ........| ok p=1
Q45:	|........ ........ ........ ........| ok p=1
Q46:	|........ ........ ........ ........| ok p=1
Q47:	|........ ........ ........ ........| ok p=1
Q48:	|........ ........ ........ ........| ok p=1
Q49:	|........ ........ ........ ........| ok p=1
Q50:	|........ ........ ........ ........| ok p=1
Q51:	|........ ........ ........ ........| ok p=1
Q52:	|........ ........ ........ ........| ok p=1
Q53:	|........ ........ ........ ........| ok p=1
Q54:	|........ ........ ........ ........| ok p=1
Q55:	|........ ........ ........ ........| ok p=1
Q56:	|........ ........ ........ ........| ok p=1
Q57:	|........ ........ ........ ........| ok p=1
Q58:	|........ ........ ........ ........| ok p=1
Q59:	|........ ........ ........ ........| ok p=1
Q60:	|........ ...0.... ........ ........| ok p=1
Q61:	|........ ..11.... ........ ........| ok p=0.999023
Q62:	|........ ..1-.... ........ ........| ok p=1
Q63:	|........ ..-+.... ........ ........| ok p=1
Q64:	|........ ...-.... .....+.. ........|
Best path: totcompl=-21 tottunnel=41, totcond=546, p=0.00111625
Q-3:	|11010100 01011001 11011011 10110101|
Q-2:	|001----- 110+0101 -1010000 010000+1|
Q-1:	|1-+111+- 100+1100 -0101111 111100+1|
Q0:	|1-+00101 00+0-0++ +10+++01 1-+0+--0| ok p=0.500977
Q1:	|.++..+10 -.--+.+1 0-.-1-.. ++1.--1.| ok p=0.368164
Q2:	|.11.^1.. 0.+-+..1 -0.--1.^ ++1.1.-.| ok p=1
Q3:	|.10.-1.. 1.11..0. 11.-+-1- .-..11+.| ok p=1
Q4:	|!+-.1... 1.100... 0...1101 011...+.| ok p=1
Q5:	|!-0.+..^ +..+.^.. ...11--1 .+0.....| ok p=1
Q6:	|!+111..- 0..0.-.. ....01-. 0+....1.| ok p=1
Q7:	|.+-0-..0 +..1.1.. .....1-. 1+......| ok p=1
Q8:	|!--0+..+ 00...1.. ......-. --......| ok p=1
Q9:	|^+++1..+ 10...-.. ......-. --!.....| ok p=1
Q10:	|!+0-010+ -+..00.0 1.1..!00 1-....1.| ok p=1
Q11:	|00+0+010 1-..1101 101..1+1 0-0...1.| ok p=1
Q12:	|1-110+++ ++..-+1+ -1-..01+ ++1^^^-^| ok p=1
Q13:	|+-010+11 0+0.10-- ---00+-0 1--+--+-| ok p=1
Q14:	|0-.-.110 101.11-0 .1.01-11 -0+10011| ok p=1
Q15:	|10.-.1.. .1-...10 1-0+.+0+ +1+10011| ok p=0.546875
Q16:	|.1.0.-.. 0+..0.+. .-...-.. 0.-.0...| ok p=0.930664
Q17:	|...0.+.. 1.^.1... .1.^.1.^ +.1.1...| ok p=0.723633
Q18:	|0....1.. -^..-.^. .+...1.. ..-.+...| ok p=0.90625
Q19:	|0....+.. ........ .+.0.-.. ^.-....0| ok p=0.533203
Q20:	|+..0...0 ^...^... .001...0 ..0.^..1| ok p=0.370117
Q21:	|0..1.^.1 ....0... .11+.^.1 ..0....+| ok p=0.40625
Q22:	|1..-...+ ....1... ..-....- ........| ok p=0.458008
Q23:	|........ ....-.0. ...^.... ..0....^| ok p=0.52832
Q24:	|...^...^ .0....1. ..^....^ ..1...0.| ok p=1
Q25:	|........ ....^.+. ........ ..+...1.| ok p=0.938477
Q26:	|........ 0-...... .....0.. ......+.| ok p=1
Q27:	|........ 1-....^. .....1.. ..^.....| ok p=0.999023
Q28:	|........ -+...... .....-.. ......^.| ok p=0.999023
Q29:	|........ .0...... .....0.. ........| ok p=1
Q30:	|........ ^1...... .....+.. ........| ok p=1
Q31:	|........ ........ .....+.. ........| ok p=0.999023
Q32:	|........ ........ ........ ........| ok p=1
Q33:	|........ ........ .....!.. ........| ok p=1
Q34:	|........ ........ ........ ........| ok p=1
Q35:	|........ ........ ........ ........| ok p=1
Q36:	|........ ........ ........ ........| ok p=1
Q37:	|........ ........ ........ ........| ok p=1
Q38:	|........ ........ ........ ........| ok p=1
Q39:	|........ ........ ........ ........| ok p=1
Q40:	|........ ........ ........ ........| ok p=1
Q41:	|........ ........ ........ ........| ok p=1
Q42:	|........ ........ ........ ........| ok p=1
Q43:	|........ ........ ........ ........| ok p=1
Q44:	|........ ........ ........ ........| ok p=1
Q45:	|........ ........ ........ ........| ok p=1
Q46:	|........ ........ ........ ........| ok p=1
Q47:	|........ ........ ........ ........| ok p=1
Q48:	|........ ........ ........ ........| ok p=1
Q49:	|........ ........ ........ ........| ok p=1
Q50:	|........ ........ ........ ........| ok p=1
Q51:	|........ ........ ........ ........| ok p=1
Q52:	|........ ........ ........ ........| ok p=1
Q53:	|........ ........ ........ ........| ok p=1
Q54:	|........ ........ ........ ........| ok p=1
Q55:	|........ ........ ........ ........| ok p=1
Q56:	|........ ........ ........ ........| ok p=1
Q57:	|........ ........ ........ ........| ok p=1
Q58:	|........ ........ ........ ........| ok p=1
Q59:	|........ ........ ........ ........| ok p=1
Q60:	|........ ...0.... ........ ........| ok p=1
Q61:	|........ ..11.... ........ ........| ok p=1
Q62:	|........ ..1-.... ........ ........| ok p=1
Q63:	|........ ..-+.... ........ ........| ok p=1
Q64:	|........ ...-.... .....+.. ........|
Best path: totcompl=-21 tottunnel=41, totcond=545, p=0.00107088
**********