Extend MD5 differential paths forward
Copyright (C) 2009 Marc Stevens
http://homepages.cwi.nl/~stevens/

delta_m[11] = [!-10!]
Loading workdir4/lowerpath.bin.gz...done: 1.
Estimating maxcond for upper bound 8000000 (=2000000 * 4)...
t=1:  0%   10   20   30   40   50   60   70   80   90   100%
      |----|----|----|----|----|----|----|----|----|----|
e     ***************************************************
Found maxcond = 2176
t=1:  0%   10   20   30   40   50   60   70   80   90   100%
      |----|----|----|----|----|----|----|----|----|----|
      ***************************************************
Q-3:	|11010100 01011001 11011011 10110101|
Q-2:	|001----- 110+0101 -1010000 010000+1|
Q-1:	|1-+111+- 100+1100 -0101111 111100+1|
Q0:	|1-+00101 00+0-0++ +10+++01 1-+0+--0| ok p=0.482422
Q1:	|.++...++ .+0++.+0 1-.-0-.. ++0.--0.| ok p=0.456055
Q2:	|........ -.+.-.-. -.+.+..+ .-...+.+|
Saving 227616 paths...done.
Autobalance parameters: maxcond=2176
Verified: 172896 bad out of 400512
Estimating maxcond for upper bound 8000000 (=2000000 * 4)...
t=2:  0%   10   20   30   40   50   60   70   80   90   100%
      |----|----|----|----|----|----|----|----|----|----|
e     **************************************************Found maxcond = 169
t=2:  0%   10   20   30   40   50   60   70   80   90   100%
      |----|----|----|----|----|----|----|----|----|----|
      **************************************************Q-3:	|11010100 01011001 11011011 10110101|
Q-2:	|001----- 110+0101 -1010000 010000+1|
Q-1:	|1-+111+- 100+1100 -0101111 111100+1|
Q0:	|1-+00101 00+0-0++ +10+++01 1-+0+--0| ok p=0.734375
Q1:	|--+..+10 -.-0-.+1 0-.-1-.. ++1.--0.| ok p=1
Q2:	|+....0.. 0.+.-..1 1-.--0.. ++1.0.-.| ok p=0.719727
Q3:	|+...+... ..+..+.. .+.-.-.- .-.+...+|
Saving 2000000 paths...done.
Autobalance parameters: maxcond=168
Verified: 331267 bad out of 2514381
Estimating maxcond for upper bound 8000000 (=2000000 * 4)...
t=3:  0%   10   20   30   40   50   60   70   80   90   100%
      |----|----|----|----|----|----|----|----|----|----|
e     ***************************************************
Found maxcond = 186
t=3:  0%   10   20   30   40   50   60   70   80   90   100%
      |----|----|----|----|----|----|----|----|----|----|
      ***************************************************
Q-3:	|11010100 01011001 11011011 10110101|
Q-2:	|001----- 110+0101 -1010000 010000+1|
Q-1:	|1-+111+- 100+1100 -0101111 111100+1|
Q0:	|1-+00101 00+0-0++ +10+++01 1-+0+--0| ok p=0.514648
Q1:	|+.-.V+10 -.-0-.+0 1-.--+V. ++1.--0.| ok p=0.495117
Q2:	|-00..1.. 1.-.-..1 0-.--... ++0.1-+.| ok p=0.737305
Q3:	|+.1.+1.. 1.....1. .+.-.1+. ..-.---.| ok p=0.733398
Q4:	|.-..-.-. -...-... .+.-..-. +.+..+.-|
Saving 2000000 paths...done.
Autobalance parameters: maxcond=185
Verified: 126600 bad out of 2186741
Estimating maxcond for upper bound 8000000 (=2000000 * 4)...
t=4:  0%   10   20   30   40   50   60   70   80   90   100%
      |----|----|----|----|----|----|----|----|----|----|
e     ***************************************************
Found maxcond = 202
t=4:  0%   10   20   30   40   50   60   70   80   90   100%
      |----|----|----|----|----|----|----|----|----|----|
      ***************************************************
Q-3:	|11010100 01011001 11011011 10110101|
Q-2:	|001----- 110+0101 -1010000 010000+1|
Q-1:	|1-+111+- 100+1100 -0101111 111100+1|
Q0:	|1-+00101 00+0-0++ +10+++01 1-+0+--0| ok p=0.514648
Q1:	|.++.V+11 -.--+.+0 1-.-1-.. ++1.--0.| ok p=0.253906
Q2:	|.10..1.. 0.0++..0 0-.--1.. ++1.+++.| ok p=0.650391
Q3:	|.10.-1.. 1.1+..0. .+..--.. --..--0.| ok p=0.819336
Q4:	|..+.0... +..+1... .+.1.-.. +0..0++.| ok p=0.541992
Q5:	|..+.-.-. -.-..+.- .-...-.- .-..-...|
Saving 2000000 paths...done.
Autobalance parameters: maxcond=201
Verified: 907 bad out of 3235875
Estimating maxcond for upper bound 8000000 (=2000000 * 4)...
t=5:  0%   10   20   30   40   50   60   70   80   90   100%
      |----|----|----|----|----|----|----|----|----|----|
e     ***************************************************
Found maxcond = 216
t=5:  0%   10   20   30   40   50   60   70   80   90   100%
      |----|----|----|----|----|----|----|----|----|----|
      ***************************************************
Q-3:	|11010100 01011001 11011011 10110101|
Q-2:	|001----- 110+0101 -1010000 010000+1|
Q-1:	|1-+111+- 100+1100 -0101111 111100+1|
Q0:	|1-+00101 00+0-0++ +10+++01 1-+0+--0| ok p=0.520508
Q1:	|.++.V+10 -.--+.+1 0-.-1-.V ++1.--1.| ok p=0.256836
Q2:	|.10..1.. 0.+-+..1 -0.--1.. ++1.1.-.| ok p=1
Q3:	|.11.-1.. 1.1.0.1. 11.-+-.- 1-..11+.| ok p=0.821289
Q4:	|..+.1... 1.00-... 0...01.1 -0....+.| ok p=0.40918
Q5:	|..-.-... +...0... ...1-1.+ ++......| ok p=0.492188
Q6:	|.+.+.... -....... .....-.- .+.....+|
Saving 2000000 paths...done.
Autobalance parameters: maxcond=215
Verified: 462 bad out of 2241494
Estimating maxcond for upper bound 8000000 (=2000000 * 4)...
t=6:  0%   10   20   30   40   50   60   70   80   90   100%
      |----|----|----|----|----|----|----|----|----|----|
e     ***************************************************
Found maxcond = 229
t=6:  0%   10   20   30   40   50   60   70   80   90   100%
      |----|----|----|----|----|----|----|----|----|----|
      ***************************************************
Q-3:	|11010100 01011001 11011011 10110101|
Q-2:	|001----- 110+0101 -1010000 010000+1|
Q-1:	|1-+111+- 100+1100 -0101111 111100+1|
Q0:	|1-+00101 00+0-0++ +10+++01 1-+0+--0| ok p=0.494141
Q1:	|.++.V+10 -.--+.+1 0-.-1-.V ++1.--1.| ok p=0.279297
Q2:	|.10..1.. 0.+-+..1 -0.--1.. ++1.1.-.| ok p=1
Q3:	|.01.-1.. 1.1.1.0. 11.-+-V- .-..11+.| ok p=0.796875
Q4:	|..+.1... 1.01+... 0...11.1 10....+.| ok p=0.421875
Q5:	|..-.0... +.+.-... ...10--1 .+......| ok p=0.882812
Q6:	|..-.-... -.-.0... .....-0. .-....1.| ok p=0.883789
Q7:	|.-...-.+ ..-..+.. .....-.+ .-.+....|
Saving 2000000 paths...done.
Autobalance parameters: maxcond=228
Verified: 22268 bad out of 2587316
Estimating maxcond for upper bound 8000000 (=2000000 * 4)...
t=7:  0%   10   20   30   40   50   60   70   80   90   100%
      |----|----|----|----|----|----|----|----|----|----|
e     ***************************************************
Found maxcond = 241
t=7:  0%   10   20   30   40   50   60   70   80   90   100%
      |----|----|----|----|----|----|----|----|----|----|
      ***************************************************
Q-3:	|11010100 01011001 11011011 10110101|
Q-2:	|001----- 110+0101 -1010000 010000+1|
Q-1:	|1-+111+- 100+1100 -0101111 111100+1|
Q0:	|1-+00101 00+0-0++ +10+++01 1-+0+--0| ok p=0.516602
Q1:	|.++.V+10 -.--+.+1 0-.-1-.V ++1.--1.| ok p=0.290039
Q2:	|.10..1.. 0.+-+..1 -0.--1.. ++1.1.-.| ok p=1
Q3:	|.01.-1.. 1.1.1.0. 11.-+-.- 1-..11+.| ok p=0.794922
Q4:	|..+.1... 1.01+... 0...11.1 01....+.| ok p=0.382812
Q5:	|.V-.0V.. +.+.-... ...10-.- --......| ok p=0.644531
Q6:	|..-.-... -.-.-... .....-.0 -+....0.| ok p=0.882812
Q7:	|.-..0-.. -.-..... .....-.+ .-......| ok p=0.62793
Q8:	|+.-..-.. ..-..... .....-.+ .-.....-|
Saving 2000000 paths...done.
Autobalance parameters: maxcond=240
Verified: 20660 bad out of 3358477
Estimating maxcond for upper bound 8000000 (=2000000 * 4)...
t=8:  0%   10   20   30   40   50   60   70   80   90   100%
      |----|----|----|----|----|----|----|----|----|----|
e     ***************************************************
Found maxcond = 252
t=8:  0%   10   20   30   40   50   60   70   80   90   100%
      |----|----|----|----|----|----|----|----|----|----|
      ***************************************************
Q-3:	|11010100 01011001 11011011 10110101|
Q-2:	|001----- 110+0101 -1010000 010000+1|
Q-1:	|1-+111+- 100+1100 -0101111 111100+1|
Q0:	|1-+00101 00+0-0++ +10+++01 1-+0+--0| ok p=0.496094
Q1:	|.++.V+10 -.--+.+1 0-.-1-.V ++1.--1.| ok p=0.271484
Q2:	|.10..1.. 0.+-+..1 -0.--1.. ++1.1.-.| ok p=1
Q3:	|.11.-1.. 1.1.0.1. 11.-+-.- 1-..11+.| ok p=0.670898
Q4:	|.0+.1... 1.10-... 0...01.1 -0....+V| ok p=0.384766
Q5:	|.-1.+... +...0... ...1-1.+ ++.....1| ok p=0.197266
Q6:	|.+1.1... -...1... ....1..1 -+....0+| ok p=1
Q7:	|.0+.-... -...+... ....0..0 ++.....+| ok p=0.537109
Q8:	|.+0.+... ....0... ........ ++.....-| ok p=0.75
Q9:	|.+..+... .....-.+ .......+ ..+....-|
Saving 2000000 paths...done.
Autobalance parameters: maxcond=251
Verified: 49955 bad out of 3241992
Estimating maxcond for upper bound 8000000 (=2000000 * 4)...
t=9:  0%   10   20   30   40   50   60   70   80   90   100%
      |----|----|----|----|----|----|----|----|----|----|
e     ***************************************************
Found maxcond = 263
t=9:  0%   10   20   30   40   50   60   70   80   90   100%
      |----|----|----|----|----|----|----|----|----|----|
      ***************************************************
Q-3:	|11010100 01011001 11011011 10110101|
Q-2:	|001----- 110+0101 -1010000 010000+1|
Q-1:	|1-+111+- 100+1100 -0101111 111100+1|
Q0:	|1-+00101 00+0-0++ +10+++01 1-+0+--0| ok p=0.496094
Q1:	|.++.V+10 -.--+.+1 0-.-1-.V ++1.--1.| ok p=0.373047
Q2:	|.11..1.. 0.+-+..1 -0.--1.. ++1.1.-.| ok p=1
Q3:	|.10.-1.. 1.11..0. 11.-+-0- .-..11+.| ok p=0.630859
Q4:	|.+-.1..V 1.100V.. 0...1111 01....+.| ok p=0.222656
Q5:	|.-0.+... +..+.... ...1-0+1 .+......| ok p=0.521484
Q6:	|.+1.1..- 0..0.-.. ....1.-. .+....1.| ok p=1
Q7:	|.0+V-..0 +..1.0.. .V..1.-. .+......| ok p=0.527344
Q8:	|.0+.+..+ 0....0.. ......-. .+......| ok p=0.769531
Q9:	|...-1..- 1....-.. .+....-. .+......| ok p=0.4375
Q10:	|.-.-...- .-...+.. .+...+.+ .-.-....|
Saving 2000000 paths...done.
Autobalance parameters: maxcond=261
Verified: 106817 bad out of 3698115
Estimating maxcond for upper bound 8000000 (=2000000 * 4)...
t=10: 0%   10   20   30   40   50   60   70   80   90   100%
      |----|----|----|----|----|----|----|----|----|----|
e     ***************************************************
Found maxcond = 274
t=10: 0%   10   20   30   40   50   60   70   80   90   100%
      |----|----|----|----|----|----|----|----|----|----|
      ***************************************************
Q-3:	|11010100 01011001 11011011 10110101|
Q-2:	|001----- 110+0101 -1010000 010000+1|
Q-1:	|1-+111+- 100+1100 -0101111 111100+1|
Q0:	|1-+00101 00+0-0++ +10+++01 1-+0+--0| ok p=0.535156
Q1:	|.++.V+10 -.--+.+1 0-.-1-.V ++1.--1.| ok p=0.388672
Q2:	|.11..1.. 0.+-+..1 -0.--1.. ++1.1.-.| ok p=1
Q3:	|.10.-1.. 1.11..0. 11.-+-0- .-..11+.| ok p=0.606445
Q4:	|.+-.1..V 1.100V.. 0...1111 01....+.| ok p=0.242188
Q5:	|.-00+... +..+.... ...1-0+1 .+......| ok p=0.241211
Q6:	|.+111..- 0..0.-.. ....0.-. 0+....1.| ok p=0.90332
Q7:	|.+.--..0 +..1.1.. ....1.-. 1+......| ok p=0.707031
Q8:	|.+.-+..+ 1V...+.. .....V-. --......| ok p=0.9375
Q9:	|.+..0..+ 1....0.. ......-. --......| ok p=0.457031
Q10:	|...11... ++...+.. .....+.. .-......| ok p=0.560547
Q11:	|....-... .-...+.+ ..-.-..- .-......|
Saving 2000000 paths...done.
Autobalance parameters: maxcond=273
Verified: 87987 bad out of 2889329
Runtime: 124.412
Extend MD5 differential paths forward
Copyright (C) 2009 Marc Stevens
http://homepages.cwi.nl/~stevens/

delta_m[11] = [!-10!]
Loading workdir4/paths10_0of1...done: 2000000 (work:2000000).
Estimating maxcond for upper bound 2000000 (=500000 * 4)...
t=11: 0%   10   20   30   40   50   60   70   80   90   100%
      |----|----|----|----|----|----|----|----|----|----|
e     ***************************************************
Found maxcond = 284
t=11: 0%   10   20   30   40   50   60   70   80   90   100%
      |----|----|----|----|----|----|----|----|----|----|
      ***************************************************
Q-3:	|11010100 01011001 11011011 10110101|
Q-2:	|001----- 110+0101 -1010000 010000+1|
Q-1:	|1-+111+- 100+1100 -0101111 111100+1|
Q0:	|1-+00101 00+0-0++ +10+++01 1-+0+--0| ok p=0.508789
Q1:	|.++.V+10 -.--+.+1 0-.-1-.V ++1.--1.| ok p=0.371094
Q2:	|.11..1.. 0.+-+..1 -0.--1.. ++1.1.-.| ok p=1
Q3:	|.10.-1.. 1.11..0. 11.-+-1- .-..11+.| ok p=0.638672
Q4:	|.+-.1.V. 1.100V.. 0...1101 01....+.| ok p=0.25293
Q5:	|.-0.+... +..+.... ...01--1 V+......| ok p=0.324219
Q6:	|.+1.1.-. 1..0.-.. .....1-. .+....1.| ok p=0.68457
Q7:	|.+-1-.0. -..0.1.. ..V..10. --......| ok p=0.487305
Q8:	|.--0+.1. 0....0.. ..1...+. 0+......| ok p=0.770508
Q9:	|.1.-1.-. 1....-.. ..+...+. 1+......| ok p=0.911133
Q10:	|.10-0.-. .....0.. ..+...+. -.......| ok p=0.924805
Q11:	|...-.... .....1.. ........ +1......| ok p=0.552734
Q12:	|..-..... ..-.+.-. -....... +...+...|
Saving 500000 paths...done.
Autobalance parameters: maxcond=282
Verified: 34818 bad out of 906097
Runtime: 18.5374
