MD5 differential path toolbox
Copyright (C) 2009 Marc Stevens
http://homepages.cwi.nl/~stevens/

IHV1   = {3562658741,3305652678,3716984817,1069928513}
IHV1   = b5db59d4c64108c5f1af8cdd41d0c53f

IHV2   = {3562658741,2770591144,3197906931,550850627}
IHV2   = b5db59d4a8dd23a5f32f9cbe4350d520

dIHV   = {0,3759905762,3775889410,3775889410}
NC0: delta c = delta d = [!-1!]
NC0: delta b           = [!-1,24!]
NC1: delta c = delta d = [!15!]
NC1: delta b           = [!5,15!]
NC2: delta c = delta d = [!-20!]
NC2: delta b           = [!10,-20!]
NC3: delta c = delta d = [!-24!]
NC3: delta b           = [!-13,-24!]
NC4: delta c = delta d = [!29!]
NC4: delta b           = [!18,-20,29!]
NC0: prob=-7.64868
NC1: prob=-5.86145
NC2: prob=-4.93245
NC3: prob=-5.84237
NC4: prob=-6.55056
delta m_11 = [!-10!]
Q-3:	|11010100 01011001 11011011 10110101|
Q-2:	|001----- 110+0101 -1010000 010000+1|
Q-1:	|1-+111+- 100+1100 -0101111 111100+1|
Q0:	|1-+00101 00+0-0++ +10+++01 1-+0+--0| ok p=0.133789
Q1:	|+.-..+.. -.-.-.+. .-.-.-.+ .-.-.+..|
Saved lower diff. path to 'workdir4/lowerpath.bin.gz'.

Q32:	|........ ........ ........ ........|
Q33:	|........ ........ ........ ........|
Q34:	|........ ........ ........ ........|
Q35:	|........ ........ ........ ........| ok p=1
Q36:	|........ ........ ........ ........| ok p=1
Q37:	|........ ........ ........ ........| ok p=1
Q38:	|........ ........ ........ ........| ok p=1
Q39:	|........ ........ ........ ........| ok p=1
Q40:	|........ ........ ........ ........| ok p=1
Q41:	|........ ........ ........ ........| ok p=1
Q42:	|........ ........ ........ ........| ok p=1
Q43:	|........ ........ ........ ........| ok p=1
Q44:	|........ ........ ........ ........| ok p=1
Q45:	|........ ........ ........ ........| ok p=1
Q46:	|........ ........ ........ ........| ok p=1
Q47:	|........ ........ ........ ........| ok p=1
Q48:	|........ ........ ........ ........| ok p=1
Q49:	|........ ........ ........ ........| ok p=1
Q50:	|........ ........ ........ ........| ok p=1
Q51:	|........ ........ ........ ........| ok p=1
Q52:	|........ ........ ........ ........| ok p=1
Q53:	|........ ........ ........ ........| ok p=1
Q54:	|........ ........ ........ ........| ok p=1
Q55:	|........ ........ ........ ........| ok p=1
Q56:	|........ ........ ........ ........| ok p=1
Q57:	|........ ........ ........ ........| ok p=1
Q58:	|........ ........ ........ ........| ok p=1
Q59:	|........ ........ ........ ........| ok p=1
Q60:	|........ ...0.... ........ ........| ok p=1
Q61:	|........ ..11.... ........ ........| ok p=0.998047
Q62:	|........ ..1-.... ........ ........| ok p=1
Q63:	|........ ..-+.... ........ ........| ok p=1
Q64:	|........ ...-.... .....+.. ........|
Saved upper diff. path to 'workdir4/upperpath.bin.gz'.
Saved 'md5diffpathforward.cfg'.
Saved 'md5diffpathbackward.cfg'.
Saved 'md5diffpathconnect.cfg'.
Saved 'md5diffpathhelper.cfg'.
