Connect MD5 differential paths
Copyright (C) 2009 Marc Stevens
http://homepages.cwi.nl/~stevens/

delta_m[11] = [!30!]
Loading workdir2/paths16_0of1.bin.gz...done: 500000.
Loading workdir2/paths11_0of1.bin.gz...done: 500000.
t=12: 0%   10   20   30   40   50   60   70   80   90   100%
      |----|----|----|----|----|----|----|----|----|----|
      *Q-3:	|10111000 00100011 01100100 10100001|
Q-2:	|-++10+-- 0011++++ +11+110- 110+---0|
Q-1:	|1-+0010+ 11+-100- ++--00-+ 110010+0|
Q0:	|00011+-- ----++1- ++1--+1- 1-+-+++1| ok p=0.482422
Q1:	|.-0.--00 +-0.++.. ++0-100+ .1--001.| ok p=0.637695
Q2:	|.0-.0+1+ +.+0-..0 .0.-01.+ .--.+0+0| ok p=1
Q3:	|!++.--.- 101.+0.1 1-.-.... .0.00.00| ok p=1
Q4:	|!+1.10.- -.1!-... .-.+.^.1 .10.-.1-| ok p=1
Q5:	|!++.1+.. +.+^+.^. .+.-.-.. ...!1..-| ok p=1
Q6:	|^1-..1.0 -.++0.+. .+.1!0.. ....0..1| ok p=1
Q7:	|!+-..0.1 -.+00.0. !-.-.-.. 0.0....-| ok p=1
Q8:	|!+-..-.+ ..11..1. .+.+.+.. 010..^.-| ok p=1
Q9:	|!-..11.+ 1.1+.0-. .+.+.+.. -0+..+..| ok p=1
Q10:	|1-000+1+ 000+11-0 1+..0+00 -1-1.111| ok p=1
Q11:	|0-011+00 011+1+01 1+.00+00 +0+0^00.| ok p=1
Q12:	|++1--1-- -++1-1++ ++^0++-- 0++--+-.| ok p=1
Q13:	|-++0+-+- +0++-011 --+----+ --1110+0| ok p=1
Q14:	|1+11+1-. 00.0+.-0 0-011011 00010+10| ok p=1
Q15:	|1-0--1-1 1.01-.1+ 01000-+0 11-..10-| ok p=0.478516
Q16:	|.+..0.+. 0...-.1. .+..1-.. 0.-..+..| ok p=0.586914
Q17:	|.1.^-.-. 1...+..^ .0..10^. 1.0..0.^| ok p=0.680664
Q18:	|.1....+. -...+... .0..+1.. +.0..-..| ok p=0.645508
Q19:	|.+..^.+. ...01... .-...... .....-.0| ok p=0.450195
Q20:	|...0..1. ^..0-..0 ...0^... ^....001| ok p=1
Q21:	|.^.1..1. ...-1..1 .^.1.... 0....11-| ok p=0.942383
Q22:	|...+.... ....0..+ ...-.... 1.....+.| ok p=0.696289
Q23:	|......0. ...^.... ........ +.0....^| ok p=0.999023
Q24:	|...^..1. ..0....^ ...^.0.. ..1...^.| ok p=0.991211
Q25:	|......-. ..1..... ........ ^.-.....| ok p=0.930664
Q26:	|.0...... ..-..... ....0+.. ........| ok p=1
Q27:	|.1....^. ........ ....1+.. ..^.....| ok p=0.757812
Q28:	|.+...... ..^..... ....+-.. ........| ok p=0.763672
Q29:	|.0...... ........ .....0.. ........| ok p=0.763672
Q30:	|.-...... ........ ....^1.. ........| ok p=1
Q31:	|.-...... ........ ........ ........| ok p=0.742188
Q32:	|........ ........ ........ ........| ok p=1
Q33:	|.!...... ........ ........ ........| ok p=1
Q34:	|........ ........ ........ ........| ok p=1
Q35:	|........ ........ ........ ........| ok p=1
Q36:	|........ ........ ........ ........| ok p=1
Q37:	|........ ........ ........ ........| ok p=1
Q38:	|........ ........ ........ ........| ok p=1
Q39:	|........ ........ ........ ........| ok p=1
Q40:	|........ ........ ........ ........| ok p=1
Q41:	|........ ........ ........ ........| ok p=1
Q42:	|........ ........ ........ ........| ok p=1
Q43:	|........ ........ ........ ........| ok p=1
Q44:	|........ ........ ........ ........| ok p=1
Q45:	|........ ........ ........ ........| ok p=1
Q46:	|........ ........ ........ ........| ok p=1
Q47:	|........ ........ ........ ........| ok p=1
Q48:	|........ ........ ........ ........| ok p=1
Q49:	|........ ........ ........ ........| ok p=1
Q50:	|........ ........ ........ ........| ok p=1
Q51:	|........ ........ ........ ........| ok p=1
Q52:	|........ ........ ........ ........| ok p=1
Q53:	|........ ........ ........ ........| ok p=1
Q54:	|........ ........ ........ ........| ok p=1
Q55:	|........ ........ ........ ........| ok p=1
Q56:	|........ ........ ........ ........| ok p=1
Q57:	|........ ........ ........ ........| ok p=1
Q58:	|........ ........ ........ ........| ok p=1
Q59:	|........ ........ ........ ........| ok p=1
Q60:	|........ ........ .......0 ........| ok p=1
Q61:	|........ ........ .......0 ........| ok p=0.765625
Q62:	|........ ........ .......+ ........| ok p=1
Q63:	|........ ........ .......+ ........| ok p=0.87207
Q64:	|..-..... ........ .......+ ........|
Best path: totcompl=-34 tottunnel=25, totcond=593, p=0.00192251
Q-3:	|10111000 00100011 01100100 10100001|
Q-2:	|-++10+-- 0011++++ +11+110- 110+---0|
Q-1:	|1-+0010+ 11+-100- ++--00-+ 110010+0|
Q0:	|00011+-- ----++1- ++1--+1- 1-+-+++1| ok p=0.537109
Q1:	|.-0.--00 +-0.++.. ++0-100+ .1--001.| ok p=0.615234
Q2:	|.0-.0+1+ +.+0-..0 00.-00.+ .--.+0+0| ok p=1
Q3:	|!++.-+.- .01.+0.. 1-.-.... .1.00.10| ok p=1
Q4:	|!+1.-0.- 1.1!-... -+.+.^.1 .00.-.1-| ok p=1
Q5:	|!++..-.+ ...^+.^. 01^+.-.. .1..0..-| ok p=1
Q6:	|!.-.01.1 ...+00+. +0+.!0.. ....+..+| ok p=1
Q7:	|.1-!.1.1 ...0010! 0100.1.. ..1.+..1| ok p=1
Q8:	|01-...^. ...+.-+^ 1-1..1.. ..1....0| ok p=1
Q9:	|0++...+. ...-.+0. -+0.1+.. .!+.11.-| ok p=1
Q10:	|1+0.1.11 000-1+0. 0++000.1 01+0.1.1| ok p=1
Q11:	|000^1110 110101+. 1-+11+10 11+11+.1| ok p=1
Q12:	|-----01- ++++---. 111---0+ -+0-0-^.| ok p=1
Q13:	|0-+0+-1+ +0+1+001 ---++++0 +--++++0| ok p=1
Q14:	|1+01+0-1 .0.0+1-0 0-100-+0 10010110| ok p=1
Q15:	|1-1--0-0 1.1.-.0+ 010111+. 10-11+1-| ok p=0.478516
Q16:	|.+..0.+. 0...-.0. .+..0-0. 0.-..+..| ok p=0.640625
Q17:	|.1.^-.-. 1...+..^ .0..1.1. 1.0..1.^| ok p=0.711914
Q18:	|.1....+. -...+... .0..+^.. +.0..-..| ok p=0.657227
Q19:	|.+..^.+. ...01... .-...... .....-.0| ok p=0.423828
Q20:	|...0..1. ^..1-..0 ...0^... ^....001| ok p=1
Q21:	|.^.1..1. ...-0..1 .^.1.... 0....11-| ok p=0.955078
Q22:	|...+.... ....1..+ ...-.... 1.....+.| ok p=0.710938
Q23:	|......0. ...^.... ........ +.0....^| ok p=1
Q24:	|...^..1. ..0....^ ...^.0.. ..1...^.| ok p=0.990234
Q25:	|......-. ..1..... ........ ^.-.....| ok p=0.918945
Q26:	|.0...... ..-..... ....0+.. ........| ok p=1
Q27:	|.1....^. ........ ....1+.. ..^.....| ok p=0.748047
Q28:	|.+...... ..^..... ....+-.. ........| ok p=0.750977
Q29:	|.0...... ........ .....0.. ........| ok p=0.746094
Q30:	|.-...... ........ ....^1.. ........| ok p=1
Q31:	|.-...... ........ ........ ........| ok p=0.751953
Q32:	|........ ........ ........ ........| ok p=1
Q33:	|.!...... ........ ........ ........| ok p=1
Q34:	|........ ........ ........ ........| ok p=1
Q35:	|........ ........ ........ ........| ok p=1
Q36:	|........ ........ ........ ........| ok p=1
Q37:	|........ ........ ........ ........| ok p=1
Q38:	|........ ........ ........ ........| ok p=1
Q39:	|........ ........ ........ ........| ok p=1
Q40:	|........ ........ ........ ........| ok p=1
Q41:	|........ ........ ........ ........| ok p=1
Q42:	|........ ........ ........ ........| ok p=1
Q43:	|........ ........ ........ ........| ok p=1
Q44:	|........ ........ ........ ........| ok p=1
Q45:	|........ ........ ........ ........| ok p=1
Q46:	|........ ........ ........ ........| ok p=1
Q47:	|........ ........ ........ ........| ok p=1
Q48:	|........ ........ ........ ........| ok p=1
Q49:	|........ ........ ........ ........| ok p=1
Q50:	|........ ........ ........ ........| ok p=1
Q51:	|........ ........ ........ ........| ok p=1
Q52:	|........ ........ ........ ........| ok p=1
Q53:	|........ ........ ........ ........| ok p=1
Q54:	|........ ........ ........ ........| ok p=1
Q55:	|........ ........ ........ ........| ok p=1
Q56:	|........ ........ ........ ........| ok p=1
Q57:	|........ ........ ........ ........| ok p=1
Q58:	|........ ........ ........ ........| ok p=1
Q59:	|........ ........ ........ ........| ok p=1
Q60:	|........ ........ .......0 ........| ok p=1
Q61:	|........ ........ .......0 ........| ok p=0.760742
Q62:	|........ ........ .......+ ........| ok p=1
Q63:	|........ ........ .......+ ........| ok p=0.886719
Q64:	|..-..... ........ .......+ ........|
Best path: totcompl=-32 tottunnel=27, totcond=589, p=0.00216465
Q-3:	|10111000 00100011 01100100 10100001|
Q-2:	|-++10+-- 0011++++ +11+110- 110+---0|
Q-1:	|1-+0010+ 11+-100- ++--00-+ 110010+0|
Q0:	|00011+-- ----++1- ++1--+1- 1-+-+++1| ok p=0.508789
Q1:	|.-0.--00 +-0.++.. ++0-100+ .1--001.| ok p=0.636719
Q2:	|.0-.0+1+ +.+0-..0 00.-00.+ .--.+0+0| ok p=1
Q3:	|!++.-+.- .01.+0.. 1-.-.... .1.00.10| ok p=1
Q4:	|!+1.-0.- 1.1!-... -+.+.^.1 .00.-.1-| ok p=1
Q5:	|!++..-.+ ...^+.^. 01^+.-.. ..1.0..-| ok p=1
Q6:	|!0-.01.1 ...+00+. +0+.!0.. ....+..+| ok p=1
Q7:	|.1-..1.1 ...0010! 0100.1.. ..1.+..1| ok p=1
Q8:	|11-...^. ..!+.-+. 1-1..1.. ..1....0| ok p=1
Q9:	|1++...+. ...-.+0. -+0.1+.. .!+.11.-| ok p=1
Q10:	|0+0.1.11 000-1+0. 0++000.1 01+0.1.1| ok p=1
Q11:	|100^1110 110101+. 1-+11+10 11+11+.1| ok p=1
Q12:	|-----01- ++++---. 111---0+ -+0-0-^.| ok p=1
Q13:	|0-+0+-1+ +0+1+001 ---++++0 +--++++0| ok p=1
Q14:	|1+01+0-1 .0.0+1-0 0-100-+0 10010110| ok p=1
Q15:	|1-1--0-0 1.1.-.0+ 010111+. 10-11+1-| ok p=0.499023
Q16:	|.+..0.+. 0...-.0. .+..0-0. 0.-..+..| ok p=0.620117
Q17:	|.1.^-.-. 1...+..^ .0..1.1. 1.0..1.^| ok p=0.709961
Q18:	|.1....+. -...+... .0..+^.. +.0..-..| ok p=0.647461
Q19:	|.+..^.+. ...01... .-...... .....-.0| ok p=0.455078
Q20:	|...0..1. ^..1-..0 ...0^... ^....001| ok p=1
Q21:	|.^.1..1. ...-0..1 .^.1.... 0....11-| ok p=0.94043
Q22:	|...+.... ....1..+ ...-.... 1.....+.| ok p=0.669922
Q23:	|......0. ...^.... ........ +.0....^| ok p=0.999023
Q24:	|...^..1. ..0....^ ...^.0.. ..1...^.| ok p=0.994141
Q25:	|......-. ..1..... ........ ^.-.....| ok p=0.921875
Q26:	|.0...... ..-..... ....0+.. ........| ok p=1
Q27:	|.1....^. ........ ....1+.. ..^.....| ok p=0.736328
Q28:	|.+...... ..^..... ....+-.. ........| ok p=0.748047
Q29:	|.0...... ........ .....0.. ........| ok p=0.742188
Q30:	|.-...... ........ ....^1.. ........| ok p=1
Q31:	|.-...... ........ ........ ........| ok p=0.745117
Q32:	|........ ........ ........ ........| ok p=1
Q33:	|.!...... ........ ........ ........| ok p=1
Q34:	|........ ........ ........ ........| ok p=1
Q35:	|........ ........ ........ ........| ok p=1
Q36:	|........ ........ ........ ........| ok p=1
Q37:	|........ ........ ........ ........| ok p=1
Q38:	|........ ........ ........ ........| ok p=1
Q39:	|........ ........ ........ ........| ok p=1
Q40:	|........ ........ ........ ........| ok p=1
Q41:	|........ ........ ........ ........| ok p=1
Q42:	|........ ........ ........ ........| ok p=1
Q43:	|........ ........ ........ ........| ok p=1
Q44:	|........ ........ ........ ........| ok p=1
Q45:	|........ ........ ........ ........| ok p=1
Q46:	|........ ........ ........ ........| ok p=1
Q47:	|........ ........ ........ ........| ok p=1
Q48:	|........ ........ ........ ........| ok p=1
Q49:	|........ ........ ........ ........| ok p=1
Q50:	|........ ........ ........ ........| ok p=1
Q51:	|........ ........ ........ ........| ok p=1
Q52:	|........ ........ ........ ........| ok p=1
Q53:	|........ ........ ........ ........| ok p=1
Q54:	|........ ........ ........ ........| ok p=1
Q55:	|........ ........ ........ ........| ok p=1
Q56:	|........ ........ ........ ........| ok p=1
Q57:	|........ ........ ........ ........| ok p=1
Q58:	|........ ........ ........ ........| ok p=1
Q59:	|........ ........ ........ ........| ok p=1
Q60:	|........ ........ .......0 ........| ok p=1
Q61:	|........ ........ .......0 ........| ok p=0.765625
Q62:	|........ ........ .......+ ........| ok p=1
Q63:	|........ ........ .......+ ........| ok p=0.886719
Q64:	|..-..... ........ .......+ ........|
Best path: totcompl=-31 tottunnel=28, totcond=589, p=0.00253416
Q-3:	|10111000 00100011 01100100 10100001|
Q-2:	|-++10+-- 0011++++ +11+110- 110+---0|
Q-1:	|1-+0010+ 11+-100- ++--00-+ 110010+0|
Q0:	|00011+-- ----++1- ++1--+1- 1-+-+++1| ok p=0.500977
Q1:	|.-0.--00 +-0.++.. ++0-100+ .1--001.| ok p=0.620117
Q2:	|.0-.0+1+ +.+0-..0 00.-00.+ .--.+0+0| ok p=1
Q3:	|!++.-+.- .01.+0.. 1-.-.... .1.00.10| ok p=1
Q4:	|!+1.-0.- 1.1!-... -+.+.^.1 .00.-.1-| ok p=1
Q5:	|!++..-.+ ...^+.^. 01^+.-.. .1..0..-| ok p=1
Q6:	|!.-.01.1 ...+00+1 +0+.!0.. ....+..+| ok p=0.992188
Q7:	|.1-..1.1 ...00100 0100.1.. ..1.+..1| ok p=1
Q8:	|11-...^. ...+.-+. 1-1..1.. ..1....0| ok p=1
Q9:	|1++...+. ...-.+0. -+0.1+.. .!+.11.-| ok p=1
Q10:	|0+0.1.11 000-1+0. 0++000.1 01+0.1.1| ok p=1
Q11:	|100^1110 110101+. 1-+11+10 11+11+.1| ok p=1
Q12:	|+----01- ++++---. 111---0+ -+0-0-^.| ok p=1
Q13:	|0-+0+-1+ +0+1+001 ---++++0 +--++++0| ok p=1
Q14:	|1+01+0-1 .0.0+1-0 0-100-+0 10010110| ok p=1
Q15:	|1-1--0-0 1.1.-.0+ 010111+. 10-11+1-| ok p=0.449219
Q16:	|.+..0.+. 0...-.0. .+..0-0. 0.-..+..| ok p=0.624023
Q17:	|.1.^-.-. 1...+..^ .0..1.1. 1.0..1.^| ok p=0.703125
Q18:	|.1....+. -...+... .0..+^.. +.0..-..| ok p=0.686523
Q19:	|.+..^.+. ...01... .-...... .....-.0| ok p=0.447266
Q20:	|...0..1. ^..1-..0 ...0^... ^....001| ok p=1
Q21:	|.^.1..1. ...-0..1 .^.1.... 0....11-| ok p=0.941406
Q22:	|...+.... ....1..+ ...-.... 1.....+.| ok p=0.709961
Q23:	|......0. ...^.... ........ +.0....^| ok p=1
Q24:	|...^..1. ..0....^ ...^.0.. ..1...^.| ok p=0.993164
Q25:	|......-. ..1..... ........ ^.-.....| ok p=0.928711
Q26:	|.0...... ..-..... ....0+.. ........| ok p=1
Q27:	|.1....^. ........ ....1+.. ..^.....| ok p=0.741211
Q28:	|.+...... ..^..... ....+-.. ........| ok p=0.738281
Q29:	|.0...... ........ .....0.. ........| ok p=0.738281
Q30:	|.-...... ........ ....^1.. ........| ok p=1
Q31:	|.-...... ........ ........ ........| ok p=0.758789
Q32:	|........ ........ ........ ........| ok p=1
Q33:	|.!...... ........ ........ ........| ok p=1
Q34:	|........ ........ ........ ........| ok p=1
Q35:	|........ ........ ........ ........| ok p=1
Q36:	|........ ........ ........ ........| ok p=1
Q37:	|........ ........ ........ ........| ok p=1
Q38:	|........ ........ ........ ........| ok p=1
Q39:	|........ ........ ........ ........| ok p=1
Q40:	|........ ........ ........ ........| ok p=1
Q41:	|........ ........ ........ ........| ok p=1
Q42:	|........ ........ ........ ........| ok p=1
Q43:	|........ ........ ........ ........| ok p=1
Q44:	|........ ........ ........ ........| ok p=1
Q45:	|........ ........ ........ ........| ok p=1
Q46:	|........ ........ ........ ........| ok p=1
Q47:	|........ ........ ........ ........| ok p=1
Q48:	|........ ........ ........ ........| ok p=1
Q49:	|........ ........ ........ ........| ok p=1
Q50:	|........ ........ ........ ........| ok p=1
Q51:	|........ ........ ........ ........| ok p=1
Q52:	|........ ........ ........ ........| ok p=1
Q53:	|........ ........ ........ ........| ok p=1
Q54:	|........ ........ ........ ........| ok p=1
Q55:	|........ ........ ........ ........| ok p=1
Q56:	|........ ........ ........ ........| ok p=1
Q57:	|........ ........ ........ ........| ok p=1
Q58:	|........ ........ ........ ........| ok p=1
Q59:	|........ ........ ........ ........| ok p=1
Q60:	|........ ........ .......0 ........| ok p=1
Q61:	|........ ........ .......0 ........| ok p=0.742188
Q62:	|........ ........ .......+ ........| ok p=1
Q63:	|........ ........ .......+ ........| ok p=0.867188
Q64:	|..-..... ........ .......+ ........|
Best path: totcompl=-31 tottunnel=28, totcond=588, p=0.00214509
Q-3:	|10111000 00100011 01100100 10100001|
Q-2:	|-++10+-- 0011++++ +11+110- 110+---0|
Q-1:	|1-+0010+ 11+-100- ++--00-+ 110010+0|
Q0:	|00011+-- ----++1- ++1--+1- 1-+-+++1| ok p=0.491211
Q1:	|.-0.--00 +-0.++.. ++0-100+ .1--001.| ok p=0.618164
Q2:	|.0-.0+1+ +.+0-..0 00.-01.+ .--.+0+0| ok p=1
Q3:	|!++0--.- 101.+0.. 1-.-.... .0.00.00| ok p=1
Q4:	|.+1.10.- -.1!-... .-.+.^.1 .10.-.1-| ok p=1
Q5:	|!++.1+.. +.+^+.^. .+.-.-.. ..1.1..-| ok p=1
Q6:	|^1-..1.0 -.++0.+. .+.1!0.. ....0..1| ok p=1
Q7:	|!+-..0.1 -.+00.0! .-.-.-.. 0.0....-| ok p=1
Q8:	|.+-!.-.+ ..11..1. .+.+.+.. 0.0..^.-| ok p=1
Q9:	|!-1..1.+ 1.1+..-. .+.+0+.. -!+..+..| ok p=1
Q10:	|0-010+.+ 011+.1-0 1+..1+.0 -1-101.0| ok p=1
Q11:	|1-001+10 110+10+1 1+.1+-11 +0+010..| ok p=1
Q12:	|-0++--0+ -++10--- ++^1+00+ --1+-0^.| ok p=1
Q13:	|+++01++1 -+-+-0-+ ---++++1 1+0-+++0| ok p=1
Q14:	|1+01+0-0 ..00+1-1 0-10.010 11101010| ok p=1
Q15:	|1-0--1-. 1110-.1+ 010001+. .0-10+1-| ok p=0.503906
Q16:	|.+..0.+. 0...-.0. .+..0-.. 0.-..+..| ok p=0.634766
Q17:	|.1.^-.-. 1...+..^ .0..1.^. 1.0..1.^| ok p=0.708008
Q18:	|.1....+. -...+... .0..+^.. +.0..-..| ok p=0.625977
Q19:	|.+..^.+. ...01... .-...... .....-.0| ok p=0.452148
Q20:	|...0..1. ^..0-..0 ...0^... ^....001| ok p=1
Q21:	|.^.1..1. ...-1..1 .^.1.... 0....11-| ok p=0.94043
Q22:	|...+.... ....0..+ ...-.... 1.....+.| ok p=0.683594
Q23:	|......0. ...^.... ........ +.0....^| ok p=0.999023
Q24:	|...^..1. ..0....^ ...^.0.. ..1...^.| ok p=0.991211
Q25:	|......-. ..1..... ........ ^.-.....| ok p=0.939453
Q26:	|.0...... ..-..... ....0+.. ........| ok p=1
Q27:	|.1....^. ........ ....1+.. ..^.....| ok p=0.761719
Q28:	|.+...... ..^..... ....+-.. ........| ok p=0.769531
Q29:	|.0...... ........ .....0.. ........| ok p=0.762695
Q30:	|.-...... ........ ....^1.. ........| ok p=1
Q31:	|.-...... ........ ........ ........| ok p=0.735352
Q32:	|........ ........ ........ ........| ok p=1
Q33:	|.!...... ........ ........ ........| ok p=1
Q34:	|........ ........ ........ ........| ok p=1
Q35:	|........ ........ ........ ........| ok p=1
Q36:	|........ ........ ........ ........| ok p=1
Q37:	|........ ........ ........ ........| ok p=1
Q38:	|........ ........ ........ ........| ok p=1
Q39:	|........ ........ ........ ........| ok p=1
Q40:	|........ ........ ........ ........| ok p=1
Q41:	|........ ........ ........ ........| ok p=1
Q42:	|........ ........ ........ ........| ok p=1
Q43:	|........ ........ ........ ........| ok p=1
Q44:	|........ ........ ........ ........| ok p=1
Q45:	|........ ........ ........ ........| ok p=1
Q46:	|........ ........ ........ ........| ok p=1
Q47:	|........ ........ ........ ........| ok p=1
Q48:	|........ ........ ........ ........| ok p=1
Q49:	|........ ........ ........ ........| ok p=1
Q50:	|........ ........ ........ ........| ok p=1
Q51:	|........ ........ ........ ........| ok p=1
Q52:	|........ ........ ........ ........| ok p=1
Q53:	|........ ........ ........ ........| ok p=1
Q54:	|........ ........ ........ ........| ok p=1
Q55:	|........ ........ ........ ........| ok p=1
Q56:	|........ ........ ........ ........| ok p=1
Q57:	|........ ........ ........ ........| ok p=1
Q58:	|........ ........ ........ ........| ok p=1
Q59:	|........ ........ ........ ........| ok p=1
Q60:	|........ ........ .......0 ........| ok p=1
Q61:	|........ ........ .......0 ........| ok p=0.763672
Q62:	|........ ........ .......+ ........| ok p=1
Q63:	|........ ........ .......+ ........| ok p=0.885742
Q64:	|..-..... ........ .......+ ........|
Best path: totcompl=-31 tottunnel=28, totcond=587, p=0.0026626
Best paths: 2
Q-3:	|10111000 00100011 01100100 10100001|
Q-2:	|-++10+-- 0011++++ +11+110- 110+---0|
Q-1:	|1-+0010+ 11+-100- ++--00-+ 110010+0|
Q0:	|00011+-- ----++1- ++1--+1- 1-+-+++1| ok p=0.466797
Q1:	|.-0.--00 +-0.++.. ++0-100+ .1--001.| ok p=0.623047
Q2:	|.0-.0+1+ +.+0-..0 00.-00.+ .--.+0+0| ok p=1
Q3:	|!++.1-.- .010+0.. 1-.-.... .1.10.10| ok p=1
Q4:	|!+1..-.- 1.11-... .-.+.^.1 .00.-.-+| ok p=1
Q5:	|!++..0.+ ..++-.^. .0.+.-1. ..1.1.0+| ok p=1
Q6:	|^.-..-.1 .0++..+. .+..^00. ....+.++| ok p=1
Q7:	|.1-.0-.0 .0++0.0! .-.0-00. ..1.+.+1| ok p=1
Q8:	|..-.1-.- .-01..-. .-..1.0. ..1....+| ok p=1
Q9:	|!...+..0 .-010.1. ^-..+1-. .!+.1.11| ok p=1
Q10:	|0.11+100 0-0.0.11 +0110.+. 0.+0011+| ok p=1
Q11:	|1.00-111 00-^-^-1 1+10-01. 1.100011| ok p=1
Q12:	|+^1+---- --+-++++ 01--+11. -^+----+| ok p=1
Q13:	|10-0.011 -+-1+10+ +1++++-. 1+-++++-| ok p=1
Q14:	|011010-1 .010+1-1 -+10100. 01011101| ok p=1
Q15:	|.--00.-. 011.-.00 +00011+. .1-10+0-| ok p=0.608398
Q16:	|.1..1.+. 0...0.1. +0..0-.. 0.-..+..| ok p=0.94043
Q17:	|.0^.-.-. 1...+... 01..1.^. 1.0..1.^| ok p=0.619141
Q18:	|.1....+. -...+... 10..+^.. +.1..-..| ok p=0.663086
Q19:	|.+..^.+. ...0-... .-...... .....-.0| ok p=0.732422
Q20:	|...0..1. ^..1-..0 ...0^... ^....001| ok p=1
Q21:	|.^.1..1. ...-0..1 .^.1.... 0....11-| ok p=0.94043
Q22:	|...+.... ....0..+ ...-.... 1.....+.| ok p=0.683594
Q23:	|......0. ...^.... ........ +.0....^| ok p=1
Q24:	|...^..1. ..0....^ ...^.0.. ..1...^.| ok p=0.988281
Q25:	|......-. ..1..... ........ ^.-.....| ok p=0.927734
Q26:	|.0...... ..-..... ....0+.. ........| ok p=1
Q27:	|.1....^. ........ ....1+.. ..^.....| ok p=0.751953
Q28:	|.+...... ..^..... ....+-.. ........| ok p=0.748047
Q29:	|.0...... ........ .....0.. ........| ok p=0.739258
Q30:	|.-...... ........ ....^1.. ........| ok p=1
Q31:	|.-...... ........ ........ ........| ok p=0.743164
Q32:	|........ ........ ........ ........| ok p=1
Q33:	|.!...... ........ ........ ........| ok p=1
Q34:	|........ ........ ........ ........| ok p=1
Q35:	|........ ........ ........ ........| ok p=1
Q36:	|........ ........ ........ ........| ok p=1
Q37:	|........ ........ ........ ........| ok p=1
Q38:	|........ ........ ........ ........| ok p=1
Q39:	|........ ........ ........ ........| ok p=1
Q40:	|........ ........ ........ ........| ok p=1
Q41:	|........ ........ ........ ........| ok p=1
Q42:	|........ ........ ........ ........| ok p=1
Q43:	|........ ........ ........ ........| ok p=1
Q44:	|........ ........ ........ ........| ok p=1
Q45:	|........ ........ ........ ........| ok p=1
Q46:	|........ ........ ........ ........| ok p=1
Q47:	|........ ........ ........ ........| ok p=1
Q48:	|........ ........ ........ ........| ok p=1
Q49:	|........ ........ ........ ........| ok p=1
Q50:	|........ ........ ........ ........| ok p=1
Q51:	|........ ........ ........ ........| ok p=1
Q52:	|........ ........ ........ ........| ok p=1
Q53:	|........ ........ ........ ........| ok p=1
Q54:	|........ ........ ........ ........| ok p=1
Q55:	|........ ........ ........ ........| ok p=1
Q56:	|........ ........ ........ ........| ok p=1
Q57:	|........ ........ ........ ........| ok p=1
Q58:	|........ ........ ........ ........| ok p=1
Q59:	|........ ........ ........ ........| ok p=1
Q60:	|........ ........ .......0 ........| ok p=1
Q61:	|........ ........ .......0 ........| ok p=0.771484
Q62:	|........ ........ .......+ ........| ok p=1
Q63:	|........ ........ .......+ ........| ok p=0.878906
Q64:	|..-..... ........ .......+ ........|
Best path: totcompl=-31 tottunnel=28, totcond=586, p=0.00629922
Q-3:	|10111000 00100011 01100100 10100001|
Q-2:	|-++10+-- 0011++++ +11+110- 110+---0|
Q-1:	|1-+0010+ 11+-100- ++--00-+ 110010+0|
Q0:	|00011+-- ----++1- ++1--+1- 1-+-+++1| ok p=0.523438
Q1:	|.-0.--00 +-0.++.. ++0-100+ .1--001.| ok p=0.628906
Q2:	|.0-.0+1+ +.+0-..0 .0.-00.+ .--.+0+0| ok p=1
Q3:	|!++.1-.- .010+0.1 1-.-.... .1.10.10| ok p=1
Q4:	|!+1..-.- 1.11-... .-.+.^.1 .00.-.-+| ok p=1
Q5:	|!++..0.+ ..++-.^. .0.+.-1. ...!1.0+| ok p=1
Q6:	|^.-..-.1 .0++..+. .+..^00. ....+.++| ok p=1
Q7:	|.1-.0-.0 .0++0.0! .-.0-00. ..1.+.+1| ok p=1
Q8:	|..-.1-.- .-0.1.-. .-..1.0. ..1....+| ok p=1
Q9:	|.!..+..0 .-01..1. ^-..+.-. .!+.1.11| ok p=1
Q10:	|0.11+100 0-1.^.11 +0000^+. 0.+101.+| ok p=1
Q11:	|1000-111 00-0-1-0 1+11-01. 111000.0| ok p=1
Q12:	|+.1+---- ---100-+ 00--111. -0+---^-| ok p=1
Q13:	|10-0.011 -+-+--+- ++1-++-. 1+-++++-| ok p=1
Q14:	|011010-1 .0.001-1 -+0.100. 01011111| ok p=1
Q15:	|.--00.-. 0010-010 +..001+. .1-10+0-| ok p=0.658203
Q16:	|.1..1.+. 0...1.0. +^..0-.. 0.-..+..| ok p=0.951172
Q17:	|.0^.-.-. 1...+... 01..1.^. 1.0..1.^| ok p=0.621094
Q18:	|.1....+. -...+... 10..+^.. +.1..-..| ok p=0.647461
Q19:	|.+..^.+. ...0-... .-...... .....-.0| ok p=0.699219
Q20:	|...0..1. ^..1-..0 ...0^... ^....001| ok p=1
Q21:	|.^.1..1. ...-0..1 .^.1.... 0....11-| ok p=0.943359
Q22:	|...+.... ....0..+ ...-.... 1.....+.| ok p=0.68457
Q23:	|......0. ...^.... ........ +.0....^| ok p=1
Q24:	|...^..1. ..0....^ ...^.0.. ..1...^.| ok p=0.99707
Q25:	|......-. ..1..... ........ ^.-.....| ok p=0.939453
Q26:	|.0...... ..-..... ....0+.. ........| ok p=1
Q27:	|.1....^. ........ ....1+.. ..^.....| ok p=0.754883
Q28:	|.+...... ..^..... ....+-.. ........| ok p=0.756836
Q29:	|.0...... ........ .....0.. ........| ok p=0.774414
Q30:	|.-...... ........ ....^1.. ........| ok p=1
Q31:	|.-...... ........ ........ ........| ok p=0.745117
Q32:	|........ ........ ........ ........| ok p=1
Q33:	|.!...... ........ ........ ........| ok p=1
Q34:	|........ ........ ........ ........| ok p=1
Q35:	|........ ........ ........ ........| ok p=1
Q36:	|........ ........ ........ ........| ok p=1
Q37:	|........ ........ ........ ........| ok p=1
Q38:	|........ ........ ........ ........| ok p=1
Q39:	|........ ........ ........ ........| ok p=1
Q40:	|........ ........ ........ ........| ok p=1
Q41:	|........ ........ ........ ........| ok p=1
Q42:	|........ ........ ........ ........| ok p=1
Q43:	|........ ........ ........ ........| ok p=1
Q44:	|........ ........ ........ ........| ok p=1
Q45:	|........ ........ ........ ........| ok p=1
Q46:	|........ ........ ........ ........| ok p=1
Q47:	|........ ........ ........ ........| ok p=1
Q48:	|........ ........ ........ ........| ok p=1
Q49:	|........ ........ ........ ........| ok p=1
Q50:	|........ ........ ........ ........| ok p=1
Q51:	|........ ........ ........ ........| ok p=1
Q52:	|........ ........ ........ ........| ok p=1
Q53:	|........ ........ ........ ........| ok p=1
Q54:	|........ ........ ........ ........| ok p=1
Q55:	|........ ........ ........ ........| ok p=1
Q56:	|........ ........ ........ ........| ok p=1
Q57:	|........ ........ ........ ........| ok p=1
Q58:	|........ ........ ........ ........| ok p=1
Q59:	|........ ........ ........ ........| ok p=1
Q60:	|........ ........ .......0 ........| ok p=1
Q61:	|........ ........ .......0 ........| ok p=0.763672
Q62:	|........ ........ .......+ ........| ok p=1
Q63:	|........ ........ .......+ ........| ok p=0.882812
Q64:	|..-..... ........ .......+ ........|
Best path: totcompl=-30 tottunnel=29, totcond=582, p=0.00749257
Q-3:	|10111000 00100011 01100100 10100001|
Q-2:	|-++10+-- 0011++++ +11+110- 110+---0|
Q-1:	|1-+0010+ 11+-100- ++--00-+ 110010+0|
Q0:	|00011+-- ----++1- ++1--+1- 1-+-+++1| ok p=0.518555
Q1:	|.-0.--00 +-0.++.. ++0-100+ .1--001.| ok p=0.636719
Q2:	|.0-.0+1+ +.+0-..0 00.-00.+ .--.+0+0| ok p=1
Q3:	|!++.1-.- .010+0.. 1-.-.... .1.10.10| ok p=1
Q4:	|!+1..-.- 1.11-... .-.+.^.1 .00.-.-+| ok p=1
Q5:	|!++..0.+ ..++-.^. .0.+.-1. .1..1.0+| ok p=1
Q6:	|^.-..-.1 .0++..+. .+..^00. ....+.++| ok p=1
Q7:	|.1-.0-.0 .0++0.0! .-.0-00. ..1.+.+1| ok p=1
Q8:	|..-.1-.- .-10..-. .-..1.0. ..1....+| ok p=1
Q9:	|.!..+..0 .-01..1. ^-..+1-. .!+.1.11| ok p=1
Q10:	|0.11+100 0-1.^.10 +0000.+. 0.+101.+| ok p=1
Q11:	|1.00-111 00-0-1-1 1+11-01. 111000.0| ok p=1
Q12:	|+^1+---- ---1000- 00--111. -0+---^-| ok p=1
Q13:	|10-0.011 -+-+--+- ++1-++-. 1+-++++-| ok p=1
Q14:	|011010-1 .0.001-1 -+0.100. 01011111| ok p=1
Q15:	|.--00.-. 0010-010 +..001+. .1-10+0-| ok p=0.642578
Q16:	|.1..1.+. 0...1.0. +^..0-.. 0.-..+..| ok p=0.944336
Q17:	|.0^.-.-. 1...+... 01..1.^. 1.0..1.^| ok p=0.625
Q18:	|.1....+. -...+... 10..+^.. +.1..-..| ok p=0.641602
Q19:	|.+..^.+. ...0-... .-...... .....-.0| ok p=0.730469
Q20:	|...0..1. ^..1-..0 ...0^... ^....001| ok p=1
Q21:	|.^.1..1. ...-0..1 .^.1.... 0....11-| ok p=0.950195
Q22:	|...+.... ....0..+ ...-.... 1.....+.| ok p=0.695312
Q23:	|......0. ...^.... ........ +.0....^| ok p=1
Q24:	|...^..1. ..0....^ ...^.0.. ..1...^.| ok p=0.985352
Q25:	|......-. ..1..... ........ ^.-.....| ok p=0.928711
Q26:	|.0...... ..-..... ....0+.. ........| ok p=1
Q27:	|.1....^. ........ ....1+.. ..^.....| ok p=0.727539
Q28:	|.+...... ..^..... ....+-.. ........| ok p=0.751953
Q29:	|.0...... ........ .....0.. ........| ok p=0.750977
Q30:	|.-...... ........ ....^1.. ........| ok p=1
Q31:	|.-...... ........ ........ ........| ok p=0.749023
Q32:	|........ ........ ........ ........| ok p=1
Q33:	|.!...... ........ ........ ........| ok p=1
Q34:	|........ ........ ........ ........| ok p=1
Q35:	|........ ........ ........ ........| ok p=1
Q36:	|........ ........ ........ ........| ok p=1
Q37:	|........ ........ ........ ........| ok p=1
Q38:	|........ ........ ........ ........| ok p=1
Q39:	|........ ........ ........ ........| ok p=1
Q40:	|........ ........ ........ ........| ok p=1
Q41:	|........ ........ ........ ........| ok p=1
Q42:	|........ ........ ........ ........| ok p=1
Q43:	|........ ........ ........ ........| ok p=1
Q44:	|........ ........ ........ ........| ok p=1
Q45:	|........ ........ ........ ........| ok p=1
Q46:	|........ ........ ........ ........| ok p=1
Q47:	|........ ........ ........ ........| ok p=1
Q48:	|........ ........ ........ ........| ok p=1
Q49:	|........ ........ ........ ........| ok p=1
Q50:	|........ ........ ........ ........| ok p=1
Q51:	|........ ........ ........ ........| ok p=1
Q52:	|........ ........ ........ ........| ok p=1
Q53:	|........ ........ ........ ........| ok p=1
Q54:	|........ ........ ........ ........| ok p=1
Q55:	|........ ........ ........ ........| ok p=1
Q56:	|........ ........ ........ ........| ok p=1
Q57:	|........ ........ ........ ........| ok p=1
Q58:	|........ ........ ........ ........| ok p=1
Q59:	|........ ........ ........ ........| ok p=1
Q60:	|........ ........ .......0 ........| ok p=1
Q61:	|........ ........ .......0 ........| ok p=0.750977
Q62:	|........ ........ .......+ ........| ok p=1
Q63:	|........ ........ .......+ ........| ok p=0.870117
Q64:	|..-..... ........ .......+ ........|
Best path: totcompl=-28 tottunnel=31, totcond=582, p=0.00725698
Q-3:	|10111000 00100011 01100100 10100001|
Q-2:	|-++10+-- 0011++++ +11+110- 110+---0|
Q-1:	|1-+0010+ 11+-100- ++--00-+ 110010+0|
Q0:	|00011+-- ----++1- ++1--+1- 1-+-+++1| ok p=0.479492
Q1:	|.-0.--00 +-0.++.. ++0-100+ .1--001.| ok p=0.643555
Q2:	|.0-.0+1+ +.+0-..0 .0.-00.+ .--.+0+0| ok p=1
Q3:	|!++.1-.- .010+0.1 1-.-.... .1.10.10| ok p=1
Q4:	|!+1..-.- 1.11-... .-.+.^.1 .00.-.-+| ok p=1
Q5:	|!++..0.+ ..++-.^. .0.+.-1. ..1.1.0+| ok p=1
Q6:	|^.-..-.1 .0++..+. .+..^00. ....+.++| ok p=1
Q7:	|.1-.0-.0 .0++000. !-.0-10. ..0.+.+1| ok p=1
Q8:	|..-.1-.- .-.0..-. .-..1.0. ..0...+0| ok p=1
Q9:	|.!..+..0 .-11.01. ^-..+1-. .!+.1..+| ok p=1
Q10:	|1.10+110 .-10.010 +1.00.+0 01+0..10| ok p=1
Q11:	|0.11-101 1.1+.+01 0+01-011 1111..0-| ok p=0.203125
Q12:	|-.0+---- 01-0.-+- 0-1+10++ +-++^^+1| ok p=0.483398
Q13:	|10-0.0-+ +.+11+1+ +0++++-1 1+-++++0| ok p=1
Q14:	|011001-1 0.0.00-1 0-0.0+00 010.11.0| ok p=1
Q15:	|1--.0.-0 1.1.-010 +00010+. .1-00+0-| ok p=0.608398
Q16:	|.1..1.+. 0...1.0. +0..0-.. 0.-..+..| ok p=0.945312
Q17:	|.0^.-.-. 1...+... 01..1.^. 1.0..1.^| ok p=0.62793
Q18:	|.1....+. -...+... 10..+^.. +.1..-..| ok p=0.614258
Q19:	|.+..^.+. ...0-... .-...... .....-.0| ok p=0.71875
Q20:	|...0..1. ^..1-..0 ...0^... ^....001| ok p=1
Q21:	|.^.1..1. ...-0..1 .^.1.... 0....11-| ok p=0.938477
Q22:	|...+.... ....0..+ ...-.... 1.....+.| ok p=0.712891
Q23:	|......0. ...^.... ........ +.0....^| ok p=1
Q24:	|...^..1. ..0....^ ...^.0.. ..1...^.| ok p=0.995117
Q25:	|......-. ..1..... ........ ^.-.....| ok p=0.915039
Q26:	|.0...... ..-..... ....0+.. ........| ok p=1
Q27:	|.1....^. ........ ....1+.. ..^.....| ok p=0.746094
Q28:	|.+...... ..^..... ....+-.. ........| ok p=0.720703
Q29:	|.0...... ........ .....0.. ........| ok p=0.74707
Q30:	|.-...... ........ ....^1.. ........| ok p=1
Q31:	|.-...... ........ ........ ........| ok p=0.754883
Q32:	|........ ........ ........ ........| ok p=1
Q33:	|.!...... ........ ........ ........| ok p=1
Q34:	|........ ........ ........ ........| ok p=1
Q35:	|........ ........ ........ ........| ok p=1
Q36:	|........ ........ ........ ........| ok p=1
Q37:	|........ ........ ........ ........| ok p=1
Q38:	|........ ........ ........ ........| ok p=1
Q39:	|........ ........ ........ ........| ok p=1
Q40:	|........ ........ ........ ........| ok p=1
Q41:	|........ ........ ........ ........| ok p=1
Q42:	|........ ........ ........ ........| ok p=1
Q43:	|........ ........ ........ ........| ok p=1
Q44:	|........ ........ ........ ........| ok p=1
Q45:	|........ ........ ........ ........| ok p=1
Q46:	|........ ........ ........ ........| ok p=1
Q47:	|........ ........ ........ ........| ok p=1
Q48:	|........ ........ ........ ........| ok p=1
Q49:	|........ ........ ........ ........| ok p=1
Q50:	|........ ........ ........ ........| ok p=1
Q51:	|........ ........ ........ ........| ok p=1
Q52:	|........ ........ ........ ........| ok p=1
Q53:	|........ ........ ........ ........| ok p=1
Q54:	|........ ........ ........ ........| ok p=1
Q55:	|........ ........ ........ ........| ok p=1
Q56:	|........ ........ ........ ........| ok p=1
Q57:	|........ ........ ........ ........| ok p=1
Q58:	|........ ........ ........ ........| ok p=1
Q59:	|........ ........ ........ ........| ok p=1
Q60:	|........ ........ .......0 ........| ok p=1
Q61:	|........ ........ .......0 ........| ok p=0.74707
Q62:	|........ ........ .......+ ........| ok p=1
Q63:	|........ ........ .......+ ........| ok p=0.874023
Q64:	|..-..... ........ .......+ ........|
Best path: totcompl=-28 tottunnel=31, totcond=580, p=0.000602138
****Q-3:	|10111000 00100011 01100100 10100001|
Q-2:	|-++10+-- 0011++++ +11+110- 110+---0|
Q-1:	|1-+0010+ 11+-100- ++--00-+ 110010+0|
Q0:	|00011+-- ----++1- ++1--+1- 1-+-+++1| ok p=0.510742
Q1:	|.-0.--00 +-0.++.. ++0-100+ .1--001.| ok p=0.630859
Q2:	|.0-.0+1+ +.+0-..0 00.-00.+ .--.+0+0| ok p=1
Q3:	|!++.-+.- .01.+0.. 1-.-.... .1.00.10| ok p=1
Q4:	|!+1.-0.- 1.1!-... -+.+.^.1 .00.-.1-| ok p=1
Q5:	|!++..-.+ ...^+.^. 01^+.-.. ...!0..-| ok p=1
Q6:	|!.-001.0 ...+0.+. +0+.!0.. ....+..+| ok p=0.998047
Q7:	|11-..1.0 ..100.0! 0.00.-.. ..0.+..1| ok p=1
Q8:	|00-.00.0 ..0+..-. 1.0..-.. ..0....0| ok p=1
Q9:	|-.-^.+.+ ..+1..+. 1.0..0.. .!+.1..-| ok p=1
Q10:	|+..+001- 0.-0.1+0 +0+1!+.. ..-..10-| ok p=1
Q11:	|-111100- 1^0-00.1 01+11+10 .000.11-| ok p=1
Q12:	|+00+-0-+ -+01.-1+ +--+0+01 ^011^+++| ok p=1
Q13:	|--+----0 01++10.1 --+---+- --.-+++1| ok p=1
Q14:	|+001.1-1 11001-.0 0+100100 00^110.0| ok p=1
Q15:	|1--101-. ..00-1.+ 01001+-0 01-10+1-| ok p=0.439453
Q16:	|1-..1.+. 0...01.. .+..0-.. 0.-..+..| ok p=0.586914
Q17:	|.1^.+.1. 1...+..^ .0..11^. 1.0..1.^| ok p=0.583008
Q18:	|.1....1. +...+... .0..+0.. +.1..-..| ok p=0.672852
Q19:	|.+..^.+. ...0-... .-...... .....-.0| ok p=0.730469
Q20:	|...0.... ^..1-..0 ...0^... ^....001| ok p=1
Q21:	|.^.1..^. ...-0..1 .^.1.... 0....11+| ok p=0.928711
Q22:	|...+.... ....0..+ ...-.... 1.....+.| ok p=0.692383
Q23:	|......0. ...^.... ........ +.0...1^| ok p=1
Q24:	|...^..1. ..0....^ ...^.0.. ..1...0.| ok p=0.989258
Q25:	|......-. ..1..... ........ ^.-.....| ok p=0.935547
Q26:	|.0...... ..-..... ....0+.. ........| ok p=1
Q27:	|.1....^. ........ ....1+.. ..^.....| ok p=0.746094
Q28:	|.+...... ..^..... ....+-.. ........| ok p=0.75293
Q29:	|.0...... ........ .....0.. ........| ok p=0.737305
Q30:	|.-...... ........ ....^1.. ........| ok p=1
Q31:	|.-...... ........ ........ ........| ok p=0.749023
Q32:	|........ ........ ........ ........| ok p=1
Q33:	|.!...... ........ ........ ........| ok p=1
Q34:	|........ ........ ........ ........| ok p=1
Q35:	|........ ........ ........ ........| ok p=1
Q36:	|........ ........ ........ ........| ok p=1
Q37:	|........ ........ ........ ........| ok p=1
Q38:	|........ ........ ........ ........| ok p=1
Q39:	|........ ........ ........ ........| ok p=1
Q40:	|........ ........ ........ ........| ok p=1
Q41:	|........ ........ ........ ........| ok p=1
Q42:	|........ ........ ........ ........| ok p=1
Q43:	|........ ........ ........ ........| ok p=1
Q44:	|........ ........ ........ ........| ok p=1
Q45:	|........ ........ ........ ........| ok p=1
Q46:	|........ ........ ........ ........| ok p=1
Q47:	|........ ........ ........ ........| ok p=1
Q48:	|........ ........ ........ ........| ok p=1
Q49:	|........ ........ ........ ........| ok p=1
Q50:	|........ ........ ........ ........| ok p=1
Q51:	|........ ........ ........ ........| ok p=1
Q52:	|........ ........ ........ ........| ok p=1
Q53:	|........ ........ ........ ........| ok p=1
Q54:	|........ ........ ........ ........| ok p=1
Q55:	|........ ........ ........ ........| ok p=1
Q56:	|........ ........ ........ ........| ok p=1
Q57:	|........ ........ ........ ........| ok p=1
Q58:	|........ ........ ........ ........| ok p=1
Q59:	|........ ........ ........ ........| ok p=1
Q60:	|........ ........ .......0 ........| ok p=1
Q61:	|........ ........ .......0 ........| ok p=0.74707
Q62:	|........ ........ .......+ ........| ok p=1
Q63:	|........ ........ .......+ ........| ok p=0.861328
Q64:	|..-..... ........ .......+ ........|
Best path: totcompl=-27 tottunnel=33, totcond=580, p=0.00301158
Q-3:	|10111000 00100011 01100100 10100001|
Q-2:	|-++10+-- 0011++++ +11+110- 110+---0|
Q-1:	|1-+0010+ 11+-100- ++--00-+ 110010+0|
Q0:	|00011+-- ----++1- ++1--+1- 1-+-+++1| ok p=0.50293
Q1:	|.-0.--00 +-0.++.. ++0-100+ .1--001.| ok p=0.598633
Q2:	|.0-.0+1+ +.+0-..0 00.-00.+ .--.+0+0| ok p=1
Q3:	|!++.-+.- .01.+0.. 1-.-.... .1.00.10| ok p=1
Q4:	|!+1.-0.- 1.1!-... -+.+.^.1 .00.-.1-| ok p=1
Q5:	|!++..-.+ ...^+.^. 01^+.-.. ..1.0..-| ok p=1
Q6:	|!.-001.0 ...+0.+. +0+.!0.. ....+..+| ok p=1
Q7:	|11-..1.0 ..100.0! 0.00.-.. ..0.+..1| ok p=1
Q8:	|00-.00.0 ..0+..-. 1.0..-.. ..0....0| ok p=1
Q9:	|-.-^.+.+ ..+1..+. 1.0..0.. .!+.1..-| ok p=1
Q10:	|+..+001- 0.-0.1+0 +0+1!+.. ..-..10-| ok p=1
Q11:	|-011100- 1^0-.0.1 01+11+10 .000.11-| ok p=1
Q12:	|-10+-0-+ -+01^-1+ +--+0+01 ^011^+++| ok p=1
Q13:	|+-+----0 01++10.1 --+---+- --.-+++1| ok p=1
Q14:	|+001.1-1 11001-.0 0+100100 00^110.0| ok p=1
Q15:	|.--101-. ..00-1.+ 01001+-0 01-10+1-| ok p=0.474609
Q16:	|^-..1.+. 0...01.. .+..0-.. 0.-..+..| ok p=0.589844
Q17:	|.1^.+.1. 1...+..^ .0..11^. 1.0..1.^| ok p=0.581055
Q18:	|.1....1. +...+... .0..+0.. +.1..-..| ok p=0.654297
Q19:	|.+..^.+. ...0-... .-...... .....-.0| ok p=0.725586
Q20:	|...0.... ^..1-..0 ...0^... ^....001| ok p=1
Q21:	|.^.1..^. ...-0..1 .^.1.... 0....11+| ok p=0.933594
Q22:	|...+.... ....0..+ ...-.... 1.....+.| ok p=0.705078
Q23:	|......0. ...^.... ........ +.0...1^| ok p=1
Q24:	|...^..1. ..0....^ ...^.0.. ..1...0.| ok p=0.992188
Q25:	|......-. ..1..... ........ ^.-.....| ok p=0.926758
Q26:	|.0...... ..-..... ....0+.. ........| ok p=1
Q27:	|.1....^. ........ ....1+.. ..^.....| ok p=0.767578
Q28:	|.+...... ..^..... ....+-.. ........| ok p=0.74707
Q29:	|.0...... ........ .....0.. ........| ok p=0.74707
Q30:	|.-...... ........ ....^1.. ........| ok p=1
Q31:	|.-...... ........ ........ ........| ok p=0.734375
Q32:	|........ ........ ........ ........| ok p=1
Q33:	|.!...... ........ ........ ........| ok p=1
Q34:	|........ ........ ........ ........| ok p=1
Q35:	|........ ........ ........ ........| ok p=1
Q36:	|........ ........ ........ ........| ok p=1
Q37:	|........ ........ ........ ........| ok p=1
Q38:	|........ ........ ........ ........| ok p=1
Q39:	|........ ........ ........ ........| ok p=1
Q40:	|........ ........ ........ ........| ok p=1
Q41:	|........ ........ ........ ........| ok p=1
Q42:	|........ ........ ........ ........| ok p=1
Q43:	|........ ........ ........ ........| ok p=1
Q44:	|........ ........ ........ ........| ok p=1
Q45:	|........ ........ ........ ........| ok p=1
Q46:	|........ ........ ........ ........| ok p=1
Q47:	|........ ........ ........ ........| ok p=1
Q48:	|........ ........ ........ ........| ok p=1
Q49:	|........ ........ ........ ........| ok p=1
Q50:	|........ ........ ........ ........| ok p=1
Q51:	|........ ........ ........ ........| ok p=1
Q52:	|........ ........ ........ ........| ok p=1
Q53:	|........ ........ ........ ........| ok p=1
Q54:	|........ ........ ........ ........| ok p=1
Q55:	|........ ........ ........ ........| ok p=1
Q56:	|........ ........ ........ ........| ok p=1
Q57:	|........ ........ ........ ........| ok p=1
Q58:	|........ ........ ........ ........| ok p=1
Q59:	|........ ........ ........ ........| ok p=1
Q60:	|........ ........ .......0 ........| ok p=1
Q61:	|........ ........ .......0 ........| ok p=0.743164
Q62:	|........ ........ .......+ ........| ok p=1
Q63:	|........ ........ .......+ ........| ok p=0.879883
Q64:	|..-..... ........ .......+ ........|
Best path: totcompl=-27 tottunnel=33, totcond=579, p=0.0026367
**Best paths: 2
**********Q-3:	|10111000 00100011 01100100 10100001|
Q-2:	|-++10+-- 0011++++ +11+110- 110+---0|
Q-1:	|1-+0010+ 11+-100- ++--00-+ 110010+0|
Q0:	|00011+-- ----++1- ++1--+1- 1-+-+++1| ok p=0.480469
Q1:	|.-0.--00 +-0.++.. ++0-100+ .1--001.| ok p=0.623047
Q2:	|.0-.0+1+ +.+0-..0 00.-00.+ .--.+0+0| ok p=1
Q3:	|!++.-+.- .01.+0.. 1-.-.... .1.00.10| ok p=1
Q4:	|!+1.-0.- 1.1!-... -+.+.^.1 .00.-.1-| ok p=1
Q5:	|!++..-.+ ...^+.^. 01^+.-.. ..1.0..-| ok p=1
Q6:	|!0-.01.0 ...+0.+. +0+.!0.. ....+..+| ok p=1
Q7:	|11-..1.1 ...10.0! 0100.-.. ....+..1| ok p=1
Q8:	|1-+^..^1 ..!+..-. 1-1..1.. .......0| ok p=1
Q9:	|-01-^.-- ...-..+. .-0..+.. ..!.1..-| ok p=1
Q10:	|0--1-.1- ..1-.1+0 .++..+.. 011...0+| ok p=1
Q11:	|11--0.-+ ..0100+1 .00..1.1 11100011| ok p=1
Q12:	|++1+1.1- ^^++1+1+ .+0^^1^0 -++111+-| ok p=1
Q13:	|1+-++.01 -+1---++ .0+----- ---++++1| ok p=1
Q14:	|10000.-1 110001-+ .-101100 .00111.0| ok p=1
Q15:	|.--0+.-. 00.0-10+ !10001+1 01-10+0-| ok p=0.575195
Q16:	|.1..0.+. 0...1.01 .+..0-.. 0.-..+..| ok p=0.936523
Q17:	|.0^.-.-. 1...+..0 .0..1.^. 1.0..1.^| ok p=0.651367
Q18:	|.1....+. -...+... .0..+^.. +.1..-..| ok p=0.641602
Q19:	|.+..^.+. ...0-... .-...... .....-.0| ok p=0.714844
Q20:	|...0..1. ^..1-..0 ...0^... ^....001| ok p=1
Q21:	|.^.1..1. ...-0..1 .^.1.... 0....11-| ok p=0.961914
Q22:	|...+.... ....0..+ ...-.... 1.....+.| ok p=0.698242
Q23:	|......0. ...^.... ........ +.0....^| ok p=1
Q24:	|...^..1. ..0....^ ...^.0.. ..1...^.| ok p=0.988281
Q25:	|......-. ..1..... ........ ^.-.....| ok p=0.935547
Q26:	|.0...... ..-..... ....0+.. ........| ok p=1
Q27:	|.1....^. ........ ....1+.. ..^.....| ok p=0.75293
Q28:	|.+...... ..^..... ....+-.. ........| ok p=0.745117
Q29:	|.0...... ........ .....0.. ........| ok p=0.77832
Q30:	|.-...... ........ ....^1.. ........| ok p=1
Q31:	|.-...... ........ ........ ........| ok p=0.74707
Q32:	|........ ........ ........ ........| ok p=1
Q33:	|.!...... ........ ........ ........| ok p=1
Q34:	|........ ........ ........ ........| ok p=1
Q35:	|........ ........ ........ ........| ok p=1
Q36:	|........ ........ ........ ........| ok p=1
Q37:	|........ ........ ........ ........| ok p=1
Q38:	|........ ........ ........ ........| ok p=1
Q39:	|........ ........ ........ ........| ok p=1
Q40:	|........ ........ ........ ........| ok p=1
Q41:	|........ ........ ........ ........| ok p=1
Q42:	|........ ........ ........ ........| ok p=1
Q43:	|........ ........ ........ ........| ok p=1
Q44:	|........ ........ ........ ........| ok p=1
Q45:	|........ ........ ........ ........| ok p=1
Q46:	|........ ........ ........ ........| ok p=1
Q47:	|........ ........ ........ ........| ok p=1
Q48:	|........ ........ ........ ........| ok p=1
Q49:	|........ ........ ........ ........| ok p=1
Q50:	|........ ........ ........ ........| ok p=1
Q51:	|........ ........ ........ ........| ok p=1
Q52:	|........ ........ ........ ........| ok p=1
Q53:	|........ ........ ........ ........| ok p=1
Q54:	|........ ........ ........ ........| ok p=1
Q55:	|........ ........ ........ ........| ok p=1
Q56:	|........ ........ ........ ........| ok p=1
Q57:	|........ ........ ........ ........| ok p=1
Q58:	|........ ........ ........ ........| ok p=1
Q59:	|........ ........ ........ ........| ok p=1
Q60:	|........ ........ .......0 ........| ok p=1
Q61:	|........ ........ .......0 ........| ok p=0.726562
Q62:	|........ ........ .......+ ........| ok p=1
Q63:	|........ ........ .......+ ........| ok p=0.871094
Q64:	|..-..... ........ .......+ ........|
Best path: totcompl=-26 tottunnel=33, totcond=570, p=0.00636474
Q-3:	|10111000 00100011 01100100 10100001|
Q-2:	|-++10+-- 0011++++ +11+110- 110+---0|
Q-1:	|1-+0010+ 11+-100- ++--00-+ 110010+0|
Q0:	|00011+-- ----++1- ++1--+1- 1-+-+++1| ok p=0.480469
Q1:	|.-0.--00 +-0.++.. ++0-100+ .1--001.| ok p=0.611328
Q2:	|.0-.0+1+ +.+0-..0 00.-00.+ .--.+0+0| ok p=1
Q3:	|!++.-+.- .01.+0.. 1-.-.... .1.00.10| ok p=1
Q4:	|!+1.-0.- 1.1!-... -+.+.^.1 .00.-.1-| ok p=1
Q5:	|!++..-.+ ...^+.^. 01^+.-.. ...!0..-| ok p=1
Q6:	|!0-.01.0 ...+0.+. +0+.!0.. ....+..+| ok p=1
Q7:	|11-..1.1 ...10.0! 0100.-.. ....+..1| ok p=1
Q8:	|1-+^..^1 ..!+..-. 1-1..1.. .......0| ok p=1
Q9:	|-01-^.-- ...-..+. .-0..+.. ..!.1..-| ok p=1
Q10:	|0--1-.1- ..0-.1+0 .++..+.. 011...0+| ok p=1
Q11:	|11--0.-+ .^1110+1 .00..1.1 11100011| ok p=1
Q12:	|++1+1.1- ^+-+0+1+ .+0^^1^0 -++111+-| ok p=1
Q13:	|1+-++.01 -1++--++ .0+----- ---++++1| ok p=1
Q14:	|10000.-1 101.01-+ .-101100 .00111.0| ok p=1
Q15:	|.--0+.-. 0.00-10+ !10001+1 01-10+0-| ok p=0.591797
Q16:	|.1..0.+. 0...1.01 .+..0-.. 0.-..+..| ok p=0.928711
Q17:	|.0^.-.-. 1...+..0 .0..1.^. 1.0..1.^| ok p=0.617188
Q18:	|.1....+. -...+... .0..+^.. +.1..-..| ok p=0.636719
Q19:	|.+..^.+. ...0-... .-...... .....-.0| ok p=0.722656
Q20:	|...0..1. ^..1-..0 ...0^... ^....001| ok p=1
Q21:	|.^.1..1. ...-0..1 .^.1.... 0....11-| ok p=0.951172
Q22:	|...+.... ....0..+ ...-.... 1.....+.| ok p=0.708984
Q23:	|......0. ...^.... ........ +.0....^| ok p=1
Q24:	|...^..1. ..0....^ ...^.0.. ..1...^.| ok p=0.995117
Q25:	|......-. ..1..... ........ ^.-.....| ok p=0.945312
Q26:	|.0...... ..-..... ....0+.. ........| ok p=1
Q27:	|.1....^. ........ ....1+.. ..^.....| ok p=0.740234
Q28:	|.+...... ..^..... ....+-.. ........| ok p=0.745117
Q29:	|.0...... ........ .....0.. ........| ok p=0.749023
Q30:	|.-...... ........ ....^1.. ........| ok p=1
Q31:	|.-...... ........ ........ ........| ok p=0.734375
Q32:	|........ ........ ........ ........| ok p=1
Q33:	|.!...... ........ ........ ........| ok p=1
Q34:	|........ ........ ........ ........| ok p=1
Q35:	|........ ........ ........ ........| ok p=1
Q36:	|........ ........ ........ ........| ok p=1
Q37:	|........ ........ ........ ........| ok p=1
Q38:	|........ ........ ........ ........| ok p=1
Q39:	|........ ........ ........ ........| ok p=1
Q40:	|........ ........ ........ ........| ok p=1
Q41:	|........ ........ ........ ........| ok p=1
Q42:	|........ ........ ........ ........| ok p=1
Q43:	|........ ........ ........ ........| ok p=1
Q44:	|........ ........ ........ ........| ok p=1
Q45:	|........ ........ ........ ........| ok p=1
Q46:	|........ ........ ........ ........| ok p=1
Q47:	|........ ........ ........ ........| ok p=1
Q48:	|........ ........ ........ ........| ok p=1
Q49:	|........ ........ ........ ........| ok p=1
Q50:	|........ ........ ........ ........| ok p=1
Q51:	|........ ........ ........ ........| ok p=1
Q52:	|........ ........ ........ ........| ok p=1
Q53:	|........ ........ ........ ........| ok p=1
Q54:	|........ ........ ........ ........| ok p=1
Q55:	|........ ........ ........ ........| ok p=1
Q56:	|........ ........ ........ ........| ok p=1
Q57:	|........ ........ ........ ........| ok p=1
Q58:	|........ ........ ........ ........| ok p=1
Q59:	|........ ........ ........ ........| ok p=1
Q60:	|........ ........ .......0 ........| ok p=1
Q61:	|........ ........ .......0 ........| ok p=0.762695
Q62:	|........ ........ .......+ ........| ok p=1
Q63:	|........ ........ .......+ ........| ok p=0.881836
Q64:	|..-..... ........ .......+ ........|
Best path: totcompl=-25 tottunnel=34, totcond=570, p=0.00524356
Best paths: 2
Q-3:	|10111000 00100011 01100100 10100001|
Q-2:	|-++10+-- 0011++++ +11+110- 110+---0|
Q-1:	|1-+0010+ 11+-100- ++--00-+ 110010+0|
Q0:	|00011+-- ----++1- ++1--+1- 1-+-+++1| ok p=0.510742
Q1:	|.-0.--00 +-0.++.. ++0-100+ .1--001.| ok p=0.638672
Q2:	|.0-.0+1+ +.+0-..0 00.-00.+ .--.+0+0| ok p=1
Q3:	|!++.-+.- .01.+0.. 1-.-.... .1.00.10| ok p=1
Q4:	|!+1.-0.- 1.1!-... -+.+.^.1 .00.-.1-| ok p=1
Q5:	|!++..-.+ ...^+.^. 01^+.-.. ...!0..-| ok p=1
Q6:	|!0-.01.0 ...+0.+. +0+.!0.. ....+..+| ok p=1
Q7:	|11-..1.1 ...10.0! 0100.-.. ....+..1| ok p=1
Q8:	|1-+^..^1 ..!+..-. 1-1..1.. .......0| ok p=1
Q9:	|-01-^.-- ...-..+. .-0..+.. .!..1..-| ok p=1
Q10:	|0--1-.1- ..1-.1+0 .++..+00 000...0+| ok p=1
Q11:	|11--0.-+ ..0100+1 .00..111 100..111| ok p=1
Q12:	|++1+1.1- .^++1+1+ .+0^^1-+ +++^^0+-| ok p=1
Q13:	|1+-++.01 .-1---++ .0+----- ---++++1| ok p=1
Q14:	|100.0.-1 .10001-+ .-101100 000111.0| ok p=1
Q15:	|0--0+.-. .0.0-10+ !10001+1 01-10+0-| ok p=0.578125
Q16:	|.1..0.+. 0...1.01 .+..0-.. 0.-..+..| ok p=0.938477
Q17:	|.0^.-.-. 1...+..0 .0..1.^. 1.0..1.^| ok p=0.620117
Q18:	|.1....+. -...+... .0..+^.. +.1..-..| ok p=0.652344
Q19:	|.+..^.+. ...0-... .-...... .....-.0| ok p=0.730469
Q20:	|...0..1. ^..1-..0 ...0^... ^....001| ok p=1
Q21:	|.^.1..1. ...-0..1 .^.1.... 0....11-| ok p=0.946289
Q22:	|...+.... ....0..+ ...-.... 1.....+.| ok p=0.69043
Q23:	|......0. ...^.... ........ +.0....^| ok p=0.999023
Q24:	|...^..1. ..0....^ ...^.0.. ..1...^.| ok p=0.990234
Q25:	|......-. ..1..... ........ ^.-.....| ok p=0.932617
Q26:	|.0...... ..-..... ....0+.. ........| ok p=1
Q27:	|.1....^. ........ ....1+.. ..^.....| ok p=0.767578
Q28:	|.+...... ..^..... ....+-.. ........| ok p=0.767578
Q29:	|.0...... ........ .....0.. ........| ok p=0.763672
Q30:	|.-...... ........ ....^1.. ........| ok p=1
Q31:	|.-...... ........ ........ ........| ok p=0.771484
Q32:	|........ ........ ........ ........| ok p=1
Q33:	|.!...... ........ ........ ........| ok p=1
Q34:	|........ ........ ........ ........| ok p=1
Q35:	|........ ........ ........ ........| ok p=1
Q36:	|........ ........ ........ ........| ok p=1
Q37:	|........ ........ ........ ........| ok p=1
Q38:	|........ ........ ........ ........| ok p=1
Q39:	|........ ........ ........ ........| ok p=1
Q40:	|........ ........ ........ ........| ok p=1
Q41:	|........ ........ ........ ........| ok p=1
Q42:	|........ ........ ........ ........| ok p=1
Q43:	|........ ........ ........ ........| ok p=1
Q44:	|........ ........ ........ ........| ok p=1
Q45:	|........ ........ ........ ........| ok p=1
Q46:	|........ ........ ........ ........| ok p=1
Q47:	|........ ........ ........ ........| ok p=1
Q48:	|........ ........ ........ ........| ok p=1
Q49:	|........ ........ ........ ........| ok p=1
Q50:	|........ ........ ........ ........| ok p=1
Q51:	|........ ........ ........ ........| ok p=1
Q52:	|........ ........ ........ ........| ok p=1
Q53:	|........ ........ ........ ........| ok p=1
Q54:	|........ ........ ........ ........| ok p=1
Q55:	|........ ........ ........ ........| ok p=1
Q56:	|........ ........ ........ ........| ok p=1
Q57:	|........ ........ ........ ........| ok p=1
Q58:	|........ ........ ........ ........| ok p=1
Q59:	|........ ........ ........ ........| ok p=1
Q60:	|........ ........ .......0 ........| ok p=1
Q61:	|........ ........ .......0 ........| ok p=0.763672
Q62:	|........ ........ .......+ ........| ok p=1
Q63:	|........ ........ .......+ ........| ok p=0.87793
Q64:	|..-..... ........ .......+ ........|
Best path: totcompl=-25 tottunnel=34, totcond=568, p=0.00681775
Q-3:	|10111000 00100011 01100100 10100001|
Q-2:	|-++10+-- 0011++++ +11+110- 110+---0|
Q-1:	|1-+0010+ 11+-100- ++--00-+ 110010+0|
Q0:	|00011+-- ----++1- ++1--+1- 1-+-+++1| ok p=0.50293
Q1:	|.-0.--00 +-0.++.. ++0-100+ .1--001.| ok p=0.626953
Q2:	|.0-.0+1+ +.+0-..0 00.-00.+ .--.+0+0| ok p=1
Q3:	|!++.-+.- .01.+0.. 1-.-.... .1.00.10| ok p=1
Q4:	|!+1.-0.- 1.1!-... -+.+.^.1 .00.-.1-| ok p=1
Q5:	|!++..-.+ ...^+.^. 01^+.-.. ..1.0..-| ok p=1
Q6:	|!0-.01.0 ...+0.+. +0+.!0.. ....+..+| ok p=1
Q7:	|11-..1.1 ...10.0! 0100.-.. ....+..1| ok p=1
Q8:	|1-+^..^1 ..!+..-. 1-1..1.. .......0| ok p=1
Q9:	|-01-^.-- ...-..+. .-0..+.. .!..1..-| ok p=0.996094
Q10:	|0--1-.1- ..1-.1+0 .++..+.. 011...0+| ok p=1
Q11:	|11--0.-+ ..0100+1 .00..1.1 11100011| ok p=1
Q12:	|++1+1.1- .^++1+1+ .+0^^1^0 -++111+-| ok p=1
Q13:	|1+-++.01 .-1---++ .0+----- ---++++1| ok p=1
Q14:	|100.0.-1 .10001-+ .-101100 .00111.0| ok p=1
Q15:	|0--0+.-. .0.0-10+ !10001+1 01-10+0-| ok p=0.574219
Q16:	|.1..0.+. 0...1.01 .+..0-.. 0.-..+..| ok p=0.936523
Q17:	|.0^.-.-. 1...+..0 .0..1.^. 1.0..1.^| ok p=0.607422
Q18:	|.1....+. -...+... .0..+^.. +.1..-..| ok p=0.664062
Q19:	|.+..^.+. ...0-... .-...... .....-.0| ok p=0.707031
Q20:	|...0..1. ^..1-..0 ...0^... ^....001| ok p=1
Q21:	|.^.1..1. ...-0..1 .^.1.... 0....11-| ok p=0.928711
Q22:	|...+.... ....0..+ ...-.... 1.....+.| ok p=0.696289
Q23:	|......0. ...^.... ........ +.0....^| ok p=0.999023
Q24:	|...^..1. ..0....^ ...^.0.. ..1...^.| ok p=0.993164
Q25:	|......-. ..1..... ........ ^.-.....| ok p=0.932617
Q26:	|.0...... ..-..... ....0+.. ........| ok p=1
Q27:	|.1....^. ........ ....1+.. ..^.....| ok p=0.757812
Q28:	|.+...... ..^..... ....+-.. ........| ok p=0.749023
Q29:	|.0...... ........ .....0.. ........| ok p=0.758789
Q30:	|.-...... ........ ....^1.. ........| ok p=1
Q31:	|.-...... ........ ........ ........| ok p=0.75293
Q32:	|........ ........ ........ ........| ok p=1
Q33:	|.!...... ........ ........ ........| ok p=1
Q34:	|........ ........ ........ ........| ok p=1
Q35:	|........ ........ ........ ........| ok p=1
Q36:	|........ ........ ........ ........| ok p=1
Q37:	|........ ........ ........ ........| ok p=1
Q38:	|........ ........ ........ ........| ok p=1
Q39:	|........ ........ ........ ........| ok p=1
Q40:	|........ ........ ........ ........| ok p=1
Q41:	|........ ........ ........ ........| ok p=1
Q42:	|........ ........ ........ ........| ok p=1
Q43:	|........ ........ ........ ........| ok p=1
Q44:	|........ ........ ........ ........| ok p=1
Q45:	|........ ........ ........ ........| ok p=1
Q46:	|........ ........ ........ ........| ok p=1
Q47:	|........ ........ ........ ........| ok p=1
Q48:	|........ ........ ........ ........| ok p=1
Q49:	|........ ........ ........ ........| ok p=1
Q50:	|........ ........ ........ ........| ok p=1
Q51:	|........ ........ ........ ........| ok p=1
Q52:	|........ ........ ........ ........| ok p=1
Q53:	|........ ........ ........ ........| ok p=1
Q54:	|........ ........ ........ ........| ok p=1
Q55:	|........ ........ ........ ........| ok p=1
Q56:	|........ ........ ........ ........| ok p=1
Q57:	|........ ........ ........ ........| ok p=1
Q58:	|........ ........ ........ ........| ok p=1
Q59:	|........ ........ ........ ........| ok p=1
Q60:	|........ ........ .......0 ........| ok p=1
Q61:	|........ ........ .......0 ........| ok p=0.742188
Q62:	|........ ........ .......+ ........| ok p=1
Q63:	|........ ........ .......+ ........| ok p=0.880859
Q64:	|..-..... ........ .......+ ........|
Best path: totcompl=-24 tottunnel=35, totcond=566, p=0.00581206
Best paths: 2
**********************************
Best path: totcompl=-24 tottunnel=35, totcond=566
Verified: 840731 bad out of 840751
Runtime: 905.05
