Extend MD5 differential paths forward
Copyright (C) 2009 Marc Stevens
http://homepages.cwi.nl/~stevens/

delta_m[11] = [!30!]
Loading workdir2/lowerpath.bin.gz...done: 1.
Estimating maxcond for upper bound 8000000 (=2000000 * 4)...
t=1:  0%   10   20   30   40   50   60   70   80   90   100%
      |----|----|----|----|----|----|----|----|----|----|
e     ***************************************************
Found maxcond = 2176
t=1:  0%   10   20   30   40   50   60   70   80   90   100%
      |----|----|----|----|----|----|----|----|----|----|
      ***************************************************
Q-3:	|10111000 00100011 01100100 10100001|
Q-2:	|-++10+-- 0011++++ +11+110- 110+---0|
Q-1:	|1-+0010+ 11+-100- ++--00-+ 110010+0|
Q0:	|00011+-- ----++1- ++1--+1- 1-+-+++1| ok p=1
Q1:	|.-1.--00 0+0.++.. +.++001+ .0--00..| ok p=0.726562
Q2:	|..-.+... .+...-.. ...-...- .-.-..-.|
Saving 2000000 paths...done.
Autobalance parameters: maxcond=154
Verified: 306176 bad out of 3160064
Estimating maxcond for upper bound 8000000 (=2000000 * 4)...
t=2:  0%   10   20   30   40   50   60   70   80   90   100%
      |----|----|----|----|----|----|----|----|----|----|
e     ***************************************************
Found maxcond = 173
t=2:  0%   10   20   30   40   50   60   70   80   90   100%
      |----|----|----|----|----|----|----|----|----|----|
      ***************************************************
Q-3:	|10111000 00100011 01100100 10100001|
Q-2:	|-++10+-- 0011++++ +11+110- 110+---0|
Q-1:	|1-+0010+ 11+-100- ++--00-+ 110010+0|
Q0:	|00011+-- ----++1- ++1--+1- 1-+-+++1| ok p=0.508789
Q1:	|.-0-1+01 +-1.++.. ++1-010+ .-1+101.| ok p=0.770508
Q2:	|.0.--.11 +.-1...1 -..-11.1 ..---1-.| ok p=0.469727
Q3:	|+.-.+... ..-..+.- .+..-..+ .+....-.|
Saving 2000000 paths...done.
Autobalance parameters: maxcond=173
Verified: 0 bad out of 13016576
Estimating maxcond for upper bound 8000000 (=2000000 * 4)...
t=3:  0%   10   20   30   40   50   60   70   80   90   100%
      |----|----|----|----|----|----|----|----|----|----|
e     ***************************************************
Found maxcond = 190
t=3:  0%   10   20   30   40   50   60   70   80   90   100%
      |----|----|----|----|----|----|----|----|----|----|
      ***************************************************
Q-3:	|10111000 00100011 01100100 10100001|
Q-2:	|-++10+-- 0011++++ +11+110- 110+---0|
Q-1:	|1-+0010+ 11+-100- ++--00-+ 110010+0|
Q0:	|00011+-- ----++1- ++1--+1- 1-+-+++1| ok p=0.509766
Q1:	|.-0-0+00 +1--0-.. ++1-011+ .0--00..| ok p=0.62793
Q2:	|.-.--.00 +0.01-.1 11.-01.1 .0-.0+1.| ok p=0.499023
Q3:	|...++1.. ..1-.... --...+.- ..+1.+..| ok p=0.47168
Q4:	|.-..+... +.-..-.. -.-.+..+ ...+.-.-|
Saving 724384 paths...done.
Autobalance parameters: maxcond=190
Verified: 384 bad out of 724768
Estimating maxcond for upper bound 8000000 (=2000000 * 4)...
t=4:  0%   10   20   30   40   50   60   70   80   90   100%
      |----|----|----|----|----|----|----|----|----|----|
e     ***************************************************
Found maxcond = 208
t=4:  0%   10   20   30   40   50   60   70   80   90   100%
      |----|----|----|----|----|----|----|----|----|----|
      ***************************************************
Q-3:	|10111000 00100011 01100100 10100001|
Q-2:	|-++10+-- 0011++++ +11+110- 110+---0|
Q-1:	|1-+0010+ 11+-100- ++--00-+ 110010+0|
Q0:	|00011+-- ----++1- ++1--+1- 1-+-+++1| ok p=0.505859
Q1:	|.-0-1+11 +0--1-.. ++1-111+ .0--00..| ok p=0.427734
Q2:	|.+.--.11 000.0-.1 .1.-11V1 .--.+11V| ok p=0.456055
Q3:	|.-.--1.. 1.-1.0.. 0-..-..1 .1.1-...| ok p=0.429688
Q4:	|.+..+... -.-..-.. .-.10.-. .11.0..-| ok p=0.675781
Q5:	|..+...-. .-.-.+.. ..+.+.+. .-.+.-.+|
Saving 2000000 paths...done.
Autobalance parameters: maxcond=207
Verified: 34032 bad out of 2331409
Estimating maxcond for upper bound 8000000 (=2000000 * 4)...
t=5:  0%   10   20   30   40   50   60   70   80   90   100%
      |----|----|----|----|----|----|----|----|----|----|
e     ***************************************************
Found maxcond = 223
t=5:  0%   10   20   30   40   50   60   70   80   90   100%
      |----|----|----|----|----|----|----|----|----|----|
      ***************************************************
Q-3:	|10111000 00100011 01100100 10100001|
Q-2:	|-++10+-- 0011++++ +11+110- 110+---0|
Q-1:	|1-+0010+ 11+-100- ++--00-+ 110010+0|
Q0:	|00011+-- ----++1- ++1--+1- 1-+-+++1| ok p=0.510742
Q1:	|.-0.--00 +-0.++.. ++0-100+ .1--001.| ok p=0.592773
Q2:	|.0-.0+1+ +.+0-..0 .0.-00.+ .--.+0+V| ok p=0.446289
Q3:	|.++.1-.- .01.+0.. 1-.-.V.. .1.10.10| ok p=0.360352
Q4:	|.+1..-.- 0.1.-... .-.+...1 .00.-.1-| ok p=0.466797
Q5:	|.--....+ ..+.+... ...+.-.. ....0..+| ok p=0.431641
Q6:	|..+..-.. .+.-.+.- .-.-..-. ....+.+.|
Saving 2000000 paths...done.
Autobalance parameters: maxcond=222
Verified: 77047 bad out of 2621879
Estimating maxcond for upper bound 8000000 (=2000000 * 4)...
t=6:  0%   10   20   30   40   50   60   70   80   90   100%
      |----|----|----|----|----|----|----|----|----|----|
e     ***************************************************
Found maxcond = 238
t=6:  0%   10   20   30   40   50   60   70   80   90   100%
      |----|----|----|----|----|----|----|----|----|----|
      ***************************************************
Q-3:	|10111000 00100011 01100100 10100001|
Q-2:	|-++10+-- 0011++++ +11+110- 110+---0|
Q-1:	|1-+0010+ 11+-100- ++--00-+ 110010+0|
Q0:	|00011+-- ----++1- ++1--+1- 1-+-+++1| ok p=0.515625
Q1:	|.-0.--00 +-0.++.. ++0-100+ .1--001.| ok p=0.651367
Q2:	|.0-.0+1+ +.+0-..0 .0.-00.+ .--.+0+V| ok p=0.462891
Q3:	|.++.1-.- .01.+0.. 1-.-..V0 .1.10.10| ok p=0.364258
Q4:	|.+1..-.- 1.1.-.V. .-.+...1 .00.-.0-| ok p=0.709961
Q5:	|.++..0.+ ..+.+... ...+..-- ....1.+-| ok p=0.358398
Q6:	|..-..-.1 ..+.1.+. .1....0+ ....+.+.| ok p=0.365234
Q7:	|+.-.-.+. ..+..+.. -...-..+ ..+.+..+|
Saving 1478754 paths...done.
Autobalance parameters: maxcond=238
Verified: 4738 bad out of 1483492
Estimating maxcond for upper bound 8000000 (=2000000 * 4)...
t=7:  0%   10   20   30   40   50   60   70   80   90   100%
      |----|----|----|----|----|----|----|----|----|----|
e     ***************************************************
Found maxcond = 252
t=7:  0%   10   20   30   40   50   60   70   80   90   100%
      |----|----|----|----|----|----|----|----|----|----|
      ***************************************************
Q-3:	|10111000 00100011 01100100 10100001|
Q-2:	|-++10+-- 0011++++ +11+110- 110+---0|
Q-1:	|1-+0010+ 11+-100- ++--00-+ 110010+0|
Q0:	|00011+-- ----++1- ++1--+1- 1-+-+++1| ok p=0.475586
Q1:	|.-0-0+00 +1--0-.. ++1-111+ .0--00..| ok p=0.763672
Q2:	|.-.--.00 10001-.1 10.-01V1 .1-.1+0V| ok p=0.322266
Q3:	|...++1.. 1.-0.+.. --.0.+.0 ..+1.+.0| ok p=0.205078
Q4:	|.1.1+1.. +0--.0.. --.0.++. ..+..-.-| ok p=0.710938
Q5:	|...+++.. +1.0.0.. .-.-.00. .....-.+| ok p=0.890625
Q6:	|...+.0.. .-01.... 01.-.-1. ..1..-.-| ok p=0.832031
Q7:	|....11.. 10...... .+.-.-.. .......0| ok p=0.424805
Q8:	|+...+.-. ....+.-. .+...... .-.+.-.+|
Saving 2000000 paths...done.
Autobalance parameters: maxcond=251
Verified: 55693 bad out of 3034953
Estimating maxcond for upper bound 8000000 (=2000000 * 4)...
t=8:  0%   10   20   30   40   50   60   70   80   90   100%
      |----|----|----|----|----|----|----|----|----|----|
e     ***************************************************
Found maxcond = 264
t=8:  0%   10   20   30   40   50   60   70   80   90   100%
      |----|----|----|----|----|----|----|----|----|----|
      ***************************************************
Q-3:	|10111000 00100011 01100100 10100001|
Q-2:	|-++10+-- 0011++++ +11+110- 110+---0|
Q-1:	|1-+0010+ 11+-100- ++--00-+ 110010+0|
Q0:	|00011+-- ----++1- ++1--+1- 1-+-+++1| ok p=0.5
Q1:	|.-0.--00 +-0.++.. ++0-100+ .1--001.| ok p=0.610352
Q2:	|.0-.0+1+ +.+0-..0 .0.-00.+ .--.+0+V| ok p=0.464844
Q3:	|.++.-+.- .01.+1.. 1-.-.V.1 .1.10.10| ok p=0.387695
Q4:	|.+1.-+.- 1.1.-.V. .-.+...- .10.-.0-| ok p=0.726562
Q5:	|.++..0.+ ..+.+... .+.-.-.1 ....1..-| ok p=0.365234
Q6:	|..-.1-V0 ..+.0.+. .+.1.0.1 ....+..0| ok p=0.561523
Q7:	|.0+..-.0 ..+.0.0. .-.0.-.. ....+..-| ok p=0.400391
Q8:	|..-..--. ......-. .-...+.. ....+..-| ok p=0.408203
Q9:	|+......- ...+.+.. .-..+..- .+..-.-.|
Saving 2000000 paths...done.
Autobalance parameters: maxcond=263
Verified: 136729 bad out of 2610509
Estimating maxcond for upper bound 8000000 (=2000000 * 4)...
t=9:  0%   10   20   30   40   50   60   70   80   90   100%
      |----|----|----|----|----|----|----|----|----|----|
e     ***************************************************
Found maxcond = 278
t=9:  0%   10   20   30   40   50   60   70   80   90   100%
      |----|----|----|----|----|----|----|----|----|----|
      ***************************************************
Q-3:	|10111000 00100011 01100100 10100001|
Q-2:	|-++10+-- 0011++++ +11+110- 110+---0|
Q-1:	|1-+0010+ 11+-100- ++--00-+ 110010+0|
Q0:	|00011+-- ----++1- ++1--+1- 1-+-+++1| ok p=0.500977
Q1:	|.-0.--00 +-0.++.. ++0-100+ .1--001.| ok p=0.612305
Q2:	|.0-.0+1+ +.+0-..0 00.-00.+ .--.+0+V| ok p=0.515625
Q3:	|.++.-+.- .01.+0.. 1-.-.V.. .1.00.10| ok p=0.332031
Q4:	|.+1.-0.- 1.1V-.V. -+V+...1 .00.-.1-| ok p=0.624023
Q5:	|.++..-.+ ....+... 01.+.-.. ....0..-| ok p=0.364258
Q6:	|.0-.01.0 ...+0.+. +0+..0.. ....+..+| ok p=0.671875
Q7:	|.1-..1.0 ...00.0. 0.00.-.. ....+..1| ok p=0.930664
Q8:	|.-+..1.0 ...+..-. 1.1..-.. .......0| ok p=0.505859
Q9:	|.++..+.+ ...+..+. ........ ....1..-| ok p=0.527344
Q10:	|+..+...- .-.+..+. +.+.-.+. .......+|
Saving 2000000 paths...done.
Autobalance parameters: maxcond=277
Verified: 119869 bad out of 2351758
Estimating maxcond for upper bound 8000000 (=2000000 * 4)...
t=10: 0%   10   20   30   40   50   60   70   80   90   100%
      |----|----|----|----|----|----|----|----|----|----|
e     ***************************************************
Found maxcond = 293
t=10: 0%   10   20   30   40   50   60   70   80   90   100%
      |----|----|----|----|----|----|----|----|----|----|
      ***************************************************
Q-3:	|10111000 00100011 01100100 10100001|
Q-2:	|-++10+-- 0011++++ +11+110- 110+---0|
Q-1:	|1-+0010+ 11+-100- ++--00-+ 110010+0|
Q0:	|00011+-- ----++1- ++1--+1- 1-+-+++1| ok p=0.520508
Q1:	|.-0.--00 +-0.++.. ++0-100+ .1--001.| ok p=0.639648
Q2:	|.0-.0+1+ +.+0-..0 00.-00.+ .--.+0+V| ok p=0.506836
Q3:	|.++.-+.- .01.+0.. 1-.-.V.. .1.00.10| ok p=0.287109
Q4:	|.+1.-0.- 1.1V-.V. -+V+...1 .00.-.1-| ok p=0.613281
Q5:	|.++..-.+ ....+... 01.+.-.. ....0..-| ok p=0.355469
Q6:	|.0-.01.0 ...+0.+. +0+..0.. ....+..+| ok p=0.664062
Q7:	|.1-.V1.0 ...10.0. 0.00.-.. ....+..1| ok p=0.573242
Q8:	|.-+.01.0 ...+..-V 1.1..1V. .......0| ok p=0.49707
Q9:	|.++.++.+ ...+..+. ..1..+.. ....0..-| ok p=0.3125
Q10:	|.--.-0.- ...+..++ ..+..0-. .......0| ok p=0.959961
Q11:	|+..+...- ..+..+.- ..+...-. ..+.....|
Saving 2000000 paths...done.
Autobalance parameters: maxcond=292
Verified: 90340 bad out of 2844643
Runtime: 164.474
Extend MD5 differential paths forward
Copyright (C) 2009 Marc Stevens
http://homepages.cwi.nl/~stevens/

delta_m[11] = [!30!]
Loading workdir2/paths10_0of1...done: 2000000 (work:2000000).
Estimating maxcond for upper bound 2000000 (=500000 * 4)...
t=11: 0%   10   20   30   40   50   60   70   80   90   100%
      |----|----|----|----|----|----|----|----|----|----|
e     ***************************************************
Found maxcond = 305
t=11: 0%   10   20   30   40   50   60   70   80   90   100%
      |----|----|----|----|----|----|----|----|----|----|
      ***************************************************
Q-3:	|10111000 00100011 01100100 10100001|
Q-2:	|-++10+-- 0011++++ +11+110- 110+---0|
Q-1:	|1-+0010+ 11+-100- ++--00-+ 110010+0|
Q0:	|00011+-- ----++1- ++1--+1- 1-+-+++1| ok p=0.476562
Q1:	|.-0.--00 +-0.++.. ++0-100+ .1--001.| ok p=0.641602
Q2:	|.0-.0+1+ +.+0-..0 00.-00.+ .--.+0+V| ok p=0.506836
Q3:	|.++.-+.- .01.+0.. 1-.-.V.. .1.00.10| ok p=0.325195
Q4:	|.+1.-0.- 1.1V-.V. -+V+...1 .00.-.1-| ok p=0.603516
Q5:	|.++..-.+ ....+... 01.+.-.. ....0..-| ok p=0.384766
Q6:	|..-.01.1 ...+00+. +0+..0.. ....+..+| ok p=0.500977
Q7:	|.1-..1V1 ...0010. 0100.1.. ..V.+..1| ok p=0.929688
Q8:	|.1-..... ...+.-+. 1-1..1.. ..1....0| ok p=0.371094
Q9:	|.++...+. ...-.+1. -+0..+.. ..+.0..-| ok p=0.720703
Q10:	|.++...0. ...-.+1. +++..0.. ..+....0| ok p=0.560547
Q11:	|..+...1. .....+.. +.+..1.. ..+....-| ok p=0.507812
Q12:	|..+.+... ..-..+.. +.+..... +.+.+..-|
Saving 500000 paths...done.
Autobalance parameters: maxcond=304
Verified: 3108 bad out of 847278
Runtime: 20.3844
