MD5 differential path toolbox
Copyright (C) 2009 Marc Stevens
http://homepages.cwi.nl/~stevens/

IHV1   = {3089327265,468925393,3302568648,2469424590}
IHV1   = a16423b8d13bf31bc832d9c4ce6d3093

IHV2   = {3089327265,470738607,2783494602,1950350544}
IHV2   = a16423b8afe60e1ccac1e8a5d0fc3f74

dIHV   = {0,1813214,3775893250,3775893250}
NC0: delta c = delta d = [!-1!]
NC0: delta b           = [!-1,24!]
NC1: delta c = delta d = [!8!]
NC1: delta b           = [!8,-29!]
NC2: delta c = delta d = [!-12!]
NC2: delta b           = [!2,-12!]
NC3: delta c = delta d = [!15!]
NC3: delta b           = [!5,15!]
NC4: delta c = delta d = [!-20!]
NC4: delta b           = [!10,-20!]
NC5: delta c = delta d = [!-24!]
NC5: delta b           = [!-13,-24!]
NC6: delta c = delta d = [!29!]
NC6: delta b           = [!18,-20,29!]
NC0: prob=-7.65131
NC1: prob=-3.83148
NC2: prob=-4.92735
NC3: prob=-5.86655
NC4: prob=-4.93025
NC5: prob=-5.84695
NC6: prob=-6.5471
delta m_11 = [!30!]
Q-3:	|10111000 00100011 01100100 10100001|
Q-2:	|-++10+-- 0011++++ +11+110- 110+---0|
Q-1:	|1-+0010+ 11+-100- ++--00-+ 110010+0|
Q0:	|00011+-- ----++1- ++1--+1- 1-+-+++1| ok p=0.763672
Q1:	|.-.-.+.. .+.+.-.+ .-.-...+ .-.+....|
Saved lower diff. path to 'workdir2/lowerpath.bin.gz'.

Q32:	|........ ........ ........ ........|
Q33:	|........ ........ ........ ........|
Q34:	|........ ........ ........ ........|
Q35:	|........ ........ ........ ........| ok p=1
Q36:	|........ ........ ........ ........| ok p=1
Q37:	|........ ........ ........ ........| ok p=1
Q38:	|........ ........ ........ ........| ok p=1
Q39:	|........ ........ ........ ........| ok p=1
Q40:	|........ ........ ........ ........| ok p=1
Q41:	|........ ........ ........ ........| ok p=1
Q42:	|........ ........ ........ ........| ok p=1
Q43:	|........ ........ ........ ........| ok p=1
Q44:	|........ ........ ........ ........| ok p=1
Q45:	|........ ........ ........ ........| ok p=1
Q46:	|........ ........ ........ ........| ok p=1
Q47:	|........ ........ ........ ........| ok p=1
Q48:	|........ ........ ........ ........| ok p=1
Q49:	|........ ........ ........ ........| ok p=1
Q50:	|........ ........ ........ ........| ok p=1
Q51:	|........ ........ ........ ........| ok p=1
Q52:	|........ ........ ........ ........| ok p=1
Q53:	|........ ........ ........ ........| ok p=1
Q54:	|........ ........ ........ ........| ok p=1
Q55:	|........ ........ ........ ........| ok p=1
Q56:	|........ ........ ........ ........| ok p=1
Q57:	|........ ........ ........ ........| ok p=1
Q58:	|........ ........ ........ ........| ok p=1
Q59:	|........ ........ ........ ........| ok p=1
Q60:	|........ ........ .......0 ........| ok p=1
Q61:	|........ ........ .......0 ........| ok p=0.751953
Q62:	|........ ........ .......+ ........| ok p=1
Q63:	|........ ........ .......+ ........| ok p=0.863281
Q64:	|..-..... ........ .......+ ........|
Saved upper diff. path to 'workdir2/upperpath.bin.gz'.
Saved 'md5diffpathforward.cfg'.
Saved 'md5diffpathbackward.cfg'.
Saved 'md5diffpathconnect.cfg'.
Saved 'md5diffpathhelper.cfg'.
