Extend MD5 differential paths backward
Copyright (C) 2009 Marc Stevens
http://homepages.cwi.nl/~stevens/

delta_m[11] = [!5!]
Loading workdir6/upperpath.bin.gz...done: 1.
Estimating maxcond for upper bound 262144 (=65536 * 4)...
t=34: 0%   10   20   30   40   50   60   70   80   90   100%
      |----|----|----|----|----|----|----|----|----|----|
e     ***************************************************
Found maxcond = 2176
t=34: 0%   10   20   30   40   50   60   70   80   90   100%
      |----|----|----|----|----|----|----|----|----|----|
      ***************************************************
Q31:	|........ ........ ........ ..-.....|
Q32:	|........ ........ ........ ........|
Q33:	|........ ........ ........ ........|
Q34:	|........ ........ ........ ........| ok p=1
Q35:	|........ ........ ........ ........| ok p=1
Q36:	|........ ........ ........ ........| ok p=1
Q37:	|........ ........ ........ ........| ok p=1
Q38:	|........ ........ ........ ........| ok p=1
Q39:	|........ ........ ........ ........| ok p=1
Q40:	|........ ........ ........ ........| ok p=1
Q41:	|........ ........ ........ ........| ok p=1
Q42:	|........ ........ ........ ........| ok p=1
Q43:	|........ ........ ........ ........| ok p=1
Q44:	|........ ........ ........ ........| ok p=1
Q45:	|........ ........ ........ ........| ok p=1
Q46:	|........ ........ ........ ........| ok p=1
Q47:	|........ ........ ........ ........| ok p=1
Q48:	|........ ........ ........ ........| ok p=1
Q49:	|........ ........ ........ ........| ok p=1
Q50:	|........ ........ ........ ........| ok p=1
Q51:	|........ ........ ........ ........| ok p=1
Q52:	|........ ........ ........ ........| ok p=1
Q53:	|........ ........ ........ ........| ok p=1
Q54:	|........ ........ ........ ........| ok p=1
Q55:	|........ ........ ........ ........| ok p=1
Q56:	|........ ........ ........ ........| ok p=1
Q57:	|........ ........ ........ ........| ok p=1
Q58:	|........ ........ ........ ........| ok p=1
Q59:	|........ ........ ........ ........| ok p=1
Q60:	|........ ........ 0....... ........| ok p=1
Q61:	|........ .......1 1....... ........| ok p=1
Q62:	|........ .......0 +....... ........| ok p=1
Q63:	|........ .......+ -....... ........| ok p=1
Q64:	|........ ........ +....... ..+.....|
Saving 1 paths...done.
Autobalance parameters: maxcond=2176
Verified: 0 bad out of 1
Estimating maxcond for upper bound 262144 (=65536 * 4)...
t=33: 0%   10   20   30   40   50   60   70   80   90   100%
      |----|----|----|----|----|----|----|----|----|----|
e     ***************************************************
Found maxcond = 35
t=33: 0%   10   20   30   40   50   60   70   80   90   100%
      |----|----|----|----|----|----|----|----|----|----|
      ***************************************************
Q30:	|........ ........ ........ ..-.....|
Q31:	|........ ........ ........ ..-.....|
Q32:	|........ ........ ........ ........|
Q33:	|........ ........ ........ ..!.....| ok p=1
Q34:	|........ ........ ........ ........| ok p=1
Q35:	|........ ........ ........ ........| ok p=1
Q36:	|........ ........ ........ ........| ok p=1
Q37:	|........ ........ ........ ........| ok p=1
Q38:	|........ ........ ........ ........| ok p=1
Q39:	|........ ........ ........ ........| ok p=1
Q40:	|........ ........ ........ ........| ok p=1
Q41:	|........ ........ ........ ........| ok p=1
Q42:	|........ ........ ........ ........| ok p=1
Q43:	|........ ........ ........ ........| ok p=1
Q44:	|........ ........ ........ ........| ok p=1
Q45:	|........ ........ ........ ........| ok p=1
Q46:	|........ ........ ........ ........| ok p=1
Q47:	|........ ........ ........ ........| ok p=1
Q48:	|........ ........ ........ ........| ok p=1
Q49:	|........ ........ ........ ........| ok p=1
Q50:	|........ ........ ........ ........| ok p=1
Q51:	|........ ........ ........ ........| ok p=1
Q52:	|........ ........ ........ ........| ok p=1
Q53:	|........ ........ ........ ........| ok p=1
Q54:	|........ ........ ........ ........| ok p=1
Q55:	|........ ........ ........ ........| ok p=1
Q56:	|........ ........ ........ ........| ok p=1
Q57:	|........ ........ ........ ........| ok p=1
Q58:	|........ ........ ........ ........| ok p=1
Q59:	|........ ........ ........ ........| ok p=1
Q60:	|........ ........ 0....... ........| ok p=1
Q61:	|........ .......1 1....... ........| ok p=1
Q62:	|........ .......0 +....... ........| ok p=1
Q63:	|........ .......+ -....... ........| ok p=1
Q64:	|........ ........ +....... ..+.....|
Saving 65536 paths...done.
Autobalance parameters: maxcond=31
Verified: 0 bad out of 65537
Estimating maxcond for upper bound 262144 (=65536 * 4)...
t=32: 0%   10   20   30   40   50   60   70   80   90   100%
      |----|----|----|----|----|----|----|----|----|----|
e     ***************************************************
Found maxcond = 25
t=32: 0%   10   20   30   40   50   60   70   80   90   100%
      |----|----|----|----|----|----|----|----|----|----|
      ***************************************************
Q29:	|........ ........ ........ ........|
Q30:	|........ ........ ........ ..+.....|
Q31:	|........ ........ ........ ..-.....|
Q32:	|........ ........ ........ ........| ok p=1
Q33:	|........ ........ ........ ..^.....| ok p=1
Q34:	|........ ........ ........ ........| ok p=1
Q35:	|........ ........ ........ ........| ok p=1
Q36:	|........ ........ ........ ........| ok p=1
Q37:	|........ ........ ........ ........| ok p=1
Q38:	|........ ........ ........ ........| ok p=1
Q39:	|........ ........ ........ ........| ok p=1
Q40:	|........ ........ ........ ........| ok p=1
Q41:	|........ ........ ........ ........| ok p=1
Q42:	|........ ........ ........ ........| ok p=1
Q43:	|........ ........ ........ ........| ok p=1
Q44:	|........ ........ ........ ........| ok p=1
Q45:	|........ ........ ........ ........| ok p=1
Q46:	|........ ........ ........ ........| ok p=1
Q47:	|........ ........ ........ ........| ok p=1
Q48:	|........ ........ ........ ........| ok p=1
Q49:	|........ ........ ........ ........| ok p=1
Q50:	|........ ........ ........ ........| ok p=1
Q51:	|........ ........ ........ ........| ok p=1
Q52:	|........ ........ ........ ........| ok p=1
Q53:	|........ ........ ........ ........| ok p=1
Q54:	|........ ........ ........ ........| ok p=1
Q55:	|........ ........ ........ ........| ok p=1
Q56:	|........ ........ ........ ........| ok p=1
Q57:	|........ ........ ........ ........| ok p=1
Q58:	|........ ........ ........ ........| ok p=1
Q59:	|........ ........ ........ ........| ok p=1
Q60:	|........ ........ 0....... ........| ok p=1
Q61:	|........ .......1 1....... ........| ok p=1
Q62:	|........ .......0 +....... ........| ok p=1
Q63:	|........ .......+ -....... ........| ok p=1
Q64:	|........ ........ +....... ..+.....|
Saving 65536 paths...done.
Autobalance parameters: maxcond=22
Verified: 0 bad out of 122045
Estimating maxcond for upper bound 262144 (=65536 * 4)...
t=31: 0%   10   20   30   40   50   60   70   80   90   100%
      |----|----|----|----|----|----|----|----|----|----|
e     ***************************************************
Found maxcond = 22
t=31: 0%   10   20   30   40   50   60   70   80   90   100%
      |----|----|----|----|----|----|----|----|----|----|
      ***************************************************
Q28:	|........ ......+. ........ ..+.....|
Q29:	|........ ........ ........ ........|
Q30:	|........ ........ ........ ..-.....|
Q31:	|........ ........ ........ ..-.....| ok p=1
Q32:	|........ ........ ........ ........| ok p=1
Q33:	|........ ........ ........ ..!.....| ok p=1
Q34:	|........ ........ ........ ........| ok p=1
Q35:	|........ ........ ........ ........| ok p=1
Q36:	|........ ........ ........ ........| ok p=1
Q37:	|........ ........ ........ ........| ok p=1
Q38:	|........ ........ ........ ........| ok p=1
Q39:	|........ ........ ........ ........| ok p=1
Q40:	|........ ........ ........ ........| ok p=1
Q41:	|........ ........ ........ ........| ok p=1
Q42:	|........ ........ ........ ........| ok p=1
Q43:	|........ ........ ........ ........| ok p=1
Q44:	|........ ........ ........ ........| ok p=1
Q45:	|........ ........ ........ ........| ok p=1
Q46:	|........ ........ ........ ........| ok p=1
Q47:	|........ ........ ........ ........| ok p=1
Q48:	|........ ........ ........ ........| ok p=1
Q49:	|........ ........ ........ ........| ok p=1
Q50:	|........ ........ ........ ........| ok p=1
Q51:	|........ ........ ........ ........| ok p=1
Q52:	|........ ........ ........ ........| ok p=1
Q53:	|........ ........ ........ ........| ok p=1
Q54:	|........ ........ ........ ........| ok p=1
Q55:	|........ ........ ........ ........| ok p=1
Q56:	|........ ........ ........ ........| ok p=1
Q57:	|........ ........ ........ ........| ok p=1
Q58:	|........ ........ ........ ........| ok p=1
Q59:	|........ ........ ........ ........| ok p=1
Q60:	|........ ........ 0....... ........| ok p=1
Q61:	|........ .......1 1....... ........| ok p=1
Q62:	|........ .......0 +....... ........| ok p=1
Q63:	|........ .......+ -....... ........| ok p=1
Q64:	|........ ........ +....... ..+.....|
Saving 65536 paths...done.
Autobalance parameters: maxcond=20
Verified: 0 bad out of 114950
Estimating maxcond for upper bound 262144 (=65536 * 4)...
t=30: 0%   10   20   30   40   50   60   70   80   90   100%
      |----|----|----|----|----|----|----|----|----|----|
e     ***************************************************
Found maxcond = 22
t=30: 0%   10   20   30   40   50   60   70   80   90   100%
      |----|----|----|----|----|----|----|----|----|----|
      ***************************************************
Q27:	|.......- ........ ........ ........|
Q28:	|........ ......+. ........ ..-.....|
Q29:	|........ ........ ........ ..0.....|
Q30:	|........ ......^. ........ ..+.....| ok p=0.996094
Q31:	|........ ........ ........ ..-.....| ok p=1
Q32:	|........ ........ ........ ........| ok p=1
Q33:	|........ ........ ........ ..^.....| ok p=1
Q34:	|........ ........ ........ ........| ok p=1
Q35:	|........ ........ ........ ........| ok p=1
Q36:	|........ ........ ........ ........| ok p=1
Q37:	|........ ........ ........ ........| ok p=1
Q38:	|........ ........ ........ ........| ok p=1
Q39:	|........ ........ ........ ........| ok p=1
Q40:	|........ ........ ........ ........| ok p=1
Q41:	|........ ........ ........ ........| ok p=1
Q42:	|........ ........ ........ ........| ok p=1
Q43:	|........ ........ ........ ........| ok p=1
Q44:	|........ ........ ........ ........| ok p=1
Q45:	|........ ........ ........ ........| ok p=1
Q46:	|........ ........ ........ ........| ok p=1
Q47:	|........ ........ ........ ........| ok p=1
Q48:	|........ ........ ........ ........| ok p=1
Q49:	|........ ........ ........ ........| ok p=1
Q50:	|........ ........ ........ ........| ok p=1
Q51:	|........ ........ ........ ........| ok p=1
Q52:	|........ ........ ........ ........| ok p=1
Q53:	|........ ........ ........ ........| ok p=1
Q54:	|........ ........ ........ ........| ok p=1
Q55:	|........ ........ ........ ........| ok p=1
Q56:	|........ ........ ........ ........| ok p=1
Q57:	|........ ........ ........ ........| ok p=1
Q58:	|........ ........ ........ ........| ok p=1
Q59:	|........ ........ ........ ........| ok p=1
Q60:	|........ ........ 0....... ........| ok p=1
Q61:	|........ .......1 1....... ........| ok p=1
Q62:	|........ .......0 +....... ........| ok p=1
Q63:	|........ .......+ -....... ........| ok p=1
Q64:	|........ ........ +....... ..+.....|
Saving 65536 paths...done.
Autobalance parameters: maxcond=19
Verified: 0 bad out of 133839
Runtime: 5.03256
Extend MD5 differential paths backward
Copyright (C) 2009 Marc Stevens
http://homepages.cwi.nl/~stevens/

delta_m[11] = [!5!]
Loading workdir6/paths30_0of1...done: 65536 (work:65536).
Estimating maxcond for upper bound 400000 (=100000 * 4)...
t=29: 0%   10   20   30   40   50   60   70   80   90   100%
      |----|----|----|----|----|----|----|----|----|----|
e     ***************************************************
Found maxcond = 23
t=29: 0%   10   20   30   40   50   60   70   80   90   100%
      |----|----|----|----|----|----|----|----|----|----|
      ***************************************************
Q26:	|...-.... ........ ........ ..-.....|
Q27:	|........ ......1. ........ ..+.....|
Q28:	|........ ......+. ........ ..+.....|
Q29:	|........ ........ ........ ..1.....| ok p=0.936523
Q30:	|........ ......^. ........ ..-.....| ok p=1
Q31:	|........ ........ ........ ..-.....| ok p=1
Q32:	|........ ........ ........ ........| ok p=1
Q33:	|........ ........ ........ ..!.....| ok p=1
Q34:	|........ ........ ........ ........| ok p=1
Q35:	|........ ........ ........ ........| ok p=1
Q36:	|........ ........ ........ ........| ok p=1
Q37:	|........ ........ ........ ........| ok p=1
Q38:	|........ ........ ........ ........| ok p=1
Q39:	|........ ........ ........ ........| ok p=1
Q40:	|........ ........ ........ ........| ok p=1
Q41:	|........ ........ ........ ........| ok p=1
Q42:	|........ ........ ........ ........| ok p=1
Q43:	|........ ........ ........ ........| ok p=1
Q44:	|........ ........ ........ ........| ok p=1
Q45:	|........ ........ ........ ........| ok p=1
Q46:	|........ ........ ........ ........| ok p=1
Q47:	|........ ........ ........ ........| ok p=1
Q48:	|........ ........ ........ ........| ok p=1
Q49:	|........ ........ ........ ........| ok p=1
Q50:	|........ ........ ........ ........| ok p=1
Q51:	|........ ........ ........ ........| ok p=1
Q52:	|........ ........ ........ ........| ok p=1
Q53:	|........ ........ ........ ........| ok p=1
Q54:	|........ ........ ........ ........| ok p=1
Q55:	|........ ........ ........ ........| ok p=1
Q56:	|........ ........ ........ ........| ok p=1
Q57:	|........ ........ ........ ........| ok p=1
Q58:	|........ ........ ........ ........| ok p=1
Q59:	|........ ........ ........ ........| ok p=1
Q60:	|........ ........ 0....... ........| ok p=1
Q61:	|........ .......1 1....... ........| ok p=1
Q62:	|........ .......0 +....... ........| ok p=1
Q63:	|........ .......+ -....... ........| ok p=1
Q64:	|........ ........ +....... ..+.....|
Saving 100000 paths...done.
Autobalance parameters: maxcond=21
Verified: 732 bad out of 160097
Estimating maxcond for upper bound 400000 (=100000 * 4)...
t=28: 0%   10   20   30   40   50   60   70   80   90   100%
      |----|----|----|----|----|----|----|----|----|----|
e     ***************************************************
Found maxcond = 25
t=28: 0%   10   20   30   40   50   60   70   80   90   100%
      |----|----|----|----|----|----|----|----|----|----|
      ***************************************************
Q25:	|........ ........ ...-.... ..-....-|
Q26:	|...-.... ......-. ........ ..-.....|
Q27:	|........ ......0. ........ ..+.....|
Q28:	|...^.... ......+. ........ ..+.....| ok p=1
Q29:	|........ ........ ........ ..1.....| ok p=0.935547
Q30:	|........ ......^. ........ ..-.....| ok p=1
Q31:	|........ ........ ........ ..-.....| ok p=1
Q32:	|........ ........ ........ ........| ok p=1
Q33:	|........ ........ ........ ..!.....| ok p=1
Q34:	|........ ........ ........ ........| ok p=1
Q35:	|........ ........ ........ ........| ok p=1
Q36:	|........ ........ ........ ........| ok p=1
Q37:	|........ ........ ........ ........| ok p=1
Q38:	|........ ........ ........ ........| ok p=1
Q39:	|........ ........ ........ ........| ok p=1
Q40:	|........ ........ ........ ........| ok p=1
Q41:	|........ ........ ........ ........| ok p=1
Q42:	|........ ........ ........ ........| ok p=1
Q43:	|........ ........ ........ ........| ok p=1
Q44:	|........ ........ ........ ........| ok p=1
Q45:	|........ ........ ........ ........| ok p=1
Q46:	|........ ........ ........ ........| ok p=1
Q47:	|........ ........ ........ ........| ok p=1
Q48:	|........ ........ ........ ........| ok p=1
Q49:	|........ ........ ........ ........| ok p=1
Q50:	|........ ........ ........ ........| ok p=1
Q51:	|........ ........ ........ ........| ok p=1
Q52:	|........ ........ ........ ........| ok p=1
Q53:	|........ ........ ........ ........| ok p=1
Q54:	|........ ........ ........ ........| ok p=1
Q55:	|........ ........ ........ ........| ok p=1
Q56:	|........ ........ ........ ........| ok p=1
Q57:	|........ ........ ........ ........| ok p=1
Q58:	|........ ........ ........ ........| ok p=1
Q59:	|........ ........ ........ ........| ok p=1
Q60:	|........ ........ 0....... ........| ok p=1
Q61:	|........ .......1 1....... ........| ok p=1
Q62:	|........ .......0 +....... ........| ok p=1
Q63:	|........ .......+ -....... ........| ok p=1
Q64:	|........ ........ +....... ..+.....|
Saving 100000 paths...done.
Autobalance parameters: maxcond=23
Verified: 0 bad out of 167746
Estimating maxcond for upper bound 400000 (=100000 * 4)...
t=27: 0%   10   20   30   40   50   60   70   80   90   100%
      |----|----|----|----|----|----|----|----|----|----|
e     ***************************************************
Found maxcond = 28
t=27: 0%   10   20   30   40   50   60   70   80   90   100%
      |----|----|----|----|----|----|----|----|----|----|
      ***************************************************
Q24:	|..+..... ......+. ........ ........|
Q25:	|...1.... ........ ...-.... .......-|
Q26:	|...-.... ......0. ........ ..0.....|
Q27:	|........ ......1. ...^.... ..1....^| ok p=0.869141
Q28:	|...^.... ......+. ........ ..+.....| ok p=1
Q29:	|........ ........ ........ ..0.....| ok p=0.945312
Q30:	|........ ......^. ........ ..-.....| ok p=1
Q31:	|........ ........ ........ ..-.....| ok p=1
Q32:	|........ ........ ........ ........| ok p=1
Q33:	|........ ........ ........ ..!.....| ok p=1
Q34:	|........ ........ ........ ........| ok p=1
Q35:	|........ ........ ........ ........| ok p=1
Q36:	|........ ........ ........ ........| ok p=1
Q37:	|........ ........ ........ ........| ok p=1
Q38:	|........ ........ ........ ........| ok p=1
Q39:	|........ ........ ........ ........| ok p=1
Q40:	|........ ........ ........ ........| ok p=1
Q41:	|........ ........ ........ ........| ok p=1
Q42:	|........ ........ ........ ........| ok p=1
Q43:	|........ ........ ........ ........| ok p=1
Q44:	|........ ........ ........ ........| ok p=1
Q45:	|........ ........ ........ ........| ok p=1
Q46:	|........ ........ ........ ........| ok p=1
Q47:	|........ ........ ........ ........| ok p=1
Q48:	|........ ........ ........ ........| ok p=1
Q49:	|........ ........ ........ ........| ok p=1
Q50:	|........ ........ ........ ........| ok p=1
Q51:	|........ ........ ........ ........| ok p=1
Q52:	|........ ........ ........ ........| ok p=1
Q53:	|........ ........ ........ ........| ok p=1
Q54:	|........ ........ ........ ........| ok p=1
Q55:	|........ ........ ........ ........| ok p=1
Q56:	|........ ........ ........ ........| ok p=1
Q57:	|........ ........ ........ ........| ok p=1
Q58:	|........ ........ ........ ........| ok p=1
Q59:	|........ ........ ........ ........| ok p=1
Q60:	|........ ........ 0....... ........| ok p=1
Q61:	|........ .......1 1....... ........| ok p=1
Q62:	|........ .......0 +....... ........| ok p=1
Q63:	|........ .......+ -....... ........| ok p=1
Q64:	|........ ........ +....... ..+.....|
Saving 100000 paths...done.
Autobalance parameters: maxcond=26
Verified: 18 bad out of 172630
Estimating maxcond for upper bound 400000 (=100000 * 4)...
t=26: 0%   10   20   30   40   50   60   70   80   90   100%
      |----|----|----|----|----|----|----|----|----|----|
e     ***************************************************
Found maxcond = 31
t=26: 0%   10   20   30   40   50   60   70   80   90   100%
      |----|----|----|----|----|----|----|----|----|----|
      ***************************************************
Q23:	|.......+ ......+. .+...... .+.-....|
Q24:	|...+.... ........ ...1.... .......1|
Q25:	|...0.... ......-. ...-.... ..-....-|
Q26:	|...-.... ......-. ........ ..-.....| ok p=0.921875
Q27:	|........ ......+. ...^.... ..+....^| ok p=1
Q28:	|...^.... ......+. ........ ..+.....| ok p=1
Q29:	|........ ......1. ........ ..1.....| ok p=0.9375
Q30:	|........ ......0. ........ ..-.....| ok p=1
Q31:	|........ ........ ........ ..-.....| ok p=1
Q32:	|........ ........ ........ ........| ok p=1
Q33:	|........ ........ ........ ..!.....| ok p=1
Q34:	|........ ........ ........ ........| ok p=1
Q35:	|........ ........ ........ ........| ok p=1
Q36:	|........ ........ ........ ........| ok p=1
Q37:	|........ ........ ........ ........| ok p=1
Q38:	|........ ........ ........ ........| ok p=1
Q39:	|........ ........ ........ ........| ok p=1
Q40:	|........ ........ ........ ........| ok p=1
Q41:	|........ ........ ........ ........| ok p=1
Q42:	|........ ........ ........ ........| ok p=1
Q43:	|........ ........ ........ ........| ok p=1
Q44:	|........ ........ ........ ........| ok p=1
Q45:	|........ ........ ........ ........| ok p=1
Q46:	|........ ........ ........ ........| ok p=1
Q47:	|........ ........ ........ ........| ok p=1
Q48:	|........ ........ ........ ........| ok p=1
Q49:	|........ ........ ........ ........| ok p=1
Q50:	|........ ........ ........ ........| ok p=1
Q51:	|........ ........ ........ ........| ok p=1
Q52:	|........ ........ ........ ........| ok p=1
Q53:	|........ ........ ........ ........| ok p=1
Q54:	|........ ........ ........ ........| ok p=1
Q55:	|........ ........ ........ ........| ok p=1
Q56:	|........ ........ ........ ........| ok p=1
Q57:	|........ ........ ........ ........| ok p=1
Q58:	|........ ........ ........ ........| ok p=1
Q59:	|........ ........ ........ ........| ok p=1
Q60:	|........ ........ 0....... ........| ok p=1
Q61:	|........ .......1 1....... ........| ok p=1
Q62:	|........ .......0 +....... ........| ok p=1
Q63:	|........ .......+ -....... ........| ok p=1
Q64:	|........ ........ +....... ..+.....|
Saving 100000 paths...done.
Autobalance parameters: maxcond=29
Verified: 0 bad out of 164954
Estimating maxcond for upper bound 400000 (=100000 * 4)...
t=25: 0%   10   20   30   40   50   60   70   80   90   100%
      |----|----|----|----|----|----|----|----|----|----|
e     ***************************************************
Found maxcond = 36
t=25: 0%   10   20   30   40   50   60   70   80   90   100%
      |----|----|----|----|----|----|----|----|----|----|
      ***************************************************
Q22:	|........ +...-... ........ ....+...|
Q23:	|........ ......+. .+.+.... ...+...+|
Q24:	|...0.... ......+. ...0.... .......0|
Q25:	|...1.... ......-. .^.-.... ...^...-| ok p=0.927734
Q26:	|...-.... ......-. ........ ..0.....| ok p=0.933594
Q27:	|........ ......+. ...^.... ..1....^| ok p=1
Q28:	|...^.... ......+. ........ ..+.....| ok p=1
Q29:	|........ ......1. ........ ..0.....| ok p=0.945312
Q30:	|........ ......0. ........ ..-.....| ok p=1
Q31:	|........ ........ ........ ..-.....| ok p=0.999023
Q32:	|........ ........ ........ ........| ok p=1
Q33:	|........ ........ ........ ..!.....| ok p=1
Q34:	|........ ........ ........ ........| ok p=1
Q35:	|........ ........ ........ ........| ok p=1
Q36:	|........ ........ ........ ........| ok p=1
Q37:	|........ ........ ........ ........| ok p=1
Q38:	|........ ........ ........ ........| ok p=1
Q39:	|........ ........ ........ ........| ok p=1
Q40:	|........ ........ ........ ........| ok p=1
Q41:	|........ ........ ........ ........| ok p=1
Q42:	|........ ........ ........ ........| ok p=1
Q43:	|........ ........ ........ ........| ok p=1
Q44:	|........ ........ ........ ........| ok p=1
Q45:	|........ ........ ........ ........| ok p=1
Q46:	|........ ........ ........ ........| ok p=1
Q47:	|........ ........ ........ ........| ok p=1
Q48:	|........ ........ ........ ........| ok p=1
Q49:	|........ ........ ........ ........| ok p=1
Q50:	|........ ........ ........ ........| ok p=1
Q51:	|........ ........ ........ ........| ok p=1
Q52:	|........ ........ ........ ........| ok p=1
Q53:	|........ ........ ........ ........| ok p=1
Q54:	|........ ........ ........ ........| ok p=1
Q55:	|........ ........ ........ ........| ok p=1
Q56:	|........ ........ ........ ........| ok p=1
Q57:	|........ ........ ........ ........| ok p=1
Q58:	|........ ........ ........ ........| ok p=1
Q59:	|........ ........ ........ ........| ok p=1
Q60:	|........ ........ 0....... ........| ok p=1
Q61:	|........ .......1 1....... ........| ok p=1
Q62:	|........ .......0 +....... ........| ok p=1
Q63:	|........ .......+ -....... ........| ok p=1
Q64:	|........ ........ +....... ..+.....|
Saving 100000 paths...done.
Autobalance parameters: maxcond=35
Verified: 0 bad out of 133837
Estimating maxcond for upper bound 400000 (=100000 * 4)...
t=24: 0%   10   20   30   40   50   60   70   80   90   100%
      |----|----|----|----|----|----|----|----|----|----|
e     ***************************************************
Found maxcond = 44
t=24: 0%   10   20   30   40   50   60   70   80   90   100%
      |----|----|----|----|----|----|----|----|----|----|
      ***************************************************
Q21:	|....-... ......-. ..-..... -.......|
Q22:	|........ +...-... .1...... ...1+...|
Q23:	|........ ......+. .+.0.... ...+...0|
Q24:	|...0.... ^...^.+. ...1.... ....^..1| ok p=0.889648
Q25:	|...1.... ......-. .^.-.... ...^...-| ok p=0.945312
Q26:	|...-.... ......-. ........ ..0.....| ok p=0.945312
Q27:	|........ ......+. ...^.... ..1....^| ok p=1
Q28:	|...^.... ......+. ........ ..+.....| ok p=1
Q29:	|........ ......1. ........ ..0.....| ok p=0.9375
Q30:	|........ ......0. ........ ..-.....| ok p=1
Q31:	|........ ........ ........ ..-.....| ok p=1
Q32:	|........ ........ ........ ........| ok p=1
Q33:	|........ ........ ........ ..!.....| ok p=1
Q34:	|........ ........ ........ ........| ok p=1
Q35:	|........ ........ ........ ........| ok p=1
Q36:	|........ ........ ........ ........| ok p=1
Q37:	|........ ........ ........ ........| ok p=1
Q38:	|........ ........ ........ ........| ok p=1
Q39:	|........ ........ ........ ........| ok p=1
Q40:	|........ ........ ........ ........| ok p=1
Q41:	|........ ........ ........ ........| ok p=1
Q42:	|........ ........ ........ ........| ok p=1
Q43:	|........ ........ ........ ........| ok p=1
Q44:	|........ ........ ........ ........| ok p=1
Q45:	|........ ........ ........ ........| ok p=1
Q46:	|........ ........ ........ ........| ok p=1
Q47:	|........ ........ ........ ........| ok p=1
Q48:	|........ ........ ........ ........| ok p=1
Q49:	|........ ........ ........ ........| ok p=1
Q50:	|........ ........ ........ ........| ok p=1
Q51:	|........ ........ ........ ........| ok p=1
Q52:	|........ ........ ........ ........| ok p=1
Q53:	|........ ........ ........ ........| ok p=1
Q54:	|........ ........ ........ ........| ok p=1
Q55:	|........ ........ ........ ........| ok p=1
Q56:	|........ ........ ........ ........| ok p=1
Q57:	|........ ........ ........ ........| ok p=1
Q58:	|........ ........ ........ ........| ok p=1
Q59:	|........ ........ ........ ........| ok p=1
Q60:	|........ ........ 0....... ........| ok p=1
Q61:	|........ .......1 1....... ........| ok p=1
Q62:	|........ .......0 +....... ........| ok p=1
Q63:	|........ .......+ -....... ........| ok p=1
Q64:	|........ ........ +....... ..+.....|
Saving 100000 paths...done.
Autobalance parameters: maxcond=43
Verified: 0 bad out of 131521
Estimating maxcond for upper bound 400000 (=100000 * 4)...
t=23: 0%   10   20   30   40   50   60   70   80   90   100%
      |----|----|----|----|----|----|----|----|----|----|
e     ***************************************************
Found maxcond = 53
t=23: 0%   10   20   30   40   50   60   70   80   90   100%
      |----|----|----|----|----|----|----|----|----|----|
      ***************************************************
Q20:	|.....-.. ........ ........ ........|
Q21:	|....-... 1...1... .0.....1 -...1...|
Q22:	|........ +...-... .1.....+ ....+...|
Q23:	|....^... ........ .+.0.... ^......0| ok p=0.963867
Q24:	|...0.... ^...^.0. ...1...^ ....^..1| ok p=0.926758
Q25:	|...1.... ........ .^.-.... .......-| ok p=0.932617
Q26:	|...-.... .....0+. ........ ..0.....| ok p=0.930664
Q27:	|........ .....1+. ...^.... ..1....^| ok p=1
Q28:	|...^.... .....+-. ........ ..+.....| ok p=1
Q29:	|........ ......0. ........ ..0.....| ok p=0.947266
Q30:	|........ .....^1. ........ ..-.....| ok p=1
Q31:	|........ ........ ........ ..-.....| ok p=1
Q32:	|........ ........ ........ ........| ok p=1
Q33:	|........ ........ ........ ..!.....| ok p=1
Q34:	|........ ........ ........ ........| ok p=1
Q35:	|........ ........ ........ ........| ok p=1
Q36:	|........ ........ ........ ........| ok p=1
Q37:	|........ ........ ........ ........| ok p=1
Q38:	|........ ........ ........ ........| ok p=1
Q39:	|........ ........ ........ ........| ok p=1
Q40:	|........ ........ ........ ........| ok p=1
Q41:	|........ ........ ........ ........| ok p=1
Q42:	|........ ........ ........ ........| ok p=1
Q43:	|........ ........ ........ ........| ok p=1
Q44:	|........ ........ ........ ........| ok p=1
Q45:	|........ ........ ........ ........| ok p=1
Q46:	|........ ........ ........ ........| ok p=1
Q47:	|........ ........ ........ ........| ok p=1
Q48:	|........ ........ ........ ........| ok p=1
Q49:	|........ ........ ........ ........| ok p=1
Q50:	|........ ........ ........ ........| ok p=1
Q51:	|........ ........ ........ ........| ok p=1
Q52:	|........ ........ ........ ........| ok p=1
Q53:	|........ ........ ........ ........| ok p=1
Q54:	|........ ........ ........ ........| ok p=1
Q55:	|........ ........ ........ ........| ok p=1
Q56:	|........ ........ ........ ........| ok p=1
Q57:	|........ ........ ........ ........| ok p=1
Q58:	|........ ........ ........ ........| ok p=1
Q59:	|........ ........ ........ ........| ok p=1
Q60:	|........ ........ 0....... ........| ok p=1
Q61:	|........ .......1 1....... ........| ok p=1
Q62:	|........ .......0 +....... ........| ok p=1
Q63:	|........ .......+ -....... ........| ok p=1
Q64:	|........ ........ +....... ..+.....|
Saving 100000 paths...done.
Autobalance parameters: maxcond=52
Verified: 0 bad out of 108494
Estimating maxcond for upper bound 400000 (=100000 * 4)...
t=22: 0%   10   20   30   40   50   60   70   80   90   100%
      |----|----|----|----|----|----|----|----|----|----|
e     ***************************************************
Found maxcond = 60
t=22: 0%   10   20   30   40   50   60   70   80   90   100%
      |----|----|----|----|----|----|----|----|----|----|
      ***************************************************
Q19:	|.....-.. ..-..... ......-. ..+....+|
Q20:	|....1-.. -...+... .......0 1...0...|
Q21:	|....-... 0...0... .0.....1 -...1...|
Q22:	|.....^.. +...-... .1.....+ ....+...| ok p=0.990234
Q23:	|....^... ........ .+.0.... ^......0| ok p=0.96875
Q24:	|...0.... ^...^.0. ...1...^ ....^..1| ok p=0.938477
Q25:	|...1.... ........ .^.-.... .......-| ok p=0.926758
Q26:	|...-.... .....0+. ........ ..0.....| ok p=0.944336
Q27:	|........ .....1+. ...^.... ..1....^| ok p=1
Q28:	|...^.... .....+-. ........ ..+.....| ok p=1
Q29:	|........ ......0. ........ ..0.....| ok p=0.943359
Q30:	|........ .....^1. ........ ..-.....| ok p=1
Q31:	|........ ........ ........ ..-.....| ok p=1
Q32:	|........ ........ ........ ........| ok p=1
Q33:	|........ ........ ........ ..!.....| ok p=1
Q34:	|........ ........ ........ ........| ok p=1
Q35:	|........ ........ ........ ........| ok p=1
Q36:	|........ ........ ........ ........| ok p=1
Q37:	|........ ........ ........ ........| ok p=1
Q38:	|........ ........ ........ ........| ok p=1
Q39:	|........ ........ ........ ........| ok p=1
Q40:	|........ ........ ........ ........| ok p=1
Q41:	|........ ........ ........ ........| ok p=1
Q42:	|........ ........ ........ ........| ok p=1
Q43:	|........ ........ ........ ........| ok p=1
Q44:	|........ ........ ........ ........| ok p=1
Q45:	|........ ........ ........ ........| ok p=1
Q46:	|........ ........ ........ ........| ok p=1
Q47:	|........ ........ ........ ........| ok p=1
Q48:	|........ ........ ........ ........| ok p=1
Q49:	|........ ........ ........ ........| ok p=1
Q50:	|........ ........ ........ ........| ok p=1
Q51:	|........ ........ ........ ........| ok p=1
Q52:	|........ ........ ........ ........| ok p=1
Q53:	|........ ........ ........ ........| ok p=1
Q54:	|........ ........ ........ ........| ok p=1
Q55:	|........ ........ ........ ........| ok p=1
Q56:	|........ ........ ........ ........| ok p=1
Q57:	|........ ........ ........ ........| ok p=1
Q58:	|........ ........ ........ ........| ok p=1
Q59:	|........ ........ ........ ........| ok p=1
Q60:	|........ ........ 0....... ........| ok p=1
Q61:	|........ .......1 1....... ........| ok p=1
Q62:	|........ .......0 +....... ........| ok p=1
Q63:	|........ .......+ -....... ........| ok p=1
Q64:	|........ ........ +....... ..+.....|
Saving 100000 paths...done.
Autobalance parameters: maxcond=59
Verified: 0 bad out of 118236
Estimating maxcond for upper bound 400000 (=100000 * 4)...
t=21: 0%   10   20   30   40   50   60   70   80   90   100%
      |----|----|----|----|----|----|----|----|----|----|
e     ***************************************************
Found maxcond = 71
t=21: 0%   10   20   30   40   50   60   70   80   90   100%
      |----|----|----|----|----|----|----|----|----|----|
      ***************************************************
Q18:	|.-.+.-.. .....+.. +.....-. .-.....+|
Q19:	|.....+.. ..-..... .......- -.+.....|
Q20:	|....-+.. 0...0... .-.....0 0...0...|
Q21:	|....-0.. 1.^.1... .-.....1 -.^.1...| ok p=0.743164
Q22:	|....1^.. +...-... .+.....+ ....+...| ok p=0.983398
Q23:	|....^... ........ .+.0.... ^......0| ok p=0.982422
Q24:	|...0.... ^...^.0. .1.1...^ ....^..1| ok p=0.947266
Q25:	|...1.... ........ .0.-.... .......-| ok p=0.939453
Q26:	|...-.... .....0+. ........ ..0.....| ok p=0.933594
Q27:	|........ .....1+. ...^.... ..1....^| ok p=1
Q28:	|...^.... .....+-. ........ ..+.....| ok p=1
Q29:	|........ ......0. ........ ..0.....| ok p=0.946289
Q30:	|........ .....^1. ........ ..-.....| ok p=1
Q31:	|........ ........ ........ ..-.....| ok p=1
Q32:	|........ ........ ........ ........| ok p=1
Q33:	|........ ........ ........ ..!.....| ok p=1
Q34:	|........ ........ ........ ........| ok p=1
Q35:	|........ ........ ........ ........| ok p=1
Q36:	|........ ........ ........ ........| ok p=1
Q37:	|........ ........ ........ ........| ok p=1
Q38:	|........ ........ ........ ........| ok p=1
Q39:	|........ ........ ........ ........| ok p=1
Q40:	|........ ........ ........ ........| ok p=1
Q41:	|........ ........ ........ ........| ok p=1
Q42:	|........ ........ ........ ........| ok p=1
Q43:	|........ ........ ........ ........| ok p=1
Q44:	|........ ........ ........ ........| ok p=1
Q45:	|........ ........ ........ ........| ok p=1
Q46:	|........ ........ ........ ........| ok p=1
Q47:	|........ ........ ........ ........| ok p=1
Q48:	|........ ........ ........ ........| ok p=1
Q49:	|........ ........ ........ ........| ok p=1
Q50:	|........ ........ ........ ........| ok p=1
Q51:	|........ ........ ........ ........| ok p=1
Q52:	|........ ........ ........ ........| ok p=1
Q53:	|........ ........ ........ ........| ok p=1
Q54:	|........ ........ ........ ........| ok p=1
Q55:	|........ ........ ........ ........| ok p=1
Q56:	|........ ........ ........ ........| ok p=1
Q57:	|........ ........ ........ ........| ok p=1
Q58:	|........ ........ ........ ........| ok p=1
Q59:	|........ ........ ........ ........| ok p=1
Q60:	|........ ........ 0....... ........| ok p=1
Q61:	|........ .......1 1....... ........| ok p=1
Q62:	|........ .......0 +....... ........| ok p=1
Q63:	|........ .......+ -....... ........| ok p=1
Q64:	|........ ........ +....... ..+.....|
Saving 100000 paths...done.
Autobalance parameters: maxcond=70
Verified: 0 bad out of 121643
Runtime: 10.0759
Extend MD5 differential paths backward
Copyright (C) 2009 Marc Stevens
http://homepages.cwi.nl/~stevens/

delta_m[11] = [!5!]
Loading workdir6/paths21_0of1...done: 100000 (work:100000).
Estimating maxcond for upper bound 65536 (=16384 * 4)...
t=20: 0%   10   20   30   40   50   60   70   80   90   100%
      |----|----|----|----|----|----|----|----|----|----|
e     ***************************************************
Found maxcond = 84
t=20: 0%   10   20   30   40   50   60   70   80   90   100%
      |----|----|----|----|----|----|----|----|----|----|
      ***************************************************
Q17:	|........ ..-.-... -.....+. -....+..|
Q18:	|.-...+.. ..1..+.. .+...... +.1....+|
Q19:	|....0+.. ..-.+... .......- -.+....+|
Q20:	|.^..0-.. 0...+^.. .^.....- 0...0..0| ok p=1
Q21:	|....-1.. 1.^.-... .0.....0 -.^.1..^| ok p=0.709961
Q22:	|.....^.. +...-... .1.....+ ....+...| ok p=0.979492
Q23:	|....^... ....1... .+.0.... ^......0| ok p=1
Q24:	|...0.... ^...0.0. ...1...^ ....^..1| ok p=0.94043
Q25:	|...1.... ........ .^.-.... .......-| ok p=0.929688
Q26:	|...-.... .....0+. ........ ..0.....| ok p=0.950195
Q27:	|........ .....1+. ...^.... ..1....^| ok p=1
Q28:	|...^.... .....+-. ........ ..+.....| ok p=1
Q29:	|........ ......0. ........ ..0.....| ok p=0.931641
Q30:	|........ .....^1. ........ ..-.....| ok p=1
Q31:	|........ ........ ........ ..-.....| ok p=1
Q32:	|........ ........ ........ ........| ok p=1
Q33:	|........ ........ ........ ..!.....| ok p=1
Q34:	|........ ........ ........ ........| ok p=1
Q35:	|........ ........ ........ ........| ok p=1
Q36:	|........ ........ ........ ........| ok p=1
Q37:	|........ ........ ........ ........| ok p=1
Q38:	|........ ........ ........ ........| ok p=1
Q39:	|........ ........ ........ ........| ok p=1
Q40:	|........ ........ ........ ........| ok p=1
Q41:	|........ ........ ........ ........| ok p=1
Q42:	|........ ........ ........ ........| ok p=1
Q43:	|........ ........ ........ ........| ok p=1
Q44:	|........ ........ ........ ........| ok p=1
Q45:	|........ ........ ........ ........| ok p=1
Q46:	|........ ........ ........ ........| ok p=1
Q47:	|........ ........ ........ ........| ok p=1
Q48:	|........ ........ ........ ........| ok p=1
Q49:	|........ ........ ........ ........| ok p=1
Q50:	|........ ........ ........ ........| ok p=1
Q51:	|........ ........ ........ ........| ok p=1
Q52:	|........ ........ ........ ........| ok p=1
Q53:	|........ ........ ........ ........| ok p=1
Q54:	|........ ........ ........ ........| ok p=1
Q55:	|........ ........ ........ ........| ok p=1
Q56:	|........ ........ ........ ........| ok p=1
Q57:	|........ ........ ........ ........| ok p=1
Q58:	|........ ........ ........ ........| ok p=1
Q59:	|........ ........ ........ ........| ok p=1
Q60:	|........ ........ 0....... ........| ok p=1
Q61:	|........ .......1 1....... ........| ok p=1
Q62:	|........ .......0 +....... ........| ok p=1
Q63:	|........ .......+ -....... ........| ok p=1
Q64:	|........ ........ +....... ..+.....|
Saving 16384 paths...done.
Autobalance parameters: maxcond=83
Verified: 0 bad out of 23261
Runtime: 3.11817
Extend MD5 differential paths backward
Copyright (C) 2009 Marc Stevens
http://homepages.cwi.nl/~stevens/

delta_m[11] = [!5!]
Loading workdir6/paths20_0of1...done: 16384 (work:16384).
Estimating maxcond for upper bound 2000000 (=500000 * 4)...
t=19: 0%   10   20   30   40   50   60   70   80   90   100%
      |----|----|----|----|----|----|----|----|----|----|
e     ***************************************************
Found maxcond = 95
t=19: 0%   10   20   30   40   50   60   70   80   90   100%
      |----|----|----|----|----|----|----|----|----|----|
      ***************************************************
Q16:	|.....-.. ..+...-. ...-..+. -......+|
Q17:	|.1...... ..-..1.. .1...... ..-..-..|
Q18:	|.-...+.. ..1..+.. .+....-. ..0....+|
Q19:	|....0+.. ..-..... ......-. 0.+..^.+| ok p=0.876953
Q20:	|.^..0-.. 0...0^.. .^....00 1...0..0| ok p=1
Q21:	|....-1.. 1.^.1... .0....11 -.^.1..^| ok p=0.742188
Q22:	|.....^.. +...-... .1.....+ ....+...| ok p=0.984375
Q23:	|....^... ........ .+.0.... ^......0| ok p=0.972656
Q24:	|...0.... ^...^.0. ...1...^ ....^..1| ok p=0.941406
Q25:	|...1.... ........ .^.-.... .......-| ok p=0.922852
Q26:	|...-.... .....0+. ........ ..0.....| ok p=0.925781
Q27:	|........ .....1+. ...^.... ..1....^| ok p=1
Q28:	|...^.... .....+-. ........ ..+.....| ok p=1
Q29:	|........ ......0. ........ ..0.....| ok p=0.943359
Q30:	|........ .....^1. ........ ..-.....| ok p=1
Q31:	|........ ........ ........ ..-.....| ok p=1
Q32:	|........ ........ ........ ........| ok p=1
Q33:	|........ ........ ........ ..!.....| ok p=1
Q34:	|........ ........ ........ ........| ok p=1
Q35:	|........ ........ ........ ........| ok p=1
Q36:	|........ ........ ........ ........| ok p=1
Q37:	|........ ........ ........ ........| ok p=1
Q38:	|........ ........ ........ ........| ok p=1
Q39:	|........ ........ ........ ........| ok p=1
Q40:	|........ ........ ........ ........| ok p=1
Q41:	|........ ........ ........ ........| ok p=1
Q42:	|........ ........ ........ ........| ok p=1
Q43:	|........ ........ ........ ........| ok p=1
Q44:	|........ ........ ........ ........| ok p=1
Q45:	|........ ........ ........ ........| ok p=1
Q46:	|........ ........ ........ ........| ok p=1
Q47:	|........ ........ ........ ........| ok p=1
Q48:	|........ ........ ........ ........| ok p=1
Q49:	|........ ........ ........ ........| ok p=1
Q50:	|........ ........ ........ ........| ok p=1
Q51:	|........ ........ ........ ........| ok p=1
Q52:	|........ ........ ........ ........| ok p=1
Q53:	|........ ........ ........ ........| ok p=1
Q54:	|........ ........ ........ ........| ok p=1
Q55:	|........ ........ ........ ........| ok p=1
Q56:	|........ ........ ........ ........| ok p=1
Q57:	|........ ........ ........ ........| ok p=1
Q58:	|........ ........ ........ ........| ok p=1
Q59:	|........ ........ ........ ........| ok p=1
Q60:	|........ ........ 0....... ........| ok p=1
Q61:	|........ .......1 1....... ........| ok p=1
Q62:	|........ .......0 +....... ........| ok p=1
Q63:	|........ .......+ -....... ........| ok p=1
Q64:	|........ ........ +....... ..+.....|
Saving 500000 paths...done.
Autobalance parameters: maxcond=94
Verified: 0 bad out of 815964
Estimating maxcond for upper bound 2000000 (=500000 * 4)...
t=18: 0%   10   20   30   40   50   60   70   80   90   100%
      |----|----|----|----|----|----|----|----|----|----|
e     ***************************************************
Found maxcond = 107
t=18: 0%   10   20   30   40   50   60   70   80   90   100%
      |----|----|----|----|----|----|----|----|----|----|
      ***************************************************
Q15:	|.....-.. +......+ ..-....- .+.+...-|
Q16:	|.+...... ..+..--. .0.-..+. .....1.+|
Q17:	|.0...+.. ..-..0.. .1....0. ..0..-.1|
Q18:	|.-...+.. ..1..+^. .+.^..-. ..1....+| ok p=0.777344
Q19:	|....0-.. ..-..... ......-. 0.+..^.+| ok p=0.99707
Q20:	|.^..1-.. 0...0^.. .^....00 1...0..0| ok p=1
Q21:	|....-0.. 1.^.1... .0....11 -.^.1..^| ok p=0.717773
Q22:	|.....^.. +...-... .1.....+ ....+...| ok p=0.975586
Q23:	|....^... ........ .+.0.... ^......0| ok p=0.964844
Q24:	|...0.... ^...^.0. ...1...^ ....^..1| ok p=0.927734
Q25:	|...1.... ........ .^.-.... .......-| ok p=0.948242
Q26:	|...-.... .....0+. ........ ..0.....| ok p=0.942383
Q27:	|........ .....1+. ...^.... ..1....^| ok p=1
Q28:	|...^.... .....+-. ........ ..+.....| ok p=1
Q29:	|........ ......0. ........ ..0.....| ok p=0.932617
Q30:	|........ .....^1. ........ ..-.....| ok p=1
Q31:	|........ ........ ........ ..-.....| ok p=1
Q32:	|........ ........ ........ ........| ok p=1
Q33:	|........ ........ ........ ..!.....| ok p=1
Q34:	|........ ........ ........ ........| ok p=1
Q35:	|........ ........ ........ ........| ok p=1
Q36:	|........ ........ ........ ........| ok p=1
Q37:	|........ ........ ........ ........| ok p=1
Q38:	|........ ........ ........ ........| ok p=1
Q39:	|........ ........ ........ ........| ok p=1
Q40:	|........ ........ ........ ........| ok p=1
Q41:	|........ ........ ........ ........| ok p=1
Q42:	|........ ........ ........ ........| ok p=1
Q43:	|........ ........ ........ ........| ok p=1
Q44:	|........ ........ ........ ........| ok p=1
Q45:	|........ ........ ........ ........| ok p=1
Q46:	|........ ........ ........ ........| ok p=1
Q47:	|........ ........ ........ ........| ok p=1
Q48:	|........ ........ ........ ........| ok p=1
Q49:	|........ ........ ........ ........| ok p=1
Q50:	|........ ........ ........ ........| ok p=1
Q51:	|........ ........ ........ ........| ok p=1
Q52:	|........ ........ ........ ........| ok p=1
Q53:	|........ ........ ........ ........| ok p=1
Q54:	|........ ........ ........ ........| ok p=1
Q55:	|........ ........ ........ ........| ok p=1
Q56:	|........ ........ ........ ........| ok p=1
Q57:	|........ ........ ........ ........| ok p=1
Q58:	|........ ........ ........ ........| ok p=1
Q59:	|........ ........ ........ ........| ok p=1
Q60:	|........ ........ 0....... ........| ok p=1
Q61:	|........ .......1 1....... ........| ok p=1
Q62:	|........ .......0 +....... ........| ok p=1
Q63:	|........ .......+ -....... ........| ok p=1
Q64:	|........ ........ +....... ..+.....|
Saving 500000 paths...done.
Autobalance parameters: maxcond=105
Verified: 0 bad out of 907752
Estimating maxcond for upper bound 2000000 (=500000 * 4)...
t=17: 0%   10   20   30   40   50   60   70   80   90   100%
      |----|----|----|----|----|----|----|----|----|----|
e     ***************************************************
Found maxcond = 122
t=17: 0%   10   20   30   40   50   60   70   80   90   100%
      |----|----|----|----|----|----|----|----|----|----|
      ***************************************************
Q14:	|...+.... +.+...+. ........ ..+...-.|
Q15:	|.....1.. +.....1- ...1.... 0.--...-|
Q16:	|.0...-.. .....0-. .0.-..+. ..1....+|
Q17:	|.1...1.. ^.0..1.^ .1....+0 -.-^...1| ok p=0.669922
Q18:	|.+...+.. ..0..+^. .+.^..-. -.0....+| ok p=0.74707
Q19:	|....0+.. ..-..... ......0- -.+....+| ok p=0.870117
Q20:	|.^..0-.. 0...0^.. .^....^- -...0..0| ok p=1
Q21:	|....-1.. 1.^.1... .0.....- -.^.1..^| ok p=0.973633
Q22:	|.....^.. +...-... .1.....+ 1...+...| ok p=0.996094
Q23:	|....^... ........ .+.0...0 0......0| ok p=0.960938
Q24:	|...0.... ^...^.0. ...1...1 ....^..1| ok p=0.932617
Q25:	|...1.... ........ .^.-.... .......-| ok p=0.93457
Q26:	|...-.... .....0+. ........ ..0.....| ok p=0.946289
Q27:	|........ .....1+. ...^.... ..1....^| ok p=1
Q28:	|...^.... .....+-. ........ ..+.....| ok p=1
Q29:	|........ ......0. ........ ..0.....| ok p=0.9375
Q30:	|........ .....^1. ........ ..-.....| ok p=1
Q31:	|........ ........ ........ ..-.....| ok p=0.999023
Q32:	|........ ........ ........ ........| ok p=1
Q33:	|........ ........ ........ ..!.....| ok p=1
Q34:	|........ ........ ........ ........| ok p=1
Q35:	|........ ........ ........ ........| ok p=1
Q36:	|........ ........ ........ ........| ok p=1
Q37:	|........ ........ ........ ........| ok p=1
Q38:	|........ ........ ........ ........| ok p=1
Q39:	|........ ........ ........ ........| ok p=1
Q40:	|........ ........ ........ ........| ok p=1
Q41:	|........ ........ ........ ........| ok p=1
Q42:	|........ ........ ........ ........| ok p=1
Q43:	|........ ........ ........ ........| ok p=1
Q44:	|........ ........ ........ ........| ok p=1
Q45:	|........ ........ ........ ........| ok p=1
Q46:	|........ ........ ........ ........| ok p=1
Q47:	|........ ........ ........ ........| ok p=1
Q48:	|........ ........ ........ ........| ok p=1
Q49:	|........ ........ ........ ........| ok p=1
Q50:	|........ ........ ........ ........| ok p=1
Q51:	|........ ........ ........ ........| ok p=1
Q52:	|........ ........ ........ ........| ok p=1
Q53:	|........ ........ ........ ........| ok p=1
Q54:	|........ ........ ........ ........| ok p=1
Q55:	|........ ........ ........ ........| ok p=1
Q56:	|........ ........ ........ ........| ok p=1
Q57:	|........ ........ ........ ........| ok p=1
Q58:	|........ ........ ........ ........| ok p=1
Q59:	|........ ........ ........ ........| ok p=1
Q60:	|........ ........ 0....... ........| ok p=1
Q61:	|........ .......1 1....... ........| ok p=1
Q62:	|........ .......0 +....... ........| ok p=1
Q63:	|........ .......+ -....... ........| ok p=1
Q64:	|........ ........ +....... ..+.....|
Saving 500000 paths...done.
Autobalance parameters: maxcond=121
Verified: 0 bad out of 890677
Estimating maxcond for upper bound 2000000 (=500000 * 4)...
t=16: 0%   10   20   30   40   50   60   70   80   90   100%
      |----|----|----|----|----|----|----|----|----|----|
e     ***************************************************
Found maxcond = 134
t=16: 0%   10   20   30   40   50   60   70   80   90   100%
      |----|----|----|----|----|----|----|----|----|----|
      ***************************************************
Q13:	|....-... ..+...+. ...+.... +....-.-|
Q14:	|.....0.. 1.+...+1 ...+..0. ..11..-1|
Q15:	|.....1.. +.....1- ...0.... 0.--...-|
Q16:	|.0...-.. 0.^..0-. .0.-..+. ..1...^+| ok p=1
Q17:	|.1...1.. 1.0..1.^ .1....+0 -.0^...1| ok p=0.738281
Q18:	|.+...+.. ..0..+^. .+.^..-. -.1....+| ok p=0.755859
Q19:	|....0+.. ..-..... ......0- -.+....+| ok p=0.876953
Q20:	|.^..0-.. 0...0^.. .^....^- -...0..0| ok p=1
Q21:	|....-1.. 1.^.1... .0.....- -.^.1..^| ok p=0.959961
Q22:	|.....^.. +...-... .1.....+ 1...+...| ok p=0.993164
Q23:	|....^... ........ .+.0...0 0......0| ok p=0.97168
Q24:	|...0.... ^...^.0. ...1...1 ....^..1| ok p=0.938477
Q25:	|...1.... ........ .^.-.... .......-| ok p=0.93457
Q26:	|...-.... .....0+. ........ ..0.....| ok p=0.930664
Q27:	|........ .....1+. ...^.... ..1....^| ok p=1
Q28:	|...^.... .....+-. ........ ..+.....| ok p=1
Q29:	|........ ......0. ........ ..0.....| ok p=0.931641
Q30:	|........ .....^1. ........ ..-.....| ok p=1
Q31:	|........ ........ ........ ..-.....| ok p=1
Q32:	|........ ........ ........ ........| ok p=1
Q33:	|........ ........ ........ ..!.....| ok p=1
Q34:	|........ ........ ........ ........| ok p=1
Q35:	|........ ........ ........ ........| ok p=1
Q36:	|........ ........ ........ ........| ok p=1
Q37:	|........ ........ ........ ........| ok p=1
Q38:	|........ ........ ........ ........| ok p=1
Q39:	|........ ........ ........ ........| ok p=1
Q40:	|........ ........ ........ ........| ok p=1
Q41:	|........ ........ ........ ........| ok p=1
Q42:	|........ ........ ........ ........| ok p=1
Q43:	|........ ........ ........ ........| ok p=1
Q44:	|........ ........ ........ ........| ok p=1
Q45:	|........ ........ ........ ........| ok p=1
Q46:	|........ ........ ........ ........| ok p=1
Q47:	|........ ........ ........ ........| ok p=1
Q48:	|........ ........ ........ ........| ok p=1
Q49:	|........ ........ ........ ........| ok p=1
Q50:	|........ ........ ........ ........| ok p=1
Q51:	|........ ........ ........ ........| ok p=1
Q52:	|........ ........ ........ ........| ok p=1
Q53:	|........ ........ ........ ........| ok p=1
Q54:	|........ ........ ........ ........| ok p=1
Q55:	|........ ........ ........ ........| ok p=1
Q56:	|........ ........ ........ ........| ok p=1
Q57:	|........ ........ ........ ........| ok p=1
Q58:	|........ ........ ........ ........| ok p=1
Q59:	|........ ........ ........ ........| ok p=1
Q60:	|........ ........ 0....... ........| ok p=1
Q61:	|........ .......1 1....... ........| ok p=1
Q62:	|........ .......0 +....... ........| ok p=1
Q63:	|........ .......+ -....... ........| ok p=1
Q64:	|........ ........ +....... ..+.....|
Saving 500000 paths...done.
Autobalance parameters: maxcond=133
Verified: 0 bad out of 511117
Runtime: 32.2007
