Connect MD5 differential paths
Copyright (C) 2009 Marc Stevens
http://homepages.cwi.nl/~stevens/

delta_m[11] = [!5!]
Loading workdir6/paths16_0of1.bin.gz...done: 500000.
Loading workdir6/paths11_0of1.bin.gz...done: 500000.
t=12: 0%   10   20   30   40   50   60   70   80   90   100%
      |----|----|----|----|----|----|----|----|----|----|
      *Q-3:	|01000110 01001110 01100111 11101010|
Q-2:	|10-11001 000011-+ +1100100 11000+-0|
Q-1:	|+++10001 10101110 -1011101 10000+-1|
Q0:	|1-+0011- 011+-+0- +001011- +++1+--0| ok p=0.523438
Q1:	|1-+...-0 +0.+0-.- 0.-....1 +1+.10+0| ok p=0.868164
Q2:	|..1...-0 +0..01.+ +0+....+ -0..1-0-| ok p=1
Q3:	|.10....1 .+.1.0.+ 11+....0 -.01.010| ok p=1
Q4:	|.10.^.1+ 0-.0.... +0.^...+ +..1.0.0| ok p=1
Q5:	|.00.+..- .0.....1 +11+...0 0.!-.0..| ok p=1
Q6:	|.1+.00.+ .0...... .+00...1 1..-.-..| ok p=1
Q7:	|!1-.11.0 1....... 1+11.... ...-.11.| ok p=1
Q8:	|!+1..-.- 1...!... ..++.... ...+.11.| ok p=1
Q9:	|.+0..-.1 -....... .1+01... ..!1..+0| ok p=1
Q10:	|0+.!0101 -.0....0 0.-11..0 11.0..+1| ok p=1
Q11:	|11000100 -.10...1 11+0-..1 10^11.++| ok p=1
Q12:	|0101+++- -^-1^^0- -0+++.^+ ----0^0-| ok p=1
Q13:	|-+++++-+ ++-+--10 --+-1.++ -+1--+0+| ok p=1
Q14:	|01110110 00+010+0 11.+0.0. .0+011-0| ok p=1
Q15:	|00001101 +010011- 1100..11 00--111-| ok p=0.951172
Q16:	|.0...-.. 0.1..0-. .-.-..+. ..0...1+| ok p=1
Q17:	|.1...1.. 1.0..1.^ .0....+0 -.0^...1| ok p=0.746094
Q18:	|.+...+.. ..0..+^. .+.^..-. -.1....+| ok p=0.733398
Q19:	|....0+.. ..-..... ......0- -.+....+| ok p=0.885742
Q20:	|.^..0-.. 0...0^.. .^....0- -...0..0| ok p=1
Q21:	|....-1.. 1.^.1... .0.....- -.^.1..0| ok p=0.957031
Q22:	|.....1.. +...-... .1.....+ 1...+...| ok p=0.998047
Q23:	|....^... ........ .+.0...0 0......0| ok p=0.969727
Q24:	|...0.... ^...^.0. ...1...1 ....^..1| ok p=0.924805
Q25:	|...1.... ........ .^.-.... .......-| ok p=0.928711
Q26:	|...-.... .....0+. ........ ..0.....| ok p=0.923828
Q27:	|........ .....1+. ...^.... ..1....^| ok p=1
Q28:	|...^.... .....+-. ........ ..+.....| ok p=1
Q29:	|........ ......0. ........ ..0.....| ok p=0.949219
Q30:	|........ .....^1. ........ ..-.....| ok p=1
Q31:	|........ ........ ........ ..-.....| ok p=1
Q32:	|........ ........ ........ ........| ok p=1
Q33:	|........ ........ ........ ..!.....| ok p=1
Q34:	|........ ........ ........ ........| ok p=1
Q35:	|........ ........ ........ ........| ok p=1
Q36:	|........ ........ ........ ........| ok p=1
Q37:	|........ ........ ........ ........| ok p=1
Q38:	|........ ........ ........ ........| ok p=1
Q39:	|........ ........ ........ ........| ok p=1
Q40:	|........ ........ ........ ........| ok p=1
Q41:	|........ ........ ........ ........| ok p=1
Q42:	|........ ........ ........ ........| ok p=1
Q43:	|........ ........ ........ ........| ok p=1
Q44:	|........ ........ ........ ........| ok p=1
Q45:	|........ ........ ........ ........| ok p=1
Q46:	|........ ........ ........ ........| ok p=1
Q47:	|........ ........ ........ ........| ok p=1
Q48:	|........ ........ ........ ........| ok p=1
Q49:	|........ ........ ........ ........| ok p=1
Q50:	|........ ........ ........ ........| ok p=1
Q51:	|........ ........ ........ ........| ok p=1
Q52:	|........ ........ ........ ........| ok p=1
Q53:	|........ ........ ........ ........| ok p=1
Q54:	|........ ........ ........ ........| ok p=1
Q55:	|........ ........ ........ ........| ok p=1
Q56:	|........ ........ ........ ........| ok p=1
Q57:	|........ ........ ........ ........| ok p=1
Q58:	|........ ........ ........ ........| ok p=1
Q59:	|........ ........ ........ ........| ok p=1
Q60:	|........ ........ 0....... ........| ok p=1
Q61:	|........ .......1 1....... ........| ok p=1
Q62:	|........ .......0 +....... ........| ok p=1
Q63:	|........ .......+ -....... ........| ok p=1
Q64:	|........ ........ +....... ..+.....|
Best path: totcompl=-26 tottunnel=37, totcond=553, p=0.145011
Q-3:	|01000110 01001110 01100111 11101010|
Q-2:	|10-11001 000011-+ +1100100 11000+-0|
Q-1:	|+++10001 10101110 -1011101 10000+-1|
Q0:	|1-+0011- 011+-+0- +001011- +++1+--0| ok p=0.483398
Q1:	|1-+...-0 +0.+0-.- 0.-....1 +1+.10+0| ok p=0.880859
Q2:	|......-0 +0..01.+ +0+....+ -0..1-0-| ok p=1
Q3:	|!10....1 .+.1.0.+ 11+....0 -.01.010| ok p=1
Q4:	|..0.^.1+ 0-!..... +0.^...+ +..1.0.0| ok p=1
Q5:	|!.0.+..- .0.....1 +11+...0 0!.-.0..| ok p=1
Q6:	|!1+.00.+ .0...... .+00...1 1..-.-..| ok p=1
Q7:	|!1-.11.0 1....... 1+11.... ...-.11.| ok p=1
Q8:	|!+1..-.- 1...!... ..++.... ...+.11.| ok p=1
Q9:	|.+0..-.1 -....... .1+01... ..!1..+0| ok p=1
Q10:	|0+.!0101 -.0....0 0.-11..0 10.0..+1| ok p=1
Q11:	|11000100 -.10...1 11+0-..1 01^11.++| ok p=1
Q12:	|0101+++- -^-1^^0- -0+++.^+ ----0^0-| ok p=1
Q13:	|-+++++-+ ++-+--10 --+-1.++ 0-1--+0+| ok p=1
Q14:	|01110110 00+010+0 11.+0.0. 0.+011-0| ok p=1
Q15:	|00001101 +010011- 1100..11 00--111-| ok p=0.957031
Q16:	|.0...-.. 0.1..0-. .-.-..+. ..0...1+| ok p=1
Q17:	|.1...1.. 1.0..1.^ .0....+0 -.0^...1| ok p=0.744141
Q18:	|.+...+.. ..0..+^. .+.^..-. -.1....+| ok p=0.719727
Q19:	|....0+.. ..-..... ......0- -.+....+| ok p=0.874023
Q20:	|.^..0-.. 0...0^.. .^....0- -...0..0| ok p=1
Q21:	|....-1.. 1.^.1... .0.....- -.^.1..0| ok p=0.954102
Q22:	|.....1.. +...-... .1.....+ 1...+...| ok p=0.999023
Q23:	|....^... ........ .+.0...0 0......0| ok p=0.97168
Q24:	|...0.... ^...^.0. ...1...1 ....^..1| ok p=0.930664
Q25:	|...1.... ........ .^.-.... .......-| ok p=0.939453
Q26:	|...-.... .....0+. ........ ..0.....| ok p=0.93457
Q27:	|........ .....1+. ...^.... ..1....^| ok p=1
Q28:	|...^.... .....+-. ........ ..+.....| ok p=1
Q29:	|........ ......0. ........ ..0.....| ok p=0.931641
Q30:	|........ .....^1. ........ ..-.....| ok p=1
Q31:	|........ ........ ........ ..-.....| ok p=1
Q32:	|........ ........ ........ ........| ok p=1
Q33:	|........ ........ ........ ..!.....| ok p=1
Q34:	|........ ........ ........ ........| ok p=1
Q35:	|........ ........ ........ ........| ok p=1
Q36:	|........ ........ ........ ........| ok p=1
Q37:	|........ ........ ........ ........| ok p=1
Q38:	|........ ........ ........ ........| ok p=1
Q39:	|........ ........ ........ ........| ok p=1
Q40:	|........ ........ ........ ........| ok p=1
Q41:	|........ ........ ........ ........| ok p=1
Q42:	|........ ........ ........ ........| ok p=1
Q43:	|........ ........ ........ ........| ok p=1
Q44:	|........ ........ ........ ........| ok p=1
Q45:	|........ ........ ........ ........| ok p=1
Q46:	|........ ........ ........ ........| ok p=1
Q47:	|........ ........ ........ ........| ok p=1
Q48:	|........ ........ ........ ........| ok p=1
Q49:	|........ ........ ........ ........| ok p=1
Q50:	|........ ........ ........ ........| ok p=1
Q51:	|........ ........ ........ ........| ok p=1
Q52:	|........ ........ ........ ........| ok p=1
Q53:	|........ ........ ........ ........| ok p=1
Q54:	|........ ........ ........ ........| ok p=1
Q55:	|........ ........ ........ ........| ok p=1
Q56:	|........ ........ ........ ........| ok p=1
Q57:	|........ ........ ........ ........| ok p=1
Q58:	|........ ........ ........ ........| ok p=1
Q59:	|........ ........ ........ ........| ok p=1
Q60:	|........ ........ 0....... ........| ok p=1
Q61:	|........ .......1 1....... ........| ok p=1
Q62:	|........ .......0 +....... ........| ok p=1
Q63:	|........ .......+ -....... ........| ok p=1
Q64:	|........ ........ +....... ..+.....|
Best path: totcompl=-25 tottunnel=38, totcond=553, p=0.145193
Q-3:	|01000110 01001110 01100111 11101010|
Q-2:	|10-11001 000011-+ +1100100 11000+-0|
Q-1:	|+++10001 10101110 -1011101 10000+-1|
Q0:	|1-+0011- 011+-+0- +001011- +++1+--0| ok p=0.511719
Q1:	|1-+...-0 +0.+0-.- 0.-....1 +1+.10+0| ok p=0.888672
Q2:	|......-0 +0..01.+ +0+....+ -0..1-0-| ok p=1
Q3:	|!10....1 .+.1.0.+ 11+....0 -.01.010| ok p=1
Q4:	|..0.^.1+ 0-.0.... +0.^...+ +..1.0.0| ok p=1
Q5:	|.!0.+..- .0.....1 +11+...0 0!.-.0..| ok p=1
Q6:	|!1+.01.+ .0...... .+00...1 1..-.-..| ok p=1
Q7:	|!1-.11.0 1....... 1+11.... ...-.1..| ok p=1
Q8:	|!+1..-.- 1.!..... ..++.... ...+.1..| ok p=1
Q9:	|.+0..-.- +....... .1+00.0. ..!1.+.1| ok p=1
Q10:	|.+11.0.- +.101.0. 0.-00.00 01.0.+.1| ok p=1
Q11:	|^0+101.1 -.110010 1^+0-^-1 10^11+^+| ok p=1
Q12:	|--0-1-.+ -^-+-1-1 ++01--++ ----01+-| ok p=1
Q13:	|0-+++1.- ++-10+1- 00+-.0++ -+01++0+| ok p=1
Q14:	|0.011+.1 00+110+0 010+01+. .00+10-0| ok p=1
Q15:	|.0101+.0 +01..11- 0.00..-1 0-.+000-| ok p=0.930664
Q16:	|.0...-.. 0.1..0-. .0.-..0. ...0..0+| ok p=1
Q17:	|.1...0.. 1.0..1.^ .1....+0 -^01...1| ok p=0.714844
Q18:	|.+...+.. ..0..+^. .+.^..-. -.1....+| ok p=0.751953
Q19:	|....0+.. ..-..... ......1- -.+....+| ok p=0.885742
Q20:	|.^..0-.. 0...0^.. .^....1- -...0..0| ok p=1
Q21:	|....-1.. 1.^.1... .0.....- -.^.1..0| ok p=0.967773
Q22:	|.....1.. +...-... .1.....+ 1...+...| ok p=0.99707
Q23:	|....^... ........ .+.0...0 0......0| ok p=0.977539
Q24:	|...0.... ^...^.0. ...1...1 ....^..1| ok p=0.9375
Q25:	|...1.... ........ .^.-.... .......-| ok p=0.945312
Q26:	|...-.... .....0+. ........ ..0.....| ok p=0.939453
Q27:	|........ .....1+. ...^.... ..1....^| ok p=1
Q28:	|...^.... .....+-. ........ ..+.....| ok p=1
Q29:	|........ ......0. ........ ..0.....| ok p=0.921875
Q30:	|........ .....^1. ........ ..-.....| ok p=1
Q31:	|........ ........ ........ ..-.....| ok p=1
Q32:	|........ ........ ........ ........| ok p=1
Q33:	|........ ........ ........ ..!.....| ok p=1
Q34:	|........ ........ ........ ........| ok p=1
Q35:	|........ ........ ........ ........| ok p=1
Q36:	|........ ........ ........ ........| ok p=1
Q37:	|........ ........ ........ ........| ok p=1
Q38:	|........ ........ ........ ........| ok p=1
Q39:	|........ ........ ........ ........| ok p=1
Q40:	|........ ........ ........ ........| ok p=1
Q41:	|........ ........ ........ ........| ok p=1
Q42:	|........ ........ ........ ........| ok p=1
Q43:	|........ ........ ........ ........| ok p=1
Q44:	|........ ........ ........ ........| ok p=1
Q45:	|........ ........ ........ ........| ok p=1
Q46:	|........ ........ ........ ........| ok p=1
Q47:	|........ ........ ........ ........| ok p=1
Q48:	|........ ........ ........ ........| ok p=1
Q49:	|........ ........ ........ ........| ok p=1
Q50:	|........ ........ ........ ........| ok p=1
Q51:	|........ ........ ........ ........| ok p=1
Q52:	|........ ........ ........ ........| ok p=1
Q53:	|........ ........ ........ ........| ok p=1
Q54:	|........ ........ ........ ........| ok p=1
Q55:	|........ ........ ........ ........| ok p=1
Q56:	|........ ........ ........ ........| ok p=1
Q57:	|........ ........ ........ ........| ok p=1
Q58:	|........ ........ ........ ........| ok p=1
Q59:	|........ ........ ........ ........| ok p=1
Q60:	|........ ........ 0....... ........| ok p=1
Q61:	|........ .......1 1....... ........| ok p=1
Q62:	|........ .......0 +....... ........| ok p=1
Q63:	|........ .......+ -....... ........| ok p=1
Q64:	|........ ........ +....... ..+.....|
Best path: totcompl=-25 tottunnel=38, totcond=552, p=0.117018
Q-3:	|01000110 01001110 01100111 11101010|
Q-2:	|10-11001 000011-+ +1100100 11000+-0|
Q-1:	|+++10001 10101110 -1011101 10000+-1|
Q0:	|1-+0011- 011+-+0- +001011- +++1+--0| ok p=0.507812
Q1:	|1-+...-0 +0.+0-.- 0.-....1 +1+.10+0| ok p=0.884766
Q2:	|.0....-0 +0..01.+ +0+....+ -0..1-0-| ok p=1
Q3:	|.10....1 .+.1.0.+ 11+....0 -.01.010| ok p=1
Q4:	|..0.^.1+ 0-.0.... +0.^...+ +..1.0.0| ok p=1
Q5:	|!00.+..- .0.....1 +11+...0 0.!-.0..| ok p=1
Q6:	|.1+.01.+ .0...... .+00...1 1..-.-..| ok p=1
Q7:	|!1-.11.0 1....... 1+11.... ...-.1..| ok p=0.99707
Q8:	|!+1..-.- 1....... ..++.... ...+.1..| ok p=1
Q9:	|.+0..-.- +....... .1+00.0. .!.1.+.1| ok p=1
Q10:	|.+11.0.- +..11.0. 0.-00.00 01.0.+.1| ok p=1
Q11:	|^0+101.1 -0000110 1^+0-^-1 10^11+^+| ok p=1
Q12:	|--0-1-.+ -11--0-1 ++01--++ ----01+-| ok p=1
Q13:	|0-+++1.- ++-01+1- 00+-.0++ -+01++0+| ok p=1
Q14:	|0.011+.1 00+110+0 010+01+. .00+10-0| ok p=1
Q15:	|.0101+.0 +01..11- 0.00..-1 0-.+000-| ok p=0.923828
Q16:	|.0...-.. 0.1..0-. .0.-..0. ...0..0+| ok p=1
Q17:	|.1...0.. 1.0..1.^ .1....+0 -^01...1| ok p=0.728516
Q18:	|.+...+.. ..0..+^. .+.^..-. -.1....+| ok p=0.74707
Q19:	|....0+.. ..-..... ......1- -.+....+| ok p=0.870117
Q20:	|.^..0-.. 0...0^.. .^....1- -...0..0| ok p=1
Q21:	|....-1.. 1.^.1... .0.....- -.^.1..0| ok p=0.958008
Q22:	|.....1.. +...-... .1.....+ 1...+...| ok p=0.994141
Q23:	|....^... ........ .+.0...0 0......0| ok p=0.970703
Q24:	|...0.... ^...^.0. ...1...1 ....^..1| ok p=0.94043
Q25:	|...1.... ........ .^.-.... .......-| ok p=0.938477
Q26:	|...-.... .....0+. ........ ..0.....| ok p=0.929688
Q27:	|........ .....1+. ...^.... ..1....^| ok p=1
Q28:	|...^.... .....+-. ........ ..+.....| ok p=1
Q29:	|........ ......0. ........ ..0.....| ok p=0.946289
Q30:	|........ .....^1. ........ ..-.....| ok p=1
Q31:	|........ ........ ........ ..-.....| ok p=1
Q32:	|........ ........ ........ ........| ok p=1
Q33:	|........ ........ ........ ..!.....| ok p=1
Q34:	|........ ........ ........ ........| ok p=1
Q35:	|........ ........ ........ ........| ok p=1
Q36:	|........ ........ ........ ........| ok p=1
Q37:	|........ ........ ........ ........| ok p=1
Q38:	|........ ........ ........ ........| ok p=1
Q39:	|........ ........ ........ ........| ok p=1
Q40:	|........ ........ ........ ........| ok p=1
Q41:	|........ ........ ........ ........| ok p=1
Q42:	|........ ........ ........ ........| ok p=1
Q43:	|........ ........ ........ ........| ok p=1
Q44:	|........ ........ ........ ........| ok p=1
Q45:	|........ ........ ........ ........| ok p=1
Q46:	|........ ........ ........ ........| ok p=1
Q47:	|........ ........ ........ ........| ok p=1
Q48:	|........ ........ ........ ........| ok p=1
Q49:	|........ ........ ........ ........| ok p=1
Q50:	|........ ........ ........ ........| ok p=1
Q51:	|........ ........ ........ ........| ok p=1
Q52:	|........ ........ ........ ........| ok p=1
Q53:	|........ ........ ........ ........| ok p=1
Q54:	|........ ........ ........ ........| ok p=1
Q55:	|........ ........ ........ ........| ok p=1
Q56:	|........ ........ ........ ........| ok p=1
Q57:	|........ ........ ........ ........| ok p=1
Q58:	|........ ........ ........ ........| ok p=1
Q59:	|........ ........ ........ ........| ok p=1
Q60:	|........ ........ 0....... ........| ok p=1
Q61:	|........ .......1 1....... ........| ok p=1
Q62:	|........ .......0 +....... ........| ok p=1
Q63:	|........ .......+ -....... ........| ok p=1
Q64:	|........ ........ +....... ..+.....|
Best path: totcompl=-25 tottunnel=38, totcond=551, p=0.133382
Q-3:	|01000110 01001110 01100111 11101010|
Q-2:	|10-11001 000011-+ +1100100 11000+-0|
Q-1:	|+++10001 10101110 -1011101 10000+-1|
Q0:	|1-+0011- 011+-+0- +001011- +++1+--0| ok p=0.525391
Q1:	|1-+...-0 +0.+0-.- 0.-....1 +1+.10+0| ok p=0.879883
Q2:	|......-0 +0..01.+ +0+....+ -0..1-0-| ok p=1
Q3:	|.10!...1 .+.1.0.+ 11+....0 -.01.010| ok p=1
Q4:	|.10.^.1+ 0-..!... +0.^...+ +..1.0.0| ok p=1
Q5:	|.00.+..- .0.....1 +11+...0 0!.-.0..| ok p=1
Q6:	|.1+.00.+ .0...... .+00...1 1..-.-..| ok p=1
Q7:	|!1-.11.0 1....... 1+11.... ...-.11.| ok p=1
Q8:	|!+1..-.- 1..!.... ..++.... ...+.11.| ok p=1
Q9:	|1+0..-.1 -....... .1+01... .!.1..+0| ok p=1
Q10:	|0+.0..11 -.0....0 0.-11..0 11.0..+1| ok p=1
Q11:	|11.00110 -.10...1 11+0-..1 10^11.++| ok p=1
Q12:	|01^+11-- -^-1^^0- -0+++.^+ ----0^0-| ok p=1
Q13:	|-+++++-+ ++-+--10 --+-1.++ -+1--+0+| ok p=1
Q14:	|011011.0 00+010+0 11.+0.0. .0+011-0| ok p=1
Q15:	|00001101 +010011- 1100..11 00--111-| ok p=0.961914
Q16:	|.0...-.. 0.1..0-. .-.-..+. ..0...1+| ok p=1
Q17:	|.1...1.. 1.0..1.^ .0....+0 -.0^...1| ok p=0.739258
Q18:	|.+...+.. ..0..+^. .+.^..-. -.1....+| ok p=0.711914
Q19:	|....0+.. ..-..... ......0- -.+....+| ok p=0.870117
Q20:	|.^..0-.. 0...0^.. .^....0- -...0..0| ok p=1
Q21:	|....-1.. 1.^.1... .0.....- -.^.1..0| ok p=0.963867
Q22:	|.....1.. +...-... .1.....+ 1...+...| ok p=0.994141
Q23:	|....^... ........ .+.0...0 0......0| ok p=0.975586
Q24:	|...0.... ^...^.0. ...1...1 ....^..1| ok p=0.933594
Q25:	|...1.... ........ .^.-.... .......-| ok p=0.933594
Q26:	|...-.... .....0+. ........ ..0.....| ok p=0.941406
Q27:	|........ .....1+. ...^.... ..1....^| ok p=1
Q28:	|...^.... .....+-. ........ ..+.....| ok p=1
Q29:	|........ ......0. ........ ..0.....| ok p=0.935547
Q30:	|........ .....^1. ........ ..-.....| ok p=1
Q31:	|........ ........ ........ ..-.....| ok p=1
Q32:	|........ ........ ........ ........| ok p=1
Q33:	|........ ........ ........ ..!.....| ok p=1
Q34:	|........ ........ ........ ........| ok p=1
Q35:	|........ ........ ........ ........| ok p=1
Q36:	|........ ........ ........ ........| ok p=1
Q37:	|........ ........ ........ ........| ok p=1
Q38:	|........ ........ ........ ........| ok p=1
Q39:	|........ ........ ........ ........| ok p=1
Q40:	|........ ........ ........ ........| ok p=1
Q41:	|........ ........ ........ ........| ok p=1
Q42:	|........ ........ ........ ........| ok p=1
Q43:	|........ ........ ........ ........| ok p=1
Q44:	|........ ........ ........ ........| ok p=1
Q45:	|........ ........ ........ ........| ok p=1
Q46:	|........ ........ ........ ........| ok p=1
Q47:	|........ ........ ........ ........| ok p=1
Q48:	|........ ........ ........ ........| ok p=1
Q49:	|........ ........ ........ ........| ok p=1
Q50:	|........ ........ ........ ........| ok p=1
Q51:	|........ ........ ........ ........| ok p=1
Q52:	|........ ........ ........ ........| ok p=1
Q53:	|........ ........ ........ ........| ok p=1
Q54:	|........ ........ ........ ........| ok p=1
Q55:	|........ ........ ........ ........| ok p=1
Q56:	|........ ........ ........ ........| ok p=1
Q57:	|........ ........ ........ ........| ok p=1
Q58:	|........ ........ ........ ........| ok p=1
Q59:	|........ ........ ........ ........| ok p=1
Q60:	|........ ........ 0....... ........| ok p=1
Q61:	|........ .......1 1....... ........| ok p=1
Q62:	|........ .......0 +....... ........| ok p=1
Q63:	|........ .......+ -....... ........| ok p=1
Q64:	|........ ........ +....... ..+.....|
Best path: totcompl=-23 tottunnel=40, totcond=550, p=0.144731
Best paths: 2
Q-3:	|01000110 01001110 01100111 11101010|
Q-2:	|10-11001 000011-+ +1100100 11000+-0|
Q-1:	|+++10001 10101110 -1011101 10000+-1|
Q0:	|1-+0011- 011+-+0- +001011- +++1+--0| ok p=0.483398
Q1:	|1-+...-0 +0.+0-.- 0.-....1 +1+.10+0| ok p=0.884766
Q2:	|..1...-0 +0..01.+ +0+....+ -0..1-0-| ok p=1
Q3:	|.10....1 .+.1.0.+ 11+....0 -.01.010| ok p=1
Q4:	|..1.^.1+ 0-..!... +0.^...+ +..1.0.0| ok p=1
Q5:	|.00.+..- .0.....1 +11+...0 0!.-.0..| ok p=1
Q6:	|.1+.01.+ .0...... .+.0...1 1..-.-..| ok p=1
Q7:	|!1-.11.0 .1.....! 1011.... ...-.0..| ok p=1
Q8:	|!+1..-.0 .0...... .11-.... ...+.1..| ok p=1
Q9:	|.+0..-.. .+...... .1-00... 1.!1.+..| ok p=1
Q10:	|.+1.1110 0+10.0.0 .-+00.!. 1..+10..| ok p=1
Q11:	|^0-^0101 1+01.1^1 1+-1-..1 +.^+0000| ok p=1
Q12:	|-+++-++- +0--^+++ 00+0+^^0 +.-+++11| ok p=1
Q13:	|0000-0-+ ++-+-000 ---+0-++ -.01+++-| ok p=1
Q14:	|0101.001 01+111+0 11000111 0.10..-0| ok p=1
Q15:	|....1101 +010111- 1001.111 0.--110-| ok p=0.938477
Q16:	|.0...-.. 0.1..--. .0.-..+. ..1...0+| ok p=1
Q17:	|.1...1.. 1.0..0.^ .1....+0 -.0^...1| ok p=0.767578
Q18:	|.+...+.. ..0..+^. .+.^..-. -.1....+| ok p=0.742188
Q19:	|....0+.. ..-..... ......0- -.+....+| ok p=0.866211
Q20:	|.^..0-.. 0...0^.. .^....0- -...0..0| ok p=1
Q21:	|....-1.. 1.^.1... .0.....- -.^.1..0| ok p=0.961914
Q22:	|.....1.. +...-... .1.....+ 1...+...| ok p=0.996094
Q23:	|....^... ........ .+.0...0 0......0| ok p=0.972656
Q24:	|...0.... ^...^.0. ...1...1 ....^..1| ok p=0.938477
Q25:	|...1.... ........ .^.-.... .......-| ok p=0.911133
Q26:	|...-.... .....0+. ........ ..0.....| ok p=0.928711
Q27:	|........ .....1+. ...^.... ..1....^| ok p=1
Q28:	|...^.... .....+-. ........ ..+.....| ok p=1
Q29:	|........ ......0. ........ ..0.....| ok p=0.942383
Q30:	|........ .....^1. ........ ..-.....| ok p=1
Q31:	|........ ........ ........ ..-.....| ok p=1
Q32:	|........ ........ ........ ........| ok p=1
Q33:	|........ ........ ........ ..!.....| ok p=1
Q34:	|........ ........ ........ ........| ok p=1
Q35:	|........ ........ ........ ........| ok p=1
Q36:	|........ ........ ........ ........| ok p=1
Q37:	|........ ........ ........ ........| ok p=1
Q38:	|........ ........ ........ ........| ok p=1
Q39:	|........ ........ ........ ........| ok p=1
Q40:	|........ ........ ........ ........| ok p=1
Q41:	|........ ........ ........ ........| ok p=1
Q42:	|........ ........ ........ ........| ok p=1
Q43:	|........ ........ ........ ........| ok p=1
Q44:	|........ ........ ........ ........| ok p=1
Q45:	|........ ........ ........ ........| ok p=1
Q46:	|........ ........ ........ ........| ok p=1
Q47:	|........ ........ ........ ........| ok p=1
Q48:	|........ ........ ........ ........| ok p=1
Q49:	|........ ........ ........ ........| ok p=1
Q50:	|........ ........ ........ ........| ok p=1
Q51:	|........ ........ ........ ........| ok p=1
Q52:	|........ ........ ........ ........| ok p=1
Q53:	|........ ........ ........ ........| ok p=1
Q54:	|........ ........ ........ ........| ok p=1
Q55:	|........ ........ ........ ........| ok p=1
Q56:	|........ ........ ........ ........| ok p=1
Q57:	|........ ........ ........ ........| ok p=1
Q58:	|........ ........ ........ ........| ok p=1
Q59:	|........ ........ ........ ........| ok p=1
Q60:	|........ ........ 0....... ........| ok p=1
Q61:	|........ .......1 1....... ........| ok p=1
Q62:	|........ .......0 +....... ........| ok p=1
Q63:	|........ .......+ -....... ........| ok p=1
Q64:	|........ ........ +....... ..+.....|
Best path: totcompl=-23 tottunnel=40, totcond=549, p=0.148365
Best paths: 2
Q-3:	|01000110 01001110 01100111 11101010|
Q-2:	|10-11001 000011-+ +1100100 11000+-0|
Q-1:	|+++10001 10101110 -1011101 10000+-1|
Q0:	|1-+0011- 011+-+0- +001011- +++1+--0| ok p=0.529297
Q1:	|1-+...-0 +0.+0-.- 0.-....1 +1+.10+0| ok p=0.882812
Q2:	|..1...-0 +0..01.+ +0+....+ -0..1-0-| ok p=1
Q3:	|.10....1 .+.1.0.+ 11+....0 -.01.010| ok p=1
Q4:	|..1.^.1+ 0-.0.... +0.^...+ +..1.0.0| ok p=1
Q5:	|.00.+..- .0.....1 +11+...0 0!.-.0..| ok p=1
Q6:	|.1+.01.+ .0...... 0+.0...1 1..-.-..| ok p=1
Q7:	|!1-.11.0 .1...... 1011.... ...-.0..| ok p=1
Q8:	|!+1..-.0 .0...... .11-.... ...+.1..| ok p=1
Q9:	|.+0..-.. .+...... .1-00... 1!.1.+..| ok p=1
Q10:	|.+1.1110 0+10.0.0 .-+00!.. 1..+10..| ok p=1
Q11:	|^0-^0101 1+01.1^1 1+-1-.00 +.^+0011| ok p=1
Q12:	|-+++-++- +0--^+++ 00+0+.11 +.-+++10| ok p=1
Q13:	|0000-0-+ ++-+-000 ---+0.-+ -!01+++-| ok p=1
Q14:	|0101.001 01+111+0 11000.11 0.10..-0| ok p=1
Q15:	|....1101 +010111- 1001..11 0.--110-| ok p=0.938477
Q16:	|.0...-.. 0.1..--. .0.-..+. ..1...0+| ok p=1
Q17:	|.1...1.. 1.0..0.^ .1....+0 -.0^...1| ok p=0.761719
Q18:	|.+...+.. ..0..+^. .+.^..-. -.1....+| ok p=0.725586
Q19:	|....0+.. ..-..... ......0- -.+....+| ok p=0.868164
Q20:	|.^..0-.. 0...0^.. .^....0- -...0..0| ok p=1
Q21:	|....-1.. 1.^.1... .0.....- -.^.1..0| ok p=0.962891
Q22:	|.....1.. +...-... .1.....+ 1...+...| ok p=0.996094
Q23:	|....^... ........ .+.0...0 0......0| ok p=0.972656
Q24:	|...0.... ^...^.0. ...1...1 ....^..1| ok p=0.948242
Q25:	|...1.... ........ .^.-.... .......-| ok p=0.936523
Q26:	|...-.... .....0+. ........ ..0.....| ok p=0.942383
Q27:	|........ .....1+. ...^.... ..1....^| ok p=1
Q28:	|...^.... .....+-. ........ ..+.....| ok p=1
Q29:	|........ ......0. ........ ..0.....| ok p=0.920898
Q30:	|........ .....^1. ........ ..-.....| ok p=1
Q31:	|........ ........ ........ ..-.....| ok p=1
Q32:	|........ ........ ........ ........| ok p=1
Q33:	|........ ........ ........ ..!.....| ok p=1
Q34:	|........ ........ ........ ........| ok p=1
Q35:	|........ ........ ........ ........| ok p=1
Q36:	|........ ........ ........ ........| ok p=1
Q37:	|........ ........ ........ ........| ok p=1
Q38:	|........ ........ ........ ........| ok p=1
Q39:	|........ ........ ........ ........| ok p=1
Q40:	|........ ........ ........ ........| ok p=1
Q41:	|........ ........ ........ ........| ok p=1
Q42:	|........ ........ ........ ........| ok p=1
Q43:	|........ ........ ........ ........| ok p=1
Q44:	|........ ........ ........ ........| ok p=1
Q45:	|........ ........ ........ ........| ok p=1
Q46:	|........ ........ ........ ........| ok p=1
Q47:	|........ ........ ........ ........| ok p=1
Q48:	|........ ........ ........ ........| ok p=1
Q49:	|........ ........ ........ ........| ok p=1
Q50:	|........ ........ ........ ........| ok p=1
Q51:	|........ ........ ........ ........| ok p=1
Q52:	|........ ........ ........ ........| ok p=1
Q53:	|........ ........ ........ ........| ok p=1
Q54:	|........ ........ ........ ........| ok p=1
Q55:	|........ ........ ........ ........| ok p=1
Q56:	|........ ........ ........ ........| ok p=1
Q57:	|........ ........ ........ ........| ok p=1
Q58:	|........ ........ ........ ........| ok p=1
Q59:	|........ ........ ........ ........| ok p=1
Q60:	|........ ........ 0....... ........| ok p=1
Q61:	|........ .......1 1....... ........| ok p=1
Q62:	|........ .......0 +....... ........| ok p=1
Q63:	|........ .......+ -....... ........| ok p=1
Q64:	|........ ........ +....... ..+.....|
Best path: totcompl=-23 tottunnel=40, totcond=547, p=0.150543
Q-3:	|01000110 01001110 01100111 11101010|
Q-2:	|10-11001 000011-+ +1100100 11000+-0|
Q-1:	|+++10001 10101110 -1011101 10000+-1|
Q0:	|1-+0011- 011+-+0- +001011- +++1+--0| ok p=0.495117
Q1:	|1-+...-0 +0.+0-.- 0.-....1 +1+.10+0| ok p=0.868164
Q2:	|......-0 +0..01.+ +0+....+ -0..1-0-| ok p=1
Q3:	|.10!...1 .+.1.0.+ 11+....0 -.01.010| ok p=1
Q4:	|..1.^.1+ 0-!..... +0.^...+ +..1.0.0| ok p=1
Q5:	|..0.+..- .0.....1 +11+...0 0!.-.0..| ok p=1
Q6:	|!1+.01.+ .0...... .+.0...1 1..-.-..| ok p=1
Q7:	|!1-.11.0 .1.....! 1011.... ...-.0..| ok p=1
Q8:	|!+1..-.0 .0...... .11-.... ...+.1..| ok p=1
Q9:	|.+0..-.. .+...... .1-00... 1!.1.+..| ok p=1
Q10:	|.+1.1110 0+10.0.0 .-+00.!. 1..+10..| ok p=1
Q11:	|^0-^0101 1+01.1^1 1+-1-.00 +.^+0000| ok p=1
Q12:	|-+++-++- +0--^+++ 00+0+.11 +.-+++11| ok p=1
Q13:	|0000-0-+ ++-+-000 ---+0.-+ -.01+++-| ok p=1
Q14:	|0101.001 01+111+0 11000.11 0.10..-0| ok p=1
Q15:	|....1101 +010111- 1001..11 0.--110-| ok p=0.94043
Q16:	|.0...-.. 0.1..--. .0.-..+. ..1...0+| ok p=1
Q17:	|.1...1.. 1.0..0.^ .1....+0 -.0^...1| ok p=0.750977
Q18:	|.+...+.. ..0..+^. .+.^..-. -.1....+| ok p=0.738281
Q19:	|....0+.. ..-..... ......0- -.+....+| ok p=0.875
Q20:	|.^..0-.. 0...0^.. .^....0- -...0..0| ok p=1
Q21:	|....-1.. 1.^.1... .0.....- -.^.1..0| ok p=0.962891
Q22:	|.....1.. +...-... .1.....+ 1...+...| ok p=0.99707
Q23:	|....^... ........ .+.0...0 0......0| ok p=0.97168
Q24:	|...0.... ^...^.0. ...1...1 ....^..1| ok p=0.951172
Q25:	|...1.... ........ .^.-.... .......-| ok p=0.9375
Q26:	|...-.... .....0+. ........ ..0.....| ok p=0.950195
Q27:	|........ .....1+. ...^.... ..1....^| ok p=1
Q28:	|...^.... .....+-. ........ ..+.....| ok p=1
Q29:	|........ ......0. ........ ..0.....| ok p=0.938477
Q30:	|........ .....^1. ........ ..-.....| ok p=1
Q31:	|........ ........ ........ ..-.....| ok p=1
Q32:	|........ ........ ........ ........| ok p=1
Q33:	|........ ........ ........ ..!.....| ok p=1
Q34:	|........ ........ ........ ........| ok p=1
Q35:	|........ ........ ........ ........| ok p=1
Q36:	|........ ........ ........ ........| ok p=1
Q37:	|........ ........ ........ ........| ok p=1
Q38:	|........ ........ ........ ........| ok p=1
Q39:	|........ ........ ........ ........| ok p=1
Q40:	|........ ........ ........ ........| ok p=1
Q41:	|........ ........ ........ ........| ok p=1
Q42:	|........ ........ ........ ........| ok p=1
Q43:	|........ ........ ........ ........| ok p=1
Q44:	|........ ........ ........ ........| ok p=1
Q45:	|........ ........ ........ ........| ok p=1
Q46:	|........ ........ ........ ........| ok p=1
Q47:	|........ ........ ........ ........| ok p=1
Q48:	|........ ........ ........ ........| ok p=1
Q49:	|........ ........ ........ ........| ok p=1
Q50:	|........ ........ ........ ........| ok p=1
Q51:	|........ ........ ........ ........| ok p=1
Q52:	|........ ........ ........ ........| ok p=1
Q53:	|........ ........ ........ ........| ok p=1
Q54:	|........ ........ ........ ........| ok p=1
Q55:	|........ ........ ........ ........| ok p=1
Q56:	|........ ........ ........ ........| ok p=1
Q57:	|........ ........ ........ ........| ok p=1
Q58:	|........ ........ ........ ........| ok p=1
Q59:	|........ ........ ........ ........| ok p=1
Q60:	|........ ........ 0....... ........| ok p=1
Q61:	|........ .......1 1....... ........| ok p=1
Q62:	|........ .......0 +....... ........| ok p=1
Q63:	|........ .......+ -....... ........| ok p=1
Q64:	|........ ........ +....... ..+.....|
Best path: totcompl=-22 tottunnel=41, totcond=546, p=0.147444
Best paths: 2
Q-3:	|01000110 01001110 01100111 11101010|
Q-2:	|10-11001 000011-+ +1100100 11000+-0|
Q-1:	|+++10001 10101110 -1011101 10000+-1|
Q0:	|1-+0011- 011+-+0- +001011- +++1+--0| ok p=0.500977
Q1:	|1-+...-0 +0.+0-.- 0.-....1 +1+.10+0| ok p=0.87207
Q2:	|......-0 +0..01.+ +0+....+ -0..1-0-| ok p=1
Q3:	|!10....1 .+.1.0.+ 11+....0 -.01.010| ok p=1
Q4:	|..1.^.1+ 0-!..... +0.^...+ +..1.0.0| ok p=1
Q5:	|..0.+..- .0.....1 +11+...0 0!.-.0..| ok p=1
Q6:	|!1+.01.+ .0...... 0+.0...1 1..-.-..| ok p=1
Q7:	|!1-.11.0 .1...... 1011.... ...-.0..| ok p=1
Q8:	|!+1..-.0 .0...... .11-.... ...+.1..| ok p=1
Q9:	|.+0..-.. .+...... .1-00... 1!.1.+..| ok p=1
Q10:	|.+1.1110 0+10.0.0 .-+00.!. 1..+10..| ok p=1
Q11:	|^0-^0101 1+01.1^1 1+-1-..0 +.^+0011| ok p=1
Q12:	|-+++-++- +0--^+++ 00+0+..1 +.-+++10| ok p=1
Q13:	|0000-0-+ ++-+-000 ---+0..- -!01+++-| ok p=1
Q14:	|0101.001 01+111+0 11000!11 0.10..-0| ok p=1
Q15:	|....1101 +010111- 1001...1 0.--110-| ok p=0.93457
Q16:	|.0...-.. 0.1..--. .0.-..+. ..1...0+| ok p=1
Q17:	|.1...1.. 1.0..0.^ .1....+0 -.0^...1| ok p=0.751953
Q18:	|.+...+.. ..0..+^. .+.^..-. -.1....+| ok p=0.735352
Q19:	|....0+.. ..-..... ......0- -.+....+| ok p=0.889648
Q20:	|.^..0-.. 0...0^.. .^....0- -...0..0| ok p=1
Q21:	|....-1.. 1.^.1... .0.....- -.^.1..0| ok p=0.960938
Q22:	|.....1.. +...-... .1.....+ 1...+...| ok p=0.99707
Q23:	|....^... ........ .+.0...0 0......0| ok p=0.96582
Q24:	|...0.... ^...^.0. ...1...1 ....^..1| ok p=0.929688
Q25:	|...1.... ........ .^.-.... .......-| ok p=0.9375
Q26:	|...-.... .....0+. ........ ..0.....| ok p=0.919922
Q27:	|........ .....1+. ...^.... ..1....^| ok p=1
Q28:	|...^.... .....+-. ........ ..+.....| ok p=1
Q29:	|........ ......0. ........ ..0.....| ok p=0.944336
Q30:	|........ .....^1. ........ ..-.....| ok p=1
Q31:	|........ ........ ........ ..-.....| ok p=1
Q32:	|........ ........ ........ ........| ok p=1
Q33:	|........ ........ ........ ..!.....| ok p=1
Q34:	|........ ........ ........ ........| ok p=1
Q35:	|........ ........ ........ ........| ok p=1
Q36:	|........ ........ ........ ........| ok p=1
Q37:	|........ ........ ........ ........| ok p=1
Q38:	|........ ........ ........ ........| ok p=1
Q39:	|........ ........ ........ ........| ok p=1
Q40:	|........ ........ ........ ........| ok p=1
Q41:	|........ ........ ........ ........| ok p=1
Q42:	|........ ........ ........ ........| ok p=1
Q43:	|........ ........ ........ ........| ok p=1
Q44:	|........ ........ ........ ........| ok p=1
Q45:	|........ ........ ........ ........| ok p=1
Q46:	|........ ........ ........ ........| ok p=1
Q47:	|........ ........ ........ ........| ok p=1
Q48:	|........ ........ ........ ........| ok p=1
Q49:	|........ ........ ........ ........| ok p=1
Q50:	|........ ........ ........ ........| ok p=1
Q51:	|........ ........ ........ ........| ok p=1
Q52:	|........ ........ ........ ........| ok p=1
Q53:	|........ ........ ........ ........| ok p=1
Q54:	|........ ........ ........ ........| ok p=1
Q55:	|........ ........ ........ ........| ok p=1
Q56:	|........ ........ ........ ........| ok p=1
Q57:	|........ ........ ........ ........| ok p=1
Q58:	|........ ........ ........ ........| ok p=1
Q59:	|........ ........ ........ ........| ok p=1
Q60:	|........ ........ 0....... ........| ok p=1
Q61:	|........ .......1 1....... ........| ok p=1
Q62:	|........ .......0 +....... ........| ok p=1
Q63:	|........ .......+ -....... ........| ok p=1
Q64:	|........ ........ +....... ..+.....|
Best path: totcompl=-22 tottunnel=41, totcond=544, p=0.133958
Q-3:	|01000110 01001110 01100111 11101010|
Q-2:	|10-11001 000011-+ +1100100 11000+-0|
Q-1:	|+++10001 10101110 -1011101 10000+-1|
Q0:	|1-+0011- 011+-+0- +001011- +++1+--0| ok p=0.498047
Q1:	|1-+...-0 +0.+0-.- 0.-....1 +1+.10+0| ok p=0.875977
Q2:	|......-0 +0..01.+ +0+....+ -0..1-0-| ok p=1
Q3:	|.10!...1 .+.1.0.+ 11+....0 -.01.010| ok p=1
Q4:	|..1.^.1+ 0-..!... +0.^...+ +..1.0.0| ok p=1
Q5:	|..0.+..- .0.....1 +11+...0 0!.-.0..| ok p=1
Q6:	|!1+.01.+ .0...... .+.0...1 1..-.-..| ok p=1
Q7:	|!1-.11.0 .1.....! 1011.... ...-.0..| ok p=1
Q8:	|!+1..-.0 .0...... .11-.... ...+.1..| ok p=1
Q9:	|.+0..-.. .+...... .1-00... 1!.1.+..| ok p=1
Q10:	|.+1.1110 0+10.0.0 .-+00!.. 1..+10..| ok p=1
Q11:	|^0-^0101 1+01.1^1 1+-1-..0 +.^+0000| ok p=1
Q12:	|-+++-++- +0--^+++ 00+0+..1 +.-+++11| ok p=1
Q13:	|0000-0-+ ++-+-000 ---+0.0- -.01+++-| ok p=1
Q14:	|0101.001 01+111+0 11000.11 0.10..-0| ok p=1
Q15:	|....1101 +010111- 1001...1 0.--110-| ok p=0.9375
Q16:	|.0...-.. 0.1..--. .0.-..+. ..1...0+| ok p=1
Q17:	|.1...1.. 1.0..0.^ .1....+0 -.0^...1| ok p=0.746094
Q18:	|.+...+.. ..0..+^. .+.^..-. -.1....+| ok p=0.733398
Q19:	|....0+.. ..-..... ......0- -.+....+| ok p=0.873047
Q20:	|.^..0-.. 0...0^.. .^....0- -...0..0| ok p=1
Q21:	|....-1.. 1.^.1... .0.....- -.^.1..0| ok p=0.96582
Q22:	|.....1.. +...-... .1.....+ 1...+...| ok p=0.99707
Q23:	|....^... ........ .+.0...0 0......0| ok p=0.973633
Q24:	|...0.... ^...^.0. ...1...1 ....^..1| ok p=0.942383
Q25:	|...1.... ........ .^.-.... .......-| ok p=0.932617
Q26:	|...-.... .....0+. ........ ..0.....| ok p=0.931641
Q27:	|........ .....1+. ...^.... ..1....^| ok p=1
Q28:	|...^.... .....+-. ........ ..+.....| ok p=1
Q29:	|........ ......0. ........ ..0.....| ok p=0.9375
Q30:	|........ .....^1. ........ ..-.....| ok p=1
Q31:	|........ ........ ........ ..-.....| ok p=1
Q32:	|........ ........ ........ ........| ok p=1
Q33:	|........ ........ ........ ..!.....| ok p=1
Q34:	|........ ........ ........ ........| ok p=1
Q35:	|........ ........ ........ ........| ok p=1
Q36:	|........ ........ ........ ........| ok p=1
Q37:	|........ ........ ........ ........| ok p=1
Q38:	|........ ........ ........ ........| ok p=1
Q39:	|........ ........ ........ ........| ok p=1
Q40:	|........ ........ ........ ........| ok p=1
Q41:	|........ ........ ........ ........| ok p=1
Q42:	|........ ........ ........ ........| ok p=1
Q43:	|........ ........ ........ ........| ok p=1
Q44:	|........ ........ ........ ........| ok p=1
Q45:	|........ ........ ........ ........| ok p=1
Q46:	|........ ........ ........ ........| ok p=1
Q47:	|........ ........ ........ ........| ok p=1
Q48:	|........ ........ ........ ........| ok p=1
Q49:	|........ ........ ........ ........| ok p=1
Q50:	|........ ........ ........ ........| ok p=1
Q51:	|........ ........ ........ ........| ok p=1
Q52:	|........ ........ ........ ........| ok p=1
Q53:	|........ ........ ........ ........| ok p=1
Q54:	|........ ........ ........ ........| ok p=1
Q55:	|........ ........ ........ ........| ok p=1
Q56:	|........ ........ ........ ........| ok p=1
Q57:	|........ ........ ........ ........| ok p=1
Q58:	|........ ........ ........ ........| ok p=1
Q59:	|........ ........ ........ ........| ok p=1
Q60:	|........ ........ 0....... ........| ok p=1
Q61:	|........ .......1 1....... ........| ok p=1
Q62:	|........ .......0 +....... ........| ok p=1
Q63:	|........ .......+ -....... ........| ok p=1
Q64:	|........ ........ +....... ..+.....|
Best path: totcompl=-22 tottunnel=41, totcond=543, p=0.134901
Best paths: 2
Best paths: 4
Q-3:	|01000110 01001110 01100111 11101010|
Q-2:	|10-11001 000011-+ +1100100 11000+-0|
Q-1:	|+++10001 10101110 -1011101 10000+-1|
Q0:	|1-+0011- 011+-+0- +001011- +++1+--0| ok p=0.495117
Q1:	|1-+...-0 +0.+0-.- 0.-....1 +1+.10+0| ok p=0.869141
Q2:	|..1...-0 +0..01.+ +0+....+ -0..1-0-| ok p=1
Q3:	|.10....1 .+.1.0.+ 11+....0 -.01.010| ok p=1
Q4:	|..1.^.1+ 0-.0.... +0.^...+ +..1.0.0| ok p=1
Q5:	|.00.+..- .0.....1 +11+...0 0!.-.0..| ok p=1
Q6:	|.1+.01.+ .0...... 0+.0...1 1..-.-..| ok p=1
Q7:	|!1-.11.0 .1...... 1011.... ...-.0..| ok p=1
Q8:	|!+1..-.0 .0...... .11-.... ...+.1..| ok p=1
Q9:	|.+0..-.. .+...... .1-00... 1!.1.+..| ok p=1
Q10:	|.+1.1110 0+1.00.0 .-+00.!. 1..+10..| ok p=1
Q11:	|^0-^0101 1+0111^1 1+-1-..0 +.^+0000| ok p=1
Q12:	|-+++-++- +0-0--++ 00+0+..1 +.-+++11| ok p=1
Q13:	|0000-0-+ ++-+-000 ---+0..- -.01+++-| ok p=1
Q14:	|0101.001 01+1.1+0 11000!11 0.10..-0| ok p=1
Q15:	|....1101 +010111- 1001...1 0.--110-| ok p=0.924805
Q16:	|.0...-.. 0.1..--. .0.-..+. ..1...0+| ok p=1
Q17:	|.1...1.. 1.0..0.^ .1....+0 -.0^...1| ok p=0.75
Q18:	|.+...+.. ..0..+^. .+.^..-. -.1....+| ok p=0.737305
Q19:	|....0+.. ..-..... ......0- -.+....+| ok p=0.869141
Q20:	|.^..0-.. 0...0^.. .^....0- -...0..0| ok p=1
Q21:	|....-1.. 1.^.1... .0.....- -.^.1..0| ok p=0.964844
Q22:	|.....1.. +...-... .1.....+ 1...+...| ok p=0.996094
Q23:	|....^... ........ .+.0...0 0......0| ok p=0.979492
Q24:	|...0.... ^...^.0. ...1...1 ....^..1| ok p=0.943359
Q25:	|...1.... ........ .^.-.... .......-| ok p=0.939453
Q26:	|...-.... .....0+. ........ ..0.....| ok p=0.943359
Q27:	|........ .....1+. ...^.... ..1....^| ok p=1
Q28:	|...^.... .....+-. ........ ..+.....| ok p=1
Q29:	|........ ......0. ........ ..0.....| ok p=0.936523
Q30:	|........ .....^1. ........ ..-.....| ok p=1
Q31:	|........ ........ ........ ..-.....| ok p=1
Q32:	|........ ........ ........ ........| ok p=1
Q33:	|........ ........ ........ ..!.....| ok p=1
Q34:	|........ ........ ........ ........| ok p=1
Q35:	|........ ........ ........ ........| ok p=1
Q36:	|........ ........ ........ ........| ok p=1
Q37:	|........ ........ ........ ........| ok p=1
Q38:	|........ ........ ........ ........| ok p=1
Q39:	|........ ........ ........ ........| ok p=1
Q40:	|........ ........ ........ ........| ok p=1
Q41:	|........ ........ ........ ........| ok p=1
Q42:	|........ ........ ........ ........| ok p=1
Q43:	|........ ........ ........ ........| ok p=1
Q44:	|........ ........ ........ ........| ok p=1
Q45:	|........ ........ ........ ........| ok p=1
Q46:	|........ ........ ........ ........| ok p=1
Q47:	|........ ........ ........ ........| ok p=1
Q48:	|........ ........ ........ ........| ok p=1
Q49:	|........ ........ ........ ........| ok p=1
Q50:	|........ ........ ........ ........| ok p=1
Q51:	|........ ........ ........ ........| ok p=1
Q52:	|........ ........ ........ ........| ok p=1
Q53:	|........ ........ ........ ........| ok p=1
Q54:	|........ ........ ........ ........| ok p=1
Q55:	|........ ........ ........ ........| ok p=1
Q56:	|........ ........ ........ ........| ok p=1
Q57:	|........ ........ ........ ........| ok p=1
Q58:	|........ ........ ........ ........| ok p=1
Q59:	|........ ........ ........ ........| ok p=1
Q60:	|........ ........ 0....... ........| ok p=1
Q61:	|........ .......1 1....... ........| ok p=1
Q62:	|........ .......0 +....... ........| ok p=1
Q63:	|........ .......+ -....... ........| ok p=1
Q64:	|........ ........ +....... ..+.....|
Best path: totcompl=-21 tottunnel=42, totcond=543, p=0.142159
Best paths: 2
Best paths: 4
Best paths: 8
Q-3:	|01000110 01001110 01100111 11101010|
Q-2:	|10-11001 000011-+ +1100100 11000+-0|
Q-1:	|+++10001 10101110 -1011101 10000+-1|
Q0:	|1-+0011- 011+-+0- +001011- +++1+--0| ok p=0.499023
Q1:	|1-+...-0 +0.+0-.- 0.-....1 +1+.10+0| ok p=0.893555
Q2:	|......-0 +0..01.+ +0+....+ -0..1-0-| ok p=1
Q3:	|.10!...1 .+.1.0.+ 11+....0 -.01.010| ok p=1
Q4:	|..1.^.1+ 0-!..... +0.^...+ +..1.0.0| ok p=1
Q5:	|.00.+..- .0.....1 +11+...0 0.!-.0..| ok p=1
Q6:	|.1+.01.+ .0...... .+10...1 1..-.-..| ok p=1
Q7:	|!1-.11.0 .0...... 1001.... ...-.0..| ok p=1
Q8:	|!+1.-+.0 .0...... .10-.... ...+.1..| ok p=1
Q9:	|.+0.-+.. .+...... .1-01... 0!.1....| ok p=1
Q10:	|.+11..1. 0+1.0.10 .--01.!. 0..+.1..| ok p=1
Q11:	|^0-0010^ 1+011111 0-0++..1 +01+.001| ok p=1
Q12:	|-+++11-- -0-0-0-- 11-0+.^0 +101.+10| ok p=1
Q13:	|0000-101 -+1---+0 ---+..-+ -+--.--+| ok p=1
Q14:	|01010+11 01+1.+10 01.00.11 0110.1-1| ok p=1
Q15:	|....1+.. +10011-+ 1101..11 01--.0.-| ok p=0.857422
Q16:	|.0...-.. 0.0..--. .0.-..+. ..1...^+| ok p=1
Q17:	|.1...0.. 1.0..01^ .1....+0 -.0^...1| ok p=0.719727
Q18:	|.+...+.. ..0..+1. .+.^..-. -.1....+| ok p=0.727539
Q19:	|....0+.. ..-..... ......0- -.+....+| ok p=0.865234
Q20:	|.^..0-.. 0...0^.. .^....0- -...0..0| ok p=1
Q21:	|....-1.. 1.^.1... .0.....- -.^.1..0| ok p=0.967773
Q22:	|.....1.. +...-... .1.....+ 1...+...| ok p=0.998047
Q23:	|....^... ........ .+.0...0 0......0| ok p=0.972656
Q24:	|...0.... ^...^.0. ...1...1 ....^..1| ok p=0.933594
Q25:	|...1.... ........ .^.-.... .......-| ok p=0.938477
Q26:	|...-.... .....0+. ........ ..0.....| ok p=0.932617
Q27:	|........ .....1+. ...^.... ..1....^| ok p=1
Q28:	|...^.... .....+-. ........ ..+.....| ok p=1
Q29:	|........ ......0. ........ ..0.....| ok p=0.941406
Q30:	|........ .....^1. ........ ..-.....| ok p=1
Q31:	|........ ........ ........ ..-.....| ok p=1
Q32:	|........ ........ ........ ........| ok p=1
Q33:	|........ ........ ........ ..!.....| ok p=1
Q34:	|........ ........ ........ ........| ok p=1
Q35:	|........ ........ ........ ........| ok p=1
Q36:	|........ ........ ........ ........| ok p=1
Q37:	|........ ........ ........ ........| ok p=1
Q38:	|........ ........ ........ ........| ok p=1
Q39:	|........ ........ ........ ........| ok p=1
Q40:	|........ ........ ........ ........| ok p=1
Q41:	|........ ........ ........ ........| ok p=1
Q42:	|........ ........ ........ ........| ok p=1
Q43:	|........ ........ ........ ........| ok p=1
Q44:	|........ ........ ........ ........| ok p=1
Q45:	|........ ........ ........ ........| ok p=1
Q46:	|........ ........ ........ ........| ok p=1
Q47:	|........ ........ ........ ........| ok p=1
Q48:	|........ ........ ........ ........| ok p=1
Q49:	|........ ........ ........ ........| ok p=1
Q50:	|........ ........ ........ ........| ok p=1
Q51:	|........ ........ ........ ........| ok p=1
Q52:	|........ ........ ........ ........| ok p=1
Q53:	|........ ........ ........ ........| ok p=1
Q54:	|........ ........ ........ ........| ok p=1
Q55:	|........ ........ ........ ........| ok p=1
Q56:	|........ ........ ........ ........| ok p=1
Q57:	|........ ........ ........ ........| ok p=1
Q58:	|........ ........ ........ ........| ok p=1
Q59:	|........ ........ ........ ........| ok p=1
Q60:	|........ ........ 0....... ........| ok p=1
Q61:	|........ .......1 1....... ........| ok p=1
Q62:	|........ .......0 +....... ........| ok p=1
Q63:	|........ .......+ -....... ........| ok p=1
Q64:	|........ ........ +....... ..+.....|
Best path: totcompl=-21 tottunnel=42, totcond=542, p=0.117544
Q-3:	|01000110 01001110 01100111 11101010|
Q-2:	|10-11001 000011-+ +1100100 11000+-0|
Q-1:	|+++10001 10101110 -1011101 10000+-1|
Q0:	|1-+0011- 011+-+0- +001011- +++1+--0| ok p=0.514648
Q1:	|1-+...-0 +0.+0-.- 0.-....1 +1+.10+0| ok p=0.875977
Q2:	|......-0 +0..01.+ +0+....+ -0..1-0-| ok p=1
Q3:	|!10....1 .+.1.0.+ 11+....0 -.01.010| ok p=1
Q4:	|..1.^.1+ 0-.0.... +0.^...+ +..1.0.0| ok p=1
Q5:	|.00.+..- .0.....1 +11+...0 0.!-.0..| ok p=1
Q6:	|.1+.01.+ .0...... 0+.0...1 1..-.-..| ok p=1
Q7:	|!1-.11.0 .0...... 1001.... ...-.0..| ok p=1
Q8:	|!+1.-+.0 .0...... .10-.... ...+.1..| ok p=1
Q9:	|.+0.-+.. .+...... .1-01... 0!.1....| ok p=1
Q10:	|.+11..1. 0+1.0.10 .--01.!. 0..+.1..| ok p=1
Q11:	|^0-0010^ 1+011111 0-0++..0 +01+.001| ok p=1
Q12:	|-+++11-- -0-0-0-- 11-0+..1 +101.+10| ok p=1
Q13:	|0000-101 -+1---+0 ---+1..- -+--.--+| ok p=1
Q14:	|01010+11 01+1.+10 01.00.11 0110.1-1| ok p=1
Q15:	|....1+.. +10011-+ 1101...1 01--.0.-| ok p=0.845703
Q16:	|.0...-.. 0.0..--. .0.-..+. ..1...^+| ok p=1
Q17:	|.1...0.. 1.0..01^ .1....+0 -.0^...1| ok p=0.726562
Q18:	|.+...+.. ..0..+1. .+.^..-. -.1....+| ok p=0.734375
Q19:	|....0+.. ..-..... ......0- -.+....+| ok p=0.883789
Q20:	|.^..0-.. 0...0^.. .^....0- -...0..0| ok p=1
Q21:	|....-1.. 1.^.1... .0.....- -.^.1..0| ok p=0.974609
Q22:	|.....1.. +...-... .1.....+ 1...+...| ok p=0.994141
Q23:	|....^... ........ .+.0...0 0......0| ok p=0.974609
Q24:	|...0.... ^...^.0. ...1...1 ....^..1| ok p=0.933594
Q25:	|...1.... ........ .^.-.... .......-| ok p=0.932617
Q26:	|...-.... .....0+. ........ ..0.....| ok p=0.93457
Q27:	|........ .....1+. ...^.... ..1....^| ok p=1
Q28:	|...^.... .....+-. ........ ..+.....| ok p=1
Q29:	|........ ......0. ........ ..0.....| ok p=0.946289
Q30:	|........ .....^1. ........ ..-.....| ok p=1
Q31:	|........ ........ ........ ..-.....| ok p=1
Q32:	|........ ........ ........ ........| ok p=1
Q33:	|........ ........ ........ ..!.....| ok p=1
Q34:	|........ ........ ........ ........| ok p=1
Q35:	|........ ........ ........ ........| ok p=1
Q36:	|........ ........ ........ ........| ok p=1
Q37:	|........ ........ ........ ........| ok p=1
Q38:	|........ ........ ........ ........| ok p=1
Q39:	|........ ........ ........ ........| ok p=1
Q40:	|........ ........ ........ ........| ok p=1
Q41:	|........ ........ ........ ........| ok p=1
Q42:	|........ ........ ........ ........| ok p=1
Q43:	|........ ........ ........ ........| ok p=1
Q44:	|........ ........ ........ ........| ok p=1
Q45:	|........ ........ ........ ........| ok p=1
Q46:	|........ ........ ........ ........| ok p=1
Q47:	|........ ........ ........ ........| ok p=1
Q48:	|........ ........ ........ ........| ok p=1
Q49:	|........ ........ ........ ........| ok p=1
Q50:	|........ ........ ........ ........| ok p=1
Q51:	|........ ........ ........ ........| ok p=1
Q52:	|........ ........ ........ ........| ok p=1
Q53:	|........ ........ ........ ........| ok p=1
Q54:	|........ ........ ........ ........| ok p=1
Q55:	|........ ........ ........ ........| ok p=1
Q56:	|........ ........ ........ ........| ok p=1
Q57:	|........ ........ ........ ........| ok p=1
Q58:	|........ ........ ........ ........| ok p=1
Q59:	|........ ........ ........ ........| ok p=1
Q60:	|........ ........ 0....... ........| ok p=1
Q61:	|........ .......1 1....... ........| ok p=1
Q62:	|........ .......0 +....... ........| ok p=1
Q63:	|........ .......+ -....... ........| ok p=1
Q64:	|........ ........ +....... ..+.....|
Best path: totcompl=-21 tottunnel=42, totcond=540, p=0.12138
Q-3:	|01000110 01001110 01100111 11101010|
Q-2:	|10-11001 000011-+ +1100100 11000+-0|
Q-1:	|+++10001 10101110 -1011101 10000+-1|
Q0:	|1-+0011- 011+-+0- +001011- +++1+--0| ok p=0.537109
Q1:	|1-+...-0 +0.+0-.- 0.-....1 +1+.10+0| ok p=0.860352
Q2:	|......-0 +0..01.+ +0+....+ -0..1-0-| ok p=1
Q3:	|.10!...1 .+.1.0.+ 11+....0 -.01.010| ok p=1
Q4:	|..1.^.1+ 0-..!... +0.^...+ +..1.0.0| ok p=1
Q5:	|..0.+..- .0.....1 +11+...0 0.!-.0..| ok p=1
Q6:	|!1+.01.+ .0...... 0+.0...1 1..-.-..| ok p=1
Q7:	|!1-.11.0 .0...... 1001.... ...-.0..| ok p=1
Q8:	|!+1.-+.0 .0...... .10-.... ...+.1..| ok p=1
Q9:	|.+0.-+.. .+...... .1-01... 1!.1....| ok p=1
Q10:	|0+11..1. 0+.000.1 .--11... 0..+.1..| ok p=1
Q11:	|0000010^ 1+0110.0 ^-+0-..0 +01+.001| ok p=1
Q12:	|-+++11-- --1+++.+ -+++-..1 +101.+10| ok p=1
Q13:	|1110-101 -+-1+-.+ 0+-+..0- -+--.--+| ok p=1
Q14:	|01110+11 01+1.+^0 0.100.11 0110.1-1| ok p=1
Q15:	|....1+.. +10.01-+ 1101...1 01--.0.-| ok p=0.848633
Q16:	|.0...-.. 0.0..--. .0.-..+. ..1...^+| ok p=1
Q17:	|.1...0.. 1.0..01^ .1....+0 -.0^...1| ok p=0.703125
Q18:	|.+...+.. ..0..+1. .+.^..-. -.1....+| ok p=0.720703
Q19:	|....0+.. ..-..... ......0- -.+....+| ok p=0.867188
Q20:	|.^..0-.. 0...0^.. .^....0- -...0..0| ok p=1
Q21:	|....-1.. 1.^.1... .0.....- -.^.1..0| ok p=0.966797
Q22:	|.....1.. +...-... .1.....+ 1...+...| ok p=0.994141
Q23:	|....^... ........ .+.0...0 0......0| ok p=0.959961
Q24:	|...0.... ^...^.0. ...1...1 ....^..1| ok p=0.945312
Q25:	|...1.... ........ .^.-.... .......-| ok p=0.930664
Q26:	|...-.... .....0+. ........ ..0.....| ok p=0.942383
Q27:	|........ .....1+. ...^.... ..1....^| ok p=1
Q28:	|...^.... .....+-. ........ ..+.....| ok p=1
Q29:	|........ ......0. ........ ..0.....| ok p=0.936523
Q30:	|........ .....^1. ........ ..-.....| ok p=1
Q31:	|........ ........ ........ ..-.....| ok p=1
Q32:	|........ ........ ........ ........| ok p=1
Q33:	|........ ........ ........ ..!.....| ok p=1
Q34:	|........ ........ ........ ........| ok p=1
Q35:	|........ ........ ........ ........| ok p=1
Q36:	|........ ........ ........ ........| ok p=1
Q37:	|........ ........ ........ ........| ok p=1
Q38:	|........ ........ ........ ........| ok p=1
Q39:	|........ ........ ........ ........| ok p=1
Q40:	|........ ........ ........ ........| ok p=1
Q41:	|........ ........ ........ ........| ok p=1
Q42:	|........ ........ ........ ........| ok p=1
Q43:	|........ ........ ........ ........| ok p=1
Q44:	|........ ........ ........ ........| ok p=1
Q45:	|........ ........ ........ ........| ok p=1
Q46:	|........ ........ ........ ........| ok p=1
Q47:	|........ ........ ........ ........| ok p=1
Q48:	|........ ........ ........ ........| ok p=1
Q49:	|........ ........ ........ ........| ok p=1
Q50:	|........ ........ ........ ........| ok p=1
Q51:	|........ ........ ........ ........| ok p=1
Q52:	|........ ........ ........ ........| ok p=1
Q53:	|........ ........ ........ ........| ok p=1
Q54:	|........ ........ ........ ........| ok p=1
Q55:	|........ ........ ........ ........| ok p=1
Q56:	|........ ........ ........ ........| ok p=1
Q57:	|........ ........ ........ ........| ok p=1
Q58:	|........ ........ ........ ........| ok p=1
Q59:	|........ ........ ........ ........| ok p=1
Q60:	|........ ........ 0....... ........| ok p=1
Q61:	|........ .......1 1....... ........| ok p=1
Q62:	|........ .......0 +....... ........| ok p=1
Q63:	|........ .......+ -....... ........| ok p=1
Q64:	|........ ........ +....... ..+.....|
Best path: totcompl=-21 tottunnel=42, totcond=536, p=0.119467
Q-3:	|01000110 01001110 01100111 11101010|
Q-2:	|10-11001 000011-+ +1100100 11000+-0|
Q-1:	|+++10001 10101110 -1011101 10000+-1|
Q0:	|1-+0011- 011+-+0- +001011- +++1+--0| ok p=0.501953
Q1:	|1-+...-0 +0.+0-.- 0.-....1 +1+.10+0| ok p=0.889648
Q2:	|......-0 +0..01.+ +0+....+ -0..1-0-| ok p=1
Q3:	|.10!...1 .+.1.0.+ 11+....0 -.01.010| ok p=1
Q4:	|..1.^.1+ 0-..!... +0.^...+ +..1.0.0| ok p=1
Q5:	|..0.+..- .0.....1 +11+...0 0!.-.0..| ok p=1
Q6:	|!1+.01.+ .0...... 0+.0...1 1..-.-..| ok p=1
Q7:	|!1-.11.0 .0...... 1001.... ...-.0..| ok p=1
Q8:	|!+1.-+.0 .0...... .10-.... ...+.1..| ok p=1
Q9:	|.+0.-+.. .+...... .1-01... 1!.1....| ok p=1
Q10:	|1+11..1. 0+.000.1 .--11... 0..+.1..| ok p=1
Q11:	|1000010^ 1+0110.0 ^-+0-..0 +01+.001| ok p=1
Q12:	|++++11-- --1+++.+ -+++-..1 +101.+10| ok p=1
Q13:	|1110-101 -+-1+-.+ 0+-+...- -+--.--+| ok p=1
Q14:	|01110+11 01+1.+^0 00100!11 0110.1-1| ok p=1
Q15:	|....1+.. +10.01-+ .101...1 01--.0.-| ok p=0.824219
Q16:	|.0...-.. 0.0..--. .0.-..+. ..1...^+| ok p=1
Q17:	|.1...0.. 1.0..01^ .1....+0 -.0^...1| ok p=0.717773
Q18:	|.+...+.. ..0..+1. .+.^..-. -.1....+| ok p=0.742188
Q19:	|....0+.. ..-..... ......0- -.+....+| ok p=0.854492
Q20:	|.^..0-.. 0...0^.. .^....0- -...0..0| ok p=1
Q21:	|....-1.. 1.^.1... .0.....- -.^.1..0| ok p=0.957031
Q22:	|.....1.. +...-... .1.....+ 1...+...| ok p=0.996094
Q23:	|....^... ........ .+.0...0 0......0| ok p=0.964844
Q24:	|...0.... ^...^.0. ...1...1 ....^..1| ok p=0.953125
Q25:	|...1.... ........ .^.-.... .......-| ok p=0.9375
Q26:	|...-.... .....0+. ........ ..0.....| ok p=0.949219
Q27:	|........ .....1+. ...^.... ..1....^| ok p=1
Q28:	|...^.... .....+-. ........ ..+.....| ok p=1
Q29:	|........ ......0. ........ ..0.....| ok p=0.925781
Q30:	|........ .....^1. ........ ..-.....| ok p=1
Q31:	|........ ........ ........ ..-.....| ok p=1
Q32:	|........ ........ ........ ........| ok p=1
Q33:	|........ ........ ........ ..!.....| ok p=1
Q34:	|........ ........ ........ ........| ok p=1
Q35:	|........ ........ ........ ........| ok p=1
Q36:	|........ ........ ........ ........| ok p=1
Q37:	|........ ........ ........ ........| ok p=1
Q38:	|........ ........ ........ ........| ok p=1
Q39:	|........ ........ ........ ........| ok p=1
Q40:	|........ ........ ........ ........| ok p=1
Q41:	|........ ........ ........ ........| ok p=1
Q42:	|........ ........ ........ ........| ok p=1
Q43:	|........ ........ ........ ........| ok p=1
Q44:	|........ ........ ........ ........| ok p=1
Q45:	|........ ........ ........ ........| ok p=1
Q46:	|........ ........ ........ ........| ok p=1
Q47:	|........ ........ ........ ........| ok p=1
Q48:	|........ ........ ........ ........| ok p=1
Q49:	|........ ........ ........ ........| ok p=1
Q50:	|........ ........ ........ ........| ok p=1
Q51:	|........ ........ ........ ........| ok p=1
Q52:	|........ ........ ........ ........| ok p=1
Q53:	|........ ........ ........ ........| ok p=1
Q54:	|........ ........ ........ ........| ok p=1
Q55:	|........ ........ ........ ........| ok p=1
Q56:	|........ ........ ........ ........| ok p=1
Q57:	|........ ........ ........ ........| ok p=1
Q58:	|........ ........ ........ ........| ok p=1
Q59:	|........ ........ ........ ........| ok p=1
Q60:	|........ ........ 0....... ........| ok p=1
Q61:	|........ .......1 1....... ........| ok p=1
Q62:	|........ .......0 +....... ........| ok p=1
Q63:	|........ .......+ -....... ........| ok p=1
Q64:	|........ ........ +....... ..+.....|
Best path: totcompl=-20 tottunnel=43, totcond=536, p=0.113385
Best paths: 2
Q-3:	|01000110 01001110 01100111 11101010|
Q-2:	|10-11001 000011-+ +1100100 11000+-0|
Q-1:	|+++10001 10101110 -1011101 10000+-1|
Q0:	|1-+0011- 011+-+0- +001011- +++1+--0| ok p=0.490234
Q1:	|1-+...-0 +0.+0-.- 0.-....1 +1+.10+0| ok p=0.869141
Q2:	|......-0 +0..01.+ +0+....+ -0..1-0-| ok p=1
Q3:	|!10....1 .+.1.0.+ 11+....0 -.01.010| ok p=1
Q4:	|..1.^.1+ 0-..!... +0.^...+ +..1.0.0| ok p=1
Q5:	|.00.+..- .0.....1 +11+...0 0!.-.0..| ok p=1
Q6:	|.1+.01.+ .0...... .+10...1 1..-.-..| ok p=1
Q7:	|!1-.11.0 .0...... 1001.... ...-.0..| ok p=1
Q8:	|!+1.-+.0 .0...... .10-.... ...+.1..| ok p=1
Q9:	|.+0.-+.. .+...... .1-01... 1!.1....| ok p=1
Q10:	|.+10..1. 0+1100.1 .--11... 0..+.1..| ok p=1
Q11:	|^001010^ 1+1010.0 .-+0-..0 +01+1010| ok p=1
Q12:	|-+++1.-- -0--++.+ .-++-..1 +11.0+11| ok p=1
Q13:	|1110-.00 -+-1+-.+ .+-+...- -+-0-+-+| ok p=1
Q14:	|01110011 01+0.+^0 .0100!11 01+11.-1| ok p=1
Q15:	|....11.. +10.01-+ ^101...1 01--00.-| ok p=0.834961
Q16:	|.0...-.. 0.0..--. .0.-..+. ..0...^+| ok p=1
Q17:	|.1...1.. 1.0..01^ .1....+0 -.0^...1| ok p=0.731445
Q18:	|.+...+.. ..0..+1. .+.^..-. -.1....+| ok p=0.741211
Q19:	|....0+.. ..-..... ......0- -.+....+| ok p=0.883789
Q20:	|.^..0-.. 0...0^.. .^....0- -...0..0| ok p=1
Q21:	|....-1.. 1.^.1... .0.....- -.^.1..0| ok p=0.962891
Q22:	|.....1.. +...-... .1.....+ 1...+...| ok p=0.995117
Q23:	|....^... ........ .+.0...0 0......0| ok p=0.973633
Q24:	|...0.... ^...^.0. ...1...1 ....^..1| ok p=0.938477
Q25:	|...1.... ........ .^.-.... .......-| ok p=0.927734
Q26:	|...-.... .....0+. ........ ..0.....| ok p=0.931641
Q27:	|........ .....1+. ...^.... ..1....^| ok p=1
Q28:	|...^.... .....+-. ........ ..+.....| ok p=1
Q29:	|........ ......0. ........ ..0.....| ok p=0.947266
Q30:	|........ .....^1. ........ ..-.....| ok p=1
Q31:	|........ ........ ........ ..-.....| ok p=1
Q32:	|........ ........ ........ ........| ok p=1
Q33:	|........ ........ ........ ..!.....| ok p=1
Q34:	|........ ........ ........ ........| ok p=1
Q35:	|........ ........ ........ ........| ok p=1
Q36:	|........ ........ ........ ........| ok p=1
Q37:	|........ ........ ........ ........| ok p=1
Q38:	|........ ........ ........ ........| ok p=1
Q39:	|........ ........ ........ ........| ok p=1
Q40:	|........ ........ ........ ........| ok p=1
Q41:	|........ ........ ........ ........| ok p=1
Q42:	|........ ........ ........ ........| ok p=1
Q43:	|........ ........ ........ ........| ok p=1
Q44:	|........ ........ ........ ........| ok p=1
Q45:	|........ ........ ........ ........| ok p=1
Q46:	|........ ........ ........ ........| ok p=1
Q47:	|........ ........ ........ ........| ok p=1
Q48:	|........ ........ ........ ........| ok p=1
Q49:	|........ ........ ........ ........| ok p=1
Q50:	|........ ........ ........ ........| ok p=1
Q51:	|........ ........ ........ ........| ok p=1
Q52:	|........ ........ ........ ........| ok p=1
Q53:	|........ ........ ........ ........| ok p=1
Q54:	|........ ........ ........ ........| ok p=1
Q55:	|........ ........ ........ ........| ok p=1
Q56:	|........ ........ ........ ........| ok p=1
Q57:	|........ ........ ........ ........| ok p=1
Q58:	|........ ........ ........ ........| ok p=1
Q59:	|........ ........ ........ ........| ok p=1
Q60:	|........ ........ 0....... ........| ok p=1
Q61:	|........ .......1 1....... ........| ok p=1
Q62:	|........ .......0 +....... ........| ok p=1
Q63:	|........ .......+ -....... ........| ok p=1
Q64:	|........ ........ +....... ..+.....|
Best path: totcompl=-20 tottunnel=43, totcond=534, p=0.120144
