Extend MD5 differential paths forward
Copyright (C) 2009 Marc Stevens
http://homepages.cwi.nl/~stevens/

delta_m[11] = [!5!]
Loading workdir6/lowerpath.bin.gz...done: 1.
Estimating maxcond for upper bound 8000000 (=2000000 * 4)...
t=1:  0%   10   20   30   40   50   60   70   80   90   100%
      |----|----|----|----|----|----|----|----|----|----|
e     ***************************************************
Found maxcond = 2176
t=1:  0%   10   20   30   40   50   60   70   80   90   100%
      |----|----|----|----|----|----|----|----|----|----|
      ***************************************************
Q-3:	|01000110 01001110 01100111 11101010|
Q-2:	|10-11001 000011-+ +1100100 11000+-0|
Q-1:	|+++10001 10101110 -1011101 10000+-1|
Q0:	|1-+0011- 011+-+0- +001011- +++1+--0| ok p=1
Q1:	|10-....- -..0++.- 1.-....0 +0+.00+.| ok p=0.408203
Q2:	|.+.+..-. +..+.-.+ ..+..+.. +.+.+..+|
Saving 15840 paths...done.
Autobalance parameters: maxcond=2176
Verified: 6304 bad out of 22144
Estimating maxcond for upper bound 8000000 (=2000000 * 4)...
t=2:  0%   10   20   30   40   50   60   70   80   90   100%
      |----|----|----|----|----|----|----|----|----|----|
e     **************************************************Found maxcond = 165
t=2:  0%   10   20   30   40   50   60   70   80   90   100%
      |----|----|----|----|----|----|----|----|----|----|
      **************************************************Q-3:	|01000110 01001110 01100111 11101010|
Q-2:	|10-11001 000011-+ +1100100 11000+-0|
Q-1:	|+++10001 10101110 -1011101 10000+-1|
Q0:	|1-+0011- 011+-+0- +001011- +++1+--0| ok p=0.513672
Q1:	|1-+....- -..1++.- 0.-....1 +1+.11+.| ok p=0.484375
Q2:	|.+.....- -..11..+ 1.+....+ .--.+1+.| ok p=0.734375
Q3:	|.+...... .-.+.+.. +.+...-. .-.....-|
Saving 2000000 paths...done.
Autobalance parameters: maxcond=164
Verified: 169048 bad out of 2186063
Estimating maxcond for upper bound 8000000 (=2000000 * 4)...
t=3:  0%   10   20   30   40   50   60   70   80   90   100%
      |----|----|----|----|----|----|----|----|----|----|
e     ***************************************************
Found maxcond = 178
t=3:  0%   10   20   30   40   50   60   70   80   90   100%
      |----|----|----|----|----|----|----|----|----|----|
      ***************************************************
Q-3:	|01000110 01001110 01100111 11101010|
Q-2:	|10-11001 000011-+ +1100100 11000+-0|
Q-1:	|+++10001 10101110 -1011101 10000+-1|
Q0:	|1-+0011- 011+-+0- +001011- +++1+--0| ok p=1
Q1:	|1-+...-0 +.V1++.- 0.-....0 +0+.00+.| ok p=0.517578
Q2:	|.+....-0 +..1++.+ 0.+....1 +1..-1+.| ok p=0.992188
Q3:	|.+1..... ..-....1 +.+..... -.1.0...| ok p=0.651367
Q4:	|+.-.-..+ ..-.-... ....+.-. -.+.....|
Saving 2000000 paths...done.
Autobalance parameters: maxcond=177
Verified: 54880 bad out of 2616090
Estimating maxcond for upper bound 8000000 (=2000000 * 4)...
t=4:  0%   10   20   30   40   50   60   70   80   90   100%
      |----|----|----|----|----|----|----|----|----|----|
e     ***************************************************
Found maxcond = 192
t=4:  0%   10   20   30   40   50   60   70   80   90   100%
      |----|----|----|----|----|----|----|----|----|----|
      ***************************************************
Q-3:	|01000110 01001110 01100111 11101010|
Q-2:	|10-11001 000011-+ +1100100 11000+-0|
Q-1:	|+++10001 10101110 -1011101 10000+-1|
Q0:	|1-+0011- 011+-+0- +001011- +++1+--0| ok p=0.505859
Q1:	|1-+...-0 +V.+0-.- 0.-....1 +1+.10+0| ok p=0.869141
Q2:	|......-0 +...01.+ +.+....+ -0..1-0-| ok p=0.478516
Q3:	|.10..... .+.1.0.+ 1.+....0 -.0..101| ok p=0.994141
Q4:	|......1. 10...... +......+ +....1.1| ok p=0.616211
Q5:	|.+..+.-. .+...... +..+..+. +..-...-|
Saving 2000000 paths...done.
Autobalance parameters: maxcond=191
Verified: 32224 bad out of 3094230
Estimating maxcond for upper bound 8000000 (=2000000 * 4)...
t=5:  0%   10   20   30   40   50   60   70   80   90   100%
      |----|----|----|----|----|----|----|----|----|----|
e     ***************************************************
Found maxcond = 205
t=5:  0%   10   20   30   40   50   60   70   80   90   100%
      |----|----|----|----|----|----|----|----|----|----|
      ***************************************************
Q-3:	|01000110 01001110 01100111 11101010|
Q-2:	|10-11001 000011-+ +1100100 11000+-0|
Q-1:	|+++10001 10101110 -1011101 10000+-1|
Q0:	|1-+0011- 011+-+0- +001011- +++1+--0| ok p=1
Q1:	|1-+...-0 +V.1++.- 0.-....1 +0+.00+.| ok p=0.495117
Q2:	|.+1...-0 +1.1-+.+ 0.+....1 +11.1--.| ok p=0.545898
Q3:	|.+0..V.. .-..1..0 +.+....- +.0..10.| ok p=0.774414
Q4:	|.++...1. 0-..00.0 1......+ ..+..01.| ok p=0.525391
Q5:	|..-..+.. ........ 1.1....1 1.+.....| ok p=0.408203
Q6:	|.-..-.-. ..+.-.+. -.+.+... .....+..|
Saving 2000000 paths...done.
Autobalance parameters: maxcond=204
Verified: 1008 bad out of 2310133
Estimating maxcond for upper bound 8000000 (=2000000 * 4)...
t=6:  0%   10   20   30   40   50   60   70   80   90   100%
      |----|----|----|----|----|----|----|----|----|----|
e     ***************************************************
Found maxcond = 219
t=6:  0%   10   20   30   40   50   60   70   80   90   100%
      |----|----|----|----|----|----|----|----|----|----|
      ***************************************************
Q-3:	|01000110 01001110 01100111 11101010|
Q-2:	|10-11001 000011-+ +1100100 11000+-0|
Q-1:	|+++10001 10101110 -1011101 10000+-1|
Q0:	|1-+0011- 011+-+0- +001011- +++1+--0| ok p=1
Q1:	|1-+...-0 +V.1++.- 0.-....1 +0+.00+.| ok p=0.498047
Q2:	|.+1...-0 +0.1-+.+ 0.+....1 +11.1--.| ok p=0.533203
Q3:	|.+0..V.. .-..1..0 +.+....- +.0..10.| ok p=0.677734
Q4:	|.++...0. 0-..00.0 1...V..+ ..+..01.| ok p=0.43457
Q5:	|.-0..+.. .......0 0.0....0 0.+...-.| ok p=0.347656
Q6:	|.--..0.. .1.....+ +...+..1 ......+.| ok p=0.486328
Q7:	|..-....- .+....-. .+..+... -.....+.|
Saving 2000000 paths...done.
Autobalance parameters: maxcond=218
Verified: 76202 bad out of 3195624
Estimating maxcond for upper bound 8000000 (=2000000 * 4)...
t=7:  0%   10   20   30   40   50   60   70   80   90   100%
      |----|----|----|----|----|----|----|----|----|----|
e     ***************************************************
Found maxcond = 231
t=7:  0%   10   20   30   40   50   60   70   80   90   100%
      |----|----|----|----|----|----|----|----|----|----|
      ***************************************************
Q-3:	|01000110 01001110 01100111 11101010|
Q-2:	|10-11001 000011-+ +1100100 11000+-0|
Q-1:	|+++10001 10101110 -1011101 10000+-1|
Q0:	|1-+0011- 011+-+0- +001011- +++1+--0| ok p=0.499023
Q1:	|1-+...-0 +V.+0-.- 0.-....1 +1+.10+0| ok p=0.882812
Q2:	|....V.-0 +...01.+ +.+....+ -0..1-0-| ok p=0.5
Q3:	|.10....1 .+.1.0.+ 1.+V...0 -.1V.001| ok p=0.962891
Q4:	|..V.-.1+ 00.....+ -0.....+ +..1.0.0| ok p=0.791992
Q5:	|....1..- .0...... +11+...0 0..-.0..| ok p=0.871094
Q6:	|..+.0..+ .......0 +-.1...1 -..-.-..| ok p=0.819336
Q7:	|..0....+ ........ .+.-.... 0..-.0..| ok p=0.628906
Q8:	|+.-..-.+ ......-. +..-.... ..+.....|
Saving 2000000 paths...done.
Autobalance parameters: maxcond=229
Verified: 279240 bad out of 3772788
Estimating maxcond for upper bound 8000000 (=2000000 * 4)...
t=8:  0%   10   20   30   40   50   60   70   80   90   100%
      |----|----|----|----|----|----|----|----|----|----|
e     ***************************************************
Found maxcond = 241
t=8:  0%   10   20   30   40   50   60   70   80   90   100%
      |----|----|----|----|----|----|----|----|----|----|
      ***************************************************
Q-3:	|01000110 01001110 01100111 11101010|
Q-2:	|10-11001 000011-+ +1100100 11000+-0|
Q-1:	|+++10001 10101110 -1011101 10000+-1|
Q0:	|1-+0011- 011+-+0- +001011- +++1+--0| ok p=0.535156
Q1:	|1-+...-0 +V.+0-.- 0.-....1 +1+.10+0| ok p=0.884766
Q2:	|......-0 +0..01.+ +.+....+ -0..1-0-| ok p=0.460938
Q3:	|.10.V..1 .+.1.0.+ 1.+V...0 -.00.010| ok p=0.991211
Q4:	|..V...1+ 0-...... +1.....+ +..1.0.0| ok p=0.811523
Q5:	|....+..- .0.....1 +01+...0 0..-.0..| ok p=0.884766
Q6:	|.V+.1V.+ .0...... --.1...1 0..-.-..| ok p=0.649414
Q7:	|..0.1..+ ........ --.+.... ...-.1..| ok p=0.636719
Q8:	|.++..-.. ........ -..0.... .....+..| ok p=0.961914
Q9:	|+.-..-.. ..-.+... -..-.... ....+...|
Saving 2000000 paths...done.
Autobalance parameters: maxcond=240
Verified: 41445 bad out of 2826936
Estimating maxcond for upper bound 8000000 (=2000000 * 4)...
t=9:  0%   10   20   30   40   50   60   70   80   90   100%
      |----|----|----|----|----|----|----|----|----|----|
e     ***************************************************
Found maxcond = 253
t=9:  0%   10   20   30   40   50   60   70   80   90   100%
      |----|----|----|----|----|----|----|----|----|----|
      ***************************************************
Q-3:	|01000110 01001110 01100111 11101010|
Q-2:	|10-11001 000011-+ +1100100 11000+-0|
Q-1:	|+++10001 10101110 -1011101 10000+-1|
Q0:	|1-+0011- 011+-+0- +001011- +++1+--0| ok p=0.483398
Q1:	|1-+...-0 +V.+0-.- 0.-....1 +1+.11+0| ok p=0.893555
Q2:	|......-0 +0..01.+ 0.+....+ -11.1-1-| ok p=0.499023
Q3:	|.10..V.1 1-.1.0.0 +.+....0 -.0V.11+| ok p=1
Q4:	|..0...0- 0+.....1 0V.....+ ..+..0.+| ok p=0.837891
Q5:	|.V1..+.1 ++....V. 0.0....0 0.0+...-| ok p=0.805664
Q6:	|..+..0.1 ++....1. .-.....1 ..-0...-| ok p=0.652344
Q7:	|.++..1.. ......+. .0..V..+ ..-1..V.| ok p=0.489258
Q8:	|.1-..... 11....+. .1.....+ ..-1...0| ok p=0.455078
Q9:	|.+0..... ......+. ....-... ...+..+.| ok p=0.449219
Q10:	|+.-..-.. ...+..-. ..-..... ..+...-.|
Saving 2000000 paths...done.
Autobalance parameters: maxcond=252
Verified: 92468 bad out of 2810906
Estimating maxcond for upper bound 8000000 (=2000000 * 4)...
t=10: 0%   10   20   30   40   50   60   70   80   90   100%
      |----|----|----|----|----|----|----|----|----|----|
e     ***************************************************
Found maxcond = 263
t=10: 0%   10   20   30   40   50   60   70   80   90   100%
      |----|----|----|----|----|----|----|----|----|----|
      ***************************************************
Q-3:	|01000110 01001110 01100111 11101010|
Q-2:	|10-11001 000011-+ +1100100 11000+-0|
Q-1:	|+++10001 10101110 -1011101 10000+-1|
Q0:	|1-+0011- 011+-+0- +001011- +++1+--0| ok p=0.50293
Q1:	|1-+...-0 +V.+0-.- 0.-....1 +1+.10+0| ok p=0.863281
Q2:	|......-0 +0..01.+ +.+....+ -0..1-0-| ok p=0.505859
Q3:	|.10.V..1 .+.1.0.+ 1.+V...0 -.0V.010| ok p=0.986328
Q4:	|..1...1+ 0-...... +0.....+ +..1.0.0| ok p=0.847656
Q5:	|..0.+..- .0.....1 +11+...0 0..-.0..| ok p=0.837891
Q6:	|.V+.0V.+ .0...... .+.0...1 1..-.-..| ok p=0.606445
Q7:	|.1-.11.0 .V...... 10V1.... ...-.0..| ok p=0.501953
Q8:	|.+1..-.0 .1...... .11-.... ...+.1..| ok p=0.885742
Q9:	|.+0..-.. .+...... ..-0.... ...1.+..| ok p=0.96582
Q10:	|.+...... .+...... ..-1.... ...+.+..| ok p=0.870117
Q11:	|.+...... .+...... ..+.-... ...+.+..|
Saving 2000000 paths...done.
Autobalance parameters: maxcond=262
Verified: 113914 bad out of 2833643
Runtime: 98.5909
Extend MD5 differential paths forward
Copyright (C) 2009 Marc Stevens
http://homepages.cwi.nl/~stevens/

delta_m[11] = [!5!]
Loading workdir6/paths10_0of1...done: 2000000 (work:2000000).
Estimating maxcond for upper bound 2000000 (=500000 * 4)...
t=11: 0%   10   20   30   40   50   60   70   80   90   100%
      |----|----|----|----|----|----|----|----|----|----|
e     ***************************************************
Found maxcond = 271
t=11: 0%   10   20   30   40   50   60   70   80   90   100%
      |----|----|----|----|----|----|----|----|----|----|
      ***************************************************
Q-3:	|01000110 01001110 01100111 11101010|
Q-2:	|10-11001 000011-+ +1100100 11000+-0|
Q-1:	|+++10001 10101110 -1011101 10000+-1|
Q0:	|1-+0011- 011+-+0- +001011- +++1+--0| ok p=0.491211
Q1:	|1-+...-0 +V.+0-.- 0.-....1 +1+.10+0| ok p=0.860352
Q2:	|......-0 +0..01.+ +.+....+ -0..1-0-| ok p=0.469727
Q3:	|.10.V..1 .+.1.0.+ 1.+V...0 -.0V.010| ok p=0.986328
Q4:	|..1...1+ 0-...... +0.....+ +..1.0.0| ok p=0.824219
Q5:	|..0.+..- .0.....1 +11+...0 0..-.0..| ok p=0.860352
Q6:	|.V+.0V.+ .0...... .+.0...1 1..-.-..| ok p=0.618164
Q7:	|.1-.11.0 .V...... 10V1.... ...-.0..| ok p=0.491211
Q8:	|.+1..-.0 .1...... .10-.... ...+.1..| ok p=0.899414
Q9:	|.+0..-.. .+...... ..-0V... ...1.+..| ok p=0.96875
Q10:	|.+...... .+...... ..-1.... ...+.+..| ok p=0.688477
Q11:	|.....1.. .+...... ...++... ...+.+..| ok p=0.517578
Q12:	|...+..-. -.-....- ..+.+... ...+.-..|
Saving 500000 paths...done.
Autobalance parameters: maxcond=270
Verified: 795 bad out of 718374
Runtime: 18.1757
