MD5 differential path toolbox
Copyright (C) 2009 Marc Stevens
http://homepages.cwi.nl/~stevens/

IHV1   = {1179543530,3345553174,296672643,3104728258}
IHV1   = ea674e46161769c783ddae11c2640eb9

IHV2   = {1179543530,2792658680,4054736261,2567824580}
IHV2   = ea674e46f89674a6855daef1c4e40d99

dIHV   = {0,3742072802,3758063618,3758063618}
NC0: delta c = delta d = [!-1!]
NC0: delta b           = [!-1,24!]
NC1: delta c = delta d = [!15!]
NC1: delta b           = [!5,15!]
NC2: delta c = delta d = [!29!]
NC2: delta b           = [!18,-20,29!]
NC0: prob=-7.64992
NC1: prob=-5.86084
NC2: prob=-6.56096
delta m_11 = [!5!]
Q-3:	|01000110 01001110 01100111 11101010|
Q-2:	|10-11001 000011-+ +1100100 11000+-0|
Q-1:	|+++10001 10101110 -1011101 10000+-1|
Q0:	|1-+0011- 011+-+0- +001011- +++1+--0| ok p=0.498047
Q1:	|..-...-. +..+.-.- ..-..... +.+...+.|
Saved lower diff. path to 'workdir6/lowerpath.bin.gz'.

Q32:	|........ ........ ........ ........|
Q33:	|........ ........ ........ ........|
Q34:	|........ ........ ........ ........|
Q35:	|........ ........ ........ ........| ok p=1
Q36:	|........ ........ ........ ........| ok p=1
Q37:	|........ ........ ........ ........| ok p=1
Q38:	|........ ........ ........ ........| ok p=1
Q39:	|........ ........ ........ ........| ok p=1
Q40:	|........ ........ ........ ........| ok p=1
Q41:	|........ ........ ........ ........| ok p=1
Q42:	|........ ........ ........ ........| ok p=1
Q43:	|........ ........ ........ ........| ok p=1
Q44:	|........ ........ ........ ........| ok p=1
Q45:	|........ ........ ........ ........| ok p=1
Q46:	|........ ........ ........ ........| ok p=1
Q47:	|........ ........ ........ ........| ok p=1
Q48:	|........ ........ ........ ........| ok p=1
Q49:	|........ ........ ........ ........| ok p=1
Q50:	|........ ........ ........ ........| ok p=1
Q51:	|........ ........ ........ ........| ok p=1
Q52:	|........ ........ ........ ........| ok p=1
Q53:	|........ ........ ........ ........| ok p=1
Q54:	|........ ........ ........ ........| ok p=1
Q55:	|........ ........ ........ ........| ok p=1
Q56:	|........ ........ ........ ........| ok p=1
Q57:	|........ ........ ........ ........| ok p=1
Q58:	|........ ........ ........ ........| ok p=1
Q59:	|........ ........ ........ ........| ok p=1
Q60:	|........ ........ 0....... ........| ok p=1
Q61:	|........ .......1 1....... ........| ok p=1
Q62:	|........ .......0 +....... ........| ok p=1
Q63:	|........ .......+ -....... ........| ok p=1
Q64:	|........ ........ +....... ..+.....|
Saved upper diff. path to 'workdir6/upperpath.bin.gz'.
Saved 'md5diffpathforward.cfg'.
Saved 'md5diffpathbackward.cfg'.
Saved 'md5diffpathconnect.cfg'.
Saved 'md5diffpathhelper.cfg'.
