Extend MD5 differential paths backward
Copyright (C) 2009 Marc Stevens
http://homepages.cwi.nl/~stevens/

delta_m[11] = [!27!]
Loading workdir0/upperpath.bin.gz...done: 1.
Estimating maxcond for upper bound 262144 (=65536 * 4)...
t=34: 0%   10   20   30   40   50   60   70   80   90   100%
      |----|----|----|----|----|----|----|----|----|----|
e     ***************************************************
Found maxcond = 2176
t=34: 0%   10   20   30   40   50   60   70   80   90   100%
      |----|----|----|----|----|----|----|----|----|----|
      ***************************************************
Q31:	|....-... ........ ........ ........|
Q32:	|........ ........ ........ ........|
Q33:	|........ ........ ........ ........|
Q34:	|........ ........ ........ ........| ok p=1
Q35:	|........ ........ ........ ........| ok p=1
Q36:	|........ ........ ........ ........| ok p=1
Q37:	|........ ........ ........ ........| ok p=1
Q38:	|........ ........ ........ ........| ok p=1
Q39:	|........ ........ ........ ........| ok p=1
Q40:	|........ ........ ........ ........| ok p=1
Q41:	|........ ........ ........ ........| ok p=1
Q42:	|........ ........ ........ ........| ok p=1
Q43:	|........ ........ ........ ........| ok p=1
Q44:	|........ ........ ........ ........| ok p=1
Q45:	|........ ........ ........ ........| ok p=1
Q46:	|........ ........ ........ ........| ok p=1
Q47:	|........ ........ ........ ........| ok p=1
Q48:	|........ ........ ........ ........| ok p=1
Q49:	|........ ........ ........ ........| ok p=1
Q50:	|........ ........ ........ ........| ok p=1
Q51:	|........ ........ ........ ........| ok p=1
Q52:	|........ ........ ........ ........| ok p=1
Q53:	|........ ........ ........ ........| ok p=1
Q54:	|........ ........ ........ ........| ok p=1
Q55:	|........ ........ ........ ........| ok p=1
Q56:	|........ ........ ........ ........| ok p=1
Q57:	|........ ........ ........ ........| ok p=1
Q58:	|........ ........ ........ ........| ok p=1
Q59:	|........ ........ ........ ........| ok p=1
Q60:	|........ ........ ........ ..0.....| ok p=1
Q61:	|........ ........ ........ ..0.....| ok p=0.96875
Q62:	|........ ........ ........ ..+.....| ok p=1
Q63:	|........ ........ ........ ..+.....| ok p=0.985352
Q64:	|.....-.. ........ ........ ..+.....|
Saving 1 paths...done.
Autobalance parameters: maxcond=2176
Verified: 0 bad out of 1
Estimating maxcond for upper bound 262144 (=65536 * 4)...
t=33: 0%   10   20   30   40   50   60   70   80   90   100%
      |----|----|----|----|----|----|----|----|----|----|
e     ***************************************************
Found maxcond = 2176
t=33: 0%   10   20   30   40   50   60   70   80   90   100%
      |----|----|----|----|----|----|----|----|----|----|
      ***************************************************
Q30:	|....-... ........ ........ ........|
Q31:	|....-... ........ ........ ........|
Q32:	|........ ........ ........ ........|
Q33:	|....!... ........ ........ ........| ok p=1
Q34:	|........ ........ ........ ........| ok p=1
Q35:	|........ ........ ........ ........| ok p=1
Q36:	|........ ........ ........ ........| ok p=1
Q37:	|........ ........ ........ ........| ok p=1
Q38:	|........ ........ ........ ........| ok p=1
Q39:	|........ ........ ........ ........| ok p=1
Q40:	|........ ........ ........ ........| ok p=1
Q41:	|........ ........ ........ ........| ok p=1
Q42:	|........ ........ ........ ........| ok p=1
Q43:	|........ ........ ........ ........| ok p=1
Q44:	|........ ........ ........ ........| ok p=1
Q45:	|........ ........ ........ ........| ok p=1
Q46:	|........ ........ ........ ........| ok p=1
Q47:	|........ ........ ........ ........| ok p=1
Q48:	|........ ........ ........ ........| ok p=1
Q49:	|........ ........ ........ ........| ok p=1
Q50:	|........ ........ ........ ........| ok p=1
Q51:	|........ ........ ........ ........| ok p=1
Q52:	|........ ........ ........ ........| ok p=1
Q53:	|........ ........ ........ ........| ok p=1
Q54:	|........ ........ ........ ........| ok p=1
Q55:	|........ ........ ........ ........| ok p=1
Q56:	|........ ........ ........ ........| ok p=1
Q57:	|........ ........ ........ ........| ok p=1
Q58:	|........ ........ ........ ........| ok p=1
Q59:	|........ ........ ........ ........| ok p=1
Q60:	|........ ........ ........ ..0.....| ok p=1
Q61:	|........ ........ ........ ..0.....| ok p=0.970703
Q62:	|........ ........ ........ ..+.....| ok p=1
Q63:	|........ ........ ........ ..+.....| ok p=0.985352
Q64:	|.....-.. ........ ........ ..+.....|
Saving 94 paths...done.
Autobalance parameters: maxcond=2176
Verified: 0 bad out of 94
Estimating maxcond for upper bound 262144 (=65536 * 4)...
t=32: 0%   10   20   30   40   50   60   70   80   90   100%
      |----|----|----|----|----|----|----|----|----|----|
e     ***************************************************
Found maxcond = 2176
t=32: 0%   10   20   30   40   50   60   70   80   90   100%
      |----|----|----|----|----|----|----|----|----|----|
      ***************************************************
Q29:	|........ ........ ........ ........|
Q30:	|....+... ........ ........ ........|
Q31:	|....-... ........ ........ ........|
Q32:	|........ ........ ........ ........| ok p=1
Q33:	|....^... ........ ........ ........| ok p=1
Q34:	|........ ........ ........ ........| ok p=1
Q35:	|........ ........ ........ ........| ok p=1
Q36:	|........ ........ ........ ........| ok p=1
Q37:	|........ ........ ........ ........| ok p=1
Q38:	|........ ........ ........ ........| ok p=1
Q39:	|........ ........ ........ ........| ok p=1
Q40:	|........ ........ ........ ........| ok p=1
Q41:	|........ ........ ........ ........| ok p=1
Q42:	|........ ........ ........ ........| ok p=1
Q43:	|........ ........ ........ ........| ok p=1
Q44:	|........ ........ ........ ........| ok p=1
Q45:	|........ ........ ........ ........| ok p=1
Q46:	|........ ........ ........ ........| ok p=1
Q47:	|........ ........ ........ ........| ok p=1
Q48:	|........ ........ ........ ........| ok p=1
Q49:	|........ ........ ........ ........| ok p=1
Q50:	|........ ........ ........ ........| ok p=1
Q51:	|........ ........ ........ ........| ok p=1
Q52:	|........ ........ ........ ........| ok p=1
Q53:	|........ ........ ........ ........| ok p=1
Q54:	|........ ........ ........ ........| ok p=1
Q55:	|........ ........ ........ ........| ok p=1
Q56:	|........ ........ ........ ........| ok p=1
Q57:	|........ ........ ........ ........| ok p=1
Q58:	|........ ........ ........ ........| ok p=1
Q59:	|........ ........ ........ ........| ok p=1
Q60:	|........ ........ ........ ..0.....| ok p=1
Q61:	|........ ........ ........ ..0.....| ok p=0.966797
Q62:	|........ ........ ........ ..+.....| ok p=1
Q63:	|........ ........ ........ ..+.....| ok p=0.985352
Q64:	|.....-.. ........ ........ ..+.....|
Saving 3318 paths...done.
Autobalance parameters: maxcond=2176
Verified: 0 bad out of 3318
Estimating maxcond for upper bound 262144 (=65536 * 4)...
t=31: 0%   10   20   30   40   50   60   70   80   90   100%
      |----|----|----|----|----|----|----|----|----|----|
e     **************************************************Found maxcond = 2176
t=31: 0%   10   20   30   40   50   60   70   80   90   100%
      |----|----|----|----|----|----|----|----|----|----|
      **************************************************Q28:	|....+... ........ ........ +.......|
Q29:	|........ ........ ........ ........|
Q30:	|....-... ........ ........ ........|
Q31:	|....-... ........ ........ ........| ok p=0.977539
Q32:	|........ ........ ........ ........| ok p=1
Q33:	|....!... ........ ........ ........| ok p=1
Q34:	|........ ........ ........ ........| ok p=1
Q35:	|........ ........ ........ ........| ok p=1
Q36:	|........ ........ ........ ........| ok p=1
Q37:	|........ ........ ........ ........| ok p=1
Q38:	|........ ........ ........ ........| ok p=1
Q39:	|........ ........ ........ ........| ok p=1
Q40:	|........ ........ ........ ........| ok p=1
Q41:	|........ ........ ........ ........| ok p=1
Q42:	|........ ........ ........ ........| ok p=1
Q43:	|........ ........ ........ ........| ok p=1
Q44:	|........ ........ ........ ........| ok p=1
Q45:	|........ ........ ........ ........| ok p=1
Q46:	|........ ........ ........ ........| ok p=1
Q47:	|........ ........ ........ ........| ok p=1
Q48:	|........ ........ ........ ........| ok p=1
Q49:	|........ ........ ........ ........| ok p=1
Q50:	|........ ........ ........ ........| ok p=1
Q51:	|........ ........ ........ ........| ok p=1
Q52:	|........ ........ ........ ........| ok p=1
Q53:	|........ ........ ........ ........| ok p=1
Q54:	|........ ........ ........ ........| ok p=1
Q55:	|........ ........ ........ ........| ok p=1
Q56:	|........ ........ ........ ........| ok p=1
Q57:	|........ ........ ........ ........| ok p=1
Q58:	|........ ........ ........ ........| ok p=1
Q59:	|........ ........ ........ ........| ok p=1
Q60:	|........ ........ ........ ..0.....| ok p=1
Q61:	|........ ........ ........ ..0.....| ok p=0.973633
Q62:	|........ ........ ........ ..+.....| ok p=1
Q63:	|........ ........ ........ ..+.....| ok p=0.981445
Q64:	|.....-.. ........ ........ ..+.....|
Saving 65536 paths...done.
Autobalance parameters: maxcond=19
Verified: 0 bad out of 133977
Estimating maxcond for upper bound 262144 (=65536 * 4)...
t=30: 0%   10   20   30   40   50   60   70   80   90   100%
      |----|----|----|----|----|----|----|----|----|----|
e     ***************************************************
Found maxcond = 22
t=30: 0%   10   20   30   40   50   60   70   80   90   100%
      |----|----|----|----|----|----|----|----|----|----|
      ***************************************************
Q27:	|........ ........ .-...... ........|
Q28:	|....-... ........ ........ +.......|
Q29:	|....0... ........ ........ ........|
Q30:	|....+... ........ ........ ^.......| ok p=0.929688
Q31:	|....-... ........ ........ ........| ok p=0.969727
Q32:	|........ ........ ........ ........| ok p=1
Q33:	|....^... ........ ........ ........| ok p=1
Q34:	|........ ........ ........ ........| ok p=1
Q35:	|........ ........ ........ ........| ok p=1
Q36:	|........ ........ ........ ........| ok p=1
Q37:	|........ ........ ........ ........| ok p=1
Q38:	|........ ........ ........ ........| ok p=1
Q39:	|........ ........ ........ ........| ok p=1
Q40:	|........ ........ ........ ........| ok p=1
Q41:	|........ ........ ........ ........| ok p=1
Q42:	|........ ........ ........ ........| ok p=1
Q43:	|........ ........ ........ ........| ok p=1
Q44:	|........ ........ ........ ........| ok p=1
Q45:	|........ ........ ........ ........| ok p=1
Q46:	|........ ........ ........ ........| ok p=1
Q47:	|........ ........ ........ ........| ok p=1
Q48:	|........ ........ ........ ........| ok p=1
Q49:	|........ ........ ........ ........| ok p=1
Q50:	|........ ........ ........ ........| ok p=1
Q51:	|........ ........ ........ ........| ok p=1
Q52:	|........ ........ ........ ........| ok p=1
Q53:	|........ ........ ........ ........| ok p=1
Q54:	|........ ........ ........ ........| ok p=1
Q55:	|........ ........ ........ ........| ok p=1
Q56:	|........ ........ ........ ........| ok p=1
Q57:	|........ ........ ........ ........| ok p=1
Q58:	|........ ........ ........ ........| ok p=1
Q59:	|........ ........ ........ ........| ok p=1
Q60:	|........ ........ ........ ..0.....| ok p=1
Q61:	|........ ........ ........ ..0.....| ok p=0.973633
Q62:	|........ ........ ........ ..+.....| ok p=1
Q63:	|........ ........ ........ ..+.....| ok p=0.987305
Q64:	|.....-.. ........ ........ ..+.....|
Saving 65536 paths...done.
Autobalance parameters: maxcond=19
Verified: 0 bad out of 137083
Runtime: 3.308
Extend MD5 differential paths backward
Copyright (C) 2009 Marc Stevens
http://homepages.cwi.nl/~stevens/

delta_m[11] = [!27!]
Loading workdir0/paths30_0of1...done: 65536 (work:65536).
Estimating maxcond for upper bound 400000 (=100000 * 4)...
t=29: 0%   10   20   30   40   50   60   70   80   90   100%
      |----|----|----|----|----|----|----|----|----|----|
e     ***************************************************
Found maxcond = 23
t=29: 0%   10   20   30   40   50   60   70   80   90   100%
      |----|----|----|----|----|----|----|----|----|----|
      ***************************************************
Q26:	|....-... .....-.. ........ ........|
Q27:	|....+... ........ ........ 1.......|
Q28:	|....+... ........ ........ +.......|
Q29:	|....1... ........ ........ ........| ok p=0.970703
Q30:	|....-... ........ ........ ^.......| ok p=1
Q31:	|....-... ........ ........ ........| ok p=0.964844
Q32:	|........ ........ ........ ........| ok p=1
Q33:	|....!... ........ ........ ........| ok p=1
Q34:	|........ ........ ........ ........| ok p=1
Q35:	|........ ........ ........ ........| ok p=1
Q36:	|........ ........ ........ ........| ok p=1
Q37:	|........ ........ ........ ........| ok p=1
Q38:	|........ ........ ........ ........| ok p=1
Q39:	|........ ........ ........ ........| ok p=1
Q40:	|........ ........ ........ ........| ok p=1
Q41:	|........ ........ ........ ........| ok p=1
Q42:	|........ ........ ........ ........| ok p=1
Q43:	|........ ........ ........ ........| ok p=1
Q44:	|........ ........ ........ ........| ok p=1
Q45:	|........ ........ ........ ........| ok p=1
Q46:	|........ ........ ........ ........| ok p=1
Q47:	|........ ........ ........ ........| ok p=1
Q48:	|........ ........ ........ ........| ok p=1
Q49:	|........ ........ ........ ........| ok p=1
Q50:	|........ ........ ........ ........| ok p=1
Q51:	|........ ........ ........ ........| ok p=1
Q52:	|........ ........ ........ ........| ok p=1
Q53:	|........ ........ ........ ........| ok p=1
Q54:	|........ ........ ........ ........| ok p=1
Q55:	|........ ........ ........ ........| ok p=1
Q56:	|........ ........ ........ ........| ok p=1
Q57:	|........ ........ ........ ........| ok p=1
Q58:	|........ ........ ........ ........| ok p=1
Q59:	|........ ........ ........ ........| ok p=1
Q60:	|........ ........ ........ ..0.....| ok p=1
Q61:	|........ ........ ........ ..0.....| ok p=0.970703
Q62:	|........ ........ ........ ..+.....| ok p=1
Q63:	|........ ........ ........ ..+.....| ok p=0.983398
Q64:	|.....-.. ........ ........ ..+.....|
Saving 100000 paths...done.
Autobalance parameters: maxcond=21
Verified: 16 bad out of 158812
Estimating maxcond for upper bound 400000 (=100000 * 4)...
t=28: 0%   10   20   30   40   50   60   70   80   90   100%
      |----|----|----|----|----|----|----|----|----|----|
e     ***************************************************
Found maxcond = 25
t=28: 0%   10   20   30   40   50   60   70   80   90   100%
      |----|----|----|----|----|----|----|----|----|----|
      ***************************************************
Q25:	|....-... .-...... ........ .....-..|
Q26:	|....-... .....-.. ........ -.......|
Q27:	|....+... ........ ........ 0.......|
Q28:	|....+... .....^.. ........ +.......| ok p=0.969727
Q29:	|....1... ........ ........ ........| ok p=0.966797
Q30:	|....-... ........ ........ ^.......| ok p=1
Q31:	|....-... ........ ........ ........| ok p=0.972656
Q32:	|........ ........ ........ ........| ok p=1
Q33:	|....!... ........ ........ ........| ok p=1
Q34:	|........ ........ ........ ........| ok p=1
Q35:	|........ ........ ........ ........| ok p=1
Q36:	|........ ........ ........ ........| ok p=1
Q37:	|........ ........ ........ ........| ok p=1
Q38:	|........ ........ ........ ........| ok p=1
Q39:	|........ ........ ........ ........| ok p=1
Q40:	|........ ........ ........ ........| ok p=1
Q41:	|........ ........ ........ ........| ok p=1
Q42:	|........ ........ ........ ........| ok p=1
Q43:	|........ ........ ........ ........| ok p=1
Q44:	|........ ........ ........ ........| ok p=1
Q45:	|........ ........ ........ ........| ok p=1
Q46:	|........ ........ ........ ........| ok p=1
Q47:	|........ ........ ........ ........| ok p=1
Q48:	|........ ........ ........ ........| ok p=1
Q49:	|........ ........ ........ ........| ok p=1
Q50:	|........ ........ ........ ........| ok p=1
Q51:	|........ ........ ........ ........| ok p=1
Q52:	|........ ........ ........ ........| ok p=1
Q53:	|........ ........ ........ ........| ok p=1
Q54:	|........ ........ ........ ........| ok p=1
Q55:	|........ ........ ........ ........| ok p=1
Q56:	|........ ........ ........ ........| ok p=1
Q57:	|........ ........ ........ ........| ok p=1
Q58:	|........ ........ ........ ........| ok p=1
Q59:	|........ ........ ........ ........| ok p=1
Q60:	|........ ........ ........ ..0.....| ok p=1
Q61:	|........ ........ ........ ..0.....| ok p=0.973633
Q62:	|........ ........ ........ ..+.....| ok p=1
Q63:	|........ ........ ........ ..+.....| ok p=0.984375
Q64:	|.....-.. ........ ........ ..+.....|
Saving 100000 paths...done.
Autobalance parameters: maxcond=23
Verified: 0 bad out of 166430
Estimating maxcond for upper bound 400000 (=100000 * 4)...
t=27: 0%   10   20   30   40   50   60   70   80   90   100%
      |----|----|----|----|----|----|----|----|----|----|
e     ***************************************************
Found maxcond = 28
t=27: 0%   10   20   30   40   50   60   70   80   90   100%
      |----|----|----|----|----|----|----|----|----|----|
      ***************************************************
Q24:	|........ ....+... ........ +.......|
Q25:	|........ .-...1.. ........ .....-..|
Q26:	|....0... .....-.. ........ 0.......|
Q27:	|....1... .^...... ........ 1....^..| ok p=0.96582
Q28:	|....+... .....^.. ........ +.......| ok p=0.960938
Q29:	|....0... ........ ........ ........| ok p=0.972656
Q30:	|....-... ........ ........ ^.......| ok p=1
Q31:	|....-... ........ ........ ........| ok p=0.974609
Q32:	|........ ........ ........ ........| ok p=1
Q33:	|....!... ........ ........ ........| ok p=1
Q34:	|........ ........ ........ ........| ok p=1
Q35:	|........ ........ ........ ........| ok p=1
Q36:	|........ ........ ........ ........| ok p=1
Q37:	|........ ........ ........ ........| ok p=1
Q38:	|........ ........ ........ ........| ok p=1
Q39:	|........ ........ ........ ........| ok p=1
Q40:	|........ ........ ........ ........| ok p=1
Q41:	|........ ........ ........ ........| ok p=1
Q42:	|........ ........ ........ ........| ok p=1
Q43:	|........ ........ ........ ........| ok p=1
Q44:	|........ ........ ........ ........| ok p=1
Q45:	|........ ........ ........ ........| ok p=1
Q46:	|........ ........ ........ ........| ok p=1
Q47:	|........ ........ ........ ........| ok p=1
Q48:	|........ ........ ........ ........| ok p=1
Q49:	|........ ........ ........ ........| ok p=1
Q50:	|........ ........ ........ ........| ok p=1
Q51:	|........ ........ ........ ........| ok p=1
Q52:	|........ ........ ........ ........| ok p=1
Q53:	|........ ........ ........ ........| ok p=1
Q54:	|........ ........ ........ ........| ok p=1
Q55:	|........ ........ ........ ........| ok p=1
Q56:	|........ ........ ........ ........| ok p=1
Q57:	|........ ........ ........ ........| ok p=1
Q58:	|........ ........ ........ ........| ok p=1
Q59:	|........ ........ ........ ........| ok p=1
Q60:	|........ ........ ........ ..0.....| ok p=1
Q61:	|........ ........ ........ ..0.....| ok p=0.975586
Q62:	|........ ........ ........ ..+.....| ok p=1
Q63:	|........ ........ ........ ..+.....| ok p=0.978516
Q64:	|.....-.. ........ ........ ..+.....|
Saving 100000 paths...done.
Autobalance parameters: maxcond=26
Verified: 0 bad out of 172914
Estimating maxcond for upper bound 400000 (=100000 * 4)...
t=26: 0%   10   20   30   40   50   60   70   80   90   100%
      |----|----|----|----|----|----|----|----|----|----|
e     ***************************************************
Found maxcond = 31
t=26: 0%   10   20   30   40   50   60   70   80   90   100%
      |----|----|----|----|----|----|----|----|----|----|
      ***************************************************
Q23:	|.....+.. ........ ........ +..+....|
Q24:	|........ .1...0.. ........ +....1..|
Q25:	|........ .-...1.. ........ -....-..|
Q26:	|....0... .....-.. ........ -.......| ok p=0.977539
Q27:	|....1... .^...... ........ +....^..| ok p=0.955078
Q28:	|....+... .....^.. ........ +.......| ok p=0.966797
Q29:	|....0... ........ ........ 1.......| ok p=0.966797
Q30:	|....-... ........ ........ 0.......| ok p=1
Q31:	|....-... ........ ........ ........| ok p=0.963867
Q32:	|........ ........ ........ ........| ok p=1
Q33:	|....!... ........ ........ ........| ok p=1
Q34:	|........ ........ ........ ........| ok p=1
Q35:	|........ ........ ........ ........| ok p=1
Q36:	|........ ........ ........ ........| ok p=1
Q37:	|........ ........ ........ ........| ok p=1
Q38:	|........ ........ ........ ........| ok p=1
Q39:	|........ ........ ........ ........| ok p=1
Q40:	|........ ........ ........ ........| ok p=1
Q41:	|........ ........ ........ ........| ok p=1
Q42:	|........ ........ ........ ........| ok p=1
Q43:	|........ ........ ........ ........| ok p=1
Q44:	|........ ........ ........ ........| ok p=1
Q45:	|........ ........ ........ ........| ok p=1
Q46:	|........ ........ ........ ........| ok p=1
Q47:	|........ ........ ........ ........| ok p=1
Q48:	|........ ........ ........ ........| ok p=1
Q49:	|........ ........ ........ ........| ok p=1
Q50:	|........ ........ ........ ........| ok p=1
Q51:	|........ ........ ........ ........| ok p=1
Q52:	|........ ........ ........ ........| ok p=1
Q53:	|........ ........ ........ ........| ok p=1
Q54:	|........ ........ ........ ........| ok p=1
Q55:	|........ ........ ........ ........| ok p=1
Q56:	|........ ........ ........ ........| ok p=1
Q57:	|........ ........ ........ ........| ok p=1
Q58:	|........ ........ ........ ........| ok p=1
Q59:	|........ ........ ........ ........| ok p=1
Q60:	|........ ........ ........ ..0.....| ok p=1
Q61:	|........ ........ ........ ..0.....| ok p=0.976562
Q62:	|........ ........ ........ ..+.....| ok p=1
Q63:	|........ ........ ........ ..+.....| ok p=0.993164
Q64:	|.....-.. ........ ........ ..+.....|
Saving 100000 paths...done.
Autobalance parameters: maxcond=29
Verified: 0 bad out of 164027
Estimating maxcond for upper bound 400000 (=100000 * 4)...
t=25: 0%   10   20   30   40   50   60   70   80   90   100%
      |----|----|----|----|----|----|----|----|----|----|
e     ***************************************************
Found maxcond = 36
t=25: 0%   10   20   30   40   50   60   70   80   90   100%
      |----|----|----|----|----|----|----|----|----|----|
      ***************************************************
Q22:	|.+....+. ........ ..+...-. ........|
Q23:	|........ .+...... ........ ...+.+..|
Q24:	|........ .0...0.. ........ 0....0..|
Q25:	|........ .-...1.. ........ ...^.-..| ok p=0.744141
Q26:	|....0... .....-.. .......0 +.......| ok p=1
Q27:	|....1... .^...... .......1 +....^..| ok p=0.980469
Q28:	|....+... .....^.. .......+ -.......| ok p=0.969727
Q29:	|....0... ........ ........ 0.......| ok p=0.970703
Q30:	|....-... ........ .......^ 1.......| ok p=1
Q31:	|....-... ........ ........ ........| ok p=0.956055
Q32:	|........ ........ ........ ........| ok p=1
Q33:	|....!... ........ ........ ........| ok p=1
Q34:	|........ ........ ........ ........| ok p=1
Q35:	|........ ........ ........ ........| ok p=1
Q36:	|........ ........ ........ ........| ok p=1
Q37:	|........ ........ ........ ........| ok p=1
Q38:	|........ ........ ........ ........| ok p=1
Q39:	|........ ........ ........ ........| ok p=1
Q40:	|........ ........ ........ ........| ok p=1
Q41:	|........ ........ ........ ........| ok p=1
Q42:	|........ ........ ........ ........| ok p=1
Q43:	|........ ........ ........ ........| ok p=1
Q44:	|........ ........ ........ ........| ok p=1
Q45:	|........ ........ ........ ........| ok p=1
Q46:	|........ ........ ........ ........| ok p=1
Q47:	|........ ........ ........ ........| ok p=1
Q48:	|........ ........ ........ ........| ok p=1
Q49:	|........ ........ ........ ........| ok p=1
Q50:	|........ ........ ........ ........| ok p=1
Q51:	|........ ........ ........ ........| ok p=1
Q52:	|........ ........ ........ ........| ok p=1
Q53:	|........ ........ ........ ........| ok p=1
Q54:	|........ ........ ........ ........| ok p=1
Q55:	|........ ........ ........ ........| ok p=1
Q56:	|........ ........ ........ ........| ok p=1
Q57:	|........ ........ ........ ........| ok p=1
Q58:	|........ ........ ........ ........| ok p=1
Q59:	|........ ........ ........ ........| ok p=1
Q60:	|........ ........ ........ ..0.....| ok p=1
Q61:	|........ ........ ........ ..0.....| ok p=0.959961
Q62:	|........ ........ ........ ..+.....| ok p=1
Q63:	|........ ........ ........ ..+.....| ok p=0.983398
Q64:	|.....-.. ........ ........ ..+.....|
Saving 100000 paths...done.
Autobalance parameters: maxcond=35
Verified: 8 bad out of 133537
Estimating maxcond for upper bound 400000 (=100000 * 4)...
t=24: 0%   10   20   30   40   50   60   70   80   90   100%
      |----|----|----|----|----|----|----|----|----|----|
e     ***************************************************
Found maxcond = 44
t=24: 0%   10   20   30   40   50   60   70   80   90   100%
      |----|----|----|----|----|----|----|----|----|----|
      ***************************************************
Q21:	|..-..... ....-.+. .-...... -...-...|
Q22:	|.....1+. ........ ..+..... ...1....|
Q23:	|.....+.. .0...+.. ........ +..+.0..|
Q24:	|......^. .1...+.. ..^..... +....1..| ok p=0.720703
Q25:	|.....^.. .-...-.. ........ -..^.-..| ok p=0.980469
Q26:	|....0... .....-.. ........ -.......| ok p=0.987305
Q27:	|....1... .^...1.. ........ +....^..| ok p=0.958984
Q28:	|....+... .....0.. ........ +.......| ok p=0.963867
Q29:	|....0... ........ ........ 1.......| ok p=0.958984
Q30:	|....-... ........ ........ 0.......| ok p=1
Q31:	|....-... ........ ........ ........| ok p=0.96582
Q32:	|........ ........ ........ ........| ok p=1
Q33:	|....!... ........ ........ ........| ok p=1
Q34:	|........ ........ ........ ........| ok p=1
Q35:	|........ ........ ........ ........| ok p=1
Q36:	|........ ........ ........ ........| ok p=1
Q37:	|........ ........ ........ ........| ok p=1
Q38:	|........ ........ ........ ........| ok p=1
Q39:	|........ ........ ........ ........| ok p=1
Q40:	|........ ........ ........ ........| ok p=1
Q41:	|........ ........ ........ ........| ok p=1
Q42:	|........ ........ ........ ........| ok p=1
Q43:	|........ ........ ........ ........| ok p=1
Q44:	|........ ........ ........ ........| ok p=1
Q45:	|........ ........ ........ ........| ok p=1
Q46:	|........ ........ ........ ........| ok p=1
Q47:	|........ ........ ........ ........| ok p=1
Q48:	|........ ........ ........ ........| ok p=1
Q49:	|........ ........ ........ ........| ok p=1
Q50:	|........ ........ ........ ........| ok p=1
Q51:	|........ ........ ........ ........| ok p=1
Q52:	|........ ........ ........ ........| ok p=1
Q53:	|........ ........ ........ ........| ok p=1
Q54:	|........ ........ ........ ........| ok p=1
Q55:	|........ ........ ........ ........| ok p=1
Q56:	|........ ........ ........ ........| ok p=1
Q57:	|........ ........ ........ ........| ok p=1
Q58:	|........ ........ ........ ........| ok p=1
Q59:	|........ ........ ........ ........| ok p=1
Q60:	|........ ........ ........ ..0.....| ok p=1
Q61:	|........ ........ ........ ..0.....| ok p=0.969727
Q62:	|........ ........ ........ ..+.....| ok p=1
Q63:	|........ ........ ........ ..+.....| ok p=0.985352
Q64:	|.....-.. ........ ........ ..+.....|
Saving 100000 paths...done.
Autobalance parameters: maxcond=43
Verified: 0 bad out of 132015
Estimating maxcond for upper bound 400000 (=100000 * 4)...
t=23: 0%   10   20   30   40   50   60   70   80   90   100%
      |----|----|----|----|----|----|----|----|----|----|
e     ***************************************************
Found maxcond = 53
t=23: 0%   10   20   30   40   50   60   70   80   90   100%
      |----|----|----|----|----|----|----|----|----|----|
      ***************************************************
Q20:	|........ .-.....- ........ ....-...|
Q21:	|.1-...1. ........ ..1...1. ...0....|
Q22:	|.+....+. .+...... ..+...-. ...1....|
Q23:	|..^..... .+...... ........ ...+.0..| ok p=0.995117
Q24:	|.^....^. .-...0.. ..^...^. 0....1..| ok p=0.700195
Q25:	|........ .-...1.. ........ ...^.-..| ok p=0.736328
Q26:	|....0... .1...-.. .......0 +.......| ok p=1
Q27:	|....1... .0...... .......1 +....^..| ok p=0.973633
Q28:	|....+... .....^.. .......+ -.......| ok p=0.97168
Q29:	|....0... ........ ........ 0.......| ok p=0.972656
Q30:	|....-... ........ .......^ 1.......| ok p=1
Q31:	|....-... ........ ........ ........| ok p=0.963867
Q32:	|........ ........ ........ ........| ok p=1
Q33:	|....!... ........ ........ ........| ok p=1
Q34:	|........ ........ ........ ........| ok p=1
Q35:	|........ ........ ........ ........| ok p=1
Q36:	|........ ........ ........ ........| ok p=1
Q37:	|........ ........ ........ ........| ok p=1
Q38:	|........ ........ ........ ........| ok p=1
Q39:	|........ ........ ........ ........| ok p=1
Q40:	|........ ........ ........ ........| ok p=1
Q41:	|........ ........ ........ ........| ok p=1
Q42:	|........ ........ ........ ........| ok p=1
Q43:	|........ ........ ........ ........| ok p=1
Q44:	|........ ........ ........ ........| ok p=1
Q45:	|........ ........ ........ ........| ok p=1
Q46:	|........ ........ ........ ........| ok p=1
Q47:	|........ ........ ........ ........| ok p=1
Q48:	|........ ........ ........ ........| ok p=1
Q49:	|........ ........ ........ ........| ok p=1
Q50:	|........ ........ ........ ........| ok p=1
Q51:	|........ ........ ........ ........| ok p=1
Q52:	|........ ........ ........ ........| ok p=1
Q53:	|........ ........ ........ ........| ok p=1
Q54:	|........ ........ ........ ........| ok p=1
Q55:	|........ ........ ........ ........| ok p=1
Q56:	|........ ........ ........ ........| ok p=1
Q57:	|........ ........ ........ ........| ok p=1
Q58:	|........ ........ ........ ........| ok p=1
Q59:	|........ ........ ........ ........| ok p=1
Q60:	|........ ........ ........ ..0.....| ok p=1
Q61:	|........ ........ ........ ..0.....| ok p=0.973633
Q62:	|........ ........ ........ ..+.....| ok p=1
Q63:	|........ ........ ........ ..+.....| ok p=0.985352
Q64:	|.....-.. ........ ........ ..+.....|
Saving 100000 paths...done.
Autobalance parameters: maxcond=52
Verified: 28 bad out of 110464
Estimating maxcond for upper bound 400000 (=100000 * 4)...
t=22: 0%   10   20   30   40   50   60   70   80   90   100%
      |----|----|----|----|----|----|----|----|----|----|
e     ***************************************************
Found maxcond = 60
t=22: 0%   10   20   30   40   50   60   70   80   90   100%
      |----|----|----|----|----|----|----|----|----|----|
      ***************************************************
Q19:	|+...+... .+.....- ....-... .......-|
Q20:	|.-1...0. ......1- ..-...+. ........|
Q21:	|.0-...1. ......-. ..0...0. ...0....|
Q22:	|.+....+. .......^ ..+...-. ...1....| ok p=0.345703
Q23:	|..^..... .0....^. ........ ...+.0..| ok p=0.999023
Q24:	|.^....^. .1...0.. ..^...^. 0....1..| ok p=0.672852
Q25:	|........ .-...1.. ........ ...^.-..| ok p=0.758789
Q26:	|....0... .....-.. .......0 +.......| ok p=1
Q27:	|....1... .^...... .......1 +....^..| ok p=0.961914
Q28:	|....+... .....^.. .......+ -.......| ok p=0.973633
Q29:	|....0... ........ ........ 0.......| ok p=0.973633
Q30:	|....-... ........ .......^ 1.......| ok p=1
Q31:	|....-... ........ ........ ........| ok p=0.974609
Q32:	|........ ........ ........ ........| ok p=1
Q33:	|....!... ........ ........ ........| ok p=1
Q34:	|........ ........ ........ ........| ok p=1
Q35:	|........ ........ ........ ........| ok p=1
Q36:	|........ ........ ........ ........| ok p=1
Q37:	|........ ........ ........ ........| ok p=1
Q38:	|........ ........ ........ ........| ok p=1
Q39:	|........ ........ ........ ........| ok p=1
Q40:	|........ ........ ........ ........| ok p=1
Q41:	|........ ........ ........ ........| ok p=1
Q42:	|........ ........ ........ ........| ok p=1
Q43:	|........ ........ ........ ........| ok p=1
Q44:	|........ ........ ........ ........| ok p=1
Q45:	|........ ........ ........ ........| ok p=1
Q46:	|........ ........ ........ ........| ok p=1
Q47:	|........ ........ ........ ........| ok p=1
Q48:	|........ ........ ........ ........| ok p=1
Q49:	|........ ........ ........ ........| ok p=1
Q50:	|........ ........ ........ ........| ok p=1
Q51:	|........ ........ ........ ........| ok p=1
Q52:	|........ ........ ........ ........| ok p=1
Q53:	|........ ........ ........ ........| ok p=1
Q54:	|........ ........ ........ ........| ok p=1
Q55:	|........ ........ ........ ........| ok p=1
Q56:	|........ ........ ........ ........| ok p=1
Q57:	|........ ........ ........ ........| ok p=1
Q58:	|........ ........ ........ ........| ok p=1
Q59:	|........ ........ ........ ........| ok p=1
Q60:	|........ ........ ........ ..0.....| ok p=1
Q61:	|........ ........ ........ ..0.....| ok p=0.96582
Q62:	|........ ........ ........ ..+.....| ok p=1
Q63:	|........ ........ ........ ..+.....| ok p=0.991211
Q64:	|.....-.. ........ ........ ..+.....|
Saving 100000 paths...done.
Autobalance parameters: maxcond=59
Verified: 0 bad out of 159601
Estimating maxcond for upper bound 400000 (=100000 * 4)...
t=21: 0%   10   20   30   40   50   60   70   80   90   100%
      |----|----|----|----|----|----|----|----|----|----|
e     ***************************************************
Found maxcond = 71
t=21: 0%   10   20   30   40   50   60   70   80   90   100%
      |----|----|----|----|----|----|----|----|----|----|
      ***************************************************
Q18:	|........ .+.-...+ .......+ ...+...-|
Q19:	|.++.+... .+....01 ....-... ........|
Q20:	|.10...0. ......0- ..0...0. ........|
Q21:	|.1-.^.1. .^....-1 ..1.^.1. ...0....| ok p=0.65918
Q22:	|.+....+. .......0 ..+...-. ...1....| ok p=0.413086
Q23:	|..^..... .0....^. ........ ...+.0..| ok p=1
Q24:	|.^....^. .1...0.. ..^...^. 0....1..| ok p=0.680664
Q25:	|........ .-...1.. ........ ...^.-..| ok p=0.724609
Q26:	|....0... .....-.. .......0 +.......| ok p=1
Q27:	|....1... .^...... .......1 +....^..| ok p=0.96875
Q28:	|....+... .....^.. .......+ -.......| ok p=0.96582
Q29:	|....0... ........ ........ 0.......| ok p=0.974609
Q30:	|....-... ........ .......^ 1.......| ok p=1
Q31:	|....-... ........ ........ ........| ok p=0.963867
Q32:	|........ ........ ........ ........| ok p=1
Q33:	|....!... ........ ........ ........| ok p=1
Q34:	|........ ........ ........ ........| ok p=1
Q35:	|........ ........ ........ ........| ok p=1
Q36:	|........ ........ ........ ........| ok p=1
Q37:	|........ ........ ........ ........| ok p=1
Q38:	|........ ........ ........ ........| ok p=1
Q39:	|........ ........ ........ ........| ok p=1
Q40:	|........ ........ ........ ........| ok p=1
Q41:	|........ ........ ........ ........| ok p=1
Q42:	|........ ........ ........ ........| ok p=1
Q43:	|........ ........ ........ ........| ok p=1
Q44:	|........ ........ ........ ........| ok p=1
Q45:	|........ ........ ........ ........| ok p=1
Q46:	|........ ........ ........ ........| ok p=1
Q47:	|........ ........ ........ ........| ok p=1
Q48:	|........ ........ ........ ........| ok p=1
Q49:	|........ ........ ........ ........| ok p=1
Q50:	|........ ........ ........ ........| ok p=1
Q51:	|........ ........ ........ ........| ok p=1
Q52:	|........ ........ ........ ........| ok p=1
Q53:	|........ ........ ........ ........| ok p=1
Q54:	|........ ........ ........ ........| ok p=1
Q55:	|........ ........ ........ ........| ok p=1
Q56:	|........ ........ ........ ........| ok p=1
Q57:	|........ ........ ........ ........| ok p=1
Q58:	|........ ........ ........ ........| ok p=1
Q59:	|........ ........ ........ ........| ok p=1
Q60:	|........ ........ ........ ..0.....| ok p=1
Q61:	|........ ........ ........ ..0.....| ok p=0.970703
Q62:	|........ ........ ........ ..+.....| ok p=1
Q63:	|........ ........ ........ ..+.....| ok p=0.990234
Q64:	|.....-.. ........ ........ ..+.....|
Saving 100000 paths...done.
Autobalance parameters: maxcond=70
Verified: 0 bad out of 172305
Runtime: 10.5727
Extend MD5 differential paths backward
Copyright (C) 2009 Marc Stevens
http://homepages.cwi.nl/~stevens/

delta_m[11] = [!27!]
Loading workdir0/paths21_0of1...done: 100000 (work:100000).
Estimating maxcond for upper bound 65536 (=16384 * 4)...
t=20: 0%   10   20   30   40   50   60   70   80   90   100%
      |----|----|----|----|----|----|----|----|----|----|
e     ***************************************************
Found maxcond = 83
t=20: 0%   10   20   30   40   50   60   70   80   90   100%
      |----|----|----|----|----|----|----|----|----|----|
      ***************************************************
Q17:	|..-....+ .......- ..+.-.+. ........|
Q18:	|..-.1... .1.+..+. ....1..+ .......-|
Q19:	|..+.+... .+....0- ..-.-... ........|
Q20:	|.10...0. ...^..1- ..-...0^ .......^| ok p=0.805664
Q21:	|.1+.^.1. .^....-1 ..+.^.1. ...0....| ok p=0.865234
Q22:	|.+....+. .......^ ..+...-. ...1....| ok p=0.387695
Q23:	|.1^..... .0....^. ..1..... ...+.0..| ok p=1
Q24:	|.0....^. .1...0.. ..0...^. 0....1..| ok p=0.648438
Q25:	|........ .-...1.. ........ ...^.-..| ok p=0.720703
Q26:	|....0... .....-.. .......0 +.......| ok p=1
Q27:	|....1... .^...... .......1 +....^..| ok p=0.961914
Q28:	|....+... .....^.. .......+ -.......| ok p=0.976562
Q29:	|....0... ........ ........ 0.......| ok p=0.972656
Q30:	|....-... ........ .......^ 1.......| ok p=1
Q31:	|....-... ........ ........ ........| ok p=0.96875
Q32:	|........ ........ ........ ........| ok p=1
Q33:	|....!... ........ ........ ........| ok p=1
Q34:	|........ ........ ........ ........| ok p=1
Q35:	|........ ........ ........ ........| ok p=1
Q36:	|........ ........ ........ ........| ok p=1
Q37:	|........ ........ ........ ........| ok p=1
Q38:	|........ ........ ........ ........| ok p=1
Q39:	|........ ........ ........ ........| ok p=1
Q40:	|........ ........ ........ ........| ok p=1
Q41:	|........ ........ ........ ........| ok p=1
Q42:	|........ ........ ........ ........| ok p=1
Q43:	|........ ........ ........ ........| ok p=1
Q44:	|........ ........ ........ ........| ok p=1
Q45:	|........ ........ ........ ........| ok p=1
Q46:	|........ ........ ........ ........| ok p=1
Q47:	|........ ........ ........ ........| ok p=1
Q48:	|........ ........ ........ ........| ok p=1
Q49:	|........ ........ ........ ........| ok p=1
Q50:	|........ ........ ........ ........| ok p=1
Q51:	|........ ........ ........ ........| ok p=1
Q52:	|........ ........ ........ ........| ok p=1
Q53:	|........ ........ ........ ........| ok p=1
Q54:	|........ ........ ........ ........| ok p=1
Q55:	|........ ........ ........ ........| ok p=1
Q56:	|........ ........ ........ ........| ok p=1
Q57:	|........ ........ ........ ........| ok p=1
Q58:	|........ ........ ........ ........| ok p=1
Q59:	|........ ........ ........ ........| ok p=1
Q60:	|........ ........ ........ ..0.....| ok p=1
Q61:	|........ ........ ........ ..0.....| ok p=0.970703
Q62:	|........ ........ ........ ..+.....| ok p=1
Q63:	|........ ........ ........ ..+.....| ok p=0.976562
Q64:	|.....-.. ........ ........ ..+.....|
Saving 16384 paths...done.
Autobalance parameters: maxcond=82
Verified: 0 bad out of 18222
Runtime: 3.16227
Extend MD5 differential paths backward
Copyright (C) 2009 Marc Stevens
http://homepages.cwi.nl/~stevens/

delta_m[11] = [!27!]
Loading workdir0/paths20_0of1...done: 16384 (work:16384).
Estimating maxcond for upper bound 2000000 (=500000 * 4)...
t=19: 0%   10   20   30   40   50   60   70   80   90   100%
      |----|----|----|----|----|----|----|----|----|----|
e     ***************************************************
Found maxcond = 95
t=19: 0%   10   20   30   40   50   60   70   80   90   100%
      |----|----|----|----|----|----|----|----|----|----|
      ***************************************************
Q16:	|..-..... +......- ........ -....-..|
Q17:	|..-.0... .-.1.... ....0..1 ...1...1|
Q18:	|..-.1... .0.+...+ ....0..+ ...+...-|
Q19:	|..+.+... .+....0+ ....-... ........| ok p=0.71875
Q20:	|.1+...0. ...^..0- ..0...0^ ...^...^| ok p=1
Q21:	|.1+.^.1. .^....-1 ..1.^.1. ...0....| ok p=0.744141
Q22:	|.+1...+. .......^ ..+...-. ...1....| ok p=0.274414
Q23:	|.10..... .0....^. ........ ...+.0..| ok p=1
Q24:	|.0....^. .1...0.. ..^...^. 0....1..| ok p=0.6875
Q25:	|........ .-...1.. ........ ...^.-..| ok p=0.740234
Q26:	|....0... .....-.. .......0 +.......| ok p=1
Q27:	|....1... .^...... .......1 +....^..| ok p=0.960938
Q28:	|....+... .....^.. .......+ -.......| ok p=0.967773
Q29:	|....0... ........ ........ 0.......| ok p=0.969727
Q30:	|....-... ........ .......^ 1.......| ok p=1
Q31:	|....-... ........ ........ ........| ok p=0.958984
Q32:	|........ ........ ........ ........| ok p=1
Q33:	|....!... ........ ........ ........| ok p=1
Q34:	|........ ........ ........ ........| ok p=1
Q35:	|........ ........ ........ ........| ok p=1
Q36:	|........ ........ ........ ........| ok p=1
Q37:	|........ ........ ........ ........| ok p=1
Q38:	|........ ........ ........ ........| ok p=1
Q39:	|........ ........ ........ ........| ok p=1
Q40:	|........ ........ ........ ........| ok p=1
Q41:	|........ ........ ........ ........| ok p=1
Q42:	|........ ........ ........ ........| ok p=1
Q43:	|........ ........ ........ ........| ok p=1
Q44:	|........ ........ ........ ........| ok p=1
Q45:	|........ ........ ........ ........| ok p=1
Q46:	|........ ........ ........ ........| ok p=1
Q47:	|........ ........ ........ ........| ok p=1
Q48:	|........ ........ ........ ........| ok p=1
Q49:	|........ ........ ........ ........| ok p=1
Q50:	|........ ........ ........ ........| ok p=1
Q51:	|........ ........ ........ ........| ok p=1
Q52:	|........ ........ ........ ........| ok p=1
Q53:	|........ ........ ........ ........| ok p=1
Q54:	|........ ........ ........ ........| ok p=1
Q55:	|........ ........ ........ ........| ok p=1
Q56:	|........ ........ ........ ........| ok p=1
Q57:	|........ ........ ........ ........| ok p=1
Q58:	|........ ........ ........ ........| ok p=1
Q59:	|........ ........ ........ ........| ok p=1
Q60:	|........ ........ ........ ..0.....| ok p=1
Q61:	|........ ........ ........ ..0.....| ok p=0.96875
Q62:	|........ ........ ........ ..+.....| ok p=1
Q63:	|........ ........ ........ ..+.....| ok p=0.985352
Q64:	|.....-.. ........ ........ ..+.....|
Saving 500000 paths...done.
Autobalance parameters: maxcond=93
Verified: 0 bad out of 870375
Estimating maxcond for upper bound 2000000 (=500000 * 4)...
t=18: 0%   10   20   30   40   50   60   70   80   90   100%
      |----|----|----|----|----|----|----|----|----|----|
e     ***************************************************
Found maxcond = 105
t=18: 0%   10   20   30   40   50   60   70   80   90   100%
      |----|----|----|----|----|----|----|----|----|----|
      ***************************************************
Q15:	|...-.+.. .-...+.. ..+....+ .-..-..+|
Q16:	|........ .+.0.... .......- -..0..--|
Q17:	|..-.0... .1.1...+ ....0..0 ...1...0|
Q18:	|..-.1... .1.+...+ ....0..+ ^..+..^-| ok p=0.648438
Q19:	|..+.+... .+....0- ....-... ........| ok p=0.944336
Q20:	|.1+...0. ...^..1- ..0...0^ ...^...^| ok p=1
Q21:	|.1+.^.1. .^....-0 ..1.^.1. ...0....| ok p=0.734375
Q22:	|.+1...+. .......^ ..+...-. ...1....| ok p=0.269531
Q23:	|.10..... .0....^. ........ ...+.0..| ok p=1
Q24:	|.0....^. .1...0.. ..^...^. 0....1..| ok p=0.676758
Q25:	|........ .-...1.. ........ ...^.-..| ok p=0.738281
Q26:	|....0... .....-.. .......0 +.......| ok p=1
Q27:	|....1... .^...... .......1 +....^..| ok p=0.96875
Q28:	|....+... .....^.. .......+ -.......| ok p=0.976562
Q29:	|....0... ........ ........ 0.......| ok p=0.96582
Q30:	|....-... ........ .......^ 1.......| ok p=1
Q31:	|....-... ........ ........ ........| ok p=0.952148
Q32:	|........ ........ ........ ........| ok p=1
Q33:	|....!... ........ ........ ........| ok p=1
Q34:	|........ ........ ........ ........| ok p=1
Q35:	|........ ........ ........ ........| ok p=1
Q36:	|........ ........ ........ ........| ok p=1
Q37:	|........ ........ ........ ........| ok p=1
Q38:	|........ ........ ........ ........| ok p=1
Q39:	|........ ........ ........ ........| ok p=1
Q40:	|........ ........ ........ ........| ok p=1
Q41:	|........ ........ ........ ........| ok p=1
Q42:	|........ ........ ........ ........| ok p=1
Q43:	|........ ........ ........ ........| ok p=1
Q44:	|........ ........ ........ ........| ok p=1
Q45:	|........ ........ ........ ........| ok p=1
Q46:	|........ ........ ........ ........| ok p=1
Q47:	|........ ........ ........ ........| ok p=1
Q48:	|........ ........ ........ ........| ok p=1
Q49:	|........ ........ ........ ........| ok p=1
Q50:	|........ ........ ........ ........| ok p=1
Q51:	|........ ........ ........ ........| ok p=1
Q52:	|........ ........ ........ ........| ok p=1
Q53:	|........ ........ ........ ........| ok p=1
Q54:	|........ ........ ........ ........| ok p=1
Q55:	|........ ........ ........ ........| ok p=1
Q56:	|........ ........ ........ ........| ok p=1
Q57:	|........ ........ ........ ........| ok p=1
Q58:	|........ ........ ........ ........| ok p=1
Q59:	|........ ........ ........ ........| ok p=1
Q60:	|........ ........ ........ ..0.....| ok p=1
Q61:	|........ ........ ........ ..0.....| ok p=0.951172
Q62:	|........ ........ ........ ..+.....| ok p=1
Q63:	|........ ........ ........ ..+.....| ok p=0.986328
Q64:	|.....-.. ........ ........ ..+.....|
Saving 500000 paths...done.
Autobalance parameters: maxcond=104
Verified: 0 bad out of 582007
Estimating maxcond for upper bound 2000000 (=500000 * 4)...
t=17: 0%   10   20   30   40   50   60   70   80   90   100%
      |----|----|----|----|----|----|----|----|----|----|
e     ***************************************************
Found maxcond = 119
t=17: 0%   10   20   30   40   50   60   70   80   90   100%
      |----|----|----|----|----|----|----|----|----|----|
      ***************************************************
Q14:	|+.+.+... -......+ ....+... +.......|
Q15:	|....--.. .-...+.+ ..+..... 1-...1..|
Q16:	|..-.0... .+.0...- .......1 -..0.-.0|
Q17:	|..-.0^.. .1.1.^.0 ..^.0..1 .^.1...1| ok p=0.536133
Q18:	|..-.1... .1.+...+ ....0..+ ^..+.^.-| ok p=0.633789
Q19:	|..+.+... .+....0+ ....-... ........| ok p=0.69043
Q20:	|.1+...0. ...^..0- ..0...0^ ...^...^| ok p=1
Q21:	|.1+.^.1. .^....-1 ..1.^.1. ...0....| ok p=0.746094
Q22:	|.+1...+. .......^ ..+...-. ...1....| ok p=0.268555
Q23:	|.10..... .0....^. ........ ...+.0..| ok p=1
Q24:	|.0....^. .1...0.. ..^...^. 0....1..| ok p=0.660156
Q25:	|........ .-...1.. ........ ...^.-..| ok p=0.726562
Q26:	|....0... .....-.. .......0 +.......| ok p=1
Q27:	|....1... .^...... .......1 +....^..| ok p=0.972656
Q28:	|....+... .....^.. .......+ -.......| ok p=0.97168
Q29:	|....0... ........ ........ 0.......| ok p=0.973633
Q30:	|....-... ........ .......^ 1.......| ok p=1
Q31:	|....-... ........ ........ ........| ok p=0.967773
Q32:	|........ ........ ........ ........| ok p=1
Q33:	|....!... ........ ........ ........| ok p=1
Q34:	|........ ........ ........ ........| ok p=1
Q35:	|........ ........ ........ ........| ok p=1
Q36:	|........ ........ ........ ........| ok p=1
Q37:	|........ ........ ........ ........| ok p=1
Q38:	|........ ........ ........ ........| ok p=1
Q39:	|........ ........ ........ ........| ok p=1
Q40:	|........ ........ ........ ........| ok p=1
Q41:	|........ ........ ........ ........| ok p=1
Q42:	|........ ........ ........ ........| ok p=1
Q43:	|........ ........ ........ ........| ok p=1
Q44:	|........ ........ ........ ........| ok p=1
Q45:	|........ ........ ........ ........| ok p=1
Q46:	|........ ........ ........ ........| ok p=1
Q47:	|........ ........ ........ ........| ok p=1
Q48:	|........ ........ ........ ........| ok p=1
Q49:	|........ ........ ........ ........| ok p=1
Q50:	|........ ........ ........ ........| ok p=1
Q51:	|........ ........ ........ ........| ok p=1
Q52:	|........ ........ ........ ........| ok p=1
Q53:	|........ ........ ........ ........| ok p=1
Q54:	|........ ........ ........ ........| ok p=1
Q55:	|........ ........ ........ ........| ok p=1
Q56:	|........ ........ ........ ........| ok p=1
Q57:	|........ ........ ........ ........| ok p=1
Q58:	|........ ........ ........ ........| ok p=1
Q59:	|........ ........ ........ ........| ok p=1
Q60:	|........ ........ ........ ..0.....| ok p=1
Q61:	|........ ........ ........ ..0.....| ok p=0.961914
Q62:	|........ ........ ........ ..+.....| ok p=1
Q63:	|........ ........ ........ ..+.....| ok p=0.987305
Q64:	|.....-.. ........ ........ ..+.....|
Saving 500000 paths...done.
Autobalance parameters: maxcond=118
Verified: 92736 bad out of 685246
Estimating maxcond for upper bound 2000000 (=500000 * 4)...
t=16: 0%   10   20   30   40   50   60   70   80   90   100%
      |----|----|----|----|----|----|----|----|----|----|
e     ***************************************************
Found maxcond = 132
t=16: 0%   10   20   30   40   50   60   70   80   90   100%
      |----|----|----|----|----|----|----|----|----|----|
      ***************************************************
Q13:	|..+....- .-....-. ........ .-..+...|
Q14:	|+...11.. -1...1.. ..1..... +1......|
Q15:	|..0.--.. .-...+.0 ..+.+... 0-...-..|
Q16:	|^...1... ^+.0.... ....+..1 -..0.-.0| ok p=0.879883
Q17:	|..-.0^.. .1.1.^.+ ..^.1..1 .^.1.0.1| ok p=0.451172
Q18:	|..-.1... .1.+...+ ....0..+ ^..+.1.-| ok p=0.631836
Q19:	|..+.+... .+....0- ....-... ........| ok p=0.950195
Q20:	|.1+...0. ...^..1- ..0...0^ ...^...^| ok p=1
Q21:	|.1+.^.1. .^....-0 ..1.^.1. ...0....| ok p=0.746094
Q22:	|.+1...+. .......^ ..+...-. ...1....| ok p=0.287109
Q23:	|.10..... .0....^. ........ ...+.0..| ok p=1
Q24:	|.0....^. .1...0.. ..^...^. 0....1..| ok p=0.679688
Q25:	|........ .-...1.. ........ ...^.-..| ok p=0.780273
Q26:	|....0... .....-.. .......0 +.......| ok p=1
Q27:	|....1... .^...... .......1 +....^..| ok p=0.969727
Q28:	|....+... .....^.. .......+ -.......| ok p=0.969727
Q29:	|....0... ........ ........ 0.......| ok p=0.962891
Q30:	|....-... ........ .......^ 1.......| ok p=1
Q31:	|....-... ........ ........ ........| ok p=0.970703
Q32:	|........ ........ ........ ........| ok p=1
Q33:	|....!... ........ ........ ........| ok p=1
Q34:	|........ ........ ........ ........| ok p=1
Q35:	|........ ........ ........ ........| ok p=1
Q36:	|........ ........ ........ ........| ok p=1
Q37:	|........ ........ ........ ........| ok p=1
Q38:	|........ ........ ........ ........| ok p=1
Q39:	|........ ........ ........ ........| ok p=1
Q40:	|........ ........ ........ ........| ok p=1
Q41:	|........ ........ ........ ........| ok p=1
Q42:	|........ ........ ........ ........| ok p=1
Q43:	|........ ........ ........ ........| ok p=1
Q44:	|........ ........ ........ ........| ok p=1
Q45:	|........ ........ ........ ........| ok p=1
Q46:	|........ ........ ........ ........| ok p=1
Q47:	|........ ........ ........ ........| ok p=1
Q48:	|........ ........ ........ ........| ok p=1
Q49:	|........ ........ ........ ........| ok p=1
Q50:	|........ ........ ........ ........| ok p=1
Q51:	|........ ........ ........ ........| ok p=1
Q52:	|........ ........ ........ ........| ok p=1
Q53:	|........ ........ ........ ........| ok p=1
Q54:	|........ ........ ........ ........| ok p=1
Q55:	|........ ........ ........ ........| ok p=1
Q56:	|........ ........ ........ ........| ok p=1
Q57:	|........ ........ ........ ........| ok p=1
Q58:	|........ ........ ........ ........| ok p=1
Q59:	|........ ........ ........ ........| ok p=1
Q60:	|........ ........ ........ ..0.....| ok p=1
Q61:	|........ ........ ........ ..0.....| ok p=0.974609
Q62:	|........ ........ ........ ..+.....| ok p=1
Q63:	|........ ........ ........ ..+.....| ok p=0.986328
Q64:	|.....-.. ........ ........ ..+.....|
Saving 500000 paths...done.
Autobalance parameters: maxcond=131
Verified: 0 bad out of 612499
Runtime: 31.9762
