Connect MD5 differential paths
Copyright (C) 2009 Marc Stevens
http://homepages.cwi.nl/~stevens/

delta_m[11] = [!27!]
Loading workdir0/paths16_0of1.bin.gz...done: 500000.
Loading workdir0/paths11_0of1.bin.gz...done: 500000.
t=12: 0%   10   20   30   40   50   60   70   80   90   100%
      |----|----|----|----|----|----|----|----|----|----|
      *Q-3:	|10011000 11100001 11001011 10110000|
Q-2:	|11-+-0-- 00+-0001 -10+1-+1 +++1+--0|
Q-1:	|00-00+1+ 01+-00-+ +01+010- 11-0+--1|
Q0:	|1011+100 +--1-+-+ ++0--+1- -+00-++1| ok p=0.501953
Q1:	|-.0-10.- 1000+0.. .1-01-.. -1+.+1++| ok p=0.744141
Q2:	|-0.--.^- 1--0+000 0+0100.0 .0-.--.+| ok p=1
Q3:	|01..-.+. .0-+1.0. .11.+0.1 0.101-1.| ok p=1
Q4:	|+0.1..01 .-0+0.-. .-.1+..+ ..01--.0| ok p=1
Q5:	|11..0.0. .-1...0. .1.0+.0+ .1-+-1..| ok p=1
Q6:	|-01...0. .+.1..0. .0.++!0- .11-.0..| ok p=1
Q7:	|100...+. .01..... .1.0+.+1 .+1+0-..| ok p=1
Q8:	|0.....-. .01^!0.. ...-1.-0 .-01.1..| ok p=0.999023
Q9:	|......-. 0.+-.1.. ...0+000 .110.1..| ok p=1
Q10:	|0.11!.10 01+00-0. ...01001 .1011+10| ok p=1
Q11:	|11011101 +0++1+1^ 10.0011. ^0100-10| ok p=1
Q12:	|+1-+10+- ++11-0-- 01^11+-^ +++++0+-| ok p=1
Q13:	|0+1-0--+ 0--++0+1 -+++-10+ 01---0-+| ok p=1
Q14:	|+101+001 -1101011 0100+100 1010101+| ok p=1
Q15:	|1101--01 0-110+00 11+10..0 1-110-1+| ok p=0.87793
Q16:	|1...0... 0+.0.... ....0..1 -..0.-.1| ok p=0.876953
Q17:	|..-.0^.. .1.1.^.+ ..^.0..1 .^.1.0.1| ok p=0.561523
Q18:	|..-.1... .1.+...+ ....0..+ ^..+.1.-| ok p=0.676758
Q19:	|..+.+... .+....0- ....-... ........| ok p=0.930664
Q20:	|.1+...0. ...^..1- ..0...0^ ...^...^| ok p=1
Q21:	|.1+.^.1. .^....-0 ..1.^.1. ...0....| ok p=0.773438
Q22:	|.+1...+. .......0 ..+...-. ...1....| ok p=0.28125
Q23:	|.10..... .0....^. ........ ...+.0..| ok p=1
Q24:	|.0....^. .1...0.. ..^...^. 0....1..| ok p=0.692383
Q25:	|........ .-...1.. ........ ...^.-..| ok p=0.739258
Q26:	|....0... .....-.. .......0 +.......| ok p=1
Q27:	|....1... .^...... .......1 +....^..| ok p=0.970703
Q28:	|....+... .....^.. .......+ -.......| ok p=0.972656
Q29:	|....0... ........ ........ 0.......| ok p=0.963867
Q30:	|....-... ........ .......^ 1.......| ok p=1
Q31:	|....-... ........ ........ ........| ok p=0.96875
Q32:	|........ ........ ........ ........| ok p=1
Q33:	|....!... ........ ........ ........| ok p=1
Q34:	|........ ........ ........ ........| ok p=1
Q35:	|........ ........ ........ ........| ok p=1
Q36:	|........ ........ ........ ........| ok p=1
Q37:	|........ ........ ........ ........| ok p=1
Q38:	|........ ........ ........ ........| ok p=1
Q39:	|........ ........ ........ ........| ok p=1
Q40:	|........ ........ ........ ........| ok p=1
Q41:	|........ ........ ........ ........| ok p=1
Q42:	|........ ........ ........ ........| ok p=1
Q43:	|........ ........ ........ ........| ok p=1
Q44:	|........ ........ ........ ........| ok p=1
Q45:	|........ ........ ........ ........| ok p=1
Q46:	|........ ........ ........ ........| ok p=1
Q47:	|........ ........ ........ ........| ok p=1
Q48:	|........ ........ ........ ........| ok p=1
Q49:	|........ ........ ........ ........| ok p=1
Q50:	|........ ........ ........ ........| ok p=1
Q51:	|........ ........ ........ ........| ok p=1
Q52:	|........ ........ ........ ........| ok p=1
Q53:	|........ ........ ........ ........| ok p=1
Q54:	|........ ........ ........ ........| ok p=1
Q55:	|........ ........ ........ ........| ok p=1
Q56:	|........ ........ ........ ........| ok p=1
Q57:	|........ ........ ........ ........| ok p=1
Q58:	|........ ........ ........ ........| ok p=1
Q59:	|........ ........ ........ ........| ok p=1
Q60:	|........ ........ ........ ..0.....| ok p=1
Q61:	|........ ........ ........ ..0.....| ok p=0.967773
Q62:	|........ ........ ........ ..+.....| ok p=1
Q63:	|........ ........ ........ ..+.....| ok p=0.981445
Q64:	|.....-.. ........ ........ ..+.....|
Best path: totcompl=-31 tottunnel=29, totcond=592, p=0.00827766
Q-3:	|10011000 11100001 11001011 10110000|
Q-2:	|11-+-0-- 00+-0001 -10+1-+1 +++1+--0|
Q-1:	|00-00+1+ 01+-00-+ +01+010- 11-0+--1|
Q0:	|1011+100 +--1-+-+ ++0--+1- -+00-++1| ok p=0.501953
Q1:	|-.0-10.- 1000+0.. .1-01-.. -1+.+1++| ok p=0.756836
Q2:	|-0.--.^- 1--0+000 0+0100.0 .0-.--.+| ok p=1
Q3:	|01..-.+. .0-+1.0. .11.+0.1 0.101-1.| ok p=1
Q4:	|+0.1..01 .-0+0.-. .-.1+..+ ..01--.0| ok p=1
Q5:	|11..0.0. .-1...0. .1.0+.0+ .1-+-1..| ok p=1
Q6:	|-01...0. .+.1..0. .0.++!0- .11-.0..| ok p=1
Q7:	|100...+. .00..... !..0+.+1 .+1+0-..| ok p=1
Q8:	|0.....-. .01^.0.. ...-0.-0 .-01.1..| ok p=1
Q9:	|1.....-. .01+.1.. ...0+00. .110.1..| ok p=1
Q10:	|0.11.01. 0--00-01 ..00110. .1000+10| ok p=1
Q11:	|1101110. 10++1+10 1000111. ^0100-10| ok p=1
Q12:	|+1-+1+-^ --01-0-- 01-++-+^ +++++0-+| ok p=1
Q13:	|0+1-0-0- 0--++0+1 -++1+10+ 01---1+-| ok p=1
Q14:	|+101+010 -1101011 1100+000 1010110+| ok p=1
Q15:	|1101--.0 1-110+00 11+....0 1-110-01| ok p=0.902344
Q16:	|1...0... 1+.0.... ....^..1 -..0.-.0| ok p=0.866211
Q17:	|..-.0^.. .1.1.^.+ ..^.0..1 .^.1.0.1| ok p=0.567383
Q18:	|..-.1... .1.+...+ ....0..+ ^..+.1.-| ok p=0.652344
Q19:	|..+.+... .+....0- ....-... ........| ok p=0.943359
Q20:	|.1+...0. ...^..1- ..0...0^ ...^...^| ok p=1
Q21:	|.1+.^.1. .^....-0 ..1.^.1. ...0....| ok p=0.75293
Q22:	|.+1...+. .......0 ..+...-. ...1....| ok p=0.245117
Q23:	|.10..... .0....^. ........ ...+.0..| ok p=1
Q24:	|.0....^. .1...0.. ..^...^. 0....1..| ok p=0.703125
Q25:	|........ .-...1.. ........ ...^.-..| ok p=0.755859
Q26:	|....0... .....-.. .......0 +.......| ok p=1
Q27:	|....1... .^...... .......1 +....^..| ok p=0.960938
Q28:	|....+... .....^.. .......+ -.......| ok p=0.97168
Q29:	|....0... ........ ........ 0.......| ok p=0.973633
Q30:	|....-... ........ .......^ 1.......| ok p=1
Q31:	|....-... ........ ........ ........| ok p=0.961914
Q32:	|........ ........ ........ ........| ok p=1
Q33:	|....!... ........ ........ ........| ok p=1
Q34:	|........ ........ ........ ........| ok p=1
Q35:	|........ ........ ........ ........| ok p=1
Q36:	|........ ........ ........ ........| ok p=1
Q37:	|........ ........ ........ ........| ok p=1
Q38:	|........ ........ ........ ........| ok p=1
Q39:	|........ ........ ........ ........| ok p=1
Q40:	|........ ........ ........ ........| ok p=1
Q41:	|........ ........ ........ ........| ok p=1
Q42:	|........ ........ ........ ........| ok p=1
Q43:	|........ ........ ........ ........| ok p=1
Q44:	|........ ........ ........ ........| ok p=1
Q45:	|........ ........ ........ ........| ok p=1
Q46:	|........ ........ ........ ........| ok p=1
Q47:	|........ ........ ........ ........| ok p=1
Q48:	|........ ........ ........ ........| ok p=1
Q49:	|........ ........ ........ ........| ok p=1
Q50:	|........ ........ ........ ........| ok p=1
Q51:	|........ ........ ........ ........| ok p=1
Q52:	|........ ........ ........ ........| ok p=1
Q53:	|........ ........ ........ ........| ok p=1
Q54:	|........ ........ ........ ........| ok p=1
Q55:	|........ ........ ........ ........| ok p=1
Q56:	|........ ........ ........ ........| ok p=1
Q57:	|........ ........ ........ ........| ok p=1
Q58:	|........ ........ ........ ........| ok p=1
Q59:	|........ ........ ........ ........| ok p=1
Q60:	|........ ........ ........ ..0.....| ok p=1
Q61:	|........ ........ ........ ..0.....| ok p=0.959961
Q62:	|........ ........ ........ ..+.....| ok p=1
Q63:	|........ ........ ........ ..+.....| ok p=0.988281
Q64:	|.....-.. ........ ........ ..+.....|
Best path: totcompl=-31 tottunnel=29, totcond=588, p=0.0086321
Q-3:	|10011000 11100001 11001011 10110000|
Q-2:	|11-+-0-- 00+-0001 -10+1-+1 +++1+--0|
Q-1:	|00-00+1+ 01+-00-+ +01+010- 11-0+--1|
Q0:	|1011+100 +--1-+-+ ++0--+1- -+00-++1| ok p=0.464844
Q1:	|-.0-10.- 1000+0.. .1-01-.. -1+.+1++| ok p=0.755859
Q2:	|-0.--.^- 1--0+000 0+0100.0 .0-.--.+| ok p=1
Q3:	|01..-.+. .0-+1.0. .11.+0.1 0.101-1.| ok p=1
Q4:	|+0.1..01 .-0+0.-. .-.1+..+ ..01--.0| ok p=1
Q5:	|11..0.0. .-1...0. .1.0+.0+ .1-+-1..| ok p=1
Q6:	|-01...0. .+.1..0. .0.++!0- .11-.0..| ok p=1
Q7:	|100...+. .0...... .1.0+.+1 .+1+0-..| ok p=0.995117
Q8:	|0.1...-. .01^.0.. ...-0.-0 .-01.1..| ok p=1
Q9:	|..0...-. .01+.1.. ...0+00. .110.1..| ok p=1
Q10:	|0.11.01. 0--00-01 ..00110. .1000+10| ok p=1
Q11:	|1101110. 10++1+10 1000111. ^0100-10| ok p=1
Q12:	|+1-+1+-^ --01-0-- 01-++-+^ +++++0-+| ok p=1
Q13:	|0+1-0-0- 0--++0+1 -++1+1+- 01---1+-| ok p=1
Q14:	|+101+010 -1101011 1100+0.0 1010110+| ok p=1
Q15:	|1101--.0 1-110+00 11+...00 1-110-01| ok p=0.897461
Q16:	|1...0... 1+.0.... ....^..1 -..0.-.0| ok p=0.866211
Q17:	|..-.0^.. .1.1.^.+ ..^.0..1 .^.1.0.1| ok p=0.5625
Q18:	|..-.1... .1.+...+ ....0..+ ^..+.1.-| ok p=0.649414
Q19:	|..+.+... .+....0- ....-... ........| ok p=0.933594
Q20:	|.1+...0. ...^..1- ..0...0^ ...^...^| ok p=1
Q21:	|.1+.^.1. .^....-0 ..1.^.1. ...0....| ok p=0.748047
Q22:	|.+1...+. .......0 ..+...-. ...1....| ok p=0.260742
Q23:	|.10..... .0....^. ........ ...+.0..| ok p=1
Q24:	|.0....^. .1...0.. ..^...^. 0....1..| ok p=0.6875
Q25:	|........ .-...1.. ........ ...^.-..| ok p=0.759766
Q26:	|....0... .....-.. .......0 +.......| ok p=1
Q27:	|....1... .^...... .......1 +....^..| ok p=0.969727
Q28:	|....+... .....^.. .......+ -.......| ok p=0.961914
Q29:	|....0... ........ ........ 0.......| ok p=0.972656
Q30:	|....-... ........ .......^ 1.......| ok p=1
Q31:	|....-... ........ ........ ........| ok p=0.966797
Q32:	|........ ........ ........ ........| ok p=1
Q33:	|....!... ........ ........ ........| ok p=1
Q34:	|........ ........ ........ ........| ok p=1
Q35:	|........ ........ ........ ........| ok p=1
Q36:	|........ ........ ........ ........| ok p=1
Q37:	|........ ........ ........ ........| ok p=1
Q38:	|........ ........ ........ ........| ok p=1
Q39:	|........ ........ ........ ........| ok p=1
Q40:	|........ ........ ........ ........| ok p=1
Q41:	|........ ........ ........ ........| ok p=1
Q42:	|........ ........ ........ ........| ok p=1
Q43:	|........ ........ ........ ........| ok p=1
Q44:	|........ ........ ........ ........| ok p=1
Q45:	|........ ........ ........ ........| ok p=1
Q46:	|........ ........ ........ ........| ok p=1
Q47:	|........ ........ ........ ........| ok p=1
Q48:	|........ ........ ........ ........| ok p=1
Q49:	|........ ........ ........ ........| ok p=1
Q50:	|........ ........ ........ ........| ok p=1
Q51:	|........ ........ ........ ........| ok p=1
Q52:	|........ ........ ........ ........| ok p=1
Q53:	|........ ........ ........ ........| ok p=1
Q54:	|........ ........ ........ ........| ok p=1
Q55:	|........ ........ ........ ........| ok p=1
Q56:	|........ ........ ........ ........| ok p=1
Q57:	|........ ........ ........ ........| ok p=1
Q58:	|........ ........ ........ ........| ok p=1
Q59:	|........ ........ ........ ........| ok p=1
Q60:	|........ ........ ........ ..0.....| ok p=1
Q61:	|........ ........ ........ ..0.....| ok p=0.981445
Q62:	|........ ........ ........ ..+.....| ok p=1
Q63:	|........ ........ ........ ..+.....| ok p=0.987305
Q64:	|.....-.. ........ ........ ..+.....|
Best path: totcompl=-29 tottunnel=31, totcond=588, p=0.00885697
Best paths: 2
Best paths: 4
Q-3:	|10011000 11100001 11001011 10110000|
Q-2:	|11-+-0-- 00+-0001 -10+1-+1 +++1+--0|
Q-1:	|00-00+1+ 01+-00-+ +01+010- 11-0+--1|
Q0:	|1011+100 +--1-+-+ ++0--+1- -+00-++1| ok p=0.510742
Q1:	|-.0-10.- 1000+0.. .1-01-.. -1+.+1++| ok p=0.759766
Q2:	|-0.--.^- 1--0+000 0+0100.0 .0-.--.+| ok p=1
Q3:	|01..-.+. .0-+1.0. .11.+0.1 0.101-1.| ok p=1
Q4:	|+0.1..01 .-0+0.-. .-.1+..+ ..01--.0| ok p=1
Q5:	|11..0.0. .-1...0. .1.0+.0+ .1-+-1..| ok p=1
Q6:	|-01...0. .+.1..0. .0.++!0- .11-.0..| ok p=1
Q7:	|100...+. .00..... ..!0+.+1 .+1+0-..| ok p=1
Q8:	|0.....-. .01^.0.. ...-0.-0 .-01.1..| ok p=1
Q9:	|1.....-. .01+.1.. ...0+00. .110.1..| ok p=1
Q10:	|0.11.01. 0--00-01 ...0110. .1000+10| ok p=1
Q11:	|1101110. 10++1+10 1000111. ^0100-10| ok p=1
Q12:	|+1-+1+-^ --01-0-- 011-+-+^ +++++0-+| ok p=1
Q13:	|0+1-0-0- 0--++0+1 -++1+1+- 01---1+-| ok p=1
Q14:	|+101+010 -1101011 1100+0.0 1010110+| ok p=1
Q15:	|1101--.0 1-110+00 11+...00 1-110-01| ok p=0.887695
Q16:	|1...0... 1+.0.... ....^..1 -..0.-.0| ok p=0.87207
Q17:	|..-.0^.. .1.1.^.+ ..^.0..1 .^.1.0.1| ok p=0.566406
Q18:	|..-.1... .1.+...+ ....0..+ ^..+.1.-| ok p=0.655273
Q19:	|..+.+... .+....0- ....-... ........| ok p=0.931641
Q20:	|.1+...0. ...^..1- ..0...0^ ...^...^| ok p=1
Q21:	|.1+.^.1. .^....-0 ..1.^.1. ...0....| ok p=0.751953
Q22:	|.+1...+. .......0 ..+...-. ...1....| ok p=0.25293
Q23:	|.10..... .0....^. ........ ...+.0..| ok p=1
Q24:	|.0....^. .1...0.. ..^...^. 0....1..| ok p=0.694336
Q25:	|........ .-...1.. ........ ...^.-..| ok p=0.749023
Q26:	|....0... .....-.. .......0 +.......| ok p=1
Q27:	|....1... .^...... .......1 +....^..| ok p=0.980469
Q28:	|....+... .....^.. .......+ -.......| ok p=0.96582
Q29:	|....0... ........ ........ 0.......| ok p=0.96875
Q30:	|....-... ........ .......^ 1.......| ok p=1
Q31:	|....-... ........ ........ ........| ok p=0.972656
Q32:	|........ ........ ........ ........| ok p=1
Q33:	|....!... ........ ........ ........| ok p=1
Q34:	|........ ........ ........ ........| ok p=1
Q35:	|........ ........ ........ ........| ok p=1
Q36:	|........ ........ ........ ........| ok p=1
Q37:	|........ ........ ........ ........| ok p=1
Q38:	|........ ........ ........ ........| ok p=1
Q39:	|........ ........ ........ ........| ok p=1
Q40:	|........ ........ ........ ........| ok p=1
Q41:	|........ ........ ........ ........| ok p=1
Q42:	|........ ........ ........ ........| ok p=1
Q43:	|........ ........ ........ ........| ok p=1
Q44:	|........ ........ ........ ........| ok p=1
Q45:	|........ ........ ........ ........| ok p=1
Q46:	|........ ........ ........ ........| ok p=1
Q47:	|........ ........ ........ ........| ok p=1
Q48:	|........ ........ ........ ........| ok p=1
Q49:	|........ ........ ........ ........| ok p=1
Q50:	|........ ........ ........ ........| ok p=1
Q51:	|........ ........ ........ ........| ok p=1
Q52:	|........ ........ ........ ........| ok p=1
Q53:	|........ ........ ........ ........| ok p=1
Q54:	|........ ........ ........ ........| ok p=1
Q55:	|........ ........ ........ ........| ok p=1
Q56:	|........ ........ ........ ........| ok p=1
Q57:	|........ ........ ........ ........| ok p=1
Q58:	|........ ........ ........ ........| ok p=1
Q59:	|........ ........ ........ ........| ok p=1
Q60:	|........ ........ ........ ..0.....| ok p=1
Q61:	|........ ........ ........ ..0.....| ok p=0.973633
Q62:	|........ ........ ........ ..+.....| ok p=1
Q63:	|........ ........ ........ ..+.....| ok p=0.991211
Q64:	|.....-.. ........ ........ ..+.....|
Best path: totcompl=-29 tottunnel=31, totcond=587, p=0.0083111
Q-3:	|10011000 11100001 11001011 10110000|
Q-2:	|11-+-0-- 00+-0001 -10+1-+1 +++1+--0|
Q-1:	|00-00+1+ 01+-00-+ +01+010- 11-0+--1|
Q0:	|1011+100 +--1-+-+ ++0--+1- -+00-++1| ok p=0.492188
Q1:	|-.0-10.- 1000+0.. .1-01-.. -1+.+1++| ok p=0.755859
Q2:	|-0.--.^- 1--0+000 0+0100.0 .0-.--.+| ok p=1
Q3:	|01..-.+. .0-+1.0. .11.+0.1 0.101-1.| ok p=1
Q4:	|+0.1..01 .-0+0.-. .-.1+..+ ..01--.0| ok p=1
Q5:	|11..0.0. .-1...0. .1.0+.0+ .1-+-1..| ok p=1
Q6:	|-01...0. .+.1..0. .0.++!0- .11-.0..| ok p=1
Q7:	|100...+. .0...... !..0+.+1 .+1+1-..| ok p=1
Q8:	|1..!..0. .0.^!... ...-1.-0 .-.1.0..| ok p=1
Q9:	|..11..1. ..1+.... ...0+1+. .-10.1..| ok p=1
Q10:	|.001^1+. .1111101 .10100+. .-101+0.| ok p=1
Q11:	|010++0-0 ^0+00011 001+-1+1 10-11+1.| ok p=1
Q12:	|1-++1++1 +--0+--+ 1---0-+0 0-++--+.| ok p=1
Q13:	|11++1--+ 1+-+++++ -1-+1--- -+00+11.| ok p=1
Q14:	|+01.0000 -0.+.11. 1001+.11 1011000.| ok p=1
Q15:	|1000--10 0-100+10 0.+01001 1-..0-..| ok p=0.711914
Q16:	|1...1... 0+.-.... ....1..1 -..0.-.0| ok p=0.862305
Q17:	|..-.0^.. .1.0.^.+ ..^.0..1 .^.1.0.1| ok p=0.461914
Q18:	|..-.1... .1.+...+ ....0..+ ^..+.1.-| ok p=0.638672
Q19:	|..+.+... .+....0- ....-... ........| ok p=0.938477
Q20:	|.1+...0. ...^..1- ..0...0^ ...^...^| ok p=1
Q21:	|.1+.^.1. .^....-0 ..1.^.1. ...0....| ok p=0.757812
Q22:	|.+1...+. .......0 ..+...-. ...1....| ok p=0.266602
Q23:	|.10..... .0....^. ........ ...+.0..| ok p=1
Q24:	|.0....^. .1...0.. ..^...^. 0....1..| ok p=0.705078
Q25:	|........ .-...1.. ........ ...^.-..| ok p=0.737305
Q26:	|....0... .....-.. .......0 +.......| ok p=1
Q27:	|....1... .^...... .......1 +....^..| ok p=0.975586
Q28:	|....+... .....^.. .......+ -.......| ok p=0.967773
Q29:	|....0... ........ ........ 0.......| ok p=0.973633
Q30:	|....-... ........ .......^ 1.......| ok p=1
Q31:	|....-... ........ ........ ........| ok p=0.976562
Q32:	|........ ........ ........ ........| ok p=1
Q33:	|....!... ........ ........ ........| ok p=1
Q34:	|........ ........ ........ ........| ok p=1
Q35:	|........ ........ ........ ........| ok p=1
Q36:	|........ ........ ........ ........| ok p=1
Q37:	|........ ........ ........ ........| ok p=1
Q38:	|........ ........ ........ ........| ok p=1
Q39:	|........ ........ ........ ........| ok p=1
Q40:	|........ ........ ........ ........| ok p=1
Q41:	|........ ........ ........ ........| ok p=1
Q42:	|........ ........ ........ ........| ok p=1
Q43:	|........ ........ ........ ........| ok p=1
Q44:	|........ ........ ........ ........| ok p=1
Q45:	|........ ........ ........ ........| ok p=1
Q46:	|........ ........ ........ ........| ok p=1
Q47:	|........ ........ ........ ........| ok p=1
Q48:	|........ ........ ........ ........| ok p=1
Q49:	|........ ........ ........ ........| ok p=1
Q50:	|........ ........ ........ ........| ok p=1
Q51:	|........ ........ ........ ........| ok p=1
Q52:	|........ ........ ........ ........| ok p=1
Q53:	|........ ........ ........ ........| ok p=1
Q54:	|........ ........ ........ ........| ok p=1
Q55:	|........ ........ ........ ........| ok p=1
Q56:	|........ ........ ........ ........| ok p=1
Q57:	|........ ........ ........ ........| ok p=1
Q58:	|........ ........ ........ ........| ok p=1
Q59:	|........ ........ ........ ........| ok p=1
Q60:	|........ ........ ........ ..0.....| ok p=1
Q61:	|........ ........ ........ ..0.....| ok p=0.973633
Q62:	|........ ........ ........ ..+.....| ok p=1
Q63:	|........ ........ ........ ..+.....| ok p=0.984375
Q64:	|.....-.. ........ ........ ..+.....|
Best path: totcompl=-29 tottunnel=31, totcond=578, p=0.00523404
Q-3:	|10011000 11100001 11001011 10110000|
Q-2:	|11-+-0-- 00+-0001 -10+1-+1 +++1+--0|
Q-1:	|00-00+1+ 01+-00-+ +01+010- 11-0+--1|
Q0:	|1011+100 +--1-+-+ ++0--+1- -+00-++1| ok p=0.494141
Q1:	|-.0-10.- 1000+0.. .1-01-.. -1+.+1++| ok p=0.753906
Q2:	|-0.--.^- 1--0+000 0+0100.0 .0-.--.+| ok p=1
Q3:	|01..-.+. .0-+1.0. .11.+0.1 0.101-1.| ok p=1
Q4:	|+0.1..01 .-0+0.-. .-.1+..+ ..01--.0| ok p=1
Q5:	|11..0.0. .-1...0. .1.0+.0+ .1-+-1..| ok p=1
Q6:	|-01...0. .+.1..0. .0.++!0- .11-.0..| ok p=1
Q7:	|100...+. .0...... ..!0+.+1 .+1+1-..| ok p=1
Q8:	|1..!..0. .0!^.... ...-1.-0 .-.1.0..| ok p=1
Q9:	|...1..1. ..1+.... ...0+1+. .-10.1..| ok p=1
Q10:	|!011^1+. .1111101 .10100+. .-101+0.| ok p=1
Q11:	|.11++0-0 ^0+00011 001+-1+1 10-11+1.| ok p=1
Q12:	|0-++1++1 +--0+--+ 1---0-+0 0-++--+.| ok p=1
Q13:	|1+-+1--+ 1+-+++++ -1-+1--- -+00+11.| ok p=1
Q14:	|+10.0000 -0.+.11. 1001+.11 1011000.| ok p=1
Q15:	|1000--10 0-100+10 0.+01001 1-..0-..| ok p=0.683594
Q16:	|1...1... 0+.-.... ....1..1 -..0.-.0| ok p=0.868164
Q17:	|..-.0^.. .1.0.^.+ ..^.0..1 .^.1.0.1| ok p=0.425781
Q18:	|..-.1... .1.+...+ ....0..+ ^..+.1.-| ok p=0.633789
Q19:	|..+.+... .+....0- ....-... ........| ok p=0.938477
Q20:	|.1+...0. ...^..1- ..0...0^ ...^...^| ok p=1
Q21:	|.1+.^.1. .^....-0 ..1.^.1. ...0....| ok p=0.772461
Q22:	|.+1...+. .......0 ..+...-. ...1....| ok p=0.282227
Q23:	|.10..... .0....^. ........ ...+.0..| ok p=1
Q24:	|.0....^. .1...0.. ..^...^. 0....1..| ok p=0.708984
Q25:	|........ .-...1.. ........ ...^.-..| ok p=0.754883
Q26:	|....0... .....-.. .......0 +.......| ok p=1
Q27:	|....1... .^...... .......1 +....^..| ok p=0.967773
Q28:	|....+... .....^.. .......+ -.......| ok p=0.970703
Q29:	|....0... ........ ........ 0.......| ok p=0.973633
Q30:	|....-... ........ .......^ 1.......| ok p=1
Q31:	|....-... ........ ........ ........| ok p=0.962891
Q32:	|........ ........ ........ ........| ok p=1
Q33:	|....!... ........ ........ ........| ok p=1
Q34:	|........ ........ ........ ........| ok p=1
Q35:	|........ ........ ........ ........| ok p=1
Q36:	|........ ........ ........ ........| ok p=1
Q37:	|........ ........ ........ ........| ok p=1
Q38:	|........ ........ ........ ........| ok p=1
Q39:	|........ ........ ........ ........| ok p=1
Q40:	|........ ........ ........ ........| ok p=1
Q41:	|........ ........ ........ ........| ok p=1
Q42:	|........ ........ ........ ........| ok p=1
Q43:	|........ ........ ........ ........| ok p=1
Q44:	|........ ........ ........ ........| ok p=1
Q45:	|........ ........ ........ ........| ok p=1
Q46:	|........ ........ ........ ........| ok p=1
Q47:	|........ ........ ........ ........| ok p=1
Q48:	|........ ........ ........ ........| ok p=1
Q49:	|........ ........ ........ ........| ok p=1
Q50:	|........ ........ ........ ........| ok p=1
Q51:	|........ ........ ........ ........| ok p=1
Q52:	|........ ........ ........ ........| ok p=1
Q53:	|........ ........ ........ ........| ok p=1
Q54:	|........ ........ ........ ........| ok p=1
Q55:	|........ ........ ........ ........| ok p=1
Q56:	|........ ........ ........ ........| ok p=1
Q57:	|........ ........ ........ ........| ok p=1
Q58:	|........ ........ ........ ........| ok p=1
Q59:	|........ ........ ........ ........| ok p=1
Q60:	|........ ........ ........ ..0.....| ok p=1
Q61:	|........ ........ ........ ..0.....| ok p=0.966797
Q62:	|........ ........ ........ ..+.....| ok p=1
Q63:	|........ ........ ........ ..+.....| ok p=0.983398
Q64:	|.....-.. ........ ........ ..+.....|
Best path: totcompl=-29 tottunnel=31, totcond=577, p=0.00586977
Q-3:	|10011000 11100001 11001011 10110000|
Q-2:	|11-+-0-- 00+-0001 -10+1-+1 +++1+--0|
Q-1:	|00-00+1+ 01+-00-+ +01+010- 11-0+--1|
Q0:	|1011+100 +--1-+-+ ++0--+1- -+00-++1| ok p=0.50293
Q1:	|-.0-10.- 1000+0.. .1-01-.. -1+.+1++| ok p=0.760742
Q2:	|-0.--.^- 1--0+000 0+0100.0 .0-.--.+| ok p=1
Q3:	|01..-.+. .0-+1.0. .11.+0.1 0.101-1.| ok p=1
Q4:	|+0.1..01 .-0+0.-. .-.1+..+ ..01--.0| ok p=1
Q5:	|11..0.0. .-1...0. .1.0+.0+ .1-+-1..| ok p=1
Q6:	|-01...0. .+.1..0. .0.++!0- .11-.0..| ok p=1
Q7:	|100...+. .0...... ..!0+.+1 .+1+0-..| ok p=1
Q8:	|1.1...-1 .0.^!... ...-1.-0 .-.0.0..| ok p=1
Q9:	|......-0 ..0+.... ...-+0+. .-10.1..| ok p=1
Q10:	|.!0.11-+ 10011.1. .0.-11+. .-010+1.| ok p=1
Q11:	|.11000++ 00+01^1^ .10-0101 .1-11+0.| ok p=1
Q12:	|!1-1++1- +--+---- .+11--10 ^-1++++.| ok p=1
Q13:	|^+0--+-+ 1+-++0+1 .-++-+-- -++--11.| ok p=1
Q14:	|+0100010 -0..1+11 .001+101 1001001.| ok p=1
Q15:	|0101--11 0-100+00 .1+00011 1-0-1-..| ok p=0.847656
Q16:	|0...1... 0+.0.1.. ....0..1 -..1.-.0| ok p=0.52832
Q17:	|..-.0^.. .1.1.0.+ ..^.0..1 .^.1.0.1| ok p=0.446289
Q18:	|..-.1... .1.+...+ ....0..+ ^..+.1.-| ok p=0.669922
Q19:	|..+.+... .+....0- ....-... ........| ok p=0.9375
Q20:	|.1+...0. ...^..1- ..0...0^ ...^...^| ok p=1
Q21:	|.1+.^.1. .^....-0 ..1.^.1. ...0....| ok p=0.746094
Q22:	|.+1...+. .......0 ..+...-. ...1....| ok p=0.250977
Q23:	|.10..... .0....^. ........ ...+.0..| ok p=1
Q24:	|.0....^. .1...0.. ..^...^. 0....1..| ok p=0.679688
Q25:	|........ .-...1.. ........ ...^.-..| ok p=0.749023
Q26:	|....0... .....-.. .......0 +.......| ok p=1
Q27:	|....1... .^...... .......1 +....^..| ok p=0.973633
Q28:	|....+... .....^.. .......+ -.......| ok p=0.983398
Q29:	|....0... ........ ........ 0.......| ok p=0.966797
Q30:	|....-... ........ .......^ 1.......| ok p=1
Q31:	|....-... ........ ........ ........| ok p=0.974609
Q32:	|........ ........ ........ ........| ok p=1
Q33:	|....!... ........ ........ ........| ok p=1
Q34:	|........ ........ ........ ........| ok p=1
Q35:	|........ ........ ........ ........| ok p=1
Q36:	|........ ........ ........ ........| ok p=1
Q37:	|........ ........ ........ ........| ok p=1
Q38:	|........ ........ ........ ........| ok p=1
Q39:	|........ ........ ........ ........| ok p=1
Q40:	|........ ........ ........ ........| ok p=1
Q41:	|........ ........ ........ ........| ok p=1
Q42:	|........ ........ ........ ........| ok p=1
Q43:	|........ ........ ........ ........| ok p=1
Q44:	|........ ........ ........ ........| ok p=1
Q45:	|........ ........ ........ ........| ok p=1
Q46:	|........ ........ ........ ........| ok p=1
Q47:	|........ ........ ........ ........| ok p=1
Q48:	|........ ........ ........ ........| ok p=1
Q49:	|........ ........ ........ ........| ok p=1
Q50:	|........ ........ ........ ........| ok p=1
Q51:	|........ ........ ........ ........| ok p=1
Q52:	|........ ........ ........ ........| ok p=1
Q53:	|........ ........ ........ ........| ok p=1
Q54:	|........ ........ ........ ........| ok p=1
Q55:	|........ ........ ........ ........| ok p=1
Q56:	|........ ........ ........ ........| ok p=1
Q57:	|........ ........ ........ ........| ok p=1
Q58:	|........ ........ ........ ........| ok p=1
Q59:	|........ ........ ........ ........| ok p=1
Q60:	|........ ........ ........ ..0.....| ok p=1
Q61:	|........ ........ ........ ..0.....| ok p=0.97168
Q62:	|........ ........ ........ ..+.....| ok p=1
Q63:	|........ ........ ........ ..+.....| ok p=0.987305
Q64:	|.....-.. ........ ........ ..+.....|
Best path: totcompl=-28 tottunnel=32, totcond=576, p=0.00348573
Best paths: 2
Q-3:	|10011000 11100001 11001011 10110000|
Q-2:	|11-+-0-- 00+-0001 -10+1-+1 +++1+--0|
Q-1:	|00-00+1+ 01+-00-+ +01+010- 11-0+--1|
Q0:	|1011+100 +--1-+-+ ++0--+1- -+00-++1| ok p=0.494141
Q1:	|-.0-10.- 1000+0.. .1-01-.. -1+.+1++| ok p=0.759766
Q2:	|-0.--.^- 1--0+000 0+0100.0 .0-.--.+| ok p=1
Q3:	|01..-.+. .0-+1.0. .11.+0.1 0.101-1.| ok p=1
Q4:	|+0.1..01 .-0+0.-. .-.1+..+ ..01--.0| ok p=1
Q5:	|11..0.0. .-1...0. .1.0+.0+ .1-+-1..| ok p=1
Q6:	|-01...0. .+.1..0. .0.++!0- .11-.0..| ok p=1
Q7:	|100...+. .0...... .1.0+.+1 .+1+0-..| ok p=1
Q8:	|11....-0 .0!^.... ...-1.-0 .-.0.0..| ok p=1
Q9:	|......-1 ..0+.... ...-+0+. .-10.1..| ok p=1
Q10:	|!...111- 00011.1. .0.-11+. .-001+1.| ok p=1
Q11:	|.1^000++ 10+01^1^ .10-0101 .1-10+0.| ok p=1
Q12:	|!1-1++-+ +--+---- .+11--10 ^-+-+++.| ok p=1
Q13:	|^+0--+1- 1+-++0+1 .-++-+-- -+1++11.| ok p=1
Q14:	|+0100001 -0..1+11 .001+101 1010.01.| ok p=1
Q15:	|0101--.1 0-100+00 .1+00011 1-.-1-..| ok p=0.860352
Q16:	|0...1... 0+.0.1.. ....0..1 -..1.-.0| ok p=0.53418
Q17:	|..-.0^.. .1.1.0.+ ..^.0..1 .^.1.0.1| ok p=0.426758
Q18:	|..-.1... .1.+...+ ....0..+ ^..+.1.-| ok p=0.640625
Q19:	|..+.+... .+....0- ....-... ........| ok p=0.929688
Q20:	|.1+...0. ...^..1- ..0...0^ ...^...^| ok p=1
Q21:	|.1+.^.1. .^....-0 ..1.^.1. ...0....| ok p=0.726562
Q22:	|.+1...+. .......0 ..+...-. ...1....| ok p=0.277344
Q23:	|.10..... .0....^. ........ ...+.0..| ok p=1
Q24:	|.0....^. .1...0.. ..^...^. 0....1..| ok p=0.697266
Q25:	|........ .-...1.. ........ ...^.-..| ok p=0.730469
Q26:	|....0... .....-.. .......0 +.......| ok p=1
Q27:	|....1... .^...... .......1 +....^..| ok p=0.969727
Q28:	|....+... .....^.. .......+ -.......| ok p=0.96582
Q29:	|....0... ........ ........ 0.......| ok p=0.959961
Q30:	|....-... ........ .......^ 1.......| ok p=1
Q31:	|....-... ........ ........ ........| ok p=0.966797
Q32:	|........ ........ ........ ........| ok p=1
Q33:	|....!... ........ ........ ........| ok p=1
Q34:	|........ ........ ........ ........| ok p=1
Q35:	|........ ........ ........ ........| ok p=1
Q36:	|........ ........ ........ ........| ok p=1
Q37:	|........ ........ ........ ........| ok p=1
Q38:	|........ ........ ........ ........| ok p=1
Q39:	|........ ........ ........ ........| ok p=1
Q40:	|........ ........ ........ ........| ok p=1
Q41:	|........ ........ ........ ........| ok p=1
Q42:	|........ ........ ........ ........| ok p=1
Q43:	|........ ........ ........ ........| ok p=1
Q44:	|........ ........ ........ ........| ok p=1
Q45:	|........ ........ ........ ........| ok p=1
Q46:	|........ ........ ........ ........| ok p=1
Q47:	|........ ........ ........ ........| ok p=1
Q48:	|........ ........ ........ ........| ok p=1
Q49:	|........ ........ ........ ........| ok p=1
Q50:	|........ ........ ........ ........| ok p=1
Q51:	|........ ........ ........ ........| ok p=1
Q52:	|........ ........ ........ ........| ok p=1
Q53:	|........ ........ ........ ........| ok p=1
Q54:	|........ ........ ........ ........| ok p=1
Q55:	|........ ........ ........ ........| ok p=1
Q56:	|........ ........ ........ ........| ok p=1
Q57:	|........ ........ ........ ........| ok p=1
Q58:	|........ ........ ........ ........| ok p=1
Q59:	|........ ........ ........ ........| ok p=1
Q60:	|........ ........ ........ ..0.....| ok p=1
Q61:	|........ ........ ........ ..0.....| ok p=0.972656
Q62:	|........ ........ ........ ..+.....| ok p=1
Q63:	|........ ........ ........ ..+.....| ok p=0.982422
Q64:	|.....-.. ........ ........ ..+.....|
Best path: totcompl=-28 tottunnel=32, totcond=572, p=0.00359045
Q-3:	|10011000 11100001 11001011 10110000|
Q-2:	|11-+-0-- 00+-0001 -10+1-+1 +++1+--0|
Q-1:	|00-00+1+ 01+-00-+ +01+010- 11-0+--1|
Q0:	|1011+100 +--1-+-+ ++0--+1- -+00-++1| ok p=0.494141
Q1:	|-.0-10.- 1000+0.. .1-01-.. -1+.+1++| ok p=0.746094
Q2:	|-0.--.^- 1--0+000 0+0100.0 .0-.--.+| ok p=1
Q3:	|01..-.+. .0-+1.0. .11.+0.1 0.101-1.| ok p=1
Q4:	|+0.1..01 .-0+0.-. .-.1+..+ ..01--.0| ok p=1
Q5:	|11..0.0. .-1...0. .1.0+.0+ .1-+-1..| ok p=1
Q6:	|-01...0. .+.1..0. .0.++!0- .11-.0..| ok p=1
Q7:	|100...+. .0...... .1.0+.+1 .+1+0-..| ok p=1
Q8:	|11....-0 .0.^!... ...-1.-0 .-.0.0..| ok p=1
Q9:	|......-1 ..0+.... ...-+0+. .-10.1..| ok p=1
Q10:	|.!00.11- 00011.1. .0.-11+. .-001+1.| ok p=1
Q11:	|.011.0++ 10+01^1^ .10-0101 .1-10+0.| ok p=1
Q12:	|.0-+^--+ +--+---- .+11--10 ^-+-+++.| ok p=1
Q13:	|^+1--+0- 1+-++0+1 .-++-+-- -+1++11.| ok p=1
Q14:	|+1010001 -0..1+11 .001+101 1010.01.| ok p=1
Q15:	|0101--.1 0-100+00 .1+00011 1-.-1-..| ok p=0.855469
Q16:	|0...1... 0+.0.1.. ....0..1 -..1.-.0| ok p=0.557617
Q17:	|..-.0^.. .1.1.0.+ ..^.0..1 .^.1.0.1| ok p=0.442383
Q18:	|..-.1... .1.+...+ ....0..+ ^..+.1.-| ok p=0.634766
Q19:	|..+.+... .+....0- ....-... ........| ok p=0.943359
Q20:	|.1+...0. ...^..1- ..0...0^ ...^...^| ok p=1
Q21:	|.1+.^.1. .^....-0 ..1.^.1. ...0....| ok p=0.772461
Q22:	|.+1...+. .......0 ..+...-. ...1....| ok p=0.25293
Q23:	|.10..... .0....^. ........ ...+.0..| ok p=0.999023
Q24:	|.0....^. .1...0.. ..^...^. 0....1..| ok p=0.685547
Q25:	|........ .-...1.. ........ ...^.-..| ok p=0.740234
Q26:	|....0... .....-.. .......0 +.......| ok p=1
Q27:	|....1... .^...... .......1 +....^..| ok p=0.975586
Q28:	|....+... .....^.. .......+ -.......| ok p=0.964844
Q29:	|....0... ........ ........ 0.......| ok p=0.964844
Q30:	|....-... ........ .......^ 1.......| ok p=1
Q31:	|....-... ........ ........ ........| ok p=0.959961
Q32:	|........ ........ ........ ........| ok p=1
Q33:	|....!... ........ ........ ........| ok p=1
Q34:	|........ ........ ........ ........| ok p=1
Q35:	|........ ........ ........ ........| ok p=1
Q36:	|........ ........ ........ ........| ok p=1
Q37:	|........ ........ ........ ........| ok p=1
Q38:	|........ ........ ........ ........| ok p=1
Q39:	|........ ........ ........ ........| ok p=1
Q40:	|........ ........ ........ ........| ok p=1
Q41:	|........ ........ ........ ........| ok p=1
Q42:	|........ ........ ........ ........| ok p=1
Q43:	|........ ........ ........ ........| ok p=1
Q44:	|........ ........ ........ ........| ok p=1
Q45:	|........ ........ ........ ........| ok p=1
Q46:	|........ ........ ........ ........| ok p=1
Q47:	|........ ........ ........ ........| ok p=1
Q48:	|........ ........ ........ ........| ok p=1
Q49:	|........ ........ ........ ........| ok p=1
Q50:	|........ ........ ........ ........| ok p=1
Q51:	|........ ........ ........ ........| ok p=1
Q52:	|........ ........ ........ ........| ok p=1
Q53:	|........ ........ ........ ........| ok p=1
Q54:	|........ ........ ........ ........| ok p=1
Q55:	|........ ........ ........ ........| ok p=1
Q56:	|........ ........ ........ ........| ok p=1
Q57:	|........ ........ ........ ........| ok p=1
Q58:	|........ ........ ........ ........| ok p=1
Q59:	|........ ........ ........ ........| ok p=1
Q60:	|........ ........ ........ ..0.....| ok p=1
Q61:	|........ ........ ........ ..0.....| ok p=0.969727
Q62:	|........ ........ ........ ..+.....| ok p=1
Q63:	|........ ........ ........ ..+.....| ok p=0.987305
Q64:	|.....-.. ........ ........ ..+.....|
Best path: totcompl=-27 tottunnel=33, totcond=571, p=0.00444944
