Extend MD5 differential paths forward
Copyright (C) 2009 Marc Stevens
http://homepages.cwi.nl/~stevens/

delta_m[11] = [!27!]
Loading workdir0/lowerpath.bin.gz...done: 1.
Estimating maxcond for upper bound 8000000 (=2000000 * 4)...
t=1:  0%   10   20   30   40   50   60   70   80   90   100%
      |----|----|----|----|----|----|----|----|----|----|
e     ***************************************************
Found maxcond = 2176
t=1:  0%   10   20   30   40   50   60   70   80   90   100%
      |----|----|----|----|----|----|----|----|----|----|
      ***************************************************
Q-3:	|10011000 11100001 11001011 10110000|
Q-2:	|11-+-0-- 00+-0001 -10+1-+1 +++1+--0|
Q-1:	|00-00+1+ 01+-00-+ +01+010- 11-0+--1|
Q0:	|1011+100 +--1-+-+ ++0--+1- -+00-++1| ok p=0.517578
Q1:	|+.1-01.- 0001+0.. .0-00-.. 0--.+1++| ok p=0.585938
Q2:	|+.-..+.- ..+.+.+. .+.....+ ...+..-.|
Saving 435200 paths...done.
Autobalance parameters: maxcond=2176
Verified: 105472 bad out of 540672
Estimating maxcond for upper bound 8000000 (=2000000 * 4)...
t=2:  0%   10   20   30   40   50   60   70   80   90   100%
      |----|----|----|----|----|----|----|----|----|----|
e     ***************************************************
Found maxcond = 175
t=2:  0%   10   20   30   40   50   60   70   80   90   100%
      |----|----|----|----|----|----|----|----|----|----|
      ***************************************************
Q-3:	|10011000 11100001 11001011 10110000|
Q-2:	|11-+-0-- 00+-0001 -10+1-+1 +++1+--0|
Q-1:	|00-00+1+ 01+-00-+ +01+010- 11-0+--1|
Q0:	|1011+100 +--1-+-+ ++0--+1- -+00-++1| ok p=0.253906
Q1:	|+.0-10.- 0110+0.. .1-01-.. -0+.+1++| ok p=0.271484
Q2:	|+..--..- -1+.1+11 1+0110.1 .-0.1+.+| ok p=0.558594
Q3:	|...+.-.. .....+.. ....+..+ ...-.+.+|
Saving 2000000 paths...done.
Autobalance parameters: maxcond=175
Verified: 1 bad out of 7487488
Estimating maxcond for upper bound 8000000 (=2000000 * 4)...
t=3:  0%   10   20   30   40   50   60   70   80   90   100%
      |----|----|----|----|----|----|----|----|----|----|
e     ***************************************************
Found maxcond = 191
t=3:  0%   10   20   30   40   50   60   70   80   90   100%
      |----|----|----|----|----|----|----|----|----|----|
      ***************************************************
Q-3:	|10011000 11100001 11001011 10110000|
Q-2:	|11-+-0-- 00+-0001 -10+1-+1 +++1+--0|
Q-1:	|00-00+1+ 01+-00-+ +01+010- 11-0+--1|
Q0:	|1011+100 +--1-+-+ ++0--+1- -+00-++1| ok p=0.505859
Q1:	|-.0-10.- 0100+0.. .1-01-.. -1+.++1-| ok p=0.239258
Q2:	|-..--..- -0+.+101 00+111.0 .-0.+0+-| ok p=0.505859
Q3:	|....-..+ +.0.-... ..-.+1.. 10+..++.| ok p=0.390625
Q4:	|.-.-.-.- ..-.-.-. .-.-...+ ...+...+|
Saving 2000000 paths...done.
Autobalance parameters: maxcond=190
Verified: 0 bad out of 2275476
Estimating maxcond for upper bound 8000000 (=2000000 * 4)...
t=4:  0%   10   20   30   40   50   60   70   80   90   100%
      |----|----|----|----|----|----|----|----|----|----|
e     ***************************************************
Found maxcond = 209
t=4:  0%   10   20   30   40   50   60   70   80   90   100%
      |----|----|----|----|----|----|----|----|----|----|
      ***************************************************
Q-3:	|10011000 11100001 11001011 10110000|
Q-2:	|11-+-0-- 00+-0001 -10+1-+1 +++1+--0|
Q-1:	|00-00+1+ 01+-00-+ +01+010- 11-0+--1|
Q0:	|1011+100 +--1-+-+ ++0--+1- -+00-++1| ok p=0.486328
Q1:	|+.0-10.- 0110+0.. .1-01-.. -1+.+1++| ok p=0.209961
Q2:	|+..--..- 0--.+111 1+0111.0 .-0.0+.+| ok p=0.584961
Q3:	|0...-..+ .++.+.1. .11.+1.0 0+-.1+1+| ok p=0.289062
Q4:	|+..1...+ .+1.+.-. .-..-..+ .1+.....| ok p=0.338867
Q5:	|..+.-..+ .+..-... .-.-...+ .+.+.+..|
Saving 2000000 paths...done.
Autobalance parameters: maxcond=208
Verified: 120405 bad out of 2354506
Estimating maxcond for upper bound 8000000 (=2000000 * 4)...
t=5:  0%   10   20   30   40   50   60   70   80   90   100%
      |----|----|----|----|----|----|----|----|----|----|
e     ***************************************************
Found maxcond = 224
t=5:  0%   10   20   30   40   50   60   70   80   90   100%
      |----|----|----|----|----|----|----|----|----|----|
      ***************************************************
Q-3:	|10011000 11100001 11001011 10110000|
Q-2:	|11-+-0-- 00+-0001 -10+1-+1 +++1+--0|
Q-1:	|00-00+1+ 01+-00-+ +01+010- 11-0+--1|
Q0:	|1011+100 +--1-+-+ ++0--+1- -+00-++1| ok p=0.496094
Q1:	|-.0-10V- 1000+0.. .1-01-.. -1+.+1++| ok p=0.769531
Q2:	|-..--..- 1--0+000 0+0100.0 .0-.--.+| ok p=0.563477
Q3:	|0...-.+. .0-+..0. .11.+0.1 0.1.1-1.| ok p=0.270508
Q4:	|+..1..01 .-.+0.-. .-..+..+ ..0.--.0| ok p=0.443359
Q5:	|0...1.1. .-1...0. .0..+..+ ..-.+...| ok p=0.34668
Q6:	|+....+.. .+....-. +.+....- .+.+....|
Saving 2000000 paths...done.
Autobalance parameters: maxcond=223
Verified: 15760 bad out of 2140583
Estimating maxcond for upper bound 8000000 (=2000000 * 4)...
t=6:  0%   10   20   30   40   50   60   70   80   90   100%
      |----|----|----|----|----|----|----|----|----|----|
e     ***************************************************
Found maxcond = 238
t=6:  0%   10   20   30   40   50   60   70   80   90   100%
      |----|----|----|----|----|----|----|----|----|----|
      ***************************************************
Q-3:	|10011000 11100001 11001011 10110000|
Q-2:	|11-+-0-- 00+-0001 -10+1-+1 +++1+--0|
Q-1:	|00-00+1+ 01+-00-+ +01+010- 11-0+--1|
Q0:	|1011+100 +--1-+-+ ++0--+1- -+00-++1| ok p=0.510742
Q1:	|-.0-10V- 1000+0.. .1-01-.. -1+.+1++| ok p=0.753906
Q2:	|-..--..- 1--0+000 0+0100.0 .0-.--.+| ok p=0.576172
Q3:	|1...-.+. .0-+..0. .11.+0.1 0.111-1.| ok p=0.260742
Q4:	|-..1..10 .-.+0.-. .-V.+..+ ..00--.0| ok p=0.96582
Q5:	|-...0.0. .-1...0. .1..+..+ ...--...| ok p=0.308594
Q6:	|........ .+.1..-. .1+....- ...-.1..| ok p=0.419922
Q7:	|..+...+. ....+..- ...+..+. .+.+....|
Saving 2000000 paths...done.
Autobalance parameters: maxcond=237
Verified: 16929 bad out of 3388928
Estimating maxcond for upper bound 8000000 (=2000000 * 4)...
t=7:  0%   10   20   30   40   50   60   70   80   90   100%
      |----|----|----|----|----|----|----|----|----|----|
e     ***************************************************
Found maxcond = 252
t=7:  0%   10   20   30   40   50   60   70   80   90   100%
      |----|----|----|----|----|----|----|----|----|----|
      ***************************************************
Q-3:	|10011000 11100001 11001011 10110000|
Q-2:	|11-+-0-- 00+-0001 -10+1-+1 +++1+--0|
Q-1:	|00-00+1+ 01+-00-+ +01+010- 11-0+--1|
Q0:	|1011+100 +--1-+-+ ++0--+1- -+00-++1| ok p=0.482422
Q1:	|+.0-10.- 0110+0.. .1-01-.. -1+.+1++| ok p=0.234375
Q2:	|+..--..- 0--.+100 1+0111.0 .-0.0+.+| ok p=0.570312
Q3:	|1...-..+ .++.+.1. .11.+0.1 00+V1+1-| ok p=0.249023
Q4:	|-..1+..+ .+0.+.-. .-..-..+ .0+1.-.+| ok p=0.225586
Q5:	|1...1.V. .+1.-.0. .1..1V.+ ..--.1.0| ok p=1
Q6:	|1...0..0 .-..-.-. .1..0..0 ..--.1.-| ok p=0.973633
Q7:	|......+. .0....-. .....+.+ ..+....-| ok p=0.400391
Q8:	|.+...-.+ ..-..... +.-..+.. ...+.-.+|
Saving 2000000 paths...done.
Autobalance parameters: maxcond=251
Verified: 52615 bad out of 2872680
Estimating maxcond for upper bound 8000000 (=2000000 * 4)...
t=8:  0%   10   20   30   40   50   60   70   80   90   100%
      |----|----|----|----|----|----|----|----|----|----|
e     ***************************************************
Found maxcond = 265
t=8:  0%   10   20   30   40   50   60   70   80   90   100%
      |----|----|----|----|----|----|----|----|----|----|
      ***************************************************
Q-3:	|10011000 11100001 11001011 10110000|
Q-2:	|11-+-0-- 00+-0001 -10+1-+1 +++1+--0|
Q-1:	|00-00+1+ 01+-00-+ +01+010- 11-0+--1|
Q0:	|1011+100 +--1-+-+ ++0--+1- -+00-++1| ok p=0.508789
Q1:	|-.0-10.- 1000+0.. .1-00-.. -1+.+1++| ok p=0.741211
Q2:	|-..--1.- 00+0+100 0+0111.1 .-+.--.+| ok p=0.327148
Q3:	|1.V.-+.. ..++...0 .01.+0.0 0+0.--1.| ok p=0.246094
Q4:	|-.10.+.1 ...+1..- .1-.-..+ .0+.10.0| ok p=0.65918
Q5:	|0.+.11V. ..1-...0 ..0.+..+ .11.++..| ok p=0.257812
Q6:	|-.+..+.. ...0V..- ..+.1... .-1.11..| ok p=0.758789
Q7:	|-....++. ...0...- ..+.0..0 .+..01..| ok p=0.456055
Q8:	|..1...0. ....+... ..+..... .-......| ok p=0.632812
Q9:	|....-... -.+..-.. +.+.+.-. -..+..+.|
Saving 2000000 paths...done.
Autobalance parameters: maxcond=264
Verified: 50461 bad out of 3399317
Estimating maxcond for upper bound 8000000 (=2000000 * 4)...
t=9:  0%   10   20   30   40   50   60   70   80   90   100%
      |----|----|----|----|----|----|----|----|----|----|
e     ***************************************************
Found maxcond = 277
t=9:  0%   10   20   30   40   50   60   70   80   90   100%
      |----|----|----|----|----|----|----|----|----|----|
      ***************************************************
Q-3:	|10011000 11100001 11001011 10110000|
Q-2:	|11-+-0-- 00+-0001 -10+1-+1 +++1+--0|
Q-1:	|00-00+1+ 01+-00-+ +01+010- 11-0+--1|
Q0:	|1011+100 +--1-+-+ ++0--+1- -+00-++1| ok p=0.521484
Q1:	|-.0-10V- 1000+0.. .1-01-.. -1+.+1++| ok p=0.741211
Q2:	|-..--..- 1--0+000 0+0100.0 .0-.--.+| ok p=0.591797
Q3:	|0...-.+. .0-+..0. .11.+0.1 0.1.1-1.| ok p=0.333984
Q4:	|+..0..10 .-.+0.-V .-.1+..+ .10.--.0| ok p=0.999023
Q5:	|+...0.1. .-1...0. .1.0+.V+ .0-.0...| ok p=0.25293
Q6:	|......1V .+10..1- .1.++.0- .-1.+0..| ok p=0.578125
Q7:	|0.....+0 .++V...0 ...1+.+1 .+1.+...| ok p=0.992188
Q8:	|......+- .++....0 ...0..-0 .-......| ok p=0.451172
Q9:	|.......+ ...-.... ...-1.+. .0..1...| ok p=0.927734
Q10:	|...-.+.. -.-..... +..-..+. ..+.+.+.|
Saving 2000000 paths...done.
Autobalance parameters: maxcond=276
Verified: 153608 bad out of 2595856
Estimating maxcond for upper bound 8000000 (=2000000 * 4)...
t=10: 0%   10   20   30   40   50   60   70   80   90   100%
      |----|----|----|----|----|----|----|----|----|----|
e     ***************************************************
Found maxcond = 287
t=10: 0%   10   20   30   40   50   60   70   80   90   100%
      |----|----|----|----|----|----|----|----|----|----|
      ***************************************************
Q-3:	|10011000 11100001 11001011 10110000|
Q-2:	|11-+-0-- 00+-0001 -10+1-+1 +++1+--0|
Q-1:	|00-00+1+ 01+-00-+ +01+010- 11-0+--1|
Q0:	|1011+100 +--1-+-+ ++0--+1- -+00-++1| ok p=0.509766
Q1:	|-.0-10V- 1000+0.. .1-01-.. -1+.+1++| ok p=0.71582
Q2:	|-..--..- 1--0+000 0+0100.0 .0-.--.+| ok p=0.59082
Q3:	|0...-.+. .0-+..0. .11.+0.1 0.101-1.| ok p=0.251953
Q4:	|+..1..01 .-.+0.-. .-.1+..+ ..01--.0| ok p=0.388672
Q5:	|1...0.0. .-1...0. .1.0+.V+ .V-+-1..| ok p=0.25
Q6:	|-.....0. .+.1..0. .0.++.0- .11-.0..| ok p=0.486328
Q7:	|1.....+. .0.V.... ...0+.+1 .+1+0-..| ok p=0.970703
Q8:	|1.....-. .0...... ...-0.-0 .-.0.0..| ok p=1
Q9:	|......-. ...+.... ...0-.+. .-.0.1..| ok p=0.517578
Q10:	|........ ...0.... ...-0.+. .-...+..| ok p=0.928711
Q11:	|...+.+.. ..+..... ...-..+. .-...+..|
Saving 2000000 paths...done.
Autobalance parameters: maxcond=285
Verified: 75862 bad out of 3526032
Runtime: 151.379
Extend MD5 differential paths forward
Copyright (C) 2009 Marc Stevens
http://homepages.cwi.nl/~stevens/

delta_m[11] = [!27!]
Loading workdir0/paths10_0of1...done: 2000000 (work:2000000).
Estimating maxcond for upper bound 2000000 (=500000 * 4)...
t=11: 0%   10   20   30   40   50   60   70   80   90   100%
      |----|----|----|----|----|----|----|----|----|----|
e     ***************************************************
Found maxcond = 295
t=11: 0%   10   20   30   40   50   60   70   80   90   100%
      |----|----|----|----|----|----|----|----|----|----|
      ***************************************************
Q-3:	|10011000 11100001 11001011 10110000|
Q-2:	|11-+-0-- 00+-0001 -10+1-+1 +++1+--0|
Q-1:	|00-00+1+ 01+-00-+ +01+010- 11-0+--1|
Q0:	|1011+100 +--1-+-+ ++0--+1- -+00-++1| ok p=0.508789
Q1:	|-.0-10V- 1000+0.. .1-01-.. -1+.+1++| ok p=0.748047
Q2:	|-..--..- 1--0+000 0+0100.0 .0-.--.+| ok p=0.581055
Q3:	|0...-.+. .0-+..0. .11.+0.1 0.101-1.| ok p=0.251953
Q4:	|+..1..01 .-.+0.-. .-.1+..+ ..01--.0| ok p=0.396484
Q5:	|1...0.0. .-1...0. .1.0+.V+ .V-+-1..| ok p=0.230469
Q6:	|-.....0. .+.1..0. .0.++.0- .11-.0..| ok p=0.499023
Q7:	|1.....+. .0.V.... ...0+.+1 .+1+0-..| ok p=0.96582
Q8:	|1.....-. .00..... ...-1.-0 .-.1.1..| ok p=1
Q9:	|......-. ..1+V... ...0+.0. .-.0.1..| ok p=0.509766
Q10:	|........ ..+0.... ...01.0. .-...+..| ok p=0.996094
Q11:	|......1. ..+++... ....1... .....+..| ok p=0.620117
Q12:	|+.-..... .+..-.+. -....... .......-|
Saving 500000 paths...done.
Autobalance parameters: maxcond=294
Verified: 14914 bad out of 802113
Runtime: 17.8273
