MD5 differential path toolbox
Copyright (C) 2009 Marc Stevens
http://homepages.cwi.nl/~stevens/

IHV1   = {2564934576,3027901321,575808999,3943812374}
IHV1   = b0cbe198891b7ab4e725522216cd11eb

IHV2   = {2564934576,3163932231,123843785,3491847160}
IHV2   = b0cbe19847c695bcc9b46107f85b21d0

dIHV   = {0,136030910,3843002082,3843002082}
NC0: delta c = delta d = [!-1!]
NC0: delta b           = [!-1,24!]
NC1: delta c = delta d = [!5!]
NC1: delta b           = [!5,-26!]
NC2: delta c = delta d = [!8!]
NC2: delta b           = [!8,-29!]
NC3: delta c = delta d = [!-12!]
NC3: delta b           = [!2,-12!]
NC4: delta c = delta d = [!15!]
NC4: delta b           = [!5,15!]
NC5: delta c = delta d = [!-20!]
NC5: delta b           = [!10,-20!]
NC6: delta c = delta d = [!-24!]
NC6: delta b           = [!-13,-24!]
NC7: delta c = delta d = [!-26!]
NC7: delta b           = [!-26!]
NC8: delta c = delta d = [!29!]
NC8: delta b           = [!18,-20,29!]
NC0: prob=-7.64241
NC1: prob=-3.32521
NC2: prob=-3.83382
NC3: prob=-4.92631
NC4: prob=-5.86125
NC5: prob=-4.9265
NC6: prob=-5.85674
NC7: prob=-3.51164
NC8: prob=-6.54249
delta m_11 = [!27!]
Q-3:	|10011000 11100001 11001011 10110000|
Q-2:	|11-+-0-- 00+-0001 -10+1-+1 +++1+--0|
Q-1:	|00-00+1+ 01+-00-+ +01+010- 11-0+--1|
Q0:	|1011+100 +--1-+-+ ++0--+1- -+00-++1| ok p=0.504883
Q1:	|+..-...- ....+... ..-..-.. .-.-.-.-|
Saved lower diff. path to 'workdir0/lowerpath.bin.gz'.

Q32:	|........ ........ ........ ........|
Q33:	|........ ........ ........ ........|
Q34:	|........ ........ ........ ........|
Q35:	|........ ........ ........ ........| ok p=1
Q36:	|........ ........ ........ ........| ok p=1
Q37:	|........ ........ ........ ........| ok p=1
Q38:	|........ ........ ........ ........| ok p=1
Q39:	|........ ........ ........ ........| ok p=1
Q40:	|........ ........ ........ ........| ok p=1
Q41:	|........ ........ ........ ........| ok p=1
Q42:	|........ ........ ........ ........| ok p=1
Q43:	|........ ........ ........ ........| ok p=1
Q44:	|........ ........ ........ ........| ok p=1
Q45:	|........ ........ ........ ........| ok p=1
Q46:	|........ ........ ........ ........| ok p=1
Q47:	|........ ........ ........ ........| ok p=1
Q48:	|........ ........ ........ ........| ok p=1
Q49:	|........ ........ ........ ........| ok p=1
Q50:	|........ ........ ........ ........| ok p=1
Q51:	|........ ........ ........ ........| ok p=1
Q52:	|........ ........ ........ ........| ok p=1
Q53:	|........ ........ ........ ........| ok p=1
Q54:	|........ ........ ........ ........| ok p=1
Q55:	|........ ........ ........ ........| ok p=1
Q56:	|........ ........ ........ ........| ok p=1
Q57:	|........ ........ ........ ........| ok p=1
Q58:	|........ ........ ........ ........| ok p=1
Q59:	|........ ........ ........ ........| ok p=1
Q60:	|........ ........ ........ ..0.....| ok p=1
Q61:	|........ ........ ........ ..0.....| ok p=0.969727
Q62:	|........ ........ ........ ..+.....| ok p=1
Q63:	|........ ........ ........ ..+.....| ok p=0.983398
Q64:	|.....-.. ........ ........ ..+.....|
Saved upper diff. path to 'workdir0/upperpath.bin.gz'.
Saved 'md5diffpathforward.cfg'.
Saved 'md5diffpathbackward.cfg'.
Saved 'md5diffpathconnect.cfg'.
Saved 'md5diffpathhelper.cfg'.
