Extend MD5 differential paths backward
Copyright (C) 2009 Marc Stevens
http://homepages.cwi.nl/~stevens/

delta_m[11] = [!19!]
Loading workdir7/upperpath.bin.gz...done: 1.
Estimating maxcond for upper bound 262144 (=65536 * 4)...
t=34: 0%   10   20   30   40   50   60   70   80   90   100%
      |----|----|----|----|----|----|----|----|----|----|
e     ***************************************************
Found maxcond = 2176
t=34: 0%   10   20   30   40   50   60   70   80   90   100%
      |----|----|----|----|----|----|----|----|----|----|
      ***************************************************
Q31:	|........ ....-... ........ ........|
Q32:	|........ ........ ........ ........|
Q33:	|........ ........ ........ ........|
Q34:	|........ ........ ........ ........| ok p=1
Q35:	|........ ........ ........ ........| ok p=1
Q36:	|........ ........ ........ ........| ok p=1
Q37:	|........ ........ ........ ........| ok p=1
Q38:	|........ ........ ........ ........| ok p=1
Q39:	|........ ........ ........ ........| ok p=1
Q40:	|........ ........ ........ ........| ok p=1
Q41:	|........ ........ ........ ........| ok p=1
Q42:	|........ ........ ........ ........| ok p=1
Q43:	|........ ........ ........ ........| ok p=1
Q44:	|........ ........ ........ ........| ok p=1
Q45:	|........ ........ ........ ........| ok p=1
Q46:	|........ ........ ........ ........| ok p=1
Q47:	|........ ........ ........ ........| ok p=1
Q48:	|........ ........ ........ ........| ok p=1
Q49:	|........ ........ ........ ........| ok p=1
Q50:	|........ ........ ........ ........| ok p=1
Q51:	|........ ........ ........ ........| ok p=1
Q52:	|........ ........ ........ ........| ok p=1
Q53:	|........ ........ ........ ........| ok p=1
Q54:	|........ ........ ........ ........| ok p=1
Q55:	|........ ........ ........ ........| ok p=1
Q56:	|........ ........ ........ ........| ok p=1
Q57:	|........ ........ ........ ........| ok p=1
Q58:	|........ ........ ........ ........| ok p=1
Q59:	|........ ........ ........ ........| ok p=1
Q60:	|..0..... ........ ........ ........| ok p=1
Q61:	|.10..... ........ ........ ........| ok p=0.738281
Q62:	|.1+..... ........ ........ ........| ok p=1
Q63:	|.+-..... ........ ........ ........| ok p=0.594727
Q64:	|..+..... ....--.. ........ ........|
Saving 1 paths...done.
Autobalance parameters: maxcond=2176
Verified: 0 bad out of 1
Estimating maxcond for upper bound 262144 (=65536 * 4)...
t=33: 0%   10   20   30   40   50   60   70   80   90   100%
      |----|----|----|----|----|----|----|----|----|----|
e     ***************************************************
Found maxcond = 2176
t=33: 0%   10   20   30   40   50   60   70   80   90   100%
      |----|----|----|----|----|----|----|----|----|----|
      ***************************************************
Q30:	|........ ....-... ........ ........|
Q31:	|........ ....-... ........ ........|
Q32:	|........ ........ ........ ........|
Q33:	|........ ....!... ........ ........| ok p=1
Q34:	|........ ........ ........ ........| ok p=1
Q35:	|........ ........ ........ ........| ok p=1
Q36:	|........ ........ ........ ........| ok p=1
Q37:	|........ ........ ........ ........| ok p=1
Q38:	|........ ........ ........ ........| ok p=1
Q39:	|........ ........ ........ ........| ok p=1
Q40:	|........ ........ ........ ........| ok p=1
Q41:	|........ ........ ........ ........| ok p=1
Q42:	|........ ........ ........ ........| ok p=1
Q43:	|........ ........ ........ ........| ok p=1
Q44:	|........ ........ ........ ........| ok p=1
Q45:	|........ ........ ........ ........| ok p=1
Q46:	|........ ........ ........ ........| ok p=1
Q47:	|........ ........ ........ ........| ok p=1
Q48:	|........ ........ ........ ........| ok p=1
Q49:	|........ ........ ........ ........| ok p=1
Q50:	|........ ........ ........ ........| ok p=1
Q51:	|........ ........ ........ ........| ok p=1
Q52:	|........ ........ ........ ........| ok p=1
Q53:	|........ ........ ........ ........| ok p=1
Q54:	|........ ........ ........ ........| ok p=1
Q55:	|........ ........ ........ ........| ok p=1
Q56:	|........ ........ ........ ........| ok p=1
Q57:	|........ ........ ........ ........| ok p=1
Q58:	|........ ........ ........ ........| ok p=1
Q59:	|........ ........ ........ ........| ok p=1
Q60:	|..0..... ........ ........ ........| ok p=1
Q61:	|.10..... ........ ........ ........| ok p=0.762695
Q62:	|.1+..... ........ ........ ........| ok p=1
Q63:	|.+-..... ........ ........ ........| ok p=0.605469
Q64:	|..+..... ....--.. ........ ........|
Saving 24574 paths...done.
Autobalance parameters: maxcond=2176
Verified: 0 bad out of 24574
Estimating maxcond for upper bound 262144 (=65536 * 4)...
t=32: 0%   10   20   30   40   50   60   70   80   90   100%
      |----|----|----|----|----|----|----|----|----|----|
e     **************************************************Found maxcond = 25
t=32: 0%   10   20   30   40   50   60   70   80   90   100%
      |----|----|----|----|----|----|----|----|----|----|
      **************************************************Q29:	|........ ........ ........ ........|
Q30:	|........ ....-... ........ ........|
Q31:	|........ ....-... ........ ........|
Q32:	|........ ........ ........ ........| ok p=1
Q33:	|........ ....!... ........ ........| ok p=1
Q34:	|........ ........ ........ ........| ok p=1
Q35:	|........ ........ ........ ........| ok p=1
Q36:	|........ ........ ........ ........| ok p=1
Q37:	|........ ........ ........ ........| ok p=1
Q38:	|........ ........ ........ ........| ok p=1
Q39:	|........ ........ ........ ........| ok p=1
Q40:	|........ ........ ........ ........| ok p=1
Q41:	|........ ........ ........ ........| ok p=1
Q42:	|........ ........ ........ ........| ok p=1
Q43:	|........ ........ ........ ........| ok p=1
Q44:	|........ ........ ........ ........| ok p=1
Q45:	|........ ........ ........ ........| ok p=1
Q46:	|........ ........ ........ ........| ok p=1
Q47:	|........ ........ ........ ........| ok p=1
Q48:	|........ ........ ........ ........| ok p=1
Q49:	|........ ........ ........ ........| ok p=1
Q50:	|........ ........ ........ ........| ok p=1
Q51:	|........ ........ ........ ........| ok p=1
Q52:	|........ ........ ........ ........| ok p=1
Q53:	|........ ........ ........ ........| ok p=1
Q54:	|........ ........ ........ ........| ok p=1
Q55:	|........ ........ ........ ........| ok p=1
Q56:	|........ ........ ........ ........| ok p=1
Q57:	|........ ........ ........ ........| ok p=1
Q58:	|........ ........ ........ ........| ok p=1
Q59:	|........ ........ ........ ........| ok p=1
Q60:	|..0..... ........ ........ ........| ok p=1
Q61:	|.10..... ........ ........ ........| ok p=0.743164
Q62:	|.1+..... ........ ........ ........| ok p=1
Q63:	|.+-..... ........ ........ ........| ok p=0.628906
Q64:	|..+..... ....--.. ........ ........|
Saving 65536 paths...done.
Autobalance parameters: maxcond=22
Verified: 0 bad out of 120994
Estimating maxcond for upper bound 262144 (=65536 * 4)...
t=31: 0%   10   20   30   40   50   60   70   80   90   100%
      |----|----|----|----|----|----|----|----|----|----|
e     ***************************************************
Found maxcond = 21
t=31: 0%   10   20   30   40   50   60   70   80   90   100%
      |----|----|----|----|----|----|----|----|----|----|
      ***************************************************
Q28:	|+....... ....+... ........ ........|
Q29:	|........ ........ ........ ........|
Q30:	|........ ....-... ........ ........|
Q31:	|........ ....-... ........ ........| ok p=0.474609
Q32:	|........ ........ ........ ........| ok p=1
Q33:	|........ ....!... ........ ........| ok p=1
Q34:	|........ ........ ........ ........| ok p=1
Q35:	|........ ........ ........ ........| ok p=1
Q36:	|........ ........ ........ ........| ok p=1
Q37:	|........ ........ ........ ........| ok p=1
Q38:	|........ ........ ........ ........| ok p=1
Q39:	|........ ........ ........ ........| ok p=1
Q40:	|........ ........ ........ ........| ok p=1
Q41:	|........ ........ ........ ........| ok p=1
Q42:	|........ ........ ........ ........| ok p=1
Q43:	|........ ........ ........ ........| ok p=1
Q44:	|........ ........ ........ ........| ok p=1
Q45:	|........ ........ ........ ........| ok p=1
Q46:	|........ ........ ........ ........| ok p=1
Q47:	|........ ........ ........ ........| ok p=1
Q48:	|........ ........ ........ ........| ok p=1
Q49:	|........ ........ ........ ........| ok p=1
Q50:	|........ ........ ........ ........| ok p=1
Q51:	|........ ........ ........ ........| ok p=1
Q52:	|........ ........ ........ ........| ok p=1
Q53:	|........ ........ ........ ........| ok p=1
Q54:	|........ ........ ........ ........| ok p=1
Q55:	|........ ........ ........ ........| ok p=1
Q56:	|........ ........ ........ ........| ok p=1
Q57:	|........ ........ ........ ........| ok p=1
Q58:	|........ ........ ........ ........| ok p=1
Q59:	|........ ........ ........ ........| ok p=1
Q60:	|..0..... ........ ........ ........| ok p=1
Q61:	|.10..... ........ ........ ........| ok p=0.760742
Q62:	|.1+..... ........ ........ ........| ok p=1
Q63:	|.+-..... ........ ........ ........| ok p=0.612305
Q64:	|..+..... ....--.. ........ ........|
Saving 65536 paths...done.
Autobalance parameters: maxcond=19
Verified: 0 bad out of 121595
Estimating maxcond for upper bound 262144 (=65536 * 4)...
t=30: 0%   10   20   30   40   50   60   70   80   90   100%
      |----|----|----|----|----|----|----|----|----|----|
e     ***************************************************
Found maxcond = 20
t=30: 0%   10   20   30   40   50   60   70   80   90   100%
      |----|----|----|----|----|----|----|----|----|----|
      ***************************************************
Q27:	|........ ........ ........ .-......|
Q28:	|+....... ....+... ........ ........|
Q29:	|........ ....1... ........ ........|
Q30:	|^....... ....+... ........ ........| ok p=1
Q31:	|........ ....-... ........ ........| ok p=0.50293
Q32:	|........ ........ ........ ........| ok p=1
Q33:	|........ ....^... ........ ........| ok p=1
Q34:	|........ ........ ........ ........| ok p=1
Q35:	|........ ........ ........ ........| ok p=1
Q36:	|........ ........ ........ ........| ok p=1
Q37:	|........ ........ ........ ........| ok p=1
Q38:	|........ ........ ........ ........| ok p=1
Q39:	|........ ........ ........ ........| ok p=1
Q40:	|........ ........ ........ ........| ok p=1
Q41:	|........ ........ ........ ........| ok p=1
Q42:	|........ ........ ........ ........| ok p=1
Q43:	|........ ........ ........ ........| ok p=1
Q44:	|........ ........ ........ ........| ok p=1
Q45:	|........ ........ ........ ........| ok p=1
Q46:	|........ ........ ........ ........| ok p=1
Q47:	|........ ........ ........ ........| ok p=1
Q48:	|........ ........ ........ ........| ok p=1
Q49:	|........ ........ ........ ........| ok p=1
Q50:	|........ ........ ........ ........| ok p=1
Q51:	|........ ........ ........ ........| ok p=1
Q52:	|........ ........ ........ ........| ok p=1
Q53:	|........ ........ ........ ........| ok p=1
Q54:	|........ ........ ........ ........| ok p=1
Q55:	|........ ........ ........ ........| ok p=1
Q56:	|........ ........ ........ ........| ok p=1
Q57:	|........ ........ ........ ........| ok p=1
Q58:	|........ ........ ........ ........| ok p=1
Q59:	|........ ........ ........ ........| ok p=1
Q60:	|..0..... ........ ........ ........| ok p=1
Q61:	|.10..... ........ ........ ........| ok p=0.741211
Q62:	|.1+..... ........ ........ ........| ok p=1
Q63:	|.+-..... ........ ........ ........| ok p=0.632812
Q64:	|..+..... ....--.. ........ ........|
Saving 65536 paths...done.
Autobalance parameters: maxcond=18
Verified: 0 bad out of 101132
Runtime: 4.06952
Extend MD5 differential paths backward
Copyright (C) 2009 Marc Stevens
http://homepages.cwi.nl/~stevens/

delta_m[11] = [!19!]
Loading workdir7/paths30_0of1...done: 65536 (work:65536).
Estimating maxcond for upper bound 400000 (=100000 * 4)...
t=29: 0%   10   20   30   40   50   60   70   80   90   100%
      |----|----|----|----|----|----|----|----|----|----|
e     ***************************************************
Found maxcond = 22
t=29: 0%   10   20   30   40   50   60   70   80   90   100%
      |----|----|----|----|----|----|----|----|----|----|
      ***************************************************
Q26:	|........ ....-... .....-.. ........|
Q27:	|1....... ....+... ........ ........|
Q28:	|+....... ....+... ........ ........|
Q29:	|........ ....1... ........ ........| ok p=0.999023
Q30:	|^....... ....-... ........ ........| ok p=1
Q31:	|........ ....-... ........ ........| ok p=0.501953
Q32:	|........ ........ ........ ........| ok p=1
Q33:	|........ ....!... ........ ........| ok p=1
Q34:	|........ ........ ........ ........| ok p=1
Q35:	|........ ........ ........ ........| ok p=1
Q36:	|........ ........ ........ ........| ok p=1
Q37:	|........ ........ ........ ........| ok p=1
Q38:	|........ ........ ........ ........| ok p=1
Q39:	|........ ........ ........ ........| ok p=1
Q40:	|........ ........ ........ ........| ok p=1
Q41:	|........ ........ ........ ........| ok p=1
Q42:	|........ ........ ........ ........| ok p=1
Q43:	|........ ........ ........ ........| ok p=1
Q44:	|........ ........ ........ ........| ok p=1
Q45:	|........ ........ ........ ........| ok p=1
Q46:	|........ ........ ........ ........| ok p=1
Q47:	|........ ........ ........ ........| ok p=1
Q48:	|........ ........ ........ ........| ok p=1
Q49:	|........ ........ ........ ........| ok p=1
Q50:	|........ ........ ........ ........| ok p=1
Q51:	|........ ........ ........ ........| ok p=1
Q52:	|........ ........ ........ ........| ok p=1
Q53:	|........ ........ ........ ........| ok p=1
Q54:	|........ ........ ........ ........| ok p=1
Q55:	|........ ........ ........ ........| ok p=1
Q56:	|........ ........ ........ ........| ok p=1
Q57:	|........ ........ ........ ........| ok p=1
Q58:	|........ ........ ........ ........| ok p=1
Q59:	|........ ........ ........ ........| ok p=1
Q60:	|..0..... ........ ........ ........| ok p=1
Q61:	|.10..... ........ ........ ........| ok p=0.760742
Q62:	|.1+..... ........ ........ ........| ok p=1
Q63:	|.+-..... ........ ........ ........| ok p=0.654297
Q64:	|..+..... ....--.. ........ ........|
Saving 100000 paths...done.
Autobalance parameters: maxcond=20
Verified: 0 bad out of 167260
Estimating maxcond for upper bound 400000 (=100000 * 4)...
t=28: 0%   10   20   30   40   50   60   70   80   90   100%
      |----|----|----|----|----|----|----|----|----|----|
e     ***************************************************
Found maxcond = 23
t=28: 0%   10   20   30   40   50   60   70   80   90   100%
      |----|----|----|----|----|----|----|----|----|----|
      ***************************************************
Q25:	|+....-.. ........ .-...... ........|
Q26:	|+....... ....-... .....-.. ........|
Q27:	|0....... ....0... ........ ........|
Q28:	|+....... ....+... .....^.. ........| ok p=0.472656
Q29:	|........ ....0... ........ ........| ok p=1
Q30:	|^....... ....-... ........ ........| ok p=1
Q31:	|........ ....-... ........ ........| ok p=0.481445
Q32:	|........ ........ ........ ........| ok p=1
Q33:	|........ ....!... ........ ........| ok p=1
Q34:	|........ ........ ........ ........| ok p=1
Q35:	|........ ........ ........ ........| ok p=1
Q36:	|........ ........ ........ ........| ok p=1
Q37:	|........ ........ ........ ........| ok p=1
Q38:	|........ ........ ........ ........| ok p=1
Q39:	|........ ........ ........ ........| ok p=1
Q40:	|........ ........ ........ ........| ok p=1
Q41:	|........ ........ ........ ........| ok p=1
Q42:	|........ ........ ........ ........| ok p=1
Q43:	|........ ........ ........ ........| ok p=1
Q44:	|........ ........ ........ ........| ok p=1
Q45:	|........ ........ ........ ........| ok p=1
Q46:	|........ ........ ........ ........| ok p=1
Q47:	|........ ........ ........ ........| ok p=1
Q48:	|........ ........ ........ ........| ok p=1
Q49:	|........ ........ ........ ........| ok p=1
Q50:	|........ ........ ........ ........| ok p=1
Q51:	|........ ........ ........ ........| ok p=1
Q52:	|........ ........ ........ ........| ok p=1
Q53:	|........ ........ ........ ........| ok p=1
Q54:	|........ ........ ........ ........| ok p=1
Q55:	|........ ........ ........ ........| ok p=1
Q56:	|........ ........ ........ ........| ok p=1
Q57:	|........ ........ ........ ........| ok p=1
Q58:	|........ ........ ........ ........| ok p=1
Q59:	|........ ........ ........ ........| ok p=1
Q60:	|..0..... ........ ........ ........| ok p=1
Q61:	|.10..... ........ ........ ........| ok p=0.736328
Q62:	|.1+..... ........ ........ ........| ok p=1
Q63:	|.+-..... ........ ........ ........| ok p=0.610352
Q64:	|..+..... ....--.. ........ ........|
Saving 100000 paths...done.
Autobalance parameters: maxcond=21
Verified: 0 bad out of 194384
Estimating maxcond for upper bound 400000 (=100000 * 4)...
t=27: 0%   10   20   30   40   50   60   70   80   90   100%
      |----|----|----|----|----|----|----|----|----|----|
e     ***************************************************
Found maxcond = 24
t=27: 0%   10   20   30   40   50   60   70   80   90   100%
      |----|----|----|----|----|----|----|----|----|----|
      ***************************************************
Q24:	|+....... ........ ....-... ........|
Q25:	|.....-.. ........ .-...1.. ........|
Q26:	|0....... ....0... .....-.. ........|
Q27:	|1....^.. ....1... .^...... ........| ok p=0.239258
Q28:	|-....... ....+... .....^.. ........| ok p=0.5
Q29:	|........ ....0... ........ ........| ok p=0.999023
Q30:	|^....... ....-... ........ ........| ok p=1
Q31:	|........ ....-... ........ ........| ok p=0.46582
Q32:	|........ ........ ........ ........| ok p=1
Q33:	|........ ....!... ........ ........| ok p=1
Q34:	|........ ........ ........ ........| ok p=1
Q35:	|........ ........ ........ ........| ok p=1
Q36:	|........ ........ ........ ........| ok p=1
Q37:	|........ ........ ........ ........| ok p=1
Q38:	|........ ........ ........ ........| ok p=1
Q39:	|........ ........ ........ ........| ok p=1
Q40:	|........ ........ ........ ........| ok p=1
Q41:	|........ ........ ........ ........| ok p=1
Q42:	|........ ........ ........ ........| ok p=1
Q43:	|........ ........ ........ ........| ok p=1
Q44:	|........ ........ ........ ........| ok p=1
Q45:	|........ ........ ........ ........| ok p=1
Q46:	|........ ........ ........ ........| ok p=1
Q47:	|........ ........ ........ ........| ok p=1
Q48:	|........ ........ ........ ........| ok p=1
Q49:	|........ ........ ........ ........| ok p=1
Q50:	|........ ........ ........ ........| ok p=1
Q51:	|........ ........ ........ ........| ok p=1
Q52:	|........ ........ ........ ........| ok p=1
Q53:	|........ ........ ........ ........| ok p=1
Q54:	|........ ........ ........ ........| ok p=1
Q55:	|........ ........ ........ ........| ok p=1
Q56:	|........ ........ ........ ........| ok p=1
Q57:	|........ ........ ........ ........| ok p=1
Q58:	|........ ........ ........ ........| ok p=1
Q59:	|........ ........ ........ ........| ok p=1
Q60:	|..0..... ........ ........ ........| ok p=1
Q61:	|.10..... ........ ........ ........| ok p=0.757812
Q62:	|.1+..... ........ ........ ........| ok p=1
Q63:	|.+-..... ........ ........ ........| ok p=0.619141
Q64:	|..+..... ....--.. ........ ........|
Saving 100000 paths...done.
Autobalance parameters: maxcond=23
Verified: 0 bad out of 155478
Estimating maxcond for upper bound 400000 (=100000 * 4)...
t=26: 0%   10   20   30   40   50   60   70   80   90   100%
      |----|----|----|----|----|----|----|----|----|----|
e     ***************************************************
Found maxcond = 27
t=26: 0%   10   20   30   40   50   60   70   80   90   100%
      |----|----|----|----|----|----|----|----|----|----|
      ***************************************************
Q23:	|...+.... ....+... .....+.. .+......|
Q24:	|.....1.. ........ .1...-.. ........|
Q25:	|.....+.. ....-... .-...0.. ........|
Q26:	|0....... ....-... .....-.. ........| ok p=0.933594
Q27:	|1....^.. ....+... .^...... ........| ok p=0.532227
Q28:	|+....... ....+... .....^.. ........| ok p=0.515625
Q29:	|........ ....1... ........ ........| ok p=1
Q30:	|^....... ....-... ........ ........| ok p=1
Q31:	|........ ....-... ........ ........| ok p=0.460938
Q32:	|........ ........ ........ ........| ok p=1
Q33:	|........ ....!... ........ ........| ok p=1
Q34:	|........ ........ ........ ........| ok p=1
Q35:	|........ ........ ........ ........| ok p=1
Q36:	|........ ........ ........ ........| ok p=1
Q37:	|........ ........ ........ ........| ok p=1
Q38:	|........ ........ ........ ........| ok p=1
Q39:	|........ ........ ........ ........| ok p=1
Q40:	|........ ........ ........ ........| ok p=1
Q41:	|........ ........ ........ ........| ok p=1
Q42:	|........ ........ ........ ........| ok p=1
Q43:	|........ ........ ........ ........| ok p=1
Q44:	|........ ........ ........ ........| ok p=1
Q45:	|........ ........ ........ ........| ok p=1
Q46:	|........ ........ ........ ........| ok p=1
Q47:	|........ ........ ........ ........| ok p=1
Q48:	|........ ........ ........ ........| ok p=1
Q49:	|........ ........ ........ ........| ok p=1
Q50:	|........ ........ ........ ........| ok p=1
Q51:	|........ ........ ........ ........| ok p=1
Q52:	|........ ........ ........ ........| ok p=1
Q53:	|........ ........ ........ ........| ok p=1
Q54:	|........ ........ ........ ........| ok p=1
Q55:	|........ ........ ........ ........| ok p=1
Q56:	|........ ........ ........ ........| ok p=1
Q57:	|........ ........ ........ ........| ok p=1
Q58:	|........ ........ ........ ........| ok p=1
Q59:	|........ ........ ........ ........| ok p=1
Q60:	|..0..... ........ ........ ........| ok p=1
Q61:	|.10..... ........ ........ ........| ok p=0.727539
Q62:	|.1+..... ........ ........ ........| ok p=1
Q63:	|.+-..... ........ ........ ........| ok p=0.621094
Q64:	|..+..... ....--.. ........ ........|
Saving 100000 paths...done.
Autobalance parameters: maxcond=26
Verified: 0 bad out of 150435
Estimating maxcond for upper bound 400000 (=100000 * 4)...
t=25: 0%   10   20   30   40   50   60   70   80   90   100%
      |----|----|----|----|----|----|----|----|----|----|
e     ***************************************************
Found maxcond = 32
t=25: 0%   10   20   30   40   50   60   70   80   90   100%
      |----|----|----|----|----|----|----|----|----|----|
      ***************************************************
Q22:	|.....-.. .-....-. ........ ..+...-.|
Q23:	|....++.. ........ .0...... ........|
Q24:	|0....0.. ........ .1...0.. ........|
Q25:	|....^+.. ........ .-...1.. ........| ok p=0.487305
Q26:	|+....... ....0... .....-.. ........| ok p=0.932617
Q27:	|+....^.. ....1... .^...... ........| ok p=0.483398
Q28:	|-....... ....+... .....^.. ........| ok p=0.537109
Q29:	|0....... ....0... ........ ........| ok p=1
Q30:	|1....... ....-... ........ ........| ok p=1
Q31:	|........ ....-... ........ ........| ok p=0.508789
Q32:	|........ ........ ........ ........| ok p=1
Q33:	|........ ....!... ........ ........| ok p=1
Q34:	|........ ........ ........ ........| ok p=1
Q35:	|........ ........ ........ ........| ok p=1
Q36:	|........ ........ ........ ........| ok p=1
Q37:	|........ ........ ........ ........| ok p=1
Q38:	|........ ........ ........ ........| ok p=1
Q39:	|........ ........ ........ ........| ok p=1
Q40:	|........ ........ ........ ........| ok p=1
Q41:	|........ ........ ........ ........| ok p=1
Q42:	|........ ........ ........ ........| ok p=1
Q43:	|........ ........ ........ ........| ok p=1
Q44:	|........ ........ ........ ........| ok p=1
Q45:	|........ ........ ........ ........| ok p=1
Q46:	|........ ........ ........ ........| ok p=1
Q47:	|........ ........ ........ ........| ok p=1
Q48:	|........ ........ ........ ........| ok p=1
Q49:	|........ ........ ........ ........| ok p=1
Q50:	|........ ........ ........ ........| ok p=1
Q51:	|........ ........ ........ ........| ok p=1
Q52:	|........ ........ ........ ........| ok p=1
Q53:	|........ ........ ........ ........| ok p=1
Q54:	|........ ........ ........ ........| ok p=1
Q55:	|........ ........ ........ ........| ok p=1
Q56:	|........ ........ ........ ........| ok p=1
Q57:	|........ ........ ........ ........| ok p=1
Q58:	|........ ........ ........ ........| ok p=1
Q59:	|........ ........ ........ ........| ok p=1
Q60:	|..0..... ........ ........ ........| ok p=1
Q61:	|.10..... ........ ........ ........| ok p=0.766602
Q62:	|.1+..... ........ ........ ........| ok p=1
Q63:	|.+-..... ........ ........ ........| ok p=0.614258
Q64:	|..+..... ....--.. ........ ........|
Saving 100000 paths...done.
Autobalance parameters: maxcond=30
Verified: 0 bad out of 174472
Estimating maxcond for upper bound 400000 (=100000 * 4)...
t=24: 0%   10   20   30   40   50   60   70   80   90   100%
      |----|----|----|----|----|----|----|----|----|----|
e     ***************************************************
Found maxcond = 40
t=24: 0%   10   20   30   40   50   60   70   80   90   100%
      |----|----|----|----|----|----|----|----|----|----|
      ***************************************************
Q21:	|........ ..-..... ....-.+. .-......|
Q22:	|...1.... .+....+. ........ ..+.....|
Q23:	|...+.0.. ........ .0...+.. ........|
Q24:	|0....1.. .^....^. .1...+.. ..^.....| ok p=0.970703
Q25:	|...^.-.. ........ .-...-.. ........| ok p=0.501953
Q26:	|+....... ....0... .....-.. ........| ok p=0.9375
Q27:	|+....^.. ....1... .^...1.. ........| ok p=0.496094
Q28:	|-....... ....+... .....0.. ........| ok p=0.523438
Q29:	|0....... ....0... ........ ........| ok p=1
Q30:	|1....... ....-... ........ ........| ok p=1
Q31:	|........ ....-... ........ ........| ok p=0.5
Q32:	|........ ........ ........ ........| ok p=1
Q33:	|........ ....!... ........ ........| ok p=1
Q34:	|........ ........ ........ ........| ok p=1
Q35:	|........ ........ ........ ........| ok p=1
Q36:	|........ ........ ........ ........| ok p=1
Q37:	|........ ........ ........ ........| ok p=1
Q38:	|........ ........ ........ ........| ok p=1
Q39:	|........ ........ ........ ........| ok p=1
Q40:	|........ ........ ........ ........| ok p=1
Q41:	|........ ........ ........ ........| ok p=1
Q42:	|........ ........ ........ ........| ok p=1
Q43:	|........ ........ ........ ........| ok p=1
Q44:	|........ ........ ........ ........| ok p=1
Q45:	|........ ........ ........ ........| ok p=1
Q46:	|........ ........ ........ ........| ok p=1
Q47:	|........ ........ ........ ........| ok p=1
Q48:	|........ ........ ........ ........| ok p=1
Q49:	|........ ........ ........ ........| ok p=1
Q50:	|........ ........ ........ ........| ok p=1
Q51:	|........ ........ ........ ........| ok p=1
Q52:	|........ ........ ........ ........| ok p=1
Q53:	|........ ........ ........ ........| ok p=1
Q54:	|........ ........ ........ ........| ok p=1
Q55:	|........ ........ ........ ........| ok p=1
Q56:	|........ ........ ........ ........| ok p=1
Q57:	|........ ........ ........ ........| ok p=1
Q58:	|........ ........ ........ ........| ok p=1
Q59:	|........ ........ ........ ........| ok p=1
Q60:	|..0..... ........ ........ ........| ok p=1
Q61:	|.10..... ........ ........ ........| ok p=0.764648
Q62:	|.1+..... ........ ........ ........| ok p=1
Q63:	|.+-..... ........ ........ ........| ok p=0.623047
Q64:	|..+..... ....--.. ........ ........|
Saving 100000 paths...done.
Autobalance parameters: maxcond=38
Verified: 0 bad out of 181488
Estimating maxcond for upper bound 400000 (=100000 * 4)...
t=23: 0%   10   20   30   40   50   60   70   80   90   100%
      |----|----|----|----|----|----|----|----|----|----|
e     ***************************************************
Found maxcond = 47
t=23: 0%   10   20   30   40   50   60   70   80   90   100%
      |----|----|----|----|----|----|----|----|----|----|
      ***************************************************
Q20:	|+...-... ........ .-.....- ........|
Q21:	|...0.... ..+...1. ........ ..1...1.|
Q22:	|-..1.... ......-. .+...... ..+...-.|
Q23:	|-..+.0.. ..^..... .+...... ........| ok p=0.926758
Q24:	|+....1.. ......^. .-...0.. ..^...^.| ok p=0.927734
Q25:	|+..^.+.. ........ .-...1.. ........| ok p=0.961914
Q26:	|+....... ....0... .1...-.. ........| ok p=0.944336
Q27:	|-....^.. ....1... .0...... ........| ok p=0.461914
Q28:	|-....... ....+... .....^.. ........| ok p=0.516602
Q29:	|1....... ....0... ........ ........| ok p=1
Q30:	|0....... ....-... ........ ........| ok p=1
Q31:	|........ ....-... ........ ........| ok p=0.493164
Q32:	|........ ........ ........ ........| ok p=1
Q33:	|........ ....!... ........ ........| ok p=1
Q34:	|........ ........ ........ ........| ok p=1
Q35:	|........ ........ ........ ........| ok p=1
Q36:	|........ ........ ........ ........| ok p=1
Q37:	|........ ........ ........ ........| ok p=1
Q38:	|........ ........ ........ ........| ok p=1
Q39:	|........ ........ ........ ........| ok p=1
Q40:	|........ ........ ........ ........| ok p=1
Q41:	|........ ........ ........ ........| ok p=1
Q42:	|........ ........ ........ ........| ok p=1
Q43:	|........ ........ ........ ........| ok p=1
Q44:	|........ ........ ........ ........| ok p=1
Q45:	|........ ........ ........ ........| ok p=1
Q46:	|........ ........ ........ ........| ok p=1
Q47:	|........ ........ ........ ........| ok p=1
Q48:	|........ ........ ........ ........| ok p=1
Q49:	|........ ........ ........ ........| ok p=1
Q50:	|........ ........ ........ ........| ok p=1
Q51:	|........ ........ ........ ........| ok p=1
Q52:	|........ ........ ........ ........| ok p=1
Q53:	|........ ........ ........ ........| ok p=1
Q54:	|........ ........ ........ ........| ok p=1
Q55:	|........ ........ ........ ........| ok p=1
Q56:	|........ ........ ........ ........| ok p=1
Q57:	|........ ........ ........ ........| ok p=1
Q58:	|........ ........ ........ ........| ok p=1
Q59:	|........ ........ ........ ........| ok p=1
Q60:	|..0..... ........ ........ ........| ok p=1
Q61:	|.10..... ........ ........ ........| ok p=0.759766
Q62:	|.1+..... ........ ........ ........| ok p=1
Q63:	|.+-..... ........ ........ ........| ok p=0.629883
Q64:	|..+..... ....--.. ........ ........|
Saving 100000 paths...done.
Autobalance parameters: maxcond=46
Verified: 0 bad out of 117290
Estimating maxcond for upper bound 400000 (=100000 * 4)...
t=22: 0%   10   20   30   40   50   60   70   80   90   100%
      |----|----|----|----|----|----|----|----|----|----|
e     ***************************************************
Found maxcond = 55
t=22: 0%   10   20   30   40   50   60   70   80   90   100%
      |----|----|----|----|----|----|----|----|----|----|
      ***************************************************
Q19:	|........ -...+... .+.....+ ....+...|
Q20:	|........ .01...+. ......1- ..-...+.|
Q21:	|...0.... .1+...0. ......-. ..0...0.|
Q22:	|...1.... .-....-. .......^ ..+...-.| ok p=0.947266
Q23:	|...+.0.. ..^..... .0....^. ........| ok p=0.935547
Q24:	|0....1.. .^....^. .1...0.. ..^...^.| ok p=0.969727
Q25:	|...^.+.. ........ .-...1.. ........| ok p=0.501953
Q26:	|+....... ....0... .....-.. ........| ok p=0.930664
Q27:	|+....^.. ....1... .^...... ........| ok p=0.489258
Q28:	|-....... ....+... .....^.. ........| ok p=0.519531
Q29:	|0....... ....0... ........ ........| ok p=1
Q30:	|1....... ....-... ........ ........| ok p=1
Q31:	|........ ....-... ........ ........| ok p=0.506836
Q32:	|........ ........ ........ ........| ok p=1
Q33:	|........ ....!... ........ ........| ok p=1
Q34:	|........ ........ ........ ........| ok p=1
Q35:	|........ ........ ........ ........| ok p=1
Q36:	|........ ........ ........ ........| ok p=1
Q37:	|........ ........ ........ ........| ok p=1
Q38:	|........ ........ ........ ........| ok p=1
Q39:	|........ ........ ........ ........| ok p=1
Q40:	|........ ........ ........ ........| ok p=1
Q41:	|........ ........ ........ ........| ok p=1
Q42:	|........ ........ ........ ........| ok p=1
Q43:	|........ ........ ........ ........| ok p=1
Q44:	|........ ........ ........ ........| ok p=1
Q45:	|........ ........ ........ ........| ok p=1
Q46:	|........ ........ ........ ........| ok p=1
Q47:	|........ ........ ........ ........| ok p=1
Q48:	|........ ........ ........ ........| ok p=1
Q49:	|........ ........ ........ ........| ok p=1
Q50:	|........ ........ ........ ........| ok p=1
Q51:	|........ ........ ........ ........| ok p=1
Q52:	|........ ........ ........ ........| ok p=1
Q53:	|........ ........ ........ ........| ok p=1
Q54:	|........ ........ ........ ........| ok p=1
Q55:	|........ ........ ........ ........| ok p=1
Q56:	|........ ........ ........ ........| ok p=1
Q57:	|........ ........ ........ ........| ok p=1
Q58:	|........ ........ ........ ........| ok p=1
Q59:	|........ ........ ........ ........| ok p=1
Q60:	|..0..... ........ ........ ........| ok p=1
Q61:	|.10..... ........ ........ ........| ok p=0.745117
Q62:	|.1+..... ........ ........ ........| ok p=1
Q63:	|.+-..... ........ ........ ........| ok p=0.600586
Q64:	|..+..... ....--.. ........ ........|
Saving 100000 paths...done.
Autobalance parameters: maxcond=54
Verified: 0 bad out of 168173
Estimating maxcond for upper bound 400000 (=100000 * 4)...
t=21: 0%   10   20   30   40   50   60   70   80   90   100%
      |----|----|----|----|----|----|----|----|----|----|
e     ***************************************************
Found maxcond = 66
t=21: 0%   10   20   30   40   50   60   70   80   90   100%
      |----|----|----|----|----|----|----|----|----|----|
      ***************************************************
Q18:	|...+...- ..+..... ...-...+ .......+|
Q19:	|........ ..-.+... .+....0+ ....-...|
Q20:	|........ .10...0. ......1- ..0...0.|
Q21:	|...0.... .1-.^.1. .^....-1 ..1.^.1.| ok p=0.888672
Q22:	|...1.... .-....+. .......^ ..+...-.| ok p=0.955078
Q23:	|...+.0.. ..^..... .0....^. ........| ok p=0.948242
Q24:	|0....1.. .^....^. .1...0.. ..^...^.| ok p=0.969727
Q25:	|...^.-.. ........ .-...1.. ........| ok p=0.50293
Q26:	|+....... ....0... .....-.. ........| ok p=0.9375
Q27:	|+....^.. ....1... .^...... ........| ok p=0.500977
Q28:	|-....... ....+... .....^.. ........| ok p=0.482422
Q29:	|0....... ....0... ........ ........| ok p=1
Q30:	|1....... ....-... ........ ........| ok p=1
Q31:	|........ ....-... ........ ........| ok p=0.506836
Q32:	|........ ........ ........ ........| ok p=1
Q33:	|........ ....!... ........ ........| ok p=1
Q34:	|........ ........ ........ ........| ok p=1
Q35:	|........ ........ ........ ........| ok p=1
Q36:	|........ ........ ........ ........| ok p=1
Q37:	|........ ........ ........ ........| ok p=1
Q38:	|........ ........ ........ ........| ok p=1
Q39:	|........ ........ ........ ........| ok p=1
Q40:	|........ ........ ........ ........| ok p=1
Q41:	|........ ........ ........ ........| ok p=1
Q42:	|........ ........ ........ ........| ok p=1
Q43:	|........ ........ ........ ........| ok p=1
Q44:	|........ ........ ........ ........| ok p=1
Q45:	|........ ........ ........ ........| ok p=1
Q46:	|........ ........ ........ ........| ok p=1
Q47:	|........ ........ ........ ........| ok p=1
Q48:	|........ ........ ........ ........| ok p=1
Q49:	|........ ........ ........ ........| ok p=1
Q50:	|........ ........ ........ ........| ok p=1
Q51:	|........ ........ ........ ........| ok p=1
Q52:	|........ ........ ........ ........| ok p=1
Q53:	|........ ........ ........ ........| ok p=1
Q54:	|........ ........ ........ ........| ok p=1
Q55:	|........ ........ ........ ........| ok p=1
Q56:	|........ ........ ........ ........| ok p=1
Q57:	|........ ........ ........ ........| ok p=1
Q58:	|........ ........ ........ ........| ok p=1
Q59:	|........ ........ ........ ........| ok p=1
Q60:	|..0..... ........ ........ ........| ok p=1
Q61:	|.10..... ........ ........ ........| ok p=0.772461
Q62:	|.1+..... ........ ........ ........| ok p=1
Q63:	|.+-..... ........ ........ ........| ok p=0.62207
Q64:	|..+..... ....--.. ........ ........|
Saving 100000 paths...done.
Autobalance parameters: maxcond=65
Verified: 0 bad out of 110426
Runtime: 10.9789
Extend MD5 differential paths backward
Copyright (C) 2009 Marc Stevens
http://homepages.cwi.nl/~stevens/

delta_m[11] = [!19!]
Loading workdir7/paths21_0of1...done: 100000 (work:100000).
Estimating maxcond for upper bound 65536 (=16384 * 4)...
t=20: 0%   10   20   30   40   50   60   70   80   90   100%
      |----|----|----|----|----|----|----|----|----|----|
e     ***************************************************
Found maxcond = 78
t=20: 0%   10   20   30   40   50   60   70   80   90   100%
      |----|----|----|----|----|----|----|----|----|----|
      ***************************************************
Q17:	|........ .......+ .......+ ....-...|
Q18:	|...+.... -...1... .1.+.... ....1..+|
Q19:	|........ -.0.+... .+....0- ....+...|
Q20:	|...^.... 001...0. ...^..1- ..0...0^| ok p=1
Q21:	|...0.... 11+.^.1. .^....-1 ..1.^.1.| ok p=0.892578
Q22:	|...1.... .+....-. .......^ ..+...-.| ok p=0.949219
Q23:	|...+.0.. ..^..... .0....^. ........| ok p=0.936523
Q24:	|0....1.. .^....^. .1...0.. ..^...^.| ok p=0.957031
Q25:	|...^.+.. ........ .-...1.. ........| ok p=0.530273
Q26:	|-....... ....0... .....-.. ........| ok p=0.945312
Q27:	|-....^.. ....1... .^...... ........| ok p=0.489258
Q28:	|+....... ....+... .....^.. ........| ok p=0.488281
Q29:	|0....... ....0... ........ ........| ok p=1
Q30:	|1....... ....-... ........ ........| ok p=1
Q31:	|........ ....-... ........ ........| ok p=0.485352
Q32:	|........ ........ ........ ........| ok p=1
Q33:	|........ ....!... ........ ........| ok p=1
Q34:	|........ ........ ........ ........| ok p=1
Q35:	|........ ........ ........ ........| ok p=1
Q36:	|........ ........ ........ ........| ok p=1
Q37:	|........ ........ ........ ........| ok p=1
Q38:	|........ ........ ........ ........| ok p=1
Q39:	|........ ........ ........ ........| ok p=1
Q40:	|........ ........ ........ ........| ok p=1
Q41:	|........ ........ ........ ........| ok p=1
Q42:	|........ ........ ........ ........| ok p=1
Q43:	|........ ........ ........ ........| ok p=1
Q44:	|........ ........ ........ ........| ok p=1
Q45:	|........ ........ ........ ........| ok p=1
Q46:	|........ ........ ........ ........| ok p=1
Q47:	|........ ........ ........ ........| ok p=1
Q48:	|........ ........ ........ ........| ok p=1
Q49:	|........ ........ ........ ........| ok p=1
Q50:	|........ ........ ........ ........| ok p=1
Q51:	|........ ........ ........ ........| ok p=1
Q52:	|........ ........ ........ ........| ok p=1
Q53:	|........ ........ ........ ........| ok p=1
Q54:	|........ ........ ........ ........| ok p=1
Q55:	|........ ........ ........ ........| ok p=1
Q56:	|........ ........ ........ ........| ok p=1
Q57:	|........ ........ ........ ........| ok p=1
Q58:	|........ ........ ........ ........| ok p=1
Q59:	|........ ........ ........ ........| ok p=1
Q60:	|..0..... ........ ........ ........| ok p=1
Q61:	|.10..... ........ ........ ........| ok p=0.74707
Q62:	|.1+..... ........ ........ ........| ok p=1
Q63:	|.+-..... ........ ........ ........| ok p=0.607422
Q64:	|..+..... ....--.. ........ ........|
Saving 16384 paths...done.
Autobalance parameters: maxcond=77
Verified: 0 bad out of 17693
Runtime: 3.0797
Extend MD5 differential paths backward
Copyright (C) 2009 Marc Stevens
http://homepages.cwi.nl/~stevens/

delta_m[11] = [!19!]
Loading workdir7/paths20_0of1...done: 16384 (work:16384).
Estimating maxcond for upper bound 2000000 (=500000 * 4)...
t=19: 0%   10   20   30   40   50   60   70   80   90   100%
      |----|----|----|----|----|----|----|----|----|----|
e     ***************************************************
Found maxcond = 89
t=19: 0%   10   20   30   40   50   60   70   80   90   100%
      |----|----|----|----|----|----|----|----|----|----|
      ***************************************************
Q16:	|+....-.. ..-..... +......- ....+..-|
Q17:	|...1...1 ..+.-... .0.1.... .......1|
Q18:	|...+...- ..+.0... .1.-...+ ....-..+|
Q19:	|........ ..-.+... .+....0+ ....-...| ok p=0.512695
Q20:	|...^...^ .1-...0. ...^..1- ..0.1.0^| ok p=1
Q21:	|...0.... .1-.^.1. .^....-1 ..1.0.1.| ok p=0.860352
Q22:	|...1.... .-1...+. .......^ ..+...-.| ok p=0.945312
Q23:	|...+.0.. ..0..... .0....^. ........| ok p=0.930664
Q24:	|0....1.. .^....^. .1...0.. ..^...^.| ok p=0.962891
Q25:	|...^.-.. ........ .-...1.. ........| ok p=0.5
Q26:	|-....... ....0... .....-.. ........| ok p=0.936523
Q27:	|-....^.. ....1... .^...... ........| ok p=0.49707
Q28:	|+....... ....+... .....^.. ........| ok p=0.490234
Q29:	|0....... ....0... ........ ........| ok p=1
Q30:	|1....... ....-... ........ ........| ok p=1
Q31:	|........ ....-... ........ ........| ok p=0.486328
Q32:	|........ ........ ........ ........| ok p=1
Q33:	|........ ....!... ........ ........| ok p=1
Q34:	|........ ........ ........ ........| ok p=1
Q35:	|........ ........ ........ ........| ok p=1
Q36:	|........ ........ ........ ........| ok p=1
Q37:	|........ ........ ........ ........| ok p=1
Q38:	|........ ........ ........ ........| ok p=1
Q39:	|........ ........ ........ ........| ok p=1
Q40:	|........ ........ ........ ........| ok p=1
Q41:	|........ ........ ........ ........| ok p=1
Q42:	|........ ........ ........ ........| ok p=1
Q43:	|........ ........ ........ ........| ok p=1
Q44:	|........ ........ ........ ........| ok p=1
Q45:	|........ ........ ........ ........| ok p=1
Q46:	|........ ........ ........ ........| ok p=1
Q47:	|........ ........ ........ ........| ok p=1
Q48:	|........ ........ ........ ........| ok p=1
Q49:	|........ ........ ........ ........| ok p=1
Q50:	|........ ........ ........ ........| ok p=1
Q51:	|........ ........ ........ ........| ok p=1
Q52:	|........ ........ ........ ........| ok p=1
Q53:	|........ ........ ........ ........| ok p=1
Q54:	|........ ........ ........ ........| ok p=1
Q55:	|........ ........ ........ ........| ok p=1
Q56:	|........ ........ ........ ........| ok p=1
Q57:	|........ ........ ........ ........| ok p=1
Q58:	|........ ........ ........ ........| ok p=1
Q59:	|........ ........ ........ ........| ok p=1
Q60:	|..0..... ........ ........ ........| ok p=1
Q61:	|.10..... ........ ........ ........| ok p=0.758789
Q62:	|.1+..... ........ ........ ........| ok p=1
Q63:	|.+-..... ........ ........ ........| ok p=0.613281
Q64:	|..+..... ....--.. ........ ........|
Saving 500000 paths...done.
Autobalance parameters: maxcond=88
Verified: 0 bad out of 833970
Estimating maxcond for upper bound 2000000 (=500000 * 4)...
t=18: 0%   10   20   30   40   50   60   70   80   90   100%
      |----|----|----|----|----|----|----|----|----|----|
e     ***************************************************
Found maxcond = 100
t=18: 0%   10   20   30   40   50   60   70   80   90   100%
      |----|----|----|----|----|----|----|----|----|----|
      ***************************************************
Q15:	|.+.....+ .-.-.+.. .-...+.- ..+.....|
Q16:	|+..-..-- ..-..... .+.0...- .......-|
Q17:	|...0...0 ..+.0... .1.1...0 ....0..1|
Q18:	|^..+..^- ..+.1... .1.-...+ ....0..+| ok p=0.680664
Q19:	|........ ..-.+... .+....0+ ....-...| ok p=0.485352
Q20:	|...^...^ .1-...0. ...^..1- ..0...0^| ok p=1
Q21:	|...0.... .1-.^.1. .^....-1 ..1.^.1.| ok p=0.899414
Q22:	|...1.... .-1...+. .......^ ..+...-.| ok p=0.946289
Q23:	|...+.0.. ..0..... .0....^. ........| ok p=0.930664
Q24:	|0....1.. .^....^. .1...0.. ..^...^.| ok p=0.969727
Q25:	|...^.-.. ........ .-...1.. ........| ok p=0.539062
Q26:	|-....... ....0... .....-.. ........| ok p=0.931641
Q27:	|-....^.. ....1... .^...... ........| ok p=0.49707
Q28:	|+....... ....+... .....^.. ........| ok p=0.49707
Q29:	|0....... ....0... ........ ........| ok p=1
Q30:	|1....... ....-... ........ ........| ok p=1
Q31:	|........ ....-... ........ ........| ok p=0.488281
Q32:	|........ ........ ........ ........| ok p=1
Q33:	|........ ....!... ........ ........| ok p=1
Q34:	|........ ........ ........ ........| ok p=1
Q35:	|........ ........ ........ ........| ok p=1
Q36:	|........ ........ ........ ........| ok p=1
Q37:	|........ ........ ........ ........| ok p=1
Q38:	|........ ........ ........ ........| ok p=1
Q39:	|........ ........ ........ ........| ok p=1
Q40:	|........ ........ ........ ........| ok p=1
Q41:	|........ ........ ........ ........| ok p=1
Q42:	|........ ........ ........ ........| ok p=1
Q43:	|........ ........ ........ ........| ok p=1
Q44:	|........ ........ ........ ........| ok p=1
Q45:	|........ ........ ........ ........| ok p=1
Q46:	|........ ........ ........ ........| ok p=1
Q47:	|........ ........ ........ ........| ok p=1
Q48:	|........ ........ ........ ........| ok p=1
Q49:	|........ ........ ........ ........| ok p=1
Q50:	|........ ........ ........ ........| ok p=1
Q51:	|........ ........ ........ ........| ok p=1
Q52:	|........ ........ ........ ........| ok p=1
Q53:	|........ ........ ........ ........| ok p=1
Q54:	|........ ........ ........ ........| ok p=1
Q55:	|........ ........ ........ ........| ok p=1
Q56:	|........ ........ ........ ........| ok p=1
Q57:	|........ ........ ........ ........| ok p=1
Q58:	|........ ........ ........ ........| ok p=1
Q59:	|........ ........ ........ ........| ok p=1
Q60:	|..0..... ........ ........ ........| ok p=1
Q61:	|.10..... ........ ........ ........| ok p=0.746094
Q62:	|.1+..... ........ ........ ........| ok p=1
Q63:	|.+-..... ........ ........ ........| ok p=0.633789
Q64:	|..+..... ....--.. ........ ........|
Saving 500000 paths...done.
Autobalance parameters: maxcond=99
Verified: 0 bad out of 535255
Estimating maxcond for upper bound 2000000 (=500000 * 4)...
t=17: 0%   10   20   30   40   50   60   70   80   90   100%
      |----|----|----|----|----|----|----|----|----|----|
e     ***************************************************
Found maxcond = 116
t=17: 0%   10   20   30   40   50   60   70   80   90   100%
      |----|----|----|----|----|----|----|----|----|----|
      ***************************************************
Q14:	|+....... +..-.... -...+... ....-...|
Q15:	|1+...1.. .-1.--.. .-....+1 ........|
Q16:	|-..0.-.0 ..-.-... .+.0...- .......1|
Q17:	|.^.1...1 .^+.-^.. .1.1..^1 ....0..1| ok p=0.408203
Q18:	|^..+.^.- ..+.+... .1.-...+ ....0..+| ok p=0.697266
Q19:	|........ ..-.+... .+....0+ ....-...| ok p=0.348633
Q20:	|...^...^ .1-.1.0. ...^..1- ..0...0^| ok p=1
Q21:	|...0.... .1-.0.1. .^....-1 ..1.^.1.| ok p=0.875
Q22:	|...1.... .-1...+. .......^ ..+...-.| ok p=0.943359
Q23:	|...+.0.. ..0..... .0....^. ........| ok p=0.927734
Q24:	|0....1.. .^....^. .1...0.. ..^...^.| ok p=0.964844
Q25:	|...^.-.. ........ .-...1.. ........| ok p=0.50293
Q26:	|+....... ....0... .....-.. ........| ok p=0.939453
Q27:	|+....^.. ....1... .^...... ........| ok p=0.521484
Q28:	|-....... ....+... .....^.. ........| ok p=0.503906
Q29:	|0....... ....0... ........ ........| ok p=1
Q30:	|1....... ....-... ........ ........| ok p=1
Q31:	|........ ....-... ........ ........| ok p=0.496094
Q32:	|........ ........ ........ ........| ok p=1
Q33:	|........ ....!... ........ ........| ok p=1
Q34:	|........ ........ ........ ........| ok p=1
Q35:	|........ ........ ........ ........| ok p=1
Q36:	|........ ........ ........ ........| ok p=1
Q37:	|........ ........ ........ ........| ok p=1
Q38:	|........ ........ ........ ........| ok p=1
Q39:	|........ ........ ........ ........| ok p=1
Q40:	|........ ........ ........ ........| ok p=1
Q41:	|........ ........ ........ ........| ok p=1
Q42:	|........ ........ ........ ........| ok p=1
Q43:	|........ ........ ........ ........| ok p=1
Q44:	|........ ........ ........ ........| ok p=1
Q45:	|........ ........ ........ ........| ok p=1
Q46:	|........ ........ ........ ........| ok p=1
Q47:	|........ ........ ........ ........| ok p=1
Q48:	|........ ........ ........ ........| ok p=1
Q49:	|........ ........ ........ ........| ok p=1
Q50:	|........ ........ ........ ........| ok p=1
Q51:	|........ ........ ........ ........| ok p=1
Q52:	|........ ........ ........ ........| ok p=1
Q53:	|........ ........ ........ ........| ok p=1
Q54:	|........ ........ ........ ........| ok p=1
Q55:	|........ ........ ........ ........| ok p=1
Q56:	|........ ........ ........ ........| ok p=1
Q57:	|........ ........ ........ ........| ok p=1
Q58:	|........ ........ ........ ........| ok p=1
Q59:	|........ ........ ........ ........| ok p=1
Q60:	|..0..... ........ ........ ........| ok p=1
Q61:	|.10..... ........ ........ ........| ok p=0.742188
Q62:	|.1+..... ........ ........ ........| ok p=1
Q63:	|.+-..... ........ ........ ........| ok p=0.617188
Q64:	|..+..... ....--.. ........ ........|
Saving 500000 paths...done.
Autobalance parameters: maxcond=115
Verified: 0 bad out of 717383
Estimating maxcond for upper bound 2000000 (=500000 * 4)...
t=16: 0%   10   20   30   40   50   60   70   80   90   100%
      |----|----|----|----|----|----|----|----|----|----|
e     ***************************************************
Found maxcond = 128
t=16: 0%   10   20   30   40   50   60   70   80   90   100%
      |----|----|----|----|----|----|----|----|----|----|
      ***************************************************
Q13:	|.+...... -..+..-. -..+..-. ....-...|
Q14:	|+1...+.. ...0.+.. .-...... -.1.+...|
Q15:	|0-...1.. +..+.+.- .-...... ..+.0...|
Q16:	|+..0.-.. +..-.0.- .+.0.... ^...1..1| ok p=0.335938
Q17:	|.^.1.... 1..101.+ .1.1.... ..^.-..1| ok p=0.873047
Q18:	|^..+.^.. -..^1..0 .1.+...0 ....1..+| ok p=0.726562
Q19:	|........ -.0.+..^ .+....00 ....+...| ok p=0.484375
Q20:	|...^.... 001...0. ...^..0- ..0...0^| ok p=1
Q21:	|...0.... 11+.^.1. .^....-1 ..1.^.1.| ok p=1
Q22:	|...1.... .+....-. .......0 ..+...-.| ok p=0.945312
Q23:	|...+.0.. ..^..... .0....^. ........| ok p=0.94043
Q24:	|0....1.. .^....^. .1...0.. ..^...^.| ok p=0.974609
Q25:	|...^.+.. ........ .-...1.. ........| ok p=0.494141
Q26:	|-....... ....0... .....-.. ........| ok p=0.925781
Q27:	|-....^.. ....1... .^...... ........| ok p=0.501953
Q28:	|+....... ....+... .....^.. ........| ok p=0.518555
Q29:	|0....... ....0... ........ ........| ok p=1
Q30:	|1....... ....-... ........ ........| ok p=1
Q31:	|........ ....-... ........ ........| ok p=0.491211
Q32:	|........ ........ ........ ........| ok p=1
Q33:	|........ ....!... ........ ........| ok p=1
Q34:	|........ ........ ........ ........| ok p=1
Q35:	|........ ........ ........ ........| ok p=1
Q36:	|........ ........ ........ ........| ok p=1
Q37:	|........ ........ ........ ........| ok p=1
Q38:	|........ ........ ........ ........| ok p=1
Q39:	|........ ........ ........ ........| ok p=1
Q40:	|........ ........ ........ ........| ok p=1
Q41:	|........ ........ ........ ........| ok p=1
Q42:	|........ ........ ........ ........| ok p=1
Q43:	|........ ........ ........ ........| ok p=1
Q44:	|........ ........ ........ ........| ok p=1
Q45:	|........ ........ ........ ........| ok p=1
Q46:	|........ ........ ........ ........| ok p=1
Q47:	|........ ........ ........ ........| ok p=1
Q48:	|........ ........ ........ ........| ok p=1
Q49:	|........ ........ ........ ........| ok p=1
Q50:	|........ ........ ........ ........| ok p=1
Q51:	|........ ........ ........ ........| ok p=1
Q52:	|........ ........ ........ ........| ok p=1
Q53:	|........ ........ ........ ........| ok p=1
Q54:	|........ ........ ........ ........| ok p=1
Q55:	|........ ........ ........ ........| ok p=1
Q56:	|........ ........ ........ ........| ok p=1
Q57:	|........ ........ ........ ........| ok p=1
Q58:	|........ ........ ........ ........| ok p=1
Q59:	|........ ........ ........ ........| ok p=1
Q60:	|..0..... ........ ........ ........| ok p=1
Q61:	|.10..... ........ ........ ........| ok p=0.724609
Q62:	|.1+..... ........ ........ ........| ok p=1
Q63:	|.+-..... ........ ........ ........| ok p=0.599609
Q64:	|..+..... ....--.. ........ ........|
Saving 500000 paths...done.
Autobalance parameters: maxcond=127
Verified: 256 bad out of 736447
Runtime: 36.6684
