Connect MD5 differential paths
Copyright (C) 2009 Marc Stevens
http://homepages.cwi.nl/~stevens/

delta_m[11] = [!19!]
Loading workdir7/paths16_0of1.bin.gz...done: 500000.
Loading workdir7/paths11_0of1.bin.gz...done: 500000.
t=12: 0%   10   20   30   40   50   60   70   80   90   100%
      |----|----|----|----|----|----|----|----|----|----|
      *Q-3:	|11000101 01101110 00010110 11011010|
Q-2:	|10-00001 10101100 11010000 01110+-0|
Q-1:	|-++00101 10101101 10101111 000111+0|
Q0:	|0-+000-+ 010+1-11 11000000 100010+0| ok p=1
Q1:	|11-...1- ...0++.. .0....+. ...0.+-.| ok p=0.723633
Q2:	|-0+...1- ...-0-.. .0....-. ...-.+-.| ok p=1
Q3:	|+.+....- ...1-0.. !+....-. ...+.+-.| ok p=1
Q4:	|-1+..... ..!+10.. .-....1. ..0+.+-^| ok p=1
Q5:	|-0+....0 ...+1... .-....+. ..1+...+| ok p=1
Q6:	|0++..... .00-.... ....!^-. ..-+.100| ok p=1
Q7:	|0++..... .10-1..! .0...-1. .01....1| ok p=1
Q8:	|10-..... .++-0..0 .....00. .1-0....| ok p=1
Q9:	|.11..... .0++...0 1...11.. 1++.....| ok p=1
Q10:	|01001101 01+-.01+ 11..0+01 1++10.0.| ok p=1
Q11:	|10011011 001+010+ +0^.+-11 +1.00^1^| ok p=1
Q12:	|----+--- ----1--1 -+-^11++ -+0-++++| ok p=1
Q13:	|+-+---++ ++-+-+1+ 1+0+-+0- +00++011| ok p=1
Q14:	|-11.1+00 00.10+01 01001010 1-0--111| ok p=1
Q15:	|0-010100 +10+1+.0 -0.100.1 01+1+...| ok p=0.368164
Q16:	|-..0.-.. +..-.0.. --.0.... .0.10..1| ok p=0.405273
Q17:	|.^.1.... 1..101.. ++.1.... ..^.-..1| ok p=0.874023
Q18:	|^..+.^.. -..11... 10.+...0 ....1..+| ok p=0.703125
Q19:	|........ -.0.+... 1+....00 ....+...| ok p=0.475586
Q20:	|...^.... 001...0. ...^..0- ..0...0^| ok p=1
Q21:	|...0.... 11+.^.1. .^....-1 ..1.^.1.| ok p=1
Q22:	|...1.... .+....-. .......0 ..+...-.| ok p=0.953125
Q23:	|...+.0.. ..^..... .0....^. ........| ok p=0.958984
Q24:	|0....1.. .^....^. .1...0.. ..^...^.| ok p=0.966797
Q25:	|...^.+.. ........ .-...1.. ........| ok p=0.543945
Q26:	|-....... ....0... .....-.. ........| ok p=0.927734
Q27:	|-....^.. ....1... .^...... ........| ok p=0.512695
Q28:	|+....... ....+... .....^.. ........| ok p=0.513672
Q29:	|0....... ....0... ........ ........| ok p=1
Q30:	|1....... ....-... ........ ........| ok p=1
Q31:	|........ ....-... ........ ........| ok p=0.520508
Q32:	|........ ........ ........ ........| ok p=1
Q33:	|........ ....!... ........ ........| ok p=1
Q34:	|........ ........ ........ ........| ok p=1
Q35:	|........ ........ ........ ........| ok p=1
Q36:	|........ ........ ........ ........| ok p=1
Q37:	|........ ........ ........ ........| ok p=1
Q38:	|........ ........ ........ ........| ok p=1
Q39:	|........ ........ ........ ........| ok p=1
Q40:	|........ ........ ........ ........| ok p=1
Q41:	|........ ........ ........ ........| ok p=1
Q42:	|........ ........ ........ ........| ok p=1
Q43:	|........ ........ ........ ........| ok p=1
Q44:	|........ ........ ........ ........| ok p=1
Q45:	|........ ........ ........ ........| ok p=1
Q46:	|........ ........ ........ ........| ok p=1
Q47:	|........ ........ ........ ........| ok p=1
Q48:	|........ ........ ........ ........| ok p=1
Q49:	|........ ........ ........ ........| ok p=1
Q50:	|........ ........ ........ ........| ok p=1
Q51:	|........ ........ ........ ........| ok p=1
Q52:	|........ ........ ........ ........| ok p=1
Q53:	|........ ........ ........ ........| ok p=1
Q54:	|........ ........ ........ ........| ok p=1
Q55:	|........ ........ ........ ........| ok p=1
Q56:	|........ ........ ........ ........| ok p=1
Q57:	|........ ........ ........ ........| ok p=1
Q58:	|........ ........ ........ ........| ok p=1
Q59:	|........ ........ ........ ........| ok p=1
Q60:	|..0..... ........ ........ ........| ok p=1
Q61:	|.10..... ........ ........ ........| ok p=0.760742
Q62:	|.1+..... ........ ........ ........| ok p=1
Q63:	|.+-..... ........ ........ ........| ok p=0.608398
Q64:	|..+..... ....--.. ........ ........|
Best path: totcompl=-19 tottunnel=39, totcond=538, p=0.000939632
Best paths: 2
Best paths: 4
Q-3:	|11000101 01101110 00010110 11011010|
Q-2:	|10-00001 10101100 11010000 01110+-0|
Q-1:	|-++00101 10101101 10101111 000111+0|
Q0:	|0-+000-+ 010+1-11 11000000 100010+0| ok p=1
Q1:	|11-...1- ...0++.. .0....+. ...0.+-.| ok p=0.738281
Q2:	|-0+...1- ...-0-.. .0....-. ...-.+-.| ok p=1
Q3:	|+.+....- ...1-0.! .+....-. ...+.+-.| ok p=1
Q4:	|-1+..... ..!+10.. .-....1. ..0+.+-^| ok p=1
Q5:	|-0+....0 ...+1... .-....+. ..1+...+| ok p=1
Q6:	|0++..... .00-.... ....!^-. ..-+.100| ok p=1
Q7:	|0++..... .10-1..! .0...-1. .01....1| ok p=1
Q8:	|10-..... .++-0..0 .....00. .1-0....| ok p=1
Q9:	|.11..... .0++...0 1...11.. 1++.....| ok p=1
Q10:	|01001101 01+-.10+ 11..0+01 1++10.0.| ok p=1
Q11:	|10011011 001+011+ +0^.+-11 +1.00^1^| ok p=1
Q12:	|----+--- ----1--1 -+-^11++ -+0-++++| ok p=1
Q13:	|+-+---++ ++-+-+1+ 1+0+-+0- +00++011| ok p=1
Q14:	|-11.1+00 00.10+01 01001001 1-0--111| ok p=1
Q15:	|0-010100 +10+1+.0 -0.100.1 01+1+...| ok p=0.37207
Q16:	|-..0.-.. +..-.0.. --.0.... .0.10..1| ok p=0.402344
Q17:	|.^.1.... 1..101.. ++.1.... ..^.-..1| ok p=0.866211
Q18:	|^..+.^.. -..11... 10.+...0 ....1..+| ok p=0.681641
Q19:	|........ -.0.+... 1+....00 ....+...| ok p=0.476562
Q20:	|...^.... 001...0. ...^..0- ..0...0^| ok p=1
Q21:	|...0.... 11+.^.1. .^....-1 ..1.^.1.| ok p=1
Q22:	|...1.... .+....-. .......0 ..+...-.| ok p=0.94043
Q23:	|...+.0.. ..^..... .0....^. ........| ok p=0.958008
Q24:	|0....1.. .^....^. .1...0.. ..^...^.| ok p=0.977539
Q25:	|...^.+.. ........ .-...1.. ........| ok p=0.507812
Q26:	|-....... ....0... .....-.. ........| ok p=0.943359
Q27:	|-....^.. ....1... .^...... ........| ok p=0.485352
Q28:	|+....... ....+... .....^.. ........| ok p=0.501953
Q29:	|0....... ....0... ........ ........| ok p=1
Q30:	|1....... ....-... ........ ........| ok p=1
Q31:	|........ ....-... ........ ........| ok p=0.50293
Q32:	|........ ........ ........ ........| ok p=1
Q33:	|........ ....!... ........ ........| ok p=1
Q34:	|........ ........ ........ ........| ok p=1
Q35:	|........ ........ ........ ........| ok p=1
Q36:	|........ ........ ........ ........| ok p=1
Q37:	|........ ........ ........ ........| ok p=1
Q38:	|........ ........ ........ ........| ok p=1
Q39:	|........ ........ ........ ........| ok p=1
Q40:	|........ ........ ........ ........| ok p=1
Q41:	|........ ........ ........ ........| ok p=1
Q42:	|........ ........ ........ ........| ok p=1
Q43:	|........ ........ ........ ........| ok p=1
Q44:	|........ ........ ........ ........| ok p=1
Q45:	|........ ........ ........ ........| ok p=1
Q46:	|........ ........ ........ ........| ok p=1
Q47:	|........ ........ ........ ........| ok p=1
Q48:	|........ ........ ........ ........| ok p=1
Q49:	|........ ........ ........ ........| ok p=1
Q50:	|........ ........ ........ ........| ok p=1
Q51:	|........ ........ ........ ........| ok p=1
Q52:	|........ ........ ........ ........| ok p=1
Q53:	|........ ........ ........ ........| ok p=1
Q54:	|........ ........ ........ ........| ok p=1
Q55:	|........ ........ ........ ........| ok p=1
Q56:	|........ ........ ........ ........| ok p=1
Q57:	|........ ........ ........ ........| ok p=1
Q58:	|........ ........ ........ ........| ok p=1
Q59:	|........ ........ ........ ........| ok p=1
Q60:	|..0..... ........ ........ ........| ok p=1
Q61:	|.10..... ........ ........ ........| ok p=0.75293
Q62:	|.1+..... ........ ........ ........| ok p=1
Q63:	|.+-..... ........ ........ ........| ok p=0.625977
Q64:	|..+..... ....--.. ........ ........|
Best path: totcompl=-18 tottunnel=40, totcond=538, p=0.00085465
Q-3:	|11000101 01101110 00010110 11011010|
Q-2:	|10-00001 10101100 11010000 01110+-0|
Q-1:	|-++00101 10101101 10101111 000111+0|
Q0:	|0-+000-+ 010+1-11 11000000 100010+0| ok p=1
Q1:	|11-...1- ...0++.. .0....+. ...0.+-.| ok p=0.75
Q2:	|-0+...1- ...-0-.. .0....-. ...-.+-.| ok p=1
Q3:	|+.+....- ...1-0.. !+....-. ...+.+-.| ok p=1
Q4:	|-1+..... ..!+10.. .-....1. ...+.+-^| ok p=1
Q5:	|+0+0...0 ...+1... .-....+. ..!+...+| ok p=1
Q6:	|+-+1...1 ..^-.... ....!^-. ...-.100| ok p=1
Q7:	|+0-0...1 ..++1..! .1...-1. 1.11...0| ok p=1
Q8:	|10-1...+ 1.110... .....00. 1.0-....| ok p=1
Q9:	|0...0..+ 0.-0.... 1....0.. +.-1....| ok p=1
Q10:	|.!0.010+ -01.1..1 010.!-.0 +0-00...| ok p=1
Q11:	|0.1.-111 10+^00.0 +11001.1 -0011^^^| ok p=1
Q12:	|0.0^+++- ----+1^+ -++111^+ +-0+++++| ok p=1
Q13:	|+1----++ ++-1++-0 1----++- 1++00011| ok p=1
Q14:	|11000+.0 00.1+001 0-101110 -00+1001| ok p=1
Q15:	|++011101 +10+.+1- 0-010001 11+11...| ok p=0.244141
Q16:	|+..0.-.. +..-^..- .+.0.... 0..11..1| ok p=0.536133
Q17:	|0^.1.... 1..10^.+ .1.1.... ..^.-..1| ok p=0.882812
Q18:	|0..+.^.. -..11..0 .1.+...0 ....1..+| ok p=0.678711
Q19:	|........ -.0.+..0 .+....00 ....+...| ok p=0.508789
Q20:	|...^.... 001...0. ...^..1- ..0...0^| ok p=1
Q21:	|...0.... 11+.^.1. .^....-0 ..1.^.1.| ok p=1
Q22:	|...1.... .+....-. .......1 ..+...-.| ok p=0.961914
Q23:	|...+.0.. ..^..... .0....^. ........| ok p=0.926758
Q24:	|0....1.. .^....^. .1...0.. ..^...^.| ok p=0.967773
Q25:	|...^.+.. ........ .-...1.. ........| ok p=0.516602
Q26:	|+....... ....0... .....-.. ........| ok p=0.933594
Q27:	|+....^.. ....1... .^...... ........| ok p=0.508789
Q28:	|-....... ....+... .....^.. ........| ok p=0.496094
Q29:	|0....... ....0... ........ ........| ok p=1
Q30:	|1....... ....-... ........ ........| ok p=1
Q31:	|........ ....-... ........ ........| ok p=0.494141
Q32:	|........ ........ ........ ........| ok p=1
Q33:	|........ ....!... ........ ........| ok p=1
Q34:	|........ ........ ........ ........| ok p=1
Q35:	|........ ........ ........ ........| ok p=1
Q36:	|........ ........ ........ ........| ok p=1
Q37:	|........ ........ ........ ........| ok p=1
Q38:	|........ ........ ........ ........| ok p=1
Q39:	|........ ........ ........ ........| ok p=1
Q40:	|........ ........ ........ ........| ok p=1
Q41:	|........ ........ ........ ........| ok p=1
Q42:	|........ ........ ........ ........| ok p=1
Q43:	|........ ........ ........ ........| ok p=1
Q44:	|........ ........ ........ ........| ok p=1
Q45:	|........ ........ ........ ........| ok p=1
Q46:	|........ ........ ........ ........| ok p=1
Q47:	|........ ........ ........ ........| ok p=1
Q48:	|........ ........ ........ ........| ok p=1
Q49:	|........ ........ ........ ........| ok p=1
Q50:	|........ ........ ........ ........| ok p=1
Q51:	|........ ........ ........ ........| ok p=1
Q52:	|........ ........ ........ ........| ok p=1
Q53:	|........ ........ ........ ........| ok p=1
Q54:	|........ ........ ........ ........| ok p=1
Q55:	|........ ........ ........ ........| ok p=1
Q56:	|........ ........ ........ ........| ok p=1
Q57:	|........ ........ ........ ........| ok p=1
Q58:	|........ ........ ........ ........| ok p=1
Q59:	|........ ........ ........ ........| ok p=1
Q60:	|..0..... ........ ........ ........| ok p=1
Q61:	|.10..... ........ ........ ........| ok p=0.74707
Q62:	|.1+..... ........ ........ ........| ok p=1
Q63:	|.+-..... ........ ........ ........| ok p=0.663086
Q64:	|..+..... ....--.. ........ ........|
Best path: totcompl=-18 tottunnel=40, totcond=535, p=0.00071825
Best paths: 2
Q-3:	|11000101 01101110 00010110 11011010|
Q-2:	|10-00001 10101100 11010000 01110+-0|
Q-1:	|-++00101 10101101 10101111 000111+0|
Q0:	|0-+000-+ 010+1-11 11000000 100010+0| ok p=1
Q1:	|11-...1- ...0++.. .0....+. ...0.+-.| ok p=0.748047
Q2:	|-0+...1- ...-0-.. .0....-. ...-.+-.| ok p=1
Q3:	|+.+....- ...1-0.! .+....-. ...+.+-.| ok p=1
Q4:	|-1+..... ..!+10.. .-....1. ...+.+-^| ok p=1
Q5:	|+0+0...0 ...+1... .-....+. ..!+...+| ok p=1
Q6:	|+-+1...1 ..^-.... ....!^-. ...-.100| ok p=1
Q7:	|+0-0...1 ..++1... !1...-1. 1.11...0| ok p=1
Q8:	|10-1...+ 1.110... .....00. 1.0-....| ok p=1
Q9:	|0.1.0..+ 0.-0.... 1....0.. +.-1....| ok p=1
Q10:	|..0.010+ -01.0..1 010.!-.0 +0-00...| ok p=1
Q11:	|0.1.-111 10+.11.0 +11001.1 -0011^^^| ok p=1
Q12:	|0.0^+++- ---^-0^+ -++111^+ +-0+++++| ok p=1
Q13:	|+1----++ ++-+-+-0 1----++- 1++00011| ok p=1
Q14:	|11000+.0 00.1+001 0-101110 -00+1001| ok p=1
Q15:	|++011101 +10+0+1- 0-010001 11+11...| ok p=0.234375
Q16:	|+..0.-.. +..-0..- .+.0.... 0..11..1| ok p=0.514648
Q17:	|0^.1.... 1..10^.+ .1.1.... ..^.-..1| ok p=0.881836
Q18:	|0..+.^.. -..11..0 .1.+...0 ....1..+| ok p=0.693359
Q19:	|........ -.0.+..0 .+....00 ....+...| ok p=0.499023
Q20:	|...^.... 001...0. ...^..1- ..0...0^| ok p=1
Q21:	|...0.... 11+.^.1. .^....-0 ..1.^.1.| ok p=1
Q22:	|...1.... .+....-. .......1 ..+...-.| ok p=0.949219
Q23:	|...+.0.. ..^..... .0....^. ........| ok p=0.927734
Q24:	|0....1.. .^....^. .1...0.. ..^...^.| ok p=0.962891
Q25:	|...^.+.. ........ .-...1.. ........| ok p=0.508789
Q26:	|+....... ....0... .....-.. ........| ok p=0.939453
Q27:	|+....^.. ....1... .^...... ........| ok p=0.495117
Q28:	|-....... ....+... .....^.. ........| ok p=0.458984
Q29:	|0....... ....0... ........ ........| ok p=1
Q30:	|1....... ....-... ........ ........| ok p=1
Q31:	|........ ....-... ........ ........| ok p=0.480469
Q32:	|........ ........ ........ ........| ok p=1
Q33:	|........ ....!... ........ ........| ok p=1
Q34:	|........ ........ ........ ........| ok p=1
Q35:	|........ ........ ........ ........| ok p=1
Q36:	|........ ........ ........ ........| ok p=1
Q37:	|........ ........ ........ ........| ok p=1
Q38:	|........ ........ ........ ........| ok p=1
Q39:	|........ ........ ........ ........| ok p=1
Q40:	|........ ........ ........ ........| ok p=1
Q41:	|........ ........ ........ ........| ok p=1
Q42:	|........ ........ ........ ........| ok p=1
Q43:	|........ ........ ........ ........| ok p=1
Q44:	|........ ........ ........ ........| ok p=1
Q45:	|........ ........ ........ ........| ok p=1
Q46:	|........ ........ ........ ........| ok p=1
Q47:	|........ ........ ........ ........| ok p=1
Q48:	|........ ........ ........ ........| ok p=1
Q49:	|........ ........ ........ ........| ok p=1
Q50:	|........ ........ ........ ........| ok p=1
Q51:	|........ ........ ........ ........| ok p=1
Q52:	|........ ........ ........ ........| ok p=1
Q53:	|........ ........ ........ ........| ok p=1
Q54:	|........ ........ ........ ........| ok p=1
Q55:	|........ ........ ........ ........| ok p=1
Q56:	|........ ........ ........ ........| ok p=1
Q57:	|........ ........ ........ ........| ok p=1
Q58:	|........ ........ ........ ........| ok p=1
Q59:	|........ ........ ........ ........| ok p=1
Q60:	|..0..... ........ ........ ........| ok p=1
Q61:	|.10..... ........ ........ ........| ok p=0.748047
Q62:	|.1+..... ........ ........ ........| ok p=1
Q63:	|.+-..... ........ ........ ........| ok p=0.601562
Q64:	|..+..... ....--.. ........ ........|
Best path: totcompl=-16 tottunnel=42, totcond=535, p=0.000644774
Best paths: 2
Best paths: 4
Q-3:	|11000101 01101110 00010110 11011010|
Q-2:	|10-00001 10101100 11010000 01110+-0|
Q-1:	|-++00101 10101101 10101111 000111+0|
Q0:	|0-+000-+ 010+1-11 11000000 100010+0| ok p=1
Q1:	|11-...1- ...0++.. .0....+. ...0.+-.| ok p=0.75293
Q2:	|-0+...1- ...-0-.. .0....-. ...-.+-.| ok p=1
Q3:	|+.+....- ...1-0.! .+....-. ...+.+-.| ok p=1
Q4:	|-0+..... ..!+10.. .-....1. ...+.+-^| ok p=1
Q5:	|-1+1...0 ...+1... .-....+. ..!+...+| ok p=1
Q6:	|--+0...1 ..^-.... ....!^-. ...-.100| ok p=1
Q7:	|-0-....1 ..++1..! .1...-1. 1..1...0| ok p=1
Q8:	|01-....+ 0.110.0. .....00. 1..-....| ok p=1
Q9:	|00.....+ 1.-0..0. 0...10.. +!01....| ok p=0.999023
Q10:	|0.01^..1 +10.1.-. 000.0-0. +.000.0.| ok p=1
Q11:	|1..1-^1+ -1-00.-^ +110110. 0.-.1^1^| ok p=1
Q12:	|1!^+0+01 0++1-.0- 1+-1+--^ -^-.-+++| ok p=1
Q13:	|-1---0-+ ++-+-0+0 -0+-01-+ --+^0011| ok p=1
Q14:	|+1001+11 1.01+011 1-0011.1 -00+1001| ok p=1
Q15:	|0-010110 +00+0+0- 0-01..01 01+11...| ok p=0.398438
Q16:	|+..0.-.. +..-0..- .+.0.... 1..11..1| ok p=0.383789
Q17:	|.^.1.... 1..10^.+ .1.1.... ..^.-..1| ok p=0.871094
Q18:	|^..+.^.. -..11..0 .1.+...0 ....1..+| ok p=0.708984
Q19:	|........ -.0.+..0 .+....00 ....+...| ok p=0.460938
Q20:	|...^.... 001...0. ...^..0- ..0...0^| ok p=1
Q21:	|...0.... 11+.^.1. .^....-1 ..1.^.1.| ok p=1
Q22:	|...1.... .+....-. .......0 ..+...-.| ok p=0.9375
Q23:	|...+.0.. ..^..... .0....^. ........| ok p=0.951172
Q24:	|0....1.. .^....^. .1...0.. ..^...^.| ok p=0.960938
Q25:	|...^.+.. ........ .-...1.. ........| ok p=0.52832
Q26:	|+....... ....0... .....-.. ........| ok p=0.938477
Q27:	|+....^.. ....1... .^...... ........| ok p=0.475586
Q28:	|-....... ....+... .....^.. ........| ok p=0.518555
Q29:	|0....... ....0... ........ ........| ok p=1
Q30:	|1....... ....-... ........ ........| ok p=1
Q31:	|........ ....-... ........ ........| ok p=0.527344
Q32:	|........ ........ ........ ........| ok p=1
Q33:	|........ ....!... ........ ........| ok p=1
Q34:	|........ ........ ........ ........| ok p=1
Q35:	|........ ........ ........ ........| ok p=1
Q36:	|........ ........ ........ ........| ok p=1
Q37:	|........ ........ ........ ........| ok p=1
Q38:	|........ ........ ........ ........| ok p=1
Q39:	|........ ........ ........ ........| ok p=1
Q40:	|........ ........ ........ ........| ok p=1
Q41:	|........ ........ ........ ........| ok p=1
Q42:	|........ ........ ........ ........| ok p=1
Q43:	|........ ........ ........ ........| ok p=1
Q44:	|........ ........ ........ ........| ok p=1
Q45:	|........ ........ ........ ........| ok p=1
Q46:	|........ ........ ........ ........| ok p=1
Q47:	|........ ........ ........ ........| ok p=1
Q48:	|........ ........ ........ ........| ok p=1
Q49:	|........ ........ ........ ........| ok p=1
Q50:	|........ ........ ........ ........| ok p=1
Q51:	|........ ........ ........ ........| ok p=1
Q52:	|........ ........ ........ ........| ok p=1
Q53:	|........ ........ ........ ........| ok p=1
Q54:	|........ ........ ........ ........| ok p=1
Q55:	|........ ........ ........ ........| ok p=1
Q56:	|........ ........ ........ ........| ok p=1
Q57:	|........ ........ ........ ........| ok p=1
Q58:	|........ ........ ........ ........| ok p=1
Q59:	|........ ........ ........ ........| ok p=1
Q60:	|..0..... ........ ........ ........| ok p=1
Q61:	|.10..... ........ ........ ........| ok p=0.74707
Q62:	|.1+..... ........ ........ ........| ok p=1
Q63:	|.+-..... ........ ........ ........| ok p=0.611328
Q64:	|..+..... ....--.. ........ ........|
Best path: totcompl=-16 tottunnel=42, totcond=529, p=0.000737019
Q-3:	|11000101 01101110 00010110 11011010|
Q-2:	|10-00001 10101100 11010000 01110+-0|
Q-1:	|-++00101 10101101 10101111 000111+0|
Q0:	|0-+000-+ 010+1-11 11000000 100010+0| ok p=1
Q1:	|11-...1- ...0++.. .0....+. ...0.+-.| ok p=0.753906
Q2:	|-0+...1- ...-0-.. .0....-. ...-.+-.| ok p=1
Q3:	|+.+....- ...1-0.. !+....-. ...+.+-.| ok p=1
Q4:	|-0+..... ..!+10.. .-....1. ...+.+-^| ok p=1
Q5:	|-1+1...0 ...+1... .-....+. ..!+...+| ok p=1
Q6:	|--+0...1 ..^-.... ....!^-. ...-.100| ok p=1
Q7:	|-0-....1 ..++1..! .1...-1. 1..1...0| ok p=1
Q8:	|01-....+ 0.110.0. .....00. 1.1-....| ok p=1
Q9:	|00.....+ 1.-0..0. 1...10.. +.01....| ok p=1
Q10:	|0.01^..1 +10.1.-. 110.0-0. +.000.0.| ok p=1
Q11:	|1..1-^1+ -1-00.-. +010110. 0.-.1^1^| ok p=1
Q12:	|1!^+0+01 0++1-.0. ---1+--^ -^-.-+++| ok p=1
Q13:	|-1---0-+ ++-+-0+0 -0+-01-+ --+^0011| ok p=1
Q14:	|+1001+11 1.01+011 .-1011.1 -00+1001| ok p=1
Q15:	|0-010110 +00+0+0- 0-01..01 01+11...| ok p=0.364258
Q16:	|+..0.-.. +..-0..- .+.0.... 1..11..1| ok p=0.365234
Q17:	|.^.1.... 1..10^.+ .1.1.... ..^.-..1| ok p=0.878906
Q18:	|^..+.^.. -..11..0 .1.+...0 ....1..+| ok p=0.726562
Q19:	|........ -.0.+..0 .+....00 ....+...| ok p=0.472656
Q20:	|...^.... 001...0. ...^..0- ..0...0^| ok p=1
Q21:	|...0.... 11+.^.1. .^....-1 ..1.^.1.| ok p=1
Q22:	|...1.... .+....-. .......0 ..+...-.| ok p=0.947266
Q23:	|...+.0.. ..^..... .0....^. ........| ok p=0.938477
Q24:	|0....1.. .^....^. .1...0.. ..^...^.| ok p=0.97168
Q25:	|...^.+.. ........ .-...1.. ........| ok p=0.532227
Q26:	|+....... ....0... .....-.. ........| ok p=0.938477
Q27:	|+....^.. ....1... .^...... ........| ok p=0.5
Q28:	|-....... ....+... .....^.. ........| ok p=0.510742
Q29:	|0....... ....0... ........ ........| ok p=1
Q30:	|1....... ....-... ........ ........| ok p=1
Q31:	|........ ....-... ........ ........| ok p=0.507812
Q32:	|........ ........ ........ ........| ok p=1
Q33:	|........ ....!... ........ ........| ok p=1
Q34:	|........ ........ ........ ........| ok p=1
Q35:	|........ ........ ........ ........| ok p=1
Q36:	|........ ........ ........ ........| ok p=1
Q37:	|........ ........ ........ ........| ok p=1
Q38:	|........ ........ ........ ........| ok p=1
Q39:	|........ ........ ........ ........| ok p=1
Q40:	|........ ........ ........ ........| ok p=1
Q41:	|........ ........ ........ ........| ok p=1
Q42:	|........ ........ ........ ........| ok p=1
Q43:	|........ ........ ........ ........| ok p=1
Q44:	|........ ........ ........ ........| ok p=1
Q45:	|........ ........ ........ ........| ok p=1
Q46:	|........ ........ ........ ........| ok p=1
Q47:	|........ ........ ........ ........| ok p=1
Q48:	|........ ........ ........ ........| ok p=1
Q49:	|........ ........ ........ ........| ok p=1
Q50:	|........ ........ ........ ........| ok p=1
Q51:	|........ ........ ........ ........| ok p=1
Q52:	|........ ........ ........ ........| ok p=1
Q53:	|........ ........ ........ ........| ok p=1
Q54:	|........ ........ ........ ........| ok p=1
Q55:	|........ ........ ........ ........| ok p=1
Q56:	|........ ........ ........ ........| ok p=1
Q57:	|........ ........ ........ ........| ok p=1
Q58:	|........ ........ ........ ........| ok p=1
Q59:	|........ ........ ........ ........| ok p=1
Q60:	|..0..... ........ ........ ........| ok p=1
Q61:	|.10..... ........ ........ ........| ok p=0.742188
Q62:	|.1+..... ........ ........ ........| ok p=1
Q63:	|.+-..... ........ ........ ........| ok p=0.636719
Q64:	|..+..... ....--.. ........ ........|
Best path: totcompl=-16 tottunnel=42, totcond=526, p=0.000716699
Best paths: 2
Q-3:	|11000101 01101110 00010110 11011010|
Q-2:	|10-00001 10101100 11010000 01110+-0|
Q-1:	|-++00101 10101101 10101111 000111+0|
Q0:	|0-+000-+ 010+1-11 11000000 100010+0| ok p=1
Q1:	|11-...1- ...0++.. .0....+. ...0.+-.| ok p=0.750977
Q2:	|-0+...1- ...-0-.. .0....-. ...-.+-.| ok p=1
Q3:	|+.+....- ...1-0.! .+....-. ...+.+-.| ok p=1
Q4:	|-1+..... ..!+10.. .-....1. ...+.+-^| ok p=1
Q5:	|+0+0...0 ...+1... .-....+. ..!+...+| ok p=1
Q6:	|+-+1...1 ..^-.... ....!^-. ...-.100| ok p=1
Q7:	|+0-....1 ..++1... !1...-1. 1..1...0| ok p=1
Q8:	|11-....+ 0.110.0. .....00. 1.1-....| ok p=1
Q9:	|0......+ 1.-0..0. 0...10.. +.01....| ok p=1
Q10:	|1.01^1.1 +.0.1.-. 0.0.0-0. +.000.0.| ok p=1
Q11:	|1!.1-11+ -^-00.-^ +110110. 0.-.1^1^| ok p=1
Q12:	|1.^+0+01 0++1-.0- 10+1+--^ -^-.-+++| ok p=1
Q13:	|-1---0-+ +0++-0+0 -+--01-+ --+^0011| ok p=1
Q14:	|+1001+11 10.1+011 1-0011.1 -00+1001| ok p=1
Q15:	|0-010110 +.0+0+0- 0-01..01 01+11...| ok p=0.359375
Q16:	|+..0.-.. +..-0..- .+.0.... 1..11..1| ok p=0.337891
Q17:	|.^.1.... 1..10^.+ .1.1.... ..^.-..1| ok p=0.858398
Q18:	|^..+.^.. -..11..0 .1.+...0 ....1..+| ok p=0.696289
Q19:	|........ -.0.+..0 .+....00 ....+...| ok p=0.493164
Q20:	|...^.... 001...0. ...^..0- ..0...0^| ok p=1
Q21:	|...0.... 11+.^.1. .^....-1 ..1.^.1.| ok p=1
Q22:	|...1.... .+....-. .......0 ..+...-.| ok p=0.958008
Q23:	|...+.0.. ..^..... .0....^. ........| ok p=0.9375
Q24:	|0....1.. .^....^. .1...0.. ..^...^.| ok p=0.964844
Q25:	|...^.+.. ........ .-...1.. ........| ok p=0.504883
Q26:	|+....... ....0... .....-.. ........| ok p=0.941406
Q27:	|+....^.. ....1... .^...... ........| ok p=0.489258
Q28:	|-....... ....+... .....^.. ........| ok p=0.479492
Q29:	|0....... ....0... ........ ........| ok p=1
Q30:	|1....... ....-... ........ ........| ok p=1
Q31:	|........ ....-... ........ ........| ok p=0.488281
Q32:	|........ ........ ........ ........| ok p=1
Q33:	|........ ....!... ........ ........| ok p=1
Q34:	|........ ........ ........ ........| ok p=1
Q35:	|........ ........ ........ ........| ok p=1
Q36:	|........ ........ ........ ........| ok p=1
Q37:	|........ ........ ........ ........| ok p=1
Q38:	|........ ........ ........ ........| ok p=1
Q39:	|........ ........ ........ ........| ok p=1
Q40:	|........ ........ ........ ........| ok p=1
Q41:	|........ ........ ........ ........| ok p=1
Q42:	|........ ........ ........ ........| ok p=1
Q43:	|........ ........ ........ ........| ok p=1
Q44:	|........ ........ ........ ........| ok p=1
Q45:	|........ ........ ........ ........| ok p=1
Q46:	|........ ........ ........ ........| ok p=1
Q47:	|........ ........ ........ ........| ok p=1
Q48:	|........ ........ ........ ........| ok p=1
Q49:	|........ ........ ........ ........| ok p=1
Q50:	|........ ........ ........ ........| ok p=1
Q51:	|........ ........ ........ ........| ok p=1
Q52:	|........ ........ ........ ........| ok p=1
Q53:	|........ ........ ........ ........| ok p=1
Q54:	|........ ........ ........ ........| ok p=1
Q55:	|........ ........ ........ ........| ok p=1
Q56:	|........ ........ ........ ........| ok p=1
Q57:	|........ ........ ........ ........| ok p=1
Q58:	|........ ........ ........ ........| ok p=1
Q59:	|........ ........ ........ ........| ok p=1
Q60:	|..0..... ........ ........ ........| ok p=1
Q61:	|.10..... ........ ........ ........| ok p=0.725586
Q62:	|.1+..... ........ ........ ........| ok p=1
Q63:	|.+-..... ........ ........ ........| ok p=0.631836
Q64:	|..+..... ....--.. ........ ........|
Best path: totcompl=-15 tottunnel=43, totcond=526, p=0.000675967
Q-3:	|11000101 01101110 00010110 11011010|
Q-2:	|10-00001 10101100 11010000 01110+-0|
Q-1:	|-++00101 10101101 10101111 000111+0|
Q0:	|0-+000-+ 010+1-11 11000000 100010+0| ok p=1
Q1:	|11-...1- ...0++.. .0....+. ...0.+-.| ok p=0.75293
Q2:	|-0+...1- ...-0-.. .0....-. ...-.+-.| ok p=1
Q3:	|+.+....- ...1-0.! .+....-. ...+.+-.| ok p=1
Q4:	|-1+..... ..!+10.. .-....1. ...+.+-^| ok p=1
Q5:	|+0+0...0 ...+1... .-....+. .!.+...+| ok p=1
Q6:	|+-+1...1 ..^-.... ....!^-. ...-.100| ok p=1
Q7:	|+0-....1 ..++1... !1...-1. 1..1...0| ok p=1
Q8:	|11-....+ 0.110.0. .....00. 1..-....| ok p=1
Q9:	|0......+ 1.-0..0. 1....00. +!01....| ok p=1
Q10:	|.!01^..1 +0011.-. 1.1.0-1. +.00.01.| ok p=1
Q11:	|1.11-^1+ -1-001-! +^10111. 0.-..10^| ok p=1
Q12:	|1!1+0+01 0+1++.0. ---1+--^ -^-..-++| ok p=1
Q13:	|-1---0-+ +0+-+0+0 -0+-01-+ --+^.011| ok p=1
Q14:	|+1001+11 101++011 .-1011.1 -00+.001| ok p=1
Q15:	|0-010110 +.0+.+0- 0-01..01 01+11...| ok p=0.391602
Q16:	|+..0.-.. +..-^..- .+.0.... 1..11..1| ok p=0.376953
Q17:	|.^.1.... 1..00^.+ .1.1.... ..^.-..1| ok p=0.887695
Q18:	|^..+.^.. -..01..0 .1.+...0 ....1..+| ok p=0.712891
Q19:	|........ -.0.+..0 .+....00 ....+...| ok p=0.488281
Q20:	|...^.... 001...0. ...^..1- ..0...0^| ok p=1
Q21:	|...0.... 11+.^.1. .^....-0 ..1.^.1.| ok p=1
Q22:	|...1.... .+....-. .......1 ..+...-.| ok p=0.952148
Q23:	|...+.0.. ..^..... .0....^. ........| ok p=0.931641
Q24:	|0....1.. .^....^. .1...0.. ..^...^.| ok p=0.961914
Q25:	|...^.+.. ........ .-...1.. ........| ok p=0.523438
Q26:	|+....... ....0... .....-.. ........| ok p=0.947266
Q27:	|+....^.. ....1... .^...... ........| ok p=0.53125
Q28:	|-....... ....+... .....^.. ........| ok p=0.480469
Q29:	|0....... ....0... ........ ........| ok p=1
Q30:	|1....... ....-... ........ ........| ok p=1
Q31:	|........ ....-... ........ ........| ok p=0.517578
Q32:	|........ ........ ........ ........| ok p=1
Q33:	|........ ....!... ........ ........| ok p=1
Q34:	|........ ........ ........ ........| ok p=1
Q35:	|........ ........ ........ ........| ok p=1
Q36:	|........ ........ ........ ........| ok p=1
Q37:	|........ ........ ........ ........| ok p=1
Q38:	|........ ........ ........ ........| ok p=1
Q39:	|........ ........ ........ ........| ok p=1
Q40:	|........ ........ ........ ........| ok p=1
Q41:	|........ ........ ........ ........| ok p=1
Q42:	|........ ........ ........ ........| ok p=1
Q43:	|........ ........ ........ ........| ok p=1
Q44:	|........ ........ ........ ........| ok p=1
Q45:	|........ ........ ........ ........| ok p=1
Q46:	|........ ........ ........ ........| ok p=1
Q47:	|........ ........ ........ ........| ok p=1
Q48:	|........ ........ ........ ........| ok p=1
Q49:	|........ ........ ........ ........| ok p=1
Q50:	|........ ........ ........ ........| ok p=1
Q51:	|........ ........ ........ ........| ok p=1
Q52:	|........ ........ ........ ........| ok p=1
Q53:	|........ ........ ........ ........| ok p=1
Q54:	|........ ........ ........ ........| ok p=1
Q55:	|........ ........ ........ ........| ok p=1
Q56:	|........ ........ ........ ........| ok p=1
Q57:	|........ ........ ........ ........| ok p=1
Q58:	|........ ........ ........ ........| ok p=1
Q59:	|........ ........ ........ ........| ok p=1
Q60:	|..0..... ........ ........ ........| ok p=1
Q61:	|.10..... ........ ........ ........| ok p=0.732422
Q62:	|.1+..... ........ ........ ........| ok p=1
Q63:	|.+-..... ........ ........ ........| ok p=0.645508
Q64:	|..+..... ....--.. ........ ........|
Best path: totcompl=-15 tottunnel=43, totcond=523, p=0.000703477
Best paths: 2
Q-3:	|11000101 01101110 00010110 11011010|
Q-2:	|10-00001 10101100 11010000 01110+-0|
Q-1:	|-++00101 10101101 10101111 000111+0|
Q0:	|0-+000-+ 010+1-11 11000000 100010+0| ok p=1
Q1:	|11-...1- ...0++.. .0....+. ...0.+-.| ok p=0.759766
Q2:	|-0+...1- ...-0-.. .0....-. ...-.+-.| ok p=1
Q3:	|+.+....- ...1-0.. !+....-. ...+.+-.| ok p=1
Q4:	|-1+..... ..!+10.. .-....1. ...+.+-^| ok p=1
Q5:	|+0+0...0 ...+1... .-....+. .!.+...+| ok p=1
Q6:	|+-+1...1 ..^-.... ....!^-. ...-.100| ok p=1
Q7:	|+0-....1 ..++1..! .1...-1. 1..1...0| ok p=1
Q8:	|11-....+ 0.110.0. .....00. 1..-....| ok p=1
Q9:	|0...0..+ 1.-0..0. 0....00. +!01....| ok p=1
Q10:	|..000..0 +.0.1.-. 0.0.0-10 +.000..0| ok p=1
Q11:	|1.10-^0+ -^-00.-1 +^111101 0.-.1^^1| ok p=1
Q12:	|1.0++-11 0++1-.-0 +++0+--- +.-.-+++| ok p=1
Q13:	|-1---1-+ +0++-0.+ +1+-01-1 1^-^0011| ok p=1
Q14:	|+1001+11 10.1+011 1-.011.1 0---1001| ok p=1
Q15:	|0-010110 +.0+0+.- 0-01..0. .1+11...| ok p=0.37793
Q16:	|+..0.-.. +..-0..- .+.0.... .1011..1| ok p=0.327148
Q17:	|.^.1.... 1..10^.+ .1.1.... ..0.-..1| ok p=0.866211
Q18:	|^..+.^.. -..11..0 .1.+...0 ....1..+| ok p=0.694336
Q19:	|........ -.0.+..0 .+....00 ....+...| ok p=0.455078
Q20:	|...^.... 001...0. ...^..0- ..0...0^| ok p=1
Q21:	|...0.... 11+.^.1. .^....-1 ..1.^.1.| ok p=1
Q22:	|...1.... .+....-. .......0 ..+...-.| ok p=0.950195
Q23:	|...+.0.. ..^..... .0....^. ........| ok p=0.94043
Q24:	|0....1.. .^....^. .1...0.. ..^...^.| ok p=0.973633
Q25:	|...^.+.. ........ .-...1.. ........| ok p=0.511719
Q26:	|+....... ....0... .....-.. ........| ok p=0.942383
Q27:	|+....^.. ....1... .^...... ........| ok p=0.523438
Q28:	|-....... ....+... .....^.. ........| ok p=0.503906
Q29:	|0....... ....0... ........ ........| ok p=1
Q30:	|1....... ....-... ........ ........| ok p=1
Q31:	|........ ....-... ........ ........| ok p=0.486328
Q32:	|........ ........ ........ ........| ok p=1
Q33:	|........ ....!... ........ ........| ok p=1
Q34:	|........ ........ ........ ........| ok p=1
Q35:	|........ ........ ........ ........| ok p=1
Q36:	|........ ........ ........ ........| ok p=1
Q37:	|........ ........ ........ ........| ok p=1
Q38:	|........ ........ ........ ........| ok p=1
Q39:	|........ ........ ........ ........| ok p=1
Q40:	|........ ........ ........ ........| ok p=1
Q41:	|........ ........ ........ ........| ok p=1
Q42:	|........ ........ ........ ........| ok p=1
Q43:	|........ ........ ........ ........| ok p=1
Q44:	|........ ........ ........ ........| ok p=1
Q45:	|........ ........ ........ ........| ok p=1
Q46:	|........ ........ ........ ........| ok p=1
Q47:	|........ ........ ........ ........| ok p=1
Q48:	|........ ........ ........ ........| ok p=1
Q49:	|........ ........ ........ ........| ok p=1
Q50:	|........ ........ ........ ........| ok p=1
Q51:	|........ ........ ........ ........| ok p=1
Q52:	|........ ........ ........ ........| ok p=1
Q53:	|........ ........ ........ ........| ok p=1
Q54:	|........ ........ ........ ........| ok p=1
Q55:	|........ ........ ........ ........| ok p=1
Q56:	|........ ........ ........ ........| ok p=1
Q57:	|........ ........ ........ ........| ok p=1
Q58:	|........ ........ ........ ........| ok p=1
Q59:	|........ ........ ........ ........| ok p=1
Q60:	|..0..... ........ ........ ........| ok p=1
Q61:	|.10..... ........ ........ ........| ok p=0.754883
Q62:	|.1+..... ........ ........ ........| ok p=1
Q63:	|.+-..... ........ ........ ........| ok p=0.631836
Q64:	|..+..... ....--.. ........ ........|
Best path: totcompl=-15 tottunnel=43, totcond=522, p=0.000697706
Q-3:	|11000101 01101110 00010110 11011010|
Q-2:	|10-00001 10101100 11010000 01110+-0|
Q-1:	|-++00101 10101101 10101111 000111+0|
Q0:	|0-+000-+ 010+1-11 11000000 100010+0| ok p=1
Q1:	|11-...1- ...0++.. .0....+. ...0.+-.| ok p=0.757812
Q2:	|-0+...1- ...-0-.. .0....-. ...-.+-.| ok p=1
Q3:	|+.+....- ...1-0.! .+....-. ...+.+-.| ok p=1
Q4:	|-0+..... ..!+10.. .-....1. ...+.+-^| ok p=1
Q5:	|-1+....0 ...+1... .-....+. ..!+...+| ok p=1
Q6:	|+-+..... 1^1-.... ....!^-. ...-.100| ok p=1
Q7:	|+0-..... 1+1-.... !1...-1. 1..1...1| ok p=1
Q8:	|11-..... +1+1.... .....00. 1.1-....| ok p=1
Q9:	|10...... +110...^ 0...111. +100....| ok p=1
Q10:	|.00...0. +-+.0..- 0...1+10 +001....| ok p=1
Q11:	|001...1^ 1++011.1 -^..+-+1 10+0^^^^| ok p=1
Q12:	|1+-^^.-- -0-1-0^0 -+^^-+++ ++++----| ok p=1
Q13:	|+-0+-^10 1---+++- 11----++ ++1+0101| ok p=1
Q14:	|-1000+11 10.+1-11 -01011.. .-0-0011| ok p=1
Q15:	|0-.011.. 000+0+11 -+111000 10+11...| ok p=0.323242
Q16:	|-..0.-.. +..-.1.. -+.0.... .0.01..1| ok p=0.327148
Q17:	|.^.1.... 0..100.. ++.1.... ..^.-..1| ok p=0.858398
Q18:	|^..+.^.. -..11... 10.+...0 ....1..+| ok p=0.713867
Q19:	|........ -.0.+... 0+....00 ....+...| ok p=0.470703
Q20:	|...^.... 001...0. ...^..0- ..0...0^| ok p=1
Q21:	|...0.... 11+.^.1. .^....-1 ..1.^.1.| ok p=1
Q22:	|...1.... .+....-. .......0 ..+...-.| ok p=0.950195
Q23:	|...+.0.. ..^..... .0....^. ........| ok p=0.936523
Q24:	|0....1.. .^....^. .1...0.. ..^...^.| ok p=0.978516
Q25:	|...^.+.. ........ .-...1.. ........| ok p=0.507812
Q26:	|+....... ....0... .....-.. ........| ok p=0.939453
Q27:	|+....^.. ....1... .^...... ........| ok p=0.507812
Q28:	|-....... ....+... .....^.. ........| ok p=0.494141
Q29:	|0....... ....0... ........ ........| ok p=1
Q30:	|1....... ....-... ........ ........| ok p=1
Q31:	|........ ....-... ........ ........| ok p=0.520508
Q32:	|........ ........ ........ ........| ok p=1
Q33:	|........ ....!... ........ ........| ok p=1
Q34:	|........ ........ ........ ........| ok p=1
Q35:	|........ ........ ........ ........| ok p=1
Q36:	|........ ........ ........ ........| ok p=1
Q37:	|........ ........ ........ ........| ok p=1
Q38:	|........ ........ ........ ........| ok p=1
Q39:	|........ ........ ........ ........| ok p=1
Q40:	|........ ........ ........ ........| ok p=1
Q41:	|........ ........ ........ ........| ok p=1
Q42:	|........ ........ ........ ........| ok p=1
Q43:	|........ ........ ........ ........| ok p=1
Q44:	|........ ........ ........ ........| ok p=1
Q45:	|........ ........ ........ ........| ok p=1
Q46:	|........ ........ ........ ........| ok p=1
Q47:	|........ ........ ........ ........| ok p=1
Q48:	|........ ........ ........ ........| ok p=1
Q49:	|........ ........ ........ ........| ok p=1
Q50:	|........ ........ ........ ........| ok p=1
Q51:	|........ ........ ........ ........| ok p=1
Q52:	|........ ........ ........ ........| ok p=1
Q53:	|........ ........ ........ ........| ok p=1
Q54:	|........ ........ ........ ........| ok p=1
Q55:	|........ ........ ........ ........| ok p=1
Q56:	|........ ........ ........ ........| ok p=1
Q57:	|........ ........ ........ ........| ok p=1
Q58:	|........ ........ ........ ........| ok p=1
Q59:	|........ ........ ........ ........| ok p=1
Q60:	|..0..... ........ ........ ........| ok p=1
Q61:	|.10..... ........ ........ ........| ok p=0.755859
Q62:	|.1+..... ........ ........ ........| ok p=1
Q63:	|.+-..... ........ ........ ........| ok p=0.570312
Q64:	|..+..... ....--.. ........ ........|
Best path: totcompl=-14 tottunnel=44, totcond=522, p=0.000672922
********Best paths: 2
Q-3:	|11000101 01101110 00010110 11011010|
Q-2:	|10-00001 10101100 11010000 01110+-0|
Q-1:	|-++00101 10101101 10101111 000111+0|
Q0:	|0-+000-+ 010+1-11 11000000 100010+0| ok p=1
Q1:	|11-...1- ...0++.. .0....+. ...0.+-.| ok p=0.756836
Q2:	|-0+...1- ...-0-.. .0....-. ...-.+-.| ok p=1
Q3:	|+.+....- ...1-0.. !+....-. ...+.+-.| ok p=1
Q4:	|-0+..... ..!+10.. .-....1. ...+.+-^| ok p=1
Q5:	|-1+....0 ...+1... .-....+. .!.+...+| ok p=1
Q6:	|+-+..... 1^.-.... ....!^-. ...-.100| ok p=0.99707
Q7:	|+1-0.... 1+.-.... .1...-01 ...1...1| ok p=1
Q8:	|11-1.... +1^+.... .....000 ...-...+| ok p=1
Q9:	|0...0... +1.-..^. 1....00+ .!.1...+| ok p=1
Q10:	|1.010..0 10.00.-. 00...1-- ^1011000| ok p=1
Q11:	|0.11-^.1 01.01.10 +1.1.0-+ -1000111| ok p=1
Q12:	|-^-++-.+ --^1-.01 ++^0.111 0-+1-+++| ok p=1
Q13:	|1+0+-1.0 0--0-0+- 1-+-.--- ----1011| ok p=1
Q14:	|11011+.0 0.0+-001 -010!000 0.--1001| ok p=1
Q15:	|1-0101.. +01+.+10 -+11.111 00+01...| ok p=0.363281
Q16:	|+..0.-.. +..-^... -+.0.... ..111..1| ok p=0.349609
Q17:	|.^.1.... 1..10^.. ++.1.... ..0.-..1| ok p=0.864258
Q18:	|^..+.^.. -..11... 10.+...0 ....1..+| ok p=0.720703
Q19:	|........ -.0.+... 0+....00 ....+...| ok p=0.486328
Q20:	|...^.... 001...0. ...^..0- ..0...0^| ok p=1
Q21:	|...0.... 11+.^.1. .^....-1 ..1.^.1.| ok p=1
Q22:	|...1.... .+....-. .......0 ..+...-.| ok p=0.943359
Q23:	|...+.0.. ..^..... .0....^. ........| ok p=0.942383
Q24:	|0....1.. .^....^. .1...0.. ..^...^.| ok p=0.972656
Q25:	|...^.+.. ........ .-...1.. ........| ok p=0.525391
Q26:	|+....... ....0... .....-.. ........| ok p=0.936523
Q27:	|+....^.. ....1... .^...... ........| ok p=0.490234
Q28:	|-....... ....+... .....^.. ........| ok p=0.508789
Q29:	|0....... ....0... ........ ........| ok p=1
Q30:	|1....... ....-... ........ ........| ok p=1
Q31:	|........ ....-... ........ ........| ok p=0.503906
Q32:	|........ ........ ........ ........| ok p=1
Q33:	|........ ....!... ........ ........| ok p=1
Q34:	|........ ........ ........ ........| ok p=1
Q35:	|........ ........ ........ ........| ok p=1
Q36:	|........ ........ ........ ........| ok p=1
Q37:	|........ ........ ........ ........| ok p=1
Q38:	|........ ........ ........ ........| ok p=1
Q39:	|........ ........ ........ ........| ok p=1
Q40:	|........ ........ ........ ........| ok p=1
Q41:	|........ ........ ........ ........| ok p=1
Q42:	|........ ........ ........ ........| ok p=1
Q43:	|........ ........ ........ ........| ok p=1
Q44:	|........ ........ ........ ........| ok p=1
Q45:	|........ ........ ........ ........| ok p=1
Q46:	|........ ........ ........ ........| ok p=1
Q47:	|........ ........ ........ ........| ok p=1
Q48:	|........ ........ ........ ........| ok p=1
Q49:	|........ ........ ........ ........| ok p=1
Q50:	|........ ........ ........ ........| ok p=1
Q51:	|........ ........ ........ ........| ok p=1
Q52:	|........ ........ ........ ........| ok p=1
Q53:	|........ ........ ........ ........| ok p=1
Q54:	|........ ........ ........ ........| ok p=1
Q55:	|........ ........ ........ ........| ok p=1
Q56:	|........ ........ ........ ........| ok p=1
Q57:	|........ ........ ........ ........| ok p=1
Q58:	|........ ........ ........ ........| ok p=1
Q59:	|........ ........ ........ ........| ok p=1
Q60:	|..0..... ........ ........ ........| ok p=1
Q61:	|.10..... ........ ........ ........| ok p=0.787109
Q62:	|.1+..... ........ ........ ........| ok p=1
Q63:	|.+-..... ........ ........ ........| ok p=0.651367
Q64:	|..+..... ....--.. ........ ........|
Best path: totcompl=-13 tottunnel=45, totcond=521, p=0.000647934
Best paths: 2
******