Extend MD5 differential paths forward
Copyright (C) 2009 Marc Stevens
http://homepages.cwi.nl/~stevens/

delta_m[11] = [!19!]
Loading workdir7/lowerpath.bin.gz...done: 1.
Estimating maxcond for upper bound 8000000 (=2000000 * 4)...
t=1:  0%   10   20   30   40   50   60   70   80   90   100%
      |----|----|----|----|----|----|----|----|----|----|
e     ***************************************************
Found maxcond = 2176
t=1:  0%   10   20   30   40   50   60   70   80   90   100%
      |----|----|----|----|----|----|----|----|----|----|
      ***************************************************
Q-3:	|11000101 01101110 00010110 11011010|
Q-2:	|10-00001 10101100 11010000 01110+-0|
Q-1:	|-++00101 10101101 10101111 000111+0|
Q0:	|0-+000-+ 010+1-11 11000000 100010+0| ok p=1
Q1:	|10-...0- ...+.-.. ......+. ......+.| ok p=0.749023
Q2:	|..-....- ...-.-.. .+..+.-. ...+.+.-|
Saving 112 paths...done.
Autobalance parameters: maxcond=2176
Verified: 0 bad out of 112
Estimating maxcond for upper bound 8000000 (=2000000 * 4)...
t=2:  0%   10   20   30   40   50   60   70   80   90   100%
      |----|----|----|----|----|----|----|----|----|----|
e     ***************************************************
Found maxcond = 2176
t=2:  0%   10   20   30   40   50   60   70   80   90   100%
      |----|----|----|----|----|----|----|----|----|----|
      ***************************************************
Q-3:	|11000101 01101110 00010110 11011010|
Q-2:	|10-00001 10101100 11010000 01110+-0|
Q-1:	|-++00101 10101101 10101111 000111+0|
Q0:	|0-+000-+ 010+1-11 11000000 100010+0| ok p=1
Q1:	|11-...1- ..+-.-.. .1....+. ...0..+.| ok p=0.742188
Q2:	|.1-...1- ..0-.-.. .+....-. ...-....| ok p=0.878906
Q3:	|..-....- ...-.+.. ......-. ..-.+...|
Saving 862272 paths...done.
Autobalance parameters: maxcond=2176
Verified: 158856 bad out of 1021128
Estimating maxcond for upper bound 8000000 (=2000000 * 4)...
t=3:  0%   10   20   30   40   50   60   70   80   90   100%
      |----|----|----|----|----|----|----|----|----|----|
e     ***************************************************
Found maxcond = 168
t=3:  0%   10   20   30   40   50   60   70   80   90   100%
      |----|----|----|----|----|----|----|----|----|----|
      ***************************************************
Q-3:	|11000101 01101110 00010110 11011010|
Q-2:	|10-00001 10101100 11010000 01110+-0|
Q-1:	|-++00101 10101101 10101111 000111+0|
Q0:	|0-+000-+ 010+1-11 11000000 100010+0| ok p=1
Q1:	|11-...1- ...+.-.. .V....+. ....0+-0| ok p=0.741211
Q2:	|.1-...1- ...-.-.. ......-. ....---+| ok p=0.886719
Q3:	|..-....- ...0.... .-....-. ....++.-| ok p=0.728516
Q4:	|..-....- ...-...- .+...+.. ...+.-.-|
Saving 2000000 paths...done.
Autobalance parameters: maxcond=166
Verified: 107284 bad out of 3679829
Estimating maxcond for upper bound 8000000 (=2000000 * 4)...
t=4:  0%   10   20   30   40   50   60   70   80   90   100%
      |----|----|----|----|----|----|----|----|----|----|
e     ***************************************************
Found maxcond = 177
t=4:  0%   10   20   30   40   50   60   70   80   90   100%
      |----|----|----|----|----|----|----|----|----|----|
      ***************************************************
Q-3:	|11000101 01101110 00010110 11011010|
Q-2:	|10-00001 10101100 11010000 01110+-0|
Q-1:	|-++00101 10101101 10101111 000111+0|
Q0:	|0-+000-+ 010+1-11 11000000 100010+0| ok p=1
Q1:	|11-...0- ..+-.-.. .1....+. ...0V.+.| ok p=0.735352
Q2:	|.1-...1- ..-+.-.. V+....-. ...+1...| ok p=0.728516
Q3:	|..-....- ..-+.+.. .1....-. ...0+.0.| ok p=0.470703
Q4:	|..-..... ..-..+.. -1...... ...++...| ok p=0.712891
Q5:	|..-...-. ..-..+.. -......+ ....-..-|
Saving 2000000 paths...done.
Autobalance parameters: maxcond=176
Verified: 52739 bad out of 2316768
Estimating maxcond for upper bound 8000000 (=2000000 * 4)...
t=5:  0%   10   20   30   40   50   60   70   80   90   100%
      |----|----|----|----|----|----|----|----|----|----|
e     ***************************************************
Found maxcond = 190
t=5:  0%   10   20   30   40   50   60   70   80   90   100%
      |----|----|----|----|----|----|----|----|----|----|
      ***************************************************
Q-3:	|11000101 01101110 00010110 11011010|
Q-2:	|10-00001 10101100 11010000 01110+-0|
Q-1:	|-++00101 10101101 10101111 000111+0|
Q0:	|0-+000-+ 010+1-11 11000000 100010+0| ok p=1
Q1:	|00-...1- ...0++.. .0....+. ...0..+.| ok p=0.554688
Q2:	|.--...1- ...-0-.. V+....-1 ...-..+.| ok p=0.368164
Q3:	|.1+....- ...-+-.. .0....-0 ...+..+V| ok p=0.46875
Q4:	|.1+..... ...++-.. -1....-- ...+..+.| ok p=0.880859
Q5:	|..+....1 ...+.+.. 0......- .......+| ok p=0.698242
Q6:	|..+..+.. .-...+.. .+...-.- ...-....|
Saving 2000000 paths...done.
Autobalance parameters: maxcond=189
Verified: 99424 bad out of 3492641
Estimating maxcond for upper bound 8000000 (=2000000 * 4)...
t=6:  0%   10   20   30   40   50   60   70   80   90   100%
      |----|----|----|----|----|----|----|----|----|----|
e     ***************************************************
Found maxcond = 200
t=6:  0%   10   20   30   40   50   60   70   80   90   100%
      |----|----|----|----|----|----|----|----|----|----|
      ***************************************************
Q-3:	|11000101 01101110 00010110 11011010|
Q-2:	|10-00001 10101100 11010000 01110+-0|
Q-1:	|-++00101 10101101 10101111 000111+0|
Q0:	|0-+000-+ 010+1-11 11000000 100010+0| ok p=1
Q1:	|11-...1- ...0++.. .V....+. ...0.+-.| ok p=0.761719
Q2:	|-0+...1- ...-0-.. .0....-. ...-.+-.| ok p=0.887695
Q3:	|+.+....- ...1-0.. .+....-. ...+.+-V| ok p=0.493164
Q4:	|-.+..... ...+10.. .-....1. ...+.+-0| ok p=0.983398
Q5:	|-.+....1 ...+0... .-....+. ...+...+| ok p=0.5625
Q6:	|..-..... ...-.... ......-. .....11-| ok p=0.756836
Q7:	|..-..... .+.-.+.. +....-.. ...+...-|
Saving 2000000 paths...done.
Autobalance parameters: maxcond=198
Verified: 72848 bad out of 3736552
Estimating maxcond for upper bound 8000000 (=2000000 * 4)...
t=7:  0%   10   20   30   40   50   60   70   80   90   100%
      |----|----|----|----|----|----|----|----|----|----|
e     ***************************************************
Found maxcond = 211
t=7:  0%   10   20   30   40   50   60   70   80   90   100%
      |----|----|----|----|----|----|----|----|----|----|
      ***************************************************
Q-3:	|11000101 01101110 00010110 11011010|
Q-2:	|10-00001 10101100 11010000 01110+-0|
Q-1:	|-++00101 10101101 10101111 000111+0|
Q0:	|0-+000-+ 010+1-11 11000000 100010+0| ok p=1
Q1:	|11-...1- ...0++.. .V....+. ...0.+-.| ok p=0.738281
Q2:	|-0+...1- ...-0-.. .0....-. ...-.+-.| ok p=0.859375
Q3:	|+.+....- ...1-0.. .+....-. ...+.+-V| ok p=0.461914
Q4:	|-.+..... ...+10.. .-....1. ...+.+-0| ok p=0.96875
Q5:	|-.+....1 ..V+0... V-...V+. ...+...+| ok p=0.37793
Q6:	|..-..... ...-.... ......-. ...0.10-| ok p=0.745117
Q7:	|1.-..... ..++.... +1...-0. ...+...-| ok p=0.131836
Q8:	|+.-..+.. +.+.-... +....... ........|
Saving 2000000 paths...done.
Autobalance parameters: maxcond=209
Verified: 191196 bad out of 3732634
Estimating maxcond for upper bound 8000000 (=2000000 * 4)...
t=8:  0%   10   20   30   40   50   60   70   80   90   100%
      |----|----|----|----|----|----|----|----|----|----|
e     ***************************************************
Found maxcond = 221
t=8:  0%   10   20   30   40   50   60   70   80   90   100%
      |----|----|----|----|----|----|----|----|----|----|
      ***************************************************
Q-3:	|11000101 01101110 00010110 11011010|
Q-2:	|10-00001 10101100 11010000 01110+-0|
Q-1:	|-++00101 10101101 10101111 000111+0|
Q0:	|0-+000-+ 010+1-11 11000000 100010+0| ok p=1
Q1:	|11-...1- ...0++.. .V....+. ...0.+-.| ok p=0.774414
Q2:	|-0+...1- ...-0-.. .0....-. ...-.+-.| ok p=0.878906
Q3:	|+.+....- ...1-0.. .+....-. ...+.+-V| ok p=0.478516
Q4:	|-1+..... ...+10.. .-....1. ...+.+-.| ok p=0.988281
Q5:	|-0+....0 .V.+1... .-...V+. ...+...+| ok p=0.368164
Q6:	|.++..... V..-.... ......-. ...-.100| ok p=0.988281
Q7:	|0++..... .+.-.... .1...-1. ...1...1| ok p=0.255859
Q8:	|..-..... +0.+.... .....01. ...-....| ok p=0.996094
Q9:	|..-..... +..-...+ ........ +..-....|
Saving 2000000 paths...done.
Autobalance parameters: maxcond=220
Verified: 253389 bad out of 2942525
Estimating maxcond for upper bound 8000000 (=2000000 * 4)...
t=9:  0%   10   20   30   40   50   60   70   80   90   100%
      |----|----|----|----|----|----|----|----|----|----|
e     ***************************************************
Found maxcond = 231
t=9:  0%   10   20   30   40   50   60   70   80   90   100%
      |----|----|----|----|----|----|----|----|----|----|
      ***************************************************
Q-3:	|11000101 01101110 00010110 11011010|
Q-2:	|10-00001 10101100 11010000 01110+-0|
Q-1:	|-++00101 10101101 10101111 000111+0|
Q0:	|0-+000-+ 010+1-11 11000000 100010+0| ok p=1
Q1:	|11-...1- ...0++.. .V....+. ...0.+-.| ok p=0.755859
Q2:	|-0+...1- ...-0-.. .0....-. ...-.+-.| ok p=0.892578
Q3:	|+.+....- ...1-0.. .+....-. ...+.+-V| ok p=0.501953
Q4:	|-1+..... ...+10.. .-....1. ...+.+-.| ok p=1
Q5:	|-0+....0 .V.+1... .-...V+. ...+..+-| ok p=0.379883
Q6:	|.++..... .1.-.... ......-. ...-.100| ok p=0.992188
Q7:	|0++..... .+.-.... .1...-1. V..1..10| ok p=0.25293
Q8:	|..-..... .+.+.... .....00. ...-....| ok p=0.999023
Q9:	|.1-..... .+.-.... .....1.. +..-....| ok p=0.598633
Q10:	|..-..... ...+...- ....+.-. +..-.+.-|
Saving 2000000 paths...done.
Autobalance parameters: maxcond=229
Verified: 216896 bad out of 3715425
Estimating maxcond for upper bound 8000000 (=2000000 * 4)...
t=10: 0%   10   20   30   40   50   60   70   80   90   100%
      |----|----|----|----|----|----|----|----|----|----|
e     ***************************************************
Found maxcond = 240
t=10: 0%   10   20   30   40   50   60   70   80   90   100%
      |----|----|----|----|----|----|----|----|----|----|
      ***************************************************
Q-3:	|11000101 01101110 00010110 11011010|
Q-2:	|10-00001 10101100 11010000 01110+-0|
Q-1:	|-++00101 10101101 10101111 000111+0|
Q0:	|0-+000-+ 010+1-11 11000000 100010+0| ok p=1
Q1:	|11-...1- ...0++.. .V....+. ...0.+-.| ok p=0.753906
Q2:	|-0+...1- ...-0-.. .0....-. ...-.+-.| ok p=0.875977
Q3:	|+.+....- ...1-0.. .+....-. ..V+.+-V| ok p=0.511719
Q4:	|-1+..... ...+10.. .-....1. ...+.+-.| ok p=1
Q5:	|-0+....1 ...+1... .-...0+. ..+-...+| ok p=0.776367
Q6:	|.++..... .0.-.... .....1-. ..01.100| ok p=0.990234
Q7:	|0++..... .1.-.... .1...-1. ..+-...1| ok p=0.220703
Q8:	|..-..... .+.+.... .....00. ..01..V-| ok p=0.866211
Q9:	|.11..... .+.-.... .....1.. ..11...-| ok p=0.758789
Q10:	|..1..... ...+.... .....+.. ......-.| ok p=0.610352
Q11:	|........ .+.-...- .-...+.. +.-...-.|
Saving 2000000 paths...done.
Autobalance parameters: maxcond=239
Verified: 6291 bad out of 2681138
Runtime: 83.3116
Extend MD5 differential paths forward
Copyright (C) 2009 Marc Stevens
http://homepages.cwi.nl/~stevens/

delta_m[11] = [!19!]
Loading workdir7/paths10_0of1...done: 2000000 (work:2000000).
Estimating maxcond for upper bound 2000000 (=500000 * 4)...
t=11: 0%   10   20   30   40   50   60   70   80   90   100%
      |----|----|----|----|----|----|----|----|----|----|
e     ***************************************************
Found maxcond = 251
t=11: 0%   10   20   30   40   50   60   70   80   90   100%
      |----|----|----|----|----|----|----|----|----|----|
      ***************************************************
Q-3:	|11000101 01101110 00010110 11011010|
Q-2:	|10-00001 10101100 11010000 01110+-0|
Q-1:	|-++00101 10101101 10101111 000111+0|
Q0:	|0-+000-+ 010+1-11 11000000 100010+0| ok p=1
Q1:	|11-...1- ...0++.. .V....+. ...0.+-.| ok p=0.748047
Q2:	|-0+...1- ...-0-.. .0....-. ...-.+-.| ok p=0.87207
Q3:	|+.+....- ...1-0.. .+....-. ..V+.+-V| ok p=0.498047
Q4:	|-1+..... ...+10.. .-....1. ...+.+-.| ok p=1
Q5:	|-0+....1 ...+1... .-...V+. ..+-...+| ok p=0.392578
Q6:	|.++..... .0V-.... ......-. ..01.100| ok p=0.99707
Q7:	|0++..... .1.-.... .1...-1. V.+-...1| ok p=0.240234
Q8:	|..-..... .++-.... .....00. 1.01....| ok p=0.894531
Q9:	|.11..... .+1-.... V....1.V +.11....| ok p=0.774414
Q10:	|..0..... ..+-.... .....+.. +.......| ok p=0.748047
Q11:	|........ .1++.... +....+.+ ........| ok p=0.648438
Q12:	|..+..... ..+.+... +.+.-..- ........|
Saving 500000 paths...done.
Autobalance parameters: maxcond=249
Verified: 1731 bad out of 902775
Runtime: 19.9234
