MD5 differential path toolbox
Copyright (C) 2009 Marc Stevens
http://homepages.cwi.nl/~stevens/

IHV1   = {3312326362,1112522888,2242752284,2712457330}
IHV1   = da166ec588c04f421cafad8572d0aca1

IHV2   = {3312326362,559661194,1705881374,2175586420}
IHV2   = da166ec58ac05b211eafad6574d0ac81

dIHV   = {0,3742105602,3758096386,3758096386}
NC0: delta c = delta d = [!-1!]
NC0: delta b           = [!-1,24!]
NC1: delta c = delta d = [!29!]
NC1: delta b           = [!18,-20,29!]
NC0: prob=-7.64537
NC1: prob=-6.55156
delta m_11 = [!19!]
Q-3:	|11000101 01101110 00010110 11011010|
Q-2:	|10-00001 10101100 11010000 01110+-0|
Q-1:	|-++00101 10101101 10101111 000111+0|
Q0:	|0-+000-+ 010+1-11 11000000 100010+0| ok p=1
Q1:	|..-....- ...+.-.. ......+. ......+.|
Saved lower diff. path to 'workdir7/lowerpath.bin.gz'.

Q32:	|........ ........ ........ ........|
Q33:	|........ ........ ........ ........|
Q34:	|........ ........ ........ ........|
Q35:	|........ ........ ........ ........| ok p=1
Q36:	|........ ........ ........ ........| ok p=1
Q37:	|........ ........ ........ ........| ok p=1
Q38:	|........ ........ ........ ........| ok p=1
Q39:	|........ ........ ........ ........| ok p=1
Q40:	|........ ........ ........ ........| ok p=1
Q41:	|........ ........ ........ ........| ok p=1
Q42:	|........ ........ ........ ........| ok p=1
Q43:	|........ ........ ........ ........| ok p=1
Q44:	|........ ........ ........ ........| ok p=1
Q45:	|........ ........ ........ ........| ok p=1
Q46:	|........ ........ ........ ........| ok p=1
Q47:	|........ ........ ........ ........| ok p=1
Q48:	|........ ........ ........ ........| ok p=1
Q49:	|........ ........ ........ ........| ok p=1
Q50:	|........ ........ ........ ........| ok p=1
Q51:	|........ ........ ........ ........| ok p=1
Q52:	|........ ........ ........ ........| ok p=1
Q53:	|........ ........ ........ ........| ok p=1
Q54:	|........ ........ ........ ........| ok p=1
Q55:	|........ ........ ........ ........| ok p=1
Q56:	|........ ........ ........ ........| ok p=1
Q57:	|........ ........ ........ ........| ok p=1
Q58:	|........ ........ ........ ........| ok p=1
Q59:	|........ ........ ........ ........| ok p=1
Q60:	|..0..... ........ ........ ........| ok p=1
Q61:	|.10..... ........ ........ ........| ok p=0.760742
Q62:	|.1+..... ........ ........ ........| ok p=1
Q63:	|.+-..... ........ ........ ........| ok p=0.638672
Q64:	|..+..... ....--.. ........ ........|
Saved upper diff. path to 'workdir7/upperpath.bin.gz'.
Saved 'md5diffpathforward.cfg'.
Saved 'md5diffpathbackward.cfg'.
Saved 'md5diffpathconnect.cfg'.
Saved 'md5diffpathhelper.cfg'.
