MD5 differential path toolbox
Copyright (C) 2009 Marc Stevens
http://homepages.cwi.nl/~stevens/

delta_m[11] = [!-14!]
Q-3:	|01101111 11101100 01111011 01101110|
Q-2:	|01-0101+ 01110000 -0100001 000001+1|
Q-1:	|-++0+--- 10100010 -0100001 1110+--0|
Q0:	|00-01111 011+0-00 -1+11011 00-011+1| ok p=1
Q1:	|1++.-110 .0--.-.. -.0+..+. .1-.01+.| ok p=0.444336
Q2:	|.01.+..+ .00-.-.. ..++..0. .-+.01+.| ok p=1
Q3:	|.10.+..0 .+1-.+.. 1!+...1. .-+.-1..| ok p=1
Q4:	|.0...1.+ .+.-.+.. ..+0..-. .-..++0.| ok p=1
Q5:	|11..01.- .0.+.+.. ..0...0^ .00^0-0.| ok p=1
Q6:	|10...+.1 .0.+.... ..-^..1+ .1..+++0| ok p=1
Q7:	|-1..^+.0 .-.1.1.. !.1-...0 ....0-+0| ok p=1
Q8:	|00..-..- .+.1.... 1.000..+ ....1-.+| ok p=1
Q9:	|0..!10.+ .+.-...1 0..10.10 ..!...1-| ok p=1
Q10:	|.1..0..- 0+.0..11 +00++000 000.1100| ok p=1
Q11:	|010.1.1+ 1+01..0- +00+1101 010.111-| ok p=1
Q12:	|1+1^1100 +.11^^-- +010---- ---.----| ok p=1
Q13:	|++-++0+0 10----0- -++--++0 +--.----| ok p=1
Q14:	|1-001-+. 1.11110+ 1-10.+01 1......-| ok p=1
Q15:	|1101+0+. ..+100.0 0++01.+. 110.011-| ok p=0.795898
Q16:	|.1..+-1. 0.+..-.- .0...^-. 0......1| ok p=0.765625
Q17:	|.0..1.0. 1.0..-0+ .0^...1. 1...-..1| ok p=0.65625
Q18:	|.0..-^.. -.1..+.+ .1....-. -...-...| ok p=0.714844
Q19:	|.+...... .....0++ .-....-. ...0+...| ok p=0.654297
Q20:	|...0^... ^....0++ ...0..0. ^..1+..0| ok p=1
Q21:	|.^.1.... 0.....++ .^.1..0. ...+0..1| ok p=0.896484
Q22:	|...+.... 1.....-1 ...-.... ....0..-| ok p=0.705078
Q23:	|........ -.0...00 ......0. ...^....| ok p=1
Q24:	|...^.0.. ..1...1. ...^..1. ..0....^| ok p=0.999023
Q25:	|........ ^.+..... ......+. ..1.....| ok p=0.923828
Q26:	|....0-.. ........ .0...... ..+.....| ok p=0.99707
Q27:	|....1-.. ..^..... .1....^. ........| ok p=0.984375
Q28:	|....-+.. ........ .-...... ..^.....| ok p=0.980469
Q29:	|.....0.. ........ .0...... ........| ok p=1
Q30:	|....^1.. ........ .+...... ........| ok p=1
Q31:	|........ ........ .+...... ........| ok p=0.979492
Q32:	|........ ........ ........ ........| ok p=1
Q33:	|........ ........ .!...... ........| ok p=1
Q34:	|........ ........ ........ ........| ok p=1
Q35:	|........ ........ ........ ........| ok p=1
Q36:	|........ ........ ........ ........| ok p=1
Q37:	|........ ........ ........ ........| ok p=1
Q38:	|........ ........ ........ ........| ok p=1
Q39:	|........ ........ ........ ........| ok p=1
Q40:	|........ ........ ........ ........| ok p=1
Q41:	|........ ........ ........ ........| ok p=1
Q42:	|........ ........ ........ ........| ok p=1
Q43:	|........ ........ ........ ........| ok p=1
Q44:	|........ ........ ........ ........| ok p=1
Q45:	|........ ........ ........ ........| ok p=1
Q46:	|........ ........ ........ ........| ok p=1
Q47:	|........ ........ ........ ........| ok p=1
Q48:	|........ ........ ........ ........| ok p=1
Q49:	|........ ........ ........ ........| ok p=1
Q50:	|........ ........ ........ ........| ok p=1
Q51:	|........ ........ ........ ........| ok p=1
Q52:	|........ ........ ........ ........| ok p=1
Q53:	|........ ........ ........ ........| ok p=1
Q54:	|........ ........ ........ ........| ok p=1
Q55:	|........ ........ ........ ........| ok p=1
Q56:	|........ ........ ........ ........| ok p=1
Q57:	|........ ........ ........ ........| ok p=1
Q58:	|........ ........ ........ ........| ok p=1
Q59:	|........ ........ ........ ........| ok p=1
Q60:	|.......0 ........ ........ ........| ok p=1
Q61:	|......10 ........ ........ ........| ok p=1
Q62:	|......0- ........ ........ ........| ok p=1
Q63:	|......-+ ........ ........ ........| ok p=0.992188
Q64:	|.......- ........ ..-..... ........|
Starting...
20: Q5m5tunnel      = 1
20: Q4m5tunnel      = 1
20: Q14m6Q3m5tunnel = 3
21: Q10m10tunnel    = 5
21: Q9m10tunnel     = 3
22: Q8Q12m15tunnel  = 0
23: Q4m4tunnel      = 15
24: Q9m9tunnel      = 7
25: Q14Q3m14tunnel  = 0
.20: Q5m5tunnel      = 1
20: Q4m5tunnel      = 1
20: Q14m6Q3m5tunnel = 3
21: Q10m10tunnel    = 5
21: Q9m10tunnel     = 3
22: Q8Q12m15tunnel  = 0
23: Q4m4tunnel      = 15
24: Q9m9tunnel      = 7
25: Q14Q3m14tunnel  = 0
.20: Q5m5tunnel      = 1
20: Q4m5tunnel      = 1
20: Q14m6Q3m5tunnel = 3
21: Q10m10tunnel    = 5
21: Q9m10tunnel     = 3
22: Q8Q12m15tunnel  = 0
23: Q4m4tunnel      = 15
24: Q9m9tunnel      = 7
25: Q14Q3m14tunnel  = 0
.20: Q5m5tunnel      = 1
20: Q4m5tunnel      = 1
20: Q14m6Q3m5tunnel = 3
21: Q10m10tunnel    = 5
21: Q9m10tunnel     = 3
22: Q8Q12m15tunnel  = 0
23: Q4m4tunnel      = 15
24: Q9m9tunnel      = 7
25: Q14Q3m14tunnel  = 0
.20: Q5m5tunnel      = 1
20: Q4m5tunnel      = 1
20: Q14m6Q3m5tunnel = 3
21: Q10m10tunnel    = 5
21: Q9m10tunnel     = 3
22: Q8Q12m15tunnel  = 0
23: Q4m4tunnel      = 15
24: Q9m9tunnel      = 7
25: Q14Q3m14tunnel  = 0
.20: Q5m5tunnel      = 1
20: Q4m5tunnel      = 1
20: Q14m6Q3m5tunnel = 3
21: Q10m10tunnel    = 5
21: Q9m10tunnel     = 3
22: Q8Q12m15tunnel  = 0
23: Q4m4tunnel      = 15
24: Q9m9tunnel      = 7
25: Q14Q3m14tunnel  = 0
.20: Q5m5tunnel      = 1
20: Q4m5tunnel      = 1
20: Q14m6Q3m5tunnel = 3
21: Q10m10tunnel    = 5
21: Q9m10tunnel     = 3
22: Q8Q12m15tunnel  = 0
23: Q4m4tunnel      = 15
24: Q9m9tunnel      = 7
25: Q14Q3m14tunnel  = 0
.20: Q5m5tunnel      = 1
20: Q4m5tunnel      = 1
20: Q14m6Q3m5tunnel = 3
21: Q10m10tunnel    = 5
21: Q9m10tunnel     = 3
22: Q8Q12m15tunnel  = 0
23: Q4m4tunnel      = 15
24: Q9m9tunnel      = 7
25: Q14Q3m14tunnel  = 0
.1 0
2 0
4 0
8 0
16 0
32 0
64 0
128 0
256 0
512 0
1024 0
2048 0
4096 0
8192 0
16384 0
30984 1
32768 1
54966 2
65536 2
131072 2
243486 4
262144 5
471127 8
524288 9
909127 16
Block 1: workdir5/coll1_874036238
c0 e2 55 02 7a ec 2b eb 90 65 c2 d5 2f 61 bb 52 
2a 43 2c 7d 26 58 6d 5f 25 ea 65 17 6e 91 61 5b 
80 25 d6 5c 3f 2c 8e 66 d6 6d b0 0d c1 90 08 60 
c0 07 9e f3 d6 44 26 6c 5e 22 35 84 8c d6 55 17 
Block 2: workdir5/coll2_874036238
c0 e2 55 02 7a ec 2b eb 90 65 c2 d5 2f 61 bb 52 
2a 43 2c 7d 26 58 6d 5f 25 ea 65 17 6e 91 61 5b 
80 25 d6 5c 3f 2c 8e 66 d6 6d b0 0d c1 50 08 60 
c0 07 9e f3 d6 44 26 6c 5e 22 35 84 8c d6 55 17 
Found collision!
