Extend MD5 differential paths backward
Copyright (C) 2009 Marc Stevens
http://homepages.cwi.nl/~stevens/

delta_m[11] = [!-2!]
Loading workdir3/upperpath.bin.gz...done: 1.
Estimating maxcond for upper bound 262144 (=65536 * 4)...
t=34: 0%   10   20   30   40   50   60   70   80   90   100%
      |----|----|----|----|----|----|----|----|----|----|
e     ***************************************************
Found maxcond = 2176
t=34: 0%   10   20   30   40   50   60   70   80   90   100%
      |----|----|----|----|----|----|----|----|----|----|
      ***************************************************
Q31:	|........ ........ ........ .....+..|
Q32:	|........ ........ ........ ........|
Q33:	|........ ........ ........ ........|
Q34:	|........ ........ ........ ........| ok p=1
Q35:	|........ ........ ........ ........| ok p=1
Q36:	|........ ........ ........ ........| ok p=1
Q37:	|........ ........ ........ ........| ok p=1
Q38:	|........ ........ ........ ........| ok p=1
Q39:	|........ ........ ........ ........| ok p=1
Q40:	|........ ........ ........ ........| ok p=1
Q41:	|........ ........ ........ ........| ok p=1
Q42:	|........ ........ ........ ........| ok p=1
Q43:	|........ ........ ........ ........| ok p=1
Q44:	|........ ........ ........ ........| ok p=1
Q45:	|........ ........ ........ ........| ok p=1
Q46:	|........ ........ ........ ........| ok p=1
Q47:	|........ ........ ........ ........| ok p=1
Q48:	|........ ........ ........ ........| ok p=1
Q49:	|........ ........ ........ ........| ok p=1
Q50:	|........ ........ ........ ........| ok p=1
Q51:	|........ ........ ........ ........| ok p=1
Q52:	|........ ........ ........ ........| ok p=1
Q53:	|........ ........ ........ ........| ok p=1
Q54:	|........ ........ ........ ........| ok p=1
Q55:	|........ ........ ........ ........| ok p=1
Q56:	|........ ........ ........ ........| ok p=1
Q57:	|........ ........ ........ ........| ok p=1
Q58:	|........ ........ ........ ........| ok p=1
Q59:	|........ ........ ........ ........| ok p=1
Q60:	|........ ........ ...0.... ........| ok p=1
Q61:	|........ ........ ..11.... ........| ok p=1
Q62:	|........ ........ ..1-.... ........| ok p=1
Q63:	|........ ........ ..-+.... ........| ok p=1
Q64:	|........ ........ ...-.... .....+..|
Saving 1 paths...done.
Autobalance parameters: maxcond=2176
Verified: 0 bad out of 1
Estimating maxcond for upper bound 262144 (=65536 * 4)...
t=33: 0%   10   20   30   40   50   60   70   80   90   100%
      |----|----|----|----|----|----|----|----|----|----|
e     ***************************************************
Found maxcond = 35
t=33: 0%   10   20   30   40   50   60   70   80   90   100%
      |----|----|----|----|----|----|----|----|----|----|
      ***************************************************
Q30:	|........ ........ ........ .....-..|
Q31:	|........ ........ ........ .....+..|
Q32:	|........ ........ ........ ........|
Q33:	|........ ........ ........ .....^..| ok p=1
Q34:	|........ ........ ........ ........| ok p=1
Q35:	|........ ........ ........ ........| ok p=1
Q36:	|........ ........ ........ ........| ok p=1
Q37:	|........ ........ ........ ........| ok p=1
Q38:	|........ ........ ........ ........| ok p=1
Q39:	|........ ........ ........ ........| ok p=1
Q40:	|........ ........ ........ ........| ok p=1
Q41:	|........ ........ ........ ........| ok p=1
Q42:	|........ ........ ........ ........| ok p=1
Q43:	|........ ........ ........ ........| ok p=1
Q44:	|........ ........ ........ ........| ok p=1
Q45:	|........ ........ ........ ........| ok p=1
Q46:	|........ ........ ........ ........| ok p=1
Q47:	|........ ........ ........ ........| ok p=1
Q48:	|........ ........ ........ ........| ok p=1
Q49:	|........ ........ ........ ........| ok p=1
Q50:	|........ ........ ........ ........| ok p=1
Q51:	|........ ........ ........ ........| ok p=1
Q52:	|........ ........ ........ ........| ok p=1
Q53:	|........ ........ ........ ........| ok p=1
Q54:	|........ ........ ........ ........| ok p=1
Q55:	|........ ........ ........ ........| ok p=1
Q56:	|........ ........ ........ ........| ok p=1
Q57:	|........ ........ ........ ........| ok p=1
Q58:	|........ ........ ........ ........| ok p=1
Q59:	|........ ........ ........ ........| ok p=1
Q60:	|........ ........ ...0.... ........| ok p=1
Q61:	|........ ........ ..11.... ........| ok p=1
Q62:	|........ ........ ..1-.... ........| ok p=1
Q63:	|........ ........ ..-+.... ........| ok p=1
Q64:	|........ ........ ...-.... .....+..|
Saving 65536 paths...done.
Autobalance parameters: maxcond=31
Verified: 0 bad out of 65537
Estimating maxcond for upper bound 262144 (=65536 * 4)...
t=32: 0%   10   20   30   40   50   60   70   80   90   100%
      |----|----|----|----|----|----|----|----|----|----|
e     ***************************************************
Found maxcond = 25
t=32: 0%   10   20   30   40   50   60   70   80   90   100%
      |----|----|----|----|----|----|----|----|----|----|
      ***************************************************
Q29:	|........ ........ ........ ........|
Q30:	|........ ........ ........ .....+..|
Q31:	|........ ........ ........ .....+..|
Q32:	|........ ........ ........ ........| ok p=1
Q33:	|........ ........ ........ .....!..| ok p=1
Q34:	|........ ........ ........ ........| ok p=1
Q35:	|........ ........ ........ ........| ok p=1
Q36:	|........ ........ ........ ........| ok p=1
Q37:	|........ ........ ........ ........| ok p=1
Q38:	|........ ........ ........ ........| ok p=1
Q39:	|........ ........ ........ ........| ok p=1
Q40:	|........ ........ ........ ........| ok p=1
Q41:	|........ ........ ........ ........| ok p=1
Q42:	|........ ........ ........ ........| ok p=1
Q43:	|........ ........ ........ ........| ok p=1
Q44:	|........ ........ ........ ........| ok p=1
Q45:	|........ ........ ........ ........| ok p=1
Q46:	|........ ........ ........ ........| ok p=1
Q47:	|........ ........ ........ ........| ok p=1
Q48:	|........ ........ ........ ........| ok p=1
Q49:	|........ ........ ........ ........| ok p=1
Q50:	|........ ........ ........ ........| ok p=1
Q51:	|........ ........ ........ ........| ok p=1
Q52:	|........ ........ ........ ........| ok p=1
Q53:	|........ ........ ........ ........| ok p=1
Q54:	|........ ........ ........ ........| ok p=1
Q55:	|........ ........ ........ ........| ok p=1
Q56:	|........ ........ ........ ........| ok p=1
Q57:	|........ ........ ........ ........| ok p=1
Q58:	|........ ........ ........ ........| ok p=1
Q59:	|........ ........ ........ ........| ok p=1
Q60:	|........ ........ ...0.... ........| ok p=1
Q61:	|........ ........ ..11.... ........| ok p=1
Q62:	|........ ........ ..1-.... ........| ok p=1
Q63:	|........ ........ ..-+.... ........| ok p=1
Q64:	|........ ........ ...-.... .....+..|
Saving 65536 paths...done.
Autobalance parameters: maxcond=22
Verified: 0 bad out of 121202
Estimating maxcond for upper bound 262144 (=65536 * 4)...
t=31: 0%   10   20   30   40   50   60   70   80   90   100%
      |----|----|----|----|----|----|----|----|----|----|
e     ***************************************************
Found maxcond = 22
t=31: 0%   10   20   30   40   50   60   70   80   90   100%
      |----|----|----|----|----|----|----|----|----|----|
      ***************************************************
Q28:	|........ ........ .-...... .....-..|
Q29:	|........ ........ ........ ........|
Q30:	|........ ........ ........ .....+..|
Q31:	|........ ........ ........ .....+..| ok p=1
Q32:	|........ ........ ........ ........| ok p=1
Q33:	|........ ........ ........ .....!..| ok p=1
Q34:	|........ ........ ........ ........| ok p=1
Q35:	|........ ........ ........ ........| ok p=1
Q36:	|........ ........ ........ ........| ok p=1
Q37:	|........ ........ ........ ........| ok p=1
Q38:	|........ ........ ........ ........| ok p=1
Q39:	|........ ........ ........ ........| ok p=1
Q40:	|........ ........ ........ ........| ok p=1
Q41:	|........ ........ ........ ........| ok p=1
Q42:	|........ ........ ........ ........| ok p=1
Q43:	|........ ........ ........ ........| ok p=1
Q44:	|........ ........ ........ ........| ok p=1
Q45:	|........ ........ ........ ........| ok p=1
Q46:	|........ ........ ........ ........| ok p=1
Q47:	|........ ........ ........ ........| ok p=1
Q48:	|........ ........ ........ ........| ok p=1
Q49:	|........ ........ ........ ........| ok p=1
Q50:	|........ ........ ........ ........| ok p=1
Q51:	|........ ........ ........ ........| ok p=1
Q52:	|........ ........ ........ ........| ok p=1
Q53:	|........ ........ ........ ........| ok p=1
Q54:	|........ ........ ........ ........| ok p=1
Q55:	|........ ........ ........ ........| ok p=1
Q56:	|........ ........ ........ ........| ok p=1
Q57:	|........ ........ ........ ........| ok p=1
Q58:	|........ ........ ........ ........| ok p=1
Q59:	|........ ........ ........ ........| ok p=1
Q60:	|........ ........ ...0.... ........| ok p=1
Q61:	|........ ........ ..11.... ........| ok p=1
Q62:	|........ ........ ..1-.... ........| ok p=1
Q63:	|........ ........ ..-+.... ........| ok p=1
Q64:	|........ ........ ...-.... .....+..|
Saving 65536 paths...done.
Autobalance parameters: maxcond=20
Verified: 0 bad out of 115085
Estimating maxcond for upper bound 262144 (=65536 * 4)...
t=30: 0%   10   20   30   40   50   60   70   80   90   100%
      |----|----|----|----|----|----|----|----|----|----|
e     ***************************************************
Found maxcond = 22
t=30: 0%   10   20   30   40   50   60   70   80   90   100%
      |----|----|----|----|----|----|----|----|----|----|
      ***************************************************
Q27:	|........ ..+..... ........ ........|
Q28:	|........ ........ .-...... .....-..|
Q29:	|........ ........ ........ .....1..|
Q30:	|........ ........ .^...... .....-..| ok p=0.999023
Q31:	|........ ........ ........ .....+..| ok p=1
Q32:	|........ ........ ........ ........| ok p=1
Q33:	|........ ........ ........ .....^..| ok p=1
Q34:	|........ ........ ........ ........| ok p=1
Q35:	|........ ........ ........ ........| ok p=1
Q36:	|........ ........ ........ ........| ok p=1
Q37:	|........ ........ ........ ........| ok p=1
Q38:	|........ ........ ........ ........| ok p=1
Q39:	|........ ........ ........ ........| ok p=1
Q40:	|........ ........ ........ ........| ok p=1
Q41:	|........ ........ ........ ........| ok p=1
Q42:	|........ ........ ........ ........| ok p=1
Q43:	|........ ........ ........ ........| ok p=1
Q44:	|........ ........ ........ ........| ok p=1
Q45:	|........ ........ ........ ........| ok p=1
Q46:	|........ ........ ........ ........| ok p=1
Q47:	|........ ........ ........ ........| ok p=1
Q48:	|........ ........ ........ ........| ok p=1
Q49:	|........ ........ ........ ........| ok p=1
Q50:	|........ ........ ........ ........| ok p=1
Q51:	|........ ........ ........ ........| ok p=1
Q52:	|........ ........ ........ ........| ok p=1
Q53:	|........ ........ ........ ........| ok p=1
Q54:	|........ ........ ........ ........| ok p=1
Q55:	|........ ........ ........ ........| ok p=1
Q56:	|........ ........ ........ ........| ok p=1
Q57:	|........ ........ ........ ........| ok p=1
Q58:	|........ ........ ........ ........| ok p=1
Q59:	|........ ........ ........ ........| ok p=1
Q60:	|........ ........ ...0.... ........| ok p=1
Q61:	|........ ........ ..11.... ........| ok p=1
Q62:	|........ ........ ..1-.... ........| ok p=1
Q63:	|........ ........ ..-+.... ........| ok p=1
Q64:	|........ ........ ...-.... .....+..|
Saving 65536 paths...done.
Autobalance parameters: maxcond=19
Verified: 0 bad out of 134054
Runtime: 5.02536
Extend MD5 differential paths backward
Copyright (C) 2009 Marc Stevens
http://homepages.cwi.nl/~stevens/

delta_m[11] = [!-2!]
Loading workdir3/paths30_0of1...done: 65536 (work:65536).
Estimating maxcond for upper bound 400000 (=100000 * 4)...
t=29: 0%   10   20   30   40   50   60   70   80   90   100%
      |----|----|----|----|----|----|----|----|----|----|
e     ***************************************************
Found maxcond = 23
t=29: 0%   10   20   30   40   50   60   70   80   90   100%
      |----|----|----|----|----|----|----|----|----|----|
      ***************************************************
Q26:	|......+. ........ ........ .....+..|
Q27:	|........ ........ .1...... .....-..|
Q28:	|........ ........ .-...... .....-..|
Q29:	|........ ........ ........ .....1..| ok p=0.992188
Q30:	|........ ........ .^...... .....+..| ok p=1
Q31:	|........ ........ ........ .....+..| ok p=1
Q32:	|........ ........ ........ ........| ok p=1
Q33:	|........ ........ ........ .....!..| ok p=1
Q34:	|........ ........ ........ ........| ok p=1
Q35:	|........ ........ ........ ........| ok p=1
Q36:	|........ ........ ........ ........| ok p=1
Q37:	|........ ........ ........ ........| ok p=1
Q38:	|........ ........ ........ ........| ok p=1
Q39:	|........ ........ ........ ........| ok p=1
Q40:	|........ ........ ........ ........| ok p=1
Q41:	|........ ........ ........ ........| ok p=1
Q42:	|........ ........ ........ ........| ok p=1
Q43:	|........ ........ ........ ........| ok p=1
Q44:	|........ ........ ........ ........| ok p=1
Q45:	|........ ........ ........ ........| ok p=1
Q46:	|........ ........ ........ ........| ok p=1
Q47:	|........ ........ ........ ........| ok p=1
Q48:	|........ ........ ........ ........| ok p=1
Q49:	|........ ........ ........ ........| ok p=1
Q50:	|........ ........ ........ ........| ok p=1
Q51:	|........ ........ ........ ........| ok p=1
Q52:	|........ ........ ........ ........| ok p=1
Q53:	|........ ........ ........ ........| ok p=1
Q54:	|........ ........ ........ ........| ok p=1
Q55:	|........ ........ ........ ........| ok p=1
Q56:	|........ ........ ........ ........| ok p=1
Q57:	|........ ........ ........ ........| ok p=1
Q58:	|........ ........ ........ ........| ok p=1
Q59:	|........ ........ ........ ........| ok p=1
Q60:	|........ ........ ...0.... ........| ok p=1
Q61:	|........ ........ ..11.... ........| ok p=1
Q62:	|........ ........ ..1-.... ........| ok p=1
Q63:	|........ ........ ..-+.... ........| ok p=1
Q64:	|........ ........ ...-.... .....+..|
Saving 100000 paths...done.
Autobalance parameters: maxcond=21
Verified: 0 bad out of 158327
Estimating maxcond for upper bound 400000 (=100000 * 4)...
t=28: 0%   10   20   30   40   50   60   70   80   90   100%
      |----|----|----|----|----|----|----|----|----|----|
e     ***************************************************
Found maxcond = 25
t=28: 0%   10   20   30   40   50   60   70   80   90   100%
      |----|----|----|----|----|----|----|----|----|----|
      ***************************************************
Q25:	|..+..... ........ ......+. .....+..|
Q26:	|......+. ........ .+...... .....+..|
Q27:	|........ ........ .0...... .....-..|
Q28:	|......^. ........ .-...... .....-..| ok p=0.907227
Q29:	|........ ........ ........ .....1..| ok p=0.990234
Q30:	|........ ........ .^...... .....+..| ok p=1
Q31:	|........ ........ ........ .....+..| ok p=1
Q32:	|........ ........ ........ ........| ok p=1
Q33:	|........ ........ ........ .....!..| ok p=1
Q34:	|........ ........ ........ ........| ok p=1
Q35:	|........ ........ ........ ........| ok p=1
Q36:	|........ ........ ........ ........| ok p=1
Q37:	|........ ........ ........ ........| ok p=1
Q38:	|........ ........ ........ ........| ok p=1
Q39:	|........ ........ ........ ........| ok p=1
Q40:	|........ ........ ........ ........| ok p=1
Q41:	|........ ........ ........ ........| ok p=1
Q42:	|........ ........ ........ ........| ok p=1
Q43:	|........ ........ ........ ........| ok p=1
Q44:	|........ ........ ........ ........| ok p=1
Q45:	|........ ........ ........ ........| ok p=1
Q46:	|........ ........ ........ ........| ok p=1
Q47:	|........ ........ ........ ........| ok p=1
Q48:	|........ ........ ........ ........| ok p=1
Q49:	|........ ........ ........ ........| ok p=1
Q50:	|........ ........ ........ ........| ok p=1
Q51:	|........ ........ ........ ........| ok p=1
Q52:	|........ ........ ........ ........| ok p=1
Q53:	|........ ........ ........ ........| ok p=1
Q54:	|........ ........ ........ ........| ok p=1
Q55:	|........ ........ ........ ........| ok p=1
Q56:	|........ ........ ........ ........| ok p=1
Q57:	|........ ........ ........ ........| ok p=1
Q58:	|........ ........ ........ ........| ok p=1
Q59:	|........ ........ ........ ........| ok p=1
Q60:	|........ ........ ...0.... ........| ok p=1
Q61:	|........ ........ ..11.... ........| ok p=1
Q62:	|........ ........ ..1-.... ........| ok p=1
Q63:	|........ ........ ..-+.... ........| ok p=1
Q64:	|........ ........ ...-.... .....+..|
Saving 100000 paths...done.
Autobalance parameters: maxcond=23
Verified: 1153 bad out of 167560
Estimating maxcond for upper bound 400000 (=100000 * 4)...
t=27: 0%   10   20   30   40   50   60   70   80   90   100%
      |----|----|----|----|----|----|----|----|----|----|
e     ***************************************************
Found maxcond = 28
t=27: 0%   10   20   30   40   50   60   70   80   90   100%
      |----|----|----|----|----|----|----|----|----|----|
      ***************************************************
Q24:	|.....-.. ........ .-...... ........|
Q25:	|..+...1. ........ ......+. ........|
Q26:	|......+. ........ .0...... .....0..|
Q27:	|..^..... ........ .1....^. .....1..| ok p=0.982422
Q28:	|......^. ........ .-...... .....-..| ok p=0.839844
Q29:	|........ ........ ........ .....0..| ok p=0.992188
Q30:	|........ ........ .^...... .....+..| ok p=1
Q31:	|........ ........ ........ .....+..| ok p=1
Q32:	|........ ........ ........ ........| ok p=1
Q33:	|........ ........ ........ .....!..| ok p=1
Q34:	|........ ........ ........ ........| ok p=1
Q35:	|........ ........ ........ ........| ok p=1
Q36:	|........ ........ ........ ........| ok p=1
Q37:	|........ ........ ........ ........| ok p=1
Q38:	|........ ........ ........ ........| ok p=1
Q39:	|........ ........ ........ ........| ok p=1
Q40:	|........ ........ ........ ........| ok p=1
Q41:	|........ ........ ........ ........| ok p=1
Q42:	|........ ........ ........ ........| ok p=1
Q43:	|........ ........ ........ ........| ok p=1
Q44:	|........ ........ ........ ........| ok p=1
Q45:	|........ ........ ........ ........| ok p=1
Q46:	|........ ........ ........ ........| ok p=1
Q47:	|........ ........ ........ ........| ok p=1
Q48:	|........ ........ ........ ........| ok p=1
Q49:	|........ ........ ........ ........| ok p=1
Q50:	|........ ........ ........ ........| ok p=1
Q51:	|........ ........ ........ ........| ok p=1
Q52:	|........ ........ ........ ........| ok p=1
Q53:	|........ ........ ........ ........| ok p=1
Q54:	|........ ........ ........ ........| ok p=1
Q55:	|........ ........ ........ ........| ok p=1
Q56:	|........ ........ ........ ........| ok p=1
Q57:	|........ ........ ........ ........| ok p=1
Q58:	|........ ........ ........ ........| ok p=1
Q59:	|........ ........ ........ ........| ok p=1
Q60:	|........ ........ ...0.... ........| ok p=1
Q61:	|........ ........ ..11.... ........| ok p=1
Q62:	|........ ........ ..1-.... ........| ok p=1
Q63:	|........ ........ ..-+.... ........| ok p=1
Q64:	|........ ........ ...-.... .....+..|
Saving 100000 paths...done.
Autobalance parameters: maxcond=26
Verified: 0 bad out of 172430
Estimating maxcond for upper bound 400000 (=100000 * 4)...
t=26: 0%   10   20   30   40   50   60   70   80   90   100%
      |----|----|----|----|----|----|----|----|----|----|
e     ***************************************************
Found maxcond = 31
t=26: 0%   10   20   30   40   50   60   70   80   90   100%
      |----|----|----|----|----|----|----|----|----|----|
      ***************************************************
Q23:	|........ ..-..... ....-... .....-..|
Q24:	|..1..-0. ........ ......1. ........|
Q25:	|..+...1. ........ ......+. .....+..|
Q26:	|.....^+. ........ .0...... .....+..| ok p=0.989258
Q27:	|..^..... ........ .1....^. .....-..| ok p=0.986328
Q28:	|......^. ........ .-...... .....-..| ok p=0.898438
Q29:	|........ ........ ........ .....1..| ok p=0.990234
Q30:	|........ ........ .^...... .....+..| ok p=1
Q31:	|........ ........ ........ .....+..| ok p=1
Q32:	|........ ........ ........ ........| ok p=1
Q33:	|........ ........ ........ .....!..| ok p=1
Q34:	|........ ........ ........ ........| ok p=1
Q35:	|........ ........ ........ ........| ok p=1
Q36:	|........ ........ ........ ........| ok p=1
Q37:	|........ ........ ........ ........| ok p=1
Q38:	|........ ........ ........ ........| ok p=1
Q39:	|........ ........ ........ ........| ok p=1
Q40:	|........ ........ ........ ........| ok p=1
Q41:	|........ ........ ........ ........| ok p=1
Q42:	|........ ........ ........ ........| ok p=1
Q43:	|........ ........ ........ ........| ok p=1
Q44:	|........ ........ ........ ........| ok p=1
Q45:	|........ ........ ........ ........| ok p=1
Q46:	|........ ........ ........ ........| ok p=1
Q47:	|........ ........ ........ ........| ok p=1
Q48:	|........ ........ ........ ........| ok p=1
Q49:	|........ ........ ........ ........| ok p=1
Q50:	|........ ........ ........ ........| ok p=1
Q51:	|........ ........ ........ ........| ok p=1
Q52:	|........ ........ ........ ........| ok p=1
Q53:	|........ ........ ........ ........| ok p=1
Q54:	|........ ........ ........ ........| ok p=1
Q55:	|........ ........ ........ ........| ok p=1
Q56:	|........ ........ ........ ........| ok p=1
Q57:	|........ ........ ........ ........| ok p=1
Q58:	|........ ........ ........ ........| ok p=1
Q59:	|........ ........ ........ ........| ok p=1
Q60:	|........ ........ ...0.... ........| ok p=1
Q61:	|........ ........ ..11.... ........| ok p=1
Q62:	|........ ........ ..1-.... ........| ok p=1
Q63:	|........ ........ ..-+.... ........| ok p=1
Q64:	|........ ........ ...-.... .....+..|
Saving 100000 paths...done.
Autobalance parameters: maxcond=29
Verified: 0 bad out of 163602
Estimating maxcond for upper bound 400000 (=100000 * 4)...
t=25: 0%   10   20   30   40   50   60   70   80   90   100%
      |----|----|----|----|----|----|----|----|----|----|
e     ***************************************************
Found maxcond = 36
t=25: 0%   10   20   30   40   50   60   70   80   90   100%
      |----|----|----|----|----|----|----|----|----|----|
      ***************************************************
Q22:	|........ ...-...+ .-...... ..-....-|
Q23:	|..-..1.. ........ .1..-.-. ........|
Q24:	|..0..-0. ........ .-....0. ........|
Q25:	|..+...1. ........ .+..^.+. ........| ok p=0.888672
Q26:	|.....^+. ........ .1...... .....0..| ok p=0.986328
Q27:	|..^..... ........ .1....^. .....1..| ok p=0.983398
Q28:	|......^. ........ .-...... .....-..| ok p=0.859375
Q29:	|........ ........ ........ .....0..| ok p=0.994141
Q30:	|........ ........ .^...... .....+..| ok p=1
Q31:	|........ ........ ........ .....+..| ok p=1
Q32:	|........ ........ ........ ........| ok p=1
Q33:	|........ ........ ........ .....!..| ok p=1
Q34:	|........ ........ ........ ........| ok p=1
Q35:	|........ ........ ........ ........| ok p=1
Q36:	|........ ........ ........ ........| ok p=1
Q37:	|........ ........ ........ ........| ok p=1
Q38:	|........ ........ ........ ........| ok p=1
Q39:	|........ ........ ........ ........| ok p=1
Q40:	|........ ........ ........ ........| ok p=1
Q41:	|........ ........ ........ ........| ok p=1
Q42:	|........ ........ ........ ........| ok p=1
Q43:	|........ ........ ........ ........| ok p=1
Q44:	|........ ........ ........ ........| ok p=1
Q45:	|........ ........ ........ ........| ok p=1
Q46:	|........ ........ ........ ........| ok p=1
Q47:	|........ ........ ........ ........| ok p=1
Q48:	|........ ........ ........ ........| ok p=1
Q49:	|........ ........ ........ ........| ok p=1
Q50:	|........ ........ ........ ........| ok p=1
Q51:	|........ ........ ........ ........| ok p=1
Q52:	|........ ........ ........ ........| ok p=1
Q53:	|........ ........ ........ ........| ok p=1
Q54:	|........ ........ ........ ........| ok p=1
Q55:	|........ ........ ........ ........| ok p=1
Q56:	|........ ........ ........ ........| ok p=1
Q57:	|........ ........ ........ ........| ok p=1
Q58:	|........ ........ ........ ........| ok p=1
Q59:	|........ ........ ........ ........| ok p=1
Q60:	|........ ........ ...0.... ........| ok p=1
Q61:	|........ ........ ..11.... ........| ok p=1
Q62:	|........ ........ ..1-.... ........| ok p=1
Q63:	|........ ........ ..-+.... ........| ok p=1
Q64:	|........ ........ ...-.... .....+..|
Saving 100000 paths...done.
Autobalance parameters: maxcond=35
Verified: 0 bad out of 133409
Estimating maxcond for upper bound 400000 (=100000 * 4)...
t=24: 0%   10   20   30   40   50   60   70   80   90   100%
      |----|----|----|----|----|----|----|----|----|----|
e     ***************************************************
Found maxcond = 44
t=24: 0%   10   20   30   40   50   60   70   80   90   100%
      |----|----|----|----|----|----|----|----|----|----|
      ***************************************************
Q21:	|.....+.- ..+..... .+...+.. ...+....|
Q22:	|........ ...-.... ....1... ......1-|
Q23:	|..0...-. ........ .-..-.0. ......-.|
Q24:	|..1...-. ...^.... .-....1. .......^| ok p=0.871094
Q25:	|..+...+. ........ .+..^.+. ......^.| ok p=0.891602
Q26:	|......+. ........ .+...... .....0..| ok p=0.981445
Q27:	|..^...1. ........ .-....^. .....1..| ok p=1
Q28:	|......0. ........ .-...... .....-..| ok p=0.84668
Q29:	|........ ........ .1...... .....0..| ok p=0.996094
Q30:	|........ ........ .0...... .....+..| ok p=1
Q31:	|........ ........ ........ .....+..| ok p=1
Q32:	|........ ........ ........ ........| ok p=1
Q33:	|........ ........ ........ .....!..| ok p=1
Q34:	|........ ........ ........ ........| ok p=1
Q35:	|........ ........ ........ ........| ok p=1
Q36:	|........ ........ ........ ........| ok p=1
Q37:	|........ ........ ........ ........| ok p=1
Q38:	|........ ........ ........ ........| ok p=1
Q39:	|........ ........ ........ ........| ok p=1
Q40:	|........ ........ ........ ........| ok p=1
Q41:	|........ ........ ........ ........| ok p=1
Q42:	|........ ........ ........ ........| ok p=1
Q43:	|........ ........ ........ ........| ok p=1
Q44:	|........ ........ ........ ........| ok p=1
Q45:	|........ ........ ........ ........| ok p=1
Q46:	|........ ........ ........ ........| ok p=1
Q47:	|........ ........ ........ ........| ok p=1
Q48:	|........ ........ ........ ........| ok p=1
Q49:	|........ ........ ........ ........| ok p=1
Q50:	|........ ........ ........ ........| ok p=1
Q51:	|........ ........ ........ ........| ok p=1
Q52:	|........ ........ ........ ........| ok p=1
Q53:	|........ ........ ........ ........| ok p=1
Q54:	|........ ........ ........ ........| ok p=1
Q55:	|........ ........ ........ ........| ok p=1
Q56:	|........ ........ ........ ........| ok p=1
Q57:	|........ ........ ........ ........| ok p=1
Q58:	|........ ........ ........ ........| ok p=1
Q59:	|........ ........ ........ ........| ok p=1
Q60:	|........ ........ ...0.... ........| ok p=1
Q61:	|........ ........ ..11.... ........| ok p=1
Q62:	|........ ........ ..1-.... ........| ok p=1
Q63:	|........ ........ ..-+.... ........| ok p=1
Q64:	|........ ........ ...-.... .....+..|
Saving 100000 paths...done.
Autobalance parameters: maxcond=43
Verified: 0 bad out of 131764
Estimating maxcond for upper bound 400000 (=100000 * 4)...
t=23: 0%   10   20   30   40   50   60   70   80   90   100%
      |----|----|----|----|----|----|----|----|----|----|
e     ***************************************************
Found maxcond = 53
t=23: 0%   10   20   30   40   50   60   70   80   90   100%
      |----|----|----|----|----|----|----|----|----|----|
      ***************************************************
Q20:	|..+..... +....... .....+.. ........|
Q21:	|........ ...1...1 ....+... ..1+...1|
Q22:	|..-..... ...-...+ ....0... ..-....-|
Q23:	|..-..... ........ ....-.0. ...^....| ok p=0.762695
Q24:	|..+...0. ...^...^ .0....1. ..^....^| ok p=1
Q25:	|..+...1. ........ ....^.+. ........| ok p=0.879883
Q26:	|..1...+. ........ 0-...... .....0..| ok p=1
Q27:	|..0..... ........ 1-....^. .....1..| ok p=1
Q28:	|......^. ........ -+...... .....-..| ok p=0.867188
Q29:	|........ ........ .0...... .....0..| ok p=0.998047
Q30:	|........ ........ ^1...... .....+..| ok p=1
Q31:	|........ ........ ........ .....+..| ok p=1
Q32:	|........ ........ ........ ........| ok p=1
Q33:	|........ ........ ........ .....!..| ok p=1
Q34:	|........ ........ ........ ........| ok p=1
Q35:	|........ ........ ........ ........| ok p=1
Q36:	|........ ........ ........ ........| ok p=1
Q37:	|........ ........ ........ ........| ok p=1
Q38:	|........ ........ ........ ........| ok p=1
Q39:	|........ ........ ........ ........| ok p=1
Q40:	|........ ........ ........ ........| ok p=1
Q41:	|........ ........ ........ ........| ok p=1
Q42:	|........ ........ ........ ........| ok p=1
Q43:	|........ ........ ........ ........| ok p=1
Q44:	|........ ........ ........ ........| ok p=1
Q45:	|........ ........ ........ ........| ok p=1
Q46:	|........ ........ ........ ........| ok p=1
Q47:	|........ ........ ........ ........| ok p=1
Q48:	|........ ........ ........ ........| ok p=1
Q49:	|........ ........ ........ ........| ok p=1
Q50:	|........ ........ ........ ........| ok p=1
Q51:	|........ ........ ........ ........| ok p=1
Q52:	|........ ........ ........ ........| ok p=1
Q53:	|........ ........ ........ ........| ok p=1
Q54:	|........ ........ ........ ........| ok p=1
Q55:	|........ ........ ........ ........| ok p=1
Q56:	|........ ........ ........ ........| ok p=1
Q57:	|........ ........ ........ ........| ok p=1
Q58:	|........ ........ ........ ........| ok p=1
Q59:	|........ ........ ........ ........| ok p=1
Q60:	|........ ........ ...0.... ........| ok p=1
Q61:	|........ ........ ..11.... ........| ok p=1
Q62:	|........ ........ ..1-.... ........| ok p=1
Q63:	|........ ........ ..-+.... ........| ok p=1
Q64:	|........ ........ ...-.... .....+..|
Saving 100000 paths...done.
Autobalance parameters: maxcond=52
Verified: 0 bad out of 105123
Estimating maxcond for upper bound 400000 (=100000 * 4)...
t=22: 0%   10   20   30   40   50   60   70   80   90   100%
      |----|----|----|----|----|----|----|----|----|----|
e     ***************************************************
Found maxcond = 60
t=22: 0%   10   20   30   40   50   60   70   80   90   100%
      |----|----|----|----|----|----|----|----|----|----|
      ***************************************************
Q19:	|..-..... +....+.. ........ .+...-..|
Q20:	|.......1 +..0...- ........ ..+1...0|
Q21:	|.......+ ...1...0 ....0... ..0+...1|
Q22:	|........ ^..-...+ ....1... ..-....-| ok p=0.90332
Q23:	|..0....^ ........ ....-.0. ...^....| ok p=0.996094
Q24:	|..1...0. ...^...^ .0....1. ..^....^| ok p=0.863281
Q25:	|..+...1. ........ ....^.+. ........| ok p=0.871094
Q26:	|......+. ........ 0-...... .....0..| ok p=0.988281
Q27:	|..^..... ........ 1-....^. .....1..| ok p=1
Q28:	|......^. ........ -+...... .....-..| ok p=0.836914
Q29:	|........ ........ .0...... .....0..| ok p=0.991211
Q30:	|........ ........ ^1...... .....+..| ok p=1
Q31:	|........ ........ ........ .....+..| ok p=1
Q32:	|........ ........ ........ ........| ok p=1
Q33:	|........ ........ ........ .....!..| ok p=1
Q34:	|........ ........ ........ ........| ok p=1
Q35:	|........ ........ ........ ........| ok p=1
Q36:	|........ ........ ........ ........| ok p=1
Q37:	|........ ........ ........ ........| ok p=1
Q38:	|........ ........ ........ ........| ok p=1
Q39:	|........ ........ ........ ........| ok p=1
Q40:	|........ ........ ........ ........| ok p=1
Q41:	|........ ........ ........ ........| ok p=1
Q42:	|........ ........ ........ ........| ok p=1
Q43:	|........ ........ ........ ........| ok p=1
Q44:	|........ ........ ........ ........| ok p=1
Q45:	|........ ........ ........ ........| ok p=1
Q46:	|........ ........ ........ ........| ok p=1
Q47:	|........ ........ ........ ........| ok p=1
Q48:	|........ ........ ........ ........| ok p=1
Q49:	|........ ........ ........ ........| ok p=1
Q50:	|........ ........ ........ ........| ok p=1
Q51:	|........ ........ ........ ........| ok p=1
Q52:	|........ ........ ........ ........| ok p=1
Q53:	|........ ........ ........ ........| ok p=1
Q54:	|........ ........ ........ ........| ok p=1
Q55:	|........ ........ ........ ........| ok p=1
Q56:	|........ ........ ........ ........| ok p=1
Q57:	|........ ........ ........ ........| ok p=1
Q58:	|........ ........ ........ ........| ok p=1
Q59:	|........ ........ ........ ........| ok p=1
Q60:	|........ ........ ...0.... ........| ok p=1
Q61:	|........ ........ ..11.... ........| ok p=1
Q62:	|........ ........ ..1-.... ........| ok p=1
Q63:	|........ ........ ..-+.... ........| ok p=1
Q64:	|........ ........ ...-.... .....+..|
Saving 100000 paths...done.
Autobalance parameters: maxcond=59
Verified: 0 bad out of 118439
Estimating maxcond for upper bound 400000 (=100000 * 4)...
t=21: 0%   10   20   30   40   50   60   70   80   90   100%
      |----|----|----|----|----|----|----|----|----|----|
e     ***************************************************
Found maxcond = 71
t=21: 0%   10   20   30   40   50   60   70   80   90   100%
      |----|----|----|----|----|----|----|----|----|----|
      ***************************************************
Q18:	|..-.+... -....... -...-... .+.+....|
Q19:	|..-....0 1....+.. ........ ..++.-..|
Q20:	|.......1 +..0...0 ........ ..00...0|
Q21:	|..^....+ 0..1.^.1 ....0... ..1+.^.1| ok p=0.891602
Q22:	|........ 1..-...+ ....1... ..-....-| ok p=0.897461
Q23:	|..0....^ ........ ....-.0. ...^....| ok p=0.99707
Q24:	|..1...0. ...^...^ .0....1. ..^....^| ok p=0.873047
Q25:	|..+...1. ........ ....^.+. ........| ok p=0.896484
Q26:	|......+. ........ 0-...... .....0..| ok p=0.984375
Q27:	|..^..... ........ 1-....^. .....1..| ok p=1
Q28:	|......^. ........ -+...... .....-..| ok p=0.853516
Q29:	|........ ........ .0...... .....0..| ok p=0.992188
Q30:	|........ ........ ^1...... .....+..| ok p=1
Q31:	|........ ........ ........ .....+..| ok p=1
Q32:	|........ ........ ........ ........| ok p=1
Q33:	|........ ........ ........ .....!..| ok p=1
Q34:	|........ ........ ........ ........| ok p=1
Q35:	|........ ........ ........ ........| ok p=1
Q36:	|........ ........ ........ ........| ok p=1
Q37:	|........ ........ ........ ........| ok p=1
Q38:	|........ ........ ........ ........| ok p=1
Q39:	|........ ........ ........ ........| ok p=1
Q40:	|........ ........ ........ ........| ok p=1
Q41:	|........ ........ ........ ........| ok p=1
Q42:	|........ ........ ........ ........| ok p=1
Q43:	|........ ........ ........ ........| ok p=1
Q44:	|........ ........ ........ ........| ok p=1
Q45:	|........ ........ ........ ........| ok p=1
Q46:	|........ ........ ........ ........| ok p=1
Q47:	|........ ........ ........ ........| ok p=1
Q48:	|........ ........ ........ ........| ok p=1
Q49:	|........ ........ ........ ........| ok p=1
Q50:	|........ ........ ........ ........| ok p=1
Q51:	|........ ........ ........ ........| ok p=1
Q52:	|........ ........ ........ ........| ok p=1
Q53:	|........ ........ ........ ........| ok p=1
Q54:	|........ ........ ........ ........| ok p=1
Q55:	|........ ........ ........ ........| ok p=1
Q56:	|........ ........ ........ ........| ok p=1
Q57:	|........ ........ ........ ........| ok p=1
Q58:	|........ ........ ........ ........| ok p=1
Q59:	|........ ........ ........ ........| ok p=1
Q60:	|........ ........ ...0.... ........| ok p=1
Q61:	|........ ........ ..11.... ........| ok p=1
Q62:	|........ ........ ..1-.... ........| ok p=1
Q63:	|........ ........ ..-+.... ........| ok p=1
Q64:	|........ ........ ...-.... .....+..|
Saving 100000 paths...done.
Autobalance parameters: maxcond=70
Verified: 0 bad out of 121553
Runtime: 10.0699
Extend MD5 differential paths backward
Copyright (C) 2009 Marc Stevens
http://homepages.cwi.nl/~stevens/

delta_m[11] = [!-2!]
Loading workdir3/paths21_0of1...done: 100000 (work:100000).
Estimating maxcond for upper bound 65536 (=16384 * 4)...
t=20: 0%   10   20   30   40   50   60   70   80   90   100%
      |----|----|----|----|----|----|----|----|----|----|
e     ***************************************************
Found maxcond = 84
t=20: 0%   10   20   30   40   50   60   70   80   90   100%
      |----|----|----|----|----|----|----|----|----|----|
      ***************************************************
Q17:	|+....... ...-.+.- ........ .-.+...-|
Q18:	|..-.+... -....1.. -....... +..-.1..|
Q19:	|..-....0 -..+.+.. ........ ..++.-..|
Q20:	|..0.^..0 +..+...0 ^....... ^.+0...0| ok p=0.635742
Q21:	|..^....+ 1..-.^.1 ....0... ..0+.^.1| ok p=0.887695
Q22:	|........ ^..-...+ ....1... ..-....-| ok p=0.908203
Q23:	|..0....^ ...1.... ....-.0. ...^....| ok p=0.989258
Q24:	|..1...0. ...0...^ .0....1. ..^....^| ok p=0.850586
Q25:	|..+...1. ........ ....^.+. ........| ok p=0.890625
Q26:	|......+. ........ 0-...... .....0..| ok p=0.975586
Q27:	|..^..... ........ 1-....^. .....1..| ok p=1
Q28:	|......^. ........ -+...... .....-..| ok p=0.87207
Q29:	|........ ........ .0...... .....0..| ok p=0.992188
Q30:	|........ ........ ^1...... .....+..| ok p=1
Q31:	|........ ........ ........ .....+..| ok p=1
Q32:	|........ ........ ........ ........| ok p=1
Q33:	|........ ........ ........ .....!..| ok p=1
Q34:	|........ ........ ........ ........| ok p=1
Q35:	|........ ........ ........ ........| ok p=1
Q36:	|........ ........ ........ ........| ok p=1
Q37:	|........ ........ ........ ........| ok p=1
Q38:	|........ ........ ........ ........| ok p=1
Q39:	|........ ........ ........ ........| ok p=1
Q40:	|........ ........ ........ ........| ok p=1
Q41:	|........ ........ ........ ........| ok p=1
Q42:	|........ ........ ........ ........| ok p=1
Q43:	|........ ........ ........ ........| ok p=1
Q44:	|........ ........ ........ ........| ok p=1
Q45:	|........ ........ ........ ........| ok p=1
Q46:	|........ ........ ........ ........| ok p=1
Q47:	|........ ........ ........ ........| ok p=1
Q48:	|........ ........ ........ ........| ok p=1
Q49:	|........ ........ ........ ........| ok p=1
Q50:	|........ ........ ........ ........| ok p=1
Q51:	|........ ........ ........ ........| ok p=1
Q52:	|........ ........ ........ ........| ok p=1
Q53:	|........ ........ ........ ........| ok p=1
Q54:	|........ ........ ........ ........| ok p=1
Q55:	|........ ........ ........ ........| ok p=1
Q56:	|........ ........ ........ ........| ok p=1
Q57:	|........ ........ ........ ........| ok p=1
Q58:	|........ ........ ........ ........| ok p=1
Q59:	|........ ........ ........ ........| ok p=1
Q60:	|........ ........ ...0.... ........| ok p=1
Q61:	|........ ........ ..11.... ........| ok p=1
Q62:	|........ ........ ..1-.... ........| ok p=1
Q63:	|........ ........ ..-+.... ........| ok p=1
Q64:	|........ ........ ...-.... .....+..|
Saving 16384 paths...done.
Autobalance parameters: maxcond=83
Verified: 0 bad out of 30619
Runtime: 3.30753
Extend MD5 differential paths backward
Copyright (C) 2009 Marc Stevens
http://homepages.cwi.nl/~stevens/

delta_m[11] = [!-2!]
Loading workdir3/paths20_0of1...done: 16384 (work:16384).
Estimating maxcond for upper bound 2000000 (=500000 * 4)...
t=19: 0%   10   20   30   40   50   60   70   80   90   100%
      |----|----|----|----|----|----|----|----|----|----|
e     ***************************************************
Found maxcond = 95
t=19: 0%   10   20   30   40   50   60   70   80   90   100%
      |----|----|----|----|----|----|----|----|----|----|
      ***************************************************
Q16:	|..-..... +....-.. .+....+. .-.+....|
Q17:	|+...1... .....+.. 1...1... .....+..|
Q18:	|..-.+... -....1.. -...-... .+...0..|
Q19:	|^.-....0 -....+.. ........ .+.0.-..| ok p=0.652344
Q20:	|..0.^..0 +..0...0 ^...^... .001...0| ok p=0.365234
Q21:	|..^....+ 1..1.^.1 ....0... .11+.^.1| ok p=0.898438
Q22:	|........ ^..-...+ ....1... ..-....-| ok p=0.919922
Q23:	|..0....^ ........ ....-.0. ...^....| ok p=0.99707
Q24:	|..1...0. ...^...^ .0....1. ..^....^| ok p=0.861328
Q25:	|..+...1. ........ ....^.+. ........| ok p=0.876953
Q26:	|......+. ........ 0-...... .....0..| ok p=0.985352
Q27:	|..^..... ........ 1-....^. .....1..| ok p=1
Q28:	|......^. ........ -+...... .....-..| ok p=0.856445
Q29:	|........ ........ .0...... .....0..| ok p=0.990234
Q30:	|........ ........ ^1...... .....+..| ok p=1
Q31:	|........ ........ ........ .....+..| ok p=1
Q32:	|........ ........ ........ ........| ok p=1
Q33:	|........ ........ ........ .....!..| ok p=1
Q34:	|........ ........ ........ ........| ok p=1
Q35:	|........ ........ ........ ........| ok p=1
Q36:	|........ ........ ........ ........| ok p=1
Q37:	|........ ........ ........ ........| ok p=1
Q38:	|........ ........ ........ ........| ok p=1
Q39:	|........ ........ ........ ........| ok p=1
Q40:	|........ ........ ........ ........| ok p=1
Q41:	|........ ........ ........ ........| ok p=1
Q42:	|........ ........ ........ ........| ok p=1
Q43:	|........ ........ ........ ........| ok p=1
Q44:	|........ ........ ........ ........| ok p=1
Q45:	|........ ........ ........ ........| ok p=1
Q46:	|........ ........ ........ ........| ok p=1
Q47:	|........ ........ ........ ........| ok p=1
Q48:	|........ ........ ........ ........| ok p=1
Q49:	|........ ........ ........ ........| ok p=1
Q50:	|........ ........ ........ ........| ok p=1
Q51:	|........ ........ ........ ........| ok p=1
Q52:	|........ ........ ........ ........| ok p=1
Q53:	|........ ........ ........ ........| ok p=1
Q54:	|........ ........ ........ ........| ok p=1
Q55:	|........ ........ ........ ........| ok p=1
Q56:	|........ ........ ........ ........| ok p=1
Q57:	|........ ........ ........ ........| ok p=1
Q58:	|........ ........ ........ ........| ok p=1
Q59:	|........ ........ ........ ........| ok p=1
Q60:	|........ ........ ...0.... ........| ok p=1
Q61:	|........ ........ ..11.... ........| ok p=1
Q62:	|........ ........ ..1-.... ........| ok p=1
Q63:	|........ ........ ..-+.... ........| ok p=1
Q64:	|........ ........ ...-.... .....+..|
Saving 500000 paths...done.
Autobalance parameters: maxcond=93
Verified: 0 bad out of 875950
Estimating maxcond for upper bound 2000000 (=500000 * 4)...
t=18: 0%   10   20   30   40   50   60   70   80   90   100%
      |----|----|----|----|----|----|----|----|----|----|
e     ***************************************************
Found maxcond = 106
t=18: 0%   10   20   30   40   50   60   70   80   90   100%
      |----|----|----|----|----|----|----|----|----|----|
      ***************************************************
Q15:	|..+..... +..-.... ..-..+.. ..+.-.-.|
Q16:	|1.-.0... .....-.. 0+..+.+. .-......|
Q17:	|-.1.1... -....+.. 1...0... .0...0..|
Q18:	|..-.+... -....1.. -^..-.^. .+...1..| ok p=0.800781
Q19:	|^.-....0 +....+.. ........ .+.0.-..| ok p=0.658203
Q20:	|..0.^..1 +..0...0 ^...^... .001...0| ok p=0.373047
Q21:	|..^....+ 0..1.^.1 ....0... .11+.^.1| ok p=0.899414
Q22:	|........ ^..-...+ ....1... ..-....-| ok p=0.918945
Q23:	|..0....^ ........ ....-.0. ...^....| ok p=0.996094
Q24:	|..1...0. ...^...^ .0....1. ..^....^| ok p=0.873047
Q25:	|..+...1. ........ ....^.+. ........| ok p=0.886719
Q26:	|......+. ........ 0-...... .....0..| ok p=0.986328
Q27:	|..^..... ........ 1-....^. .....1..| ok p=1
Q28:	|......^. ........ -+...... .....-..| ok p=0.820312
Q29:	|........ ........ .0...... .....0..| ok p=0.99707
Q30:	|........ ........ ^1...... .....+..| ok p=1
Q31:	|........ ........ ........ .....+..| ok p=1
Q32:	|........ ........ ........ ........| ok p=1
Q33:	|........ ........ ........ .....!..| ok p=1
Q34:	|........ ........ ........ ........| ok p=1
Q35:	|........ ........ ........ ........| ok p=1
Q36:	|........ ........ ........ ........| ok p=1
Q37:	|........ ........ ........ ........| ok p=1
Q38:	|........ ........ ........ ........| ok p=1
Q39:	|........ ........ ........ ........| ok p=1
Q40:	|........ ........ ........ ........| ok p=1
Q41:	|........ ........ ........ ........| ok p=1
Q42:	|........ ........ ........ ........| ok p=1
Q43:	|........ ........ ........ ........| ok p=1
Q44:	|........ ........ ........ ........| ok p=1
Q45:	|........ ........ ........ ........| ok p=1
Q46:	|........ ........ ........ ........| ok p=1
Q47:	|........ ........ ........ ........| ok p=1
Q48:	|........ ........ ........ ........| ok p=1
Q49:	|........ ........ ........ ........| ok p=1
Q50:	|........ ........ ........ ........| ok p=1
Q51:	|........ ........ ........ ........| ok p=1
Q52:	|........ ........ ........ ........| ok p=1
Q53:	|........ ........ ........ ........| ok p=1
Q54:	|........ ........ ........ ........| ok p=1
Q55:	|........ ........ ........ ........| ok p=1
Q56:	|........ ........ ........ ........| ok p=1
Q57:	|........ ........ ........ ........| ok p=1
Q58:	|........ ........ ........ ........| ok p=1
Q59:	|........ ........ ........ ........| ok p=1
Q60:	|........ ........ ...0.... ........| ok p=1
Q61:	|........ ........ ..11.... ........| ok p=1
Q62:	|........ ........ ..1-.... ........| ok p=1
Q63:	|........ ........ ..-+.... ........| ok p=1
Q64:	|........ ........ ...-.... .....+..|
Saving 500000 paths...done.
Autobalance parameters: maxcond=105
Verified: 0 bad out of 558642
Estimating maxcond for upper bound 2000000 (=500000 * 4)...
t=17: 0%   10   20   30   40   50   60   70   80   90   100%
      |----|----|----|----|----|----|----|----|----|----|
e     ***************************************************
Found maxcond = 123
t=17: 0%   10   20   30   40   50   60   70   80   90   100%
      |----|----|----|----|----|----|----|----|----|----|
      ***************************************************
Q14:	|+.....-. ..+..... ......-. .....-..|
Q15:	|.+...... +..-.1.. .1.-..-. .-.+.++.|
Q16:	|.1-.0... 0....-.. 0+..1.+. .-...1..|
Q17:	|.--.1... -..^.+.. 1..^1.1. .1.^.+^.| ok p=0.599609
Q18:	|..-.+... -....1.. -^..-.0. .+...0..| ok p=0.792969
Q19:	|.^-....0 +....+.. ........ .+.0.-..| ok p=0.679688
Q20:	|..1.^..1 +..0...0 ^...^... .001...0| ok p=0.368164
Q21:	|..^....+ 0..1.^.1 ....0... .11+.^.1| ok p=0.915039
Q22:	|........ ^..-...+ ....1... ..-....-| ok p=0.932617
Q23:	|..0....^ ........ ....-.0. ...^....| ok p=0.99707
Q24:	|..1...0. ...^...^ .0....1. ..^....^| ok p=0.857422
Q25:	|..+...1. ........ ....^.+. ........| ok p=0.886719
Q26:	|......+. ........ 0-...... .....0..| ok p=0.984375
Q27:	|..^..... ........ 1-....^. .....1..| ok p=1
Q28:	|......^. ........ -+...... .....-..| ok p=0.844727
Q29:	|........ ........ .0...... .....0..| ok p=0.99707
Q30:	|........ ........ ^1...... .....+..| ok p=1
Q31:	|........ ........ ........ .....+..| ok p=1
Q32:	|........ ........ ........ ........| ok p=1
Q33:	|........ ........ ........ .....!..| ok p=1
Q34:	|........ ........ ........ ........| ok p=1
Q35:	|........ ........ ........ ........| ok p=1
Q36:	|........ ........ ........ ........| ok p=1
Q37:	|........ ........ ........ ........| ok p=1
Q38:	|........ ........ ........ ........| ok p=1
Q39:	|........ ........ ........ ........| ok p=1
Q40:	|........ ........ ........ ........| ok p=1
Q41:	|........ ........ ........ ........| ok p=1
Q42:	|........ ........ ........ ........| ok p=1
Q43:	|........ ........ ........ ........| ok p=1
Q44:	|........ ........ ........ ........| ok p=1
Q45:	|........ ........ ........ ........| ok p=1
Q46:	|........ ........ ........ ........| ok p=1
Q47:	|........ ........ ........ ........| ok p=1
Q48:	|........ ........ ........ ........| ok p=1
Q49:	|........ ........ ........ ........| ok p=1
Q50:	|........ ........ ........ ........| ok p=1
Q51:	|........ ........ ........ ........| ok p=1
Q52:	|........ ........ ........ ........| ok p=1
Q53:	|........ ........ ........ ........| ok p=1
Q54:	|........ ........ ........ ........| ok p=1
Q55:	|........ ........ ........ ........| ok p=1
Q56:	|........ ........ ........ ........| ok p=1
Q57:	|........ ........ ........ ........| ok p=1
Q58:	|........ ........ ........ ........| ok p=1
Q59:	|........ ........ ........ ........| ok p=1
Q60:	|........ ........ ...0.... ........| ok p=1
Q61:	|........ ........ ..11.... ........| ok p=1
Q62:	|........ ........ ..1-.... ........| ok p=1
Q63:	|........ ........ ..-+.... ........| ok p=1
Q64:	|........ ........ ...-.... .....+..|
Saving 500000 paths...done.
Autobalance parameters: maxcond=122
Verified: 0 bad out of 539560
Estimating maxcond for upper bound 2000000 (=500000 * 4)...
t=16: 0%   10   20   30   40   50   60   70   80   90   100%
      |----|----|----|----|----|----|----|----|----|----|
e     ***************************************************
Found maxcond = 136
t=16: 0%   10   20   30   40   50   60   70   80   90   100%
      |----|----|----|----|----|----|----|----|----|----|
      ***************************************************
Q13:	|......-. -....... ..+..-.. .+.-..+.|
Q14:	|..+..... +..+.+.. .01..... ...1.11.|
Q15:	|0.+..... +..-.1.. .1-...+. .-.+.++.|
Q16:	|1.-.0... 1..1.-.. 0+..0.+. .-...1..| ok p=0.723633
Q17:	|-.+.1... -..0.0.. 1.^.1.0. .1.^.0^.| ok p=0.630859
Q18:	|..-.+... -....0.. -^..-.1. .+...1..| ok p=0.773438
Q19:	|^.-....0 +....+.. ........ .+.0.-..| ok p=0.679688
Q20:	|..1.^..1 +..0...0 ^...^... .001...0| ok p=0.379883
Q21:	|..^....+ 0..1.^.1 ....0... .11+.^.1| ok p=0.900391
Q22:	|........ ^..-...+ ....1... ..-....-| ok p=0.905273
Q23:	|..0....^ ........ ....-.0. ...^....| ok p=0.993164
Q24:	|..1...0. ...^...^ .0....1. ..^....^| ok p=0.865234
Q25:	|..+...1. ........ ....^.+. ........| ok p=0.87207
Q26:	|......+. ........ 0-...... .....0..| ok p=0.983398
Q27:	|..^..... ........ 1-....^. .....1..| ok p=1
Q28:	|......^. ........ -+...... .....-..| ok p=0.829102
Q29:	|........ ........ .0...... .....0..| ok p=0.994141
Q30:	|........ ........ ^1...... .....+..| ok p=1
Q31:	|........ ........ ........ .....+..| ok p=1
Q32:	|........ ........ ........ ........| ok p=1
Q33:	|........ ........ ........ .....!..| ok p=1
Q34:	|........ ........ ........ ........| ok p=1
Q35:	|........ ........ ........ ........| ok p=1
Q36:	|........ ........ ........ ........| ok p=1
Q37:	|........ ........ ........ ........| ok p=1
Q38:	|........ ........ ........ ........| ok p=1
Q39:	|........ ........ ........ ........| ok p=1
Q40:	|........ ........ ........ ........| ok p=1
Q41:	|........ ........ ........ ........| ok p=1
Q42:	|........ ........ ........ ........| ok p=1
Q43:	|........ ........ ........ ........| ok p=1
Q44:	|........ ........ ........ ........| ok p=1
Q45:	|........ ........ ........ ........| ok p=1
Q46:	|........ ........ ........ ........| ok p=1
Q47:	|........ ........ ........ ........| ok p=1
Q48:	|........ ........ ........ ........| ok p=1
Q49:	|........ ........ ........ ........| ok p=1
Q50:	|........ ........ ........ ........| ok p=1
Q51:	|........ ........ ........ ........| ok p=1
Q52:	|........ ........ ........ ........| ok p=1
Q53:	|........ ........ ........ ........| ok p=1
Q54:	|........ ........ ........ ........| ok p=1
Q55:	|........ ........ ........ ........| ok p=1
Q56:	|........ ........ ........ ........| ok p=1
Q57:	|........ ........ ........ ........| ok p=1
Q58:	|........ ........ ........ ........| ok p=1
Q59:	|........ ........ ........ ........| ok p=1
Q60:	|........ ........ ...0.... ........| ok p=1
Q61:	|........ ........ ..11.... ........| ok p=1
Q62:	|........ ........ ..1-.... ........| ok p=1
Q63:	|........ ........ ..-+.... ........| ok p=1
Q64:	|........ ........ ...-.... .....+..|
Saving 500000 paths...done.
Autobalance parameters: maxcond=134
Verified: 0 bad out of 919612
Runtime: 32.7136
