Connect MD5 differential paths
Copyright (C) 2009 Marc Stevens
http://homepages.cwi.nl/~stevens/

delta_m[11] = [!-2!]
Loading workdir3/paths16_0of1.bin.gz...done: 500000.
Loading workdir3/paths11_0of1.bin.gz...done: 500000.
t=12: 0%   10   20   30   40   50   60   70   80   90   100%
      |----|----|----|----|----|----|----|----|----|----|
      *Q-3:	|11110001 11110111 11011100 11100001|
Q-2:	|11-01+-- 010+10-+ +1+-0100 011+---1|
Q-1:	|+++1+--- 001+0000 -10+0011 10011+-0|
Q0:	|+++10000 +--00-11 0-0-1-00 00-000-1| ok p=0.742188
Q1:	|+1..-000 +11-.0-0 0-.1.-0+ ..-..1-.| ok p=0.408203
Q2:	|1+1.+... .1+1.-01 1-.0.--- ..0...+.| ok p=1
Q3:	|1-..0... 1-+1.-0- 0....-00 ..1.1^1.| ok p=1
Q4:	|00..-^.. 10-..0.+ .0....0+ ..+11--.| ok p=1
Q5:	|1+..1-.. 1+-..-.1 .....0.1 ..0.-0+.| ok p=1
Q6:	|01..+0.. -1...-.0 .......1 .01.-11.| ok p=1
Q7:	|01..11.. -00..... .......1 .0-.+.1.| ok p=1
Q8:	|1+..0-.. .....01. .....^.- .+-0+...| ok p=1
Q9:	|01..+00. 1.....1. ....0-.0 .+11+...| ok p=1
Q10:	|1-11+00. .1^1.1+1 .1011000 .+01000.| ok p=1
Q11:	|1-100++^ 10+1.0+0 .111+11- 0+.0111.| ok p=1
Q12:	|++-101-+ 1+0-^+-+ ^+---1-+ 1+.+---.| ok p=1
Q13:	|--+++++1 -+1---+- ---+++00 +-.-1-0.| ok p=1
Q14:	|-0+01010 +.+.1+11 0-111010 01.1100.| ok p=1
Q15:	|+0+1110. +010-100 10-111+. 1-.+.++.| ok p=1
Q16:	|0.-.0... 1.0.-1.. 0+..0.+. .-...1..| ok p=0.737305
Q17:	|+.+.1... -...01.. 1.^.1.0. .1.^.0^.| ok p=0.621094
Q18:	|..-.+... -...10.. -^..-.1. .+...1..| ok p=0.768555
Q19:	|^.-....0 +....+.. ........ .+.0.-..| ok p=0.686523
Q20:	|..1.^..1 +..0...0 ^...^... .001...0| ok p=0.37207
Q21:	|..1....+ 0..1.^.1 ....0... .11+.^.1| ok p=0.902344
Q22:	|........ 0..-...+ ....1... ..-....-| ok p=0.929688
Q23:	|..0....^ ........ ....-.0. ...^....| ok p=0.998047
Q24:	|..1...0. ...^...^ .0....1. ..^....^| ok p=0.875
Q25:	|..+...1. ........ ....^.+. ........| ok p=0.860352
Q26:	|......+. ........ 0-...... .....0..| ok p=0.985352
Q27:	|..^..... ........ 1-....^. .....1..| ok p=1
Q28:	|......^. ........ -+...... .....-..| ok p=0.830078
Q29:	|........ ........ .0...... .....0..| ok p=0.991211
Q30:	|........ ........ ^1...... .....+..| ok p=1
Q31:	|........ ........ ........ .....+..| ok p=1
Q32:	|........ ........ ........ ........| ok p=1
Q33:	|........ ........ ........ .....!..| ok p=1
Q34:	|........ ........ ........ ........| ok p=1
Q35:	|........ ........ ........ ........| ok p=1
Q36:	|........ ........ ........ ........| ok p=1
Q37:	|........ ........ ........ ........| ok p=1
Q38:	|........ ........ ........ ........| ok p=1
Q39:	|........ ........ ........ ........| ok p=1
Q40:	|........ ........ ........ ........| ok p=1
Q41:	|........ ........ ........ ........| ok p=1
Q42:	|........ ........ ........ ........| ok p=1
Q43:	|........ ........ ........ ........| ok p=1
Q44:	|........ ........ ........ ........| ok p=1
Q45:	|........ ........ ........ ........| ok p=1
Q46:	|........ ........ ........ ........| ok p=1
Q47:	|........ ........ ........ ........| ok p=1
Q48:	|........ ........ ........ ........| ok p=1
Q49:	|........ ........ ........ ........| ok p=1
Q50:	|........ ........ ........ ........| ok p=1
Q51:	|........ ........ ........ ........| ok p=1
Q52:	|........ ........ ........ ........| ok p=1
Q53:	|........ ........ ........ ........| ok p=1
Q54:	|........ ........ ........ ........| ok p=1
Q55:	|........ ........ ........ ........| ok p=1
Q56:	|........ ........ ........ ........| ok p=1
Q57:	|........ ........ ........ ........| ok p=1
Q58:	|........ ........ ........ ........| ok p=1
Q59:	|........ ........ ........ ........| ok p=1
Q60:	|........ ........ ...0.... ........| ok p=1
Q61:	|........ ........ ..11.... ........| ok p=1
Q62:	|........ ........ ..1-.... ........| ok p=1
Q63:	|........ ........ ..-+.... ........| ok p=1
Q64:	|........ ........ ...-.... .....+..|
Best path: totcompl=-28 tottunnel=34, totcond=561, p=0.0147361
Q-3:	|11110001 11110111 11011100 11100001|
Q-2:	|11-01+-- 010+10-+ +1+-0100 011+---1|
Q-1:	|+++1+--- 001+0000 -10+0011 10011+-0|
Q0:	|+++10000 +--00-11 0-0-1-00 00-000-1| ok p=0.739258
Q1:	|+1..-000 +11-.0-0 0-.1.-0+ ..-..1-.| ok p=0.4375
Q2:	|1+1.+... .1+1.-01 1-.0.--- ..0...+.| ok p=1
Q3:	|1-..0... 1-+1.-0- 0....-00 ..1.1^1.| ok p=1
Q4:	|00..-^.. 10-..0.+ .0....0+ ..+11--.| ok p=1
Q5:	|1+..1-.. 1+-..-.1 .....0.1 ..0.-0+.| ok p=1
Q6:	|01..+0.. -1...-.0 .......1 .01.-11.| ok p=1
Q7:	|01..11.. -00..... .......1 .0-.+.1.| ok p=1
Q8:	|1+..0-.. .....01. .....^.- .+-0+...| ok p=1
Q9:	|01..+00. 1.....1. ....0-.0 .+11+...| ok p=1
Q10:	|1-11+00. .1^1.1+1 .1001000 .+01000.| ok p=1
Q11:	|1-100++^ 10+1.0+0 .110+11- 0+.0111.| ok p=1
Q12:	|++-101-+ 1+0-^+-+ ^+---1-+ 1+.+---.| ok p=1
Q13:	|--+++++1 -+1---+- --0-++00 +-.-1-0.| ok p=1
Q14:	|-0+01010 +.+.1+11 0-1.1010 01.1100.| ok p=1
Q15:	|+0+1110. +010-100 10-111+. 1-.+.++.| ok p=1
Q16:	|0.-.0... 1.0.-1.. 0+..0.+. .-...1..| ok p=0.741211
Q17:	|+.+.1... -...01.. 1.^.1.0. .1.^.0^.| ok p=0.648438
Q18:	|..-.+... -...10.. -^..-.1. .+...1..| ok p=0.759766
Q19:	|^.-....0 +....+.. ........ .+.0.-..| ok p=0.664062
Q20:	|..1.^..1 +..0...0 ^...^... .001...0| ok p=0.365234
Q21:	|..1....+ 0..1.^.1 ....0... .11+.^.1| ok p=0.894531
Q22:	|........ 0..-...+ ....1... ..-....-| ok p=0.90332
Q23:	|..0....^ ........ ....-.0. ...^....| ok p=0.99707
Q24:	|..1...0. ...^...^ .0....1. ..^....^| ok p=0.859375
Q25:	|..+...1. ........ ....^.+. ........| ok p=0.892578
Q26:	|......+. ........ 0-...... .....0..| ok p=0.982422
Q27:	|..^..... ........ 1-....^. .....1..| ok p=1
Q28:	|......^. ........ -+...... .....-..| ok p=0.837891
Q29:	|........ ........ .0...... .....0..| ok p=0.990234
Q30:	|........ ........ ^1...... .....+..| ok p=1
Q31:	|........ ........ ........ .....+..| ok p=1
Q32:	|........ ........ ........ ........| ok p=1
Q33:	|........ ........ ........ .....!..| ok p=1
Q34:	|........ ........ ........ ........| ok p=1
Q35:	|........ ........ ........ ........| ok p=1
Q36:	|........ ........ ........ ........| ok p=1
Q37:	|........ ........ ........ ........| ok p=1
Q38:	|........ ........ ........ ........| ok p=1
Q39:	|........ ........ ........ ........| ok p=1
Q40:	|........ ........ ........ ........| ok p=1
Q41:	|........ ........ ........ ........| ok p=1
Q42:	|........ ........ ........ ........| ok p=1
Q43:	|........ ........ ........ ........| ok p=1
Q44:	|........ ........ ........ ........| ok p=1
Q45:	|........ ........ ........ ........| ok p=1
Q46:	|........ ........ ........ ........| ok p=1
Q47:	|........ ........ ........ ........| ok p=1
Q48:	|........ ........ ........ ........| ok p=1
Q49:	|........ ........ ........ ........| ok p=1
Q50:	|........ ........ ........ ........| ok p=1
Q51:	|........ ........ ........ ........| ok p=1
Q52:	|........ ........ ........ ........| ok p=1
Q53:	|........ ........ ........ ........| ok p=1
Q54:	|........ ........ ........ ........| ok p=1
Q55:	|........ ........ ........ ........| ok p=1
Q56:	|........ ........ ........ ........| ok p=1
Q57:	|........ ........ ........ ........| ok p=1
Q58:	|........ ........ ........ ........| ok p=1
Q59:	|........ ........ ........ ........| ok p=1
Q60:	|........ ........ ...0.... ........| ok p=1
Q61:	|........ ........ ..11.... ........| ok p=1
Q62:	|........ ........ ..1-.... ........| ok p=1
Q63:	|........ ........ ..-+.... ........| ok p=1
Q64:	|........ ........ ...-.... .....+..|
Best path: totcompl=-28 tottunnel=34, totcond=560, p=0.0151675
Q-3:	|11110001 11110111 11011100 11100001|
Q-2:	|11-01+-- 010+10-+ +1+-0100 011+---1|
Q-1:	|+++1+--- 001+0000 -10+0011 10011+-0|
Q0:	|+++10000 +--00-11 0-0-1-00 00-000-1| ok p=0.75293
Q1:	|+1..-000 +11-.0-0 0-.1.-0+ ..-..1-.| ok p=0.432617
Q2:	|1+1.+... .1+1.-01 1-.0.--- ..0...+.| ok p=1
Q3:	|1-..0... 1-+1.-0- .0...-00 ..1.1^1.| ok p=1
Q4:	|00..-^.. 10-..0.+ .0....0+ ..+11--.| ok p=1
Q5:	|1+..1-.. 1+-..-.1 .....0.1 ..0.-0+.| ok p=1
Q6:	|01..+0.. -1...-.0 .......1 .01.-11.| ok p=0.99707
Q7:	|01..11.. -00..... .......1 .0-.+.1.| ok p=1
Q8:	|1+..0-.. ..0..01. .....^.- .+-0+...| ok p=1
Q9:	|01..+00. 1.....1. ....0-.0 .+11+...| ok p=1
Q10:	|1-1.+00. 11^1.1+1 .10.1000 .+01000.| ok p=1
Q11:	|1-100++^ 10+1.0+0 .11^+11- 0+.0111.| ok p=1
Q12:	|-+-101-+ 1+0-^+-+ ^+---1-+ 1+.+---.| ok p=1
Q13:	|+-+++++1 -+1---+- --01-+00 +-.-1-0.| ok p=1
Q14:	|+0+01010 +.+.1+11 0-11.010 01.1100.| ok p=1
Q15:	|-0+1110. +010-100 10-.11+. 1-.+.++.| ok p=0.495117
Q16:	|0.-.0... 1.0.-1.. 0+..0.+. .-...1..| ok p=0.755859
Q17:	|-.+.1... -...01.. 1.^.1.0. .1.^.0^.| ok p=0.629883
Q18:	|..-.+... -...10.. -^..-.1. .+...1..| ok p=0.764648
Q19:	|^.-....0 +....+.. ........ .+.0.-..| ok p=0.677734
Q20:	|..1.^..1 +..0...0 ^...^... .001...0| ok p=0.360352
Q21:	|..1....+ 0..1.^.1 ....0... .11+.^.1| ok p=0.905273
Q22:	|........ 0..-...+ ....1... ..-....-| ok p=0.924805
Q23:	|..0....^ ........ ....-.0. ...^....| ok p=0.996094
Q24:	|..1...0. ...^...^ .0....1. ..^....^| ok p=0.861328
Q25:	|..+...1. ........ ....^.+. ........| ok p=0.865234
Q26:	|......+. ........ 0-...... .....0..| ok p=0.979492
Q27:	|..^..... ........ 1-....^. .....1..| ok p=1
Q28:	|......^. ........ -+...... .....-..| ok p=0.854492
Q29:	|........ ........ .0...... .....0..| ok p=0.996094
Q30:	|........ ........ ^1...... .....+..| ok p=1
Q31:	|........ ........ ........ .....+..| ok p=1
Q32:	|........ ........ ........ ........| ok p=1
Q33:	|........ ........ ........ .....!..| ok p=1
Q34:	|........ ........ ........ ........| ok p=1
Q35:	|........ ........ ........ ........| ok p=1
Q36:	|........ ........ ........ ........| ok p=1
Q37:	|........ ........ ........ ........| ok p=1
Q38:	|........ ........ ........ ........| ok p=1
Q39:	|........ ........ ........ ........| ok p=1
Q40:	|........ ........ ........ ........| ok p=1
Q41:	|........ ........ ........ ........| ok p=1
Q42:	|........ ........ ........ ........| ok p=1
Q43:	|........ ........ ........ ........| ok p=1
Q44:	|........ ........ ........ ........| ok p=1
Q45:	|........ ........ ........ ........| ok p=1
Q46:	|........ ........ ........ ........| ok p=1
Q47:	|........ ........ ........ ........| ok p=1
Q48:	|........ ........ ........ ........| ok p=1
Q49:	|........ ........ ........ ........| ok p=1
Q50:	|........ ........ ........ ........| ok p=1
Q51:	|........ ........ ........ ........| ok p=1
Q52:	|........ ........ ........ ........| ok p=1
Q53:	|........ ........ ........ ........| ok p=1
Q54:	|........ ........ ........ ........| ok p=1
Q55:	|........ ........ ........ ........| ok p=1
Q56:	|........ ........ ........ ........| ok p=1
Q57:	|........ ........ ........ ........| ok p=1
Q58:	|........ ........ ........ ........| ok p=1
Q59:	|........ ........ ........ ........| ok p=1
Q60:	|........ ........ ...0.... ........| ok p=1
Q61:	|........ ........ ..11.... ........| ok p=1
Q62:	|........ ........ ..1-.... ........| ok p=1
Q63:	|........ ........ ..-+.... ........| ok p=1
Q64:	|........ ........ ...-.... .....+..|
Best path: totcompl=-27 tottunnel=35, totcond=559, p=0.00750436
Q-3:	|11110001 11110111 11011100 11100001|
Q-2:	|11-01+-- 010+10-+ +1+-0100 011+---1|
Q-1:	|+++1+--- 001+0000 -10+0011 10011+-0|
Q0:	|+++10000 +--00-11 0-0-1-00 00-000-1| ok p=0.765625
Q1:	|+1..-000 +11-.0-0 0-.1.-0+ ..-..1-.| ok p=0.454102
Q2:	|1+1.+... .1+1.-01 1-.0.--- ..0...+.| ok p=1
Q3:	|1-..0... 1-+1.-0- 0....-00 ..1.1^1.| ok p=1
Q4:	|00..-^.. 10-..0.+ .0....0+ ..+11--.| ok p=1
Q5:	|1+..1-.. 1+-..-.1 .....0.1 ..0.-0+.| ok p=1
Q6:	|01..+0.. -1...-.0 .......1 .01.-11.| ok p=0.998047
Q7:	|01..11.. -00..... .......1 .0-.+.1.| ok p=0.999023
Q8:	|1+..0-.. .....01. .....^.- .+-1+...| ok p=1
Q9:	|01..+00. 1.....1. ....0-.0 .+00+...| ok p=1
Q10:	|1-1.+00. 11^1.1+1 .10.1000 .+01000.| ok p=1
Q11:	|1-100++^ 10+1.0+0 .11^+11- 0+.0111.| ok p=1
Q12:	|++-101-+ 1+0-^+-+ ^+---1-+ 1+.+---.| ok p=1
Q13:	|--+++++1 -+1---+- --01-+0+ --.-1-0.| ok p=1
Q14:	|-0+01010 +.+.1+11 0-11.01. 01.1100.| ok p=1
Q15:	|+0+1110. +010-100 10-.11+1 1-.+.++.| ok p=1
Q16:	|0.-.0... 1.0.-1.. 0+..0.+. .-...1..| ok p=0.751953
Q17:	|+.+.1... -...01.. 1.^.1.0. .1.^.0^.| ok p=0.647461
Q18:	|..-.+... -...10.. -^..-.1. .+...1..| ok p=0.770508
Q19:	|^.-....0 +....+.. ........ .+.0.-..| ok p=0.651367
Q20:	|..1.^..1 +..0...0 ^...^... .001...0| ok p=0.384766
Q21:	|..1....+ 0..1.^.1 ....0... .11+.^.1| ok p=0.884766
Q22:	|........ 0..-...+ ....1... ..-....-| ok p=0.925781
Q23:	|..0....^ ........ ....-.0. ...^....| ok p=0.994141
Q24:	|..1...0. ...^...^ .0....1. ..^....^| ok p=0.87207
Q25:	|..+...1. ........ ....^.+. ........| ok p=0.880859
Q26:	|......+. ........ 0-...... .....0..| ok p=0.991211
Q27:	|..^..... ........ 1-....^. .....1..| ok p=1
Q28:	|......^. ........ -+...... .....-..| ok p=0.825195
Q29:	|........ ........ .0...... .....0..| ok p=0.995117
Q30:	|........ ........ ^1...... .....+..| ok p=1
Q31:	|........ ........ ........ .....+..| ok p=1
Q32:	|........ ........ ........ ........| ok p=1
Q33:	|........ ........ ........ .....!..| ok p=1
Q34:	|........ ........ ........ ........| ok p=1
Q35:	|........ ........ ........ ........| ok p=1
Q36:	|........ ........ ........ ........| ok p=1
Q37:	|........ ........ ........ ........| ok p=1
Q38:	|........ ........ ........ ........| ok p=1
Q39:	|........ ........ ........ ........| ok p=1
Q40:	|........ ........ ........ ........| ok p=1
Q41:	|........ ........ ........ ........| ok p=1
Q42:	|........ ........ ........ ........| ok p=1
Q43:	|........ ........ ........ ........| ok p=1
Q44:	|........ ........ ........ ........| ok p=1
Q45:	|........ ........ ........ ........| ok p=1
Q46:	|........ ........ ........ ........| ok p=1
Q47:	|........ ........ ........ ........| ok p=1
Q48:	|........ ........ ........ ........| ok p=1
Q49:	|........ ........ ........ ........| ok p=1
Q50:	|........ ........ ........ ........| ok p=1
Q51:	|........ ........ ........ ........| ok p=1
Q52:	|........ ........ ........ ........| ok p=1
Q53:	|........ ........ ........ ........| ok p=1
Q54:	|........ ........ ........ ........| ok p=1
Q55:	|........ ........ ........ ........| ok p=1
Q56:	|........ ........ ........ ........| ok p=1
Q57:	|........ ........ ........ ........| ok p=1
Q58:	|........ ........ ........ ........| ok p=1
Q59:	|........ ........ ........ ........| ok p=1
Q60:	|........ ........ ...0.... ........| ok p=1
Q61:	|........ ........ ..11.... ........| ok p=1
Q62:	|........ ........ ..1-.... ........| ok p=1
Q63:	|........ ........ ..-+.... ........| ok p=1
Q64:	|........ ........ ...-.... .....+..|
Best path: totcompl=-27 tottunnel=35, totcond=558, p=0.0141935
Best paths: 2
Q-3:	|11110001 11110111 11011100 11100001|
Q-2:	|11-01+-- 010+10-+ +1+-0100 011+---1|
Q-1:	|+++1+--- 001+0000 -10+0011 10011+-0|
Q0:	|+++10000 +--00-11 0-0-1-00 00-000-1| ok p=0.751953
Q1:	|+1..-000 +11-.0-0 0-.1.-0+ ..-..1-.| ok p=0.458008
Q2:	|1+1.+... .1+1.-01 .-.0.--- ..0...+.| ok p=1
Q3:	|1-..0... 1-+1.-0- ^0...-00 ..1.1^1.| ok p=1
Q4:	|00..-^.. 10-..0.+ .0....0+ ..+11--.| ok p=1
Q5:	|1+..1-.. 1+-..-.1 .....0.1 ..0.-0+.| ok p=1
Q6:	|01..+0.. -1...-.0 .......1 .01.-11.| ok p=0.999023
Q7:	|01..11.. -00..... .......1 .0-.+.1.| ok p=1
Q8:	|1+..0-.. .....01. .....^.- .+-1+...| ok p=1
Q9:	|01..+00. 1.....1. ....0-.0 .+00+...| ok p=1
Q10:	|1-1.+00. 11^1.1+0 ..1.1000 .+01000.| ok p=1
Q11:	|1-100++^ 10+1.0+1 000^+11- 0+.0111.| ok p=1
Q12:	|-+-101-+ 1+0-^+.- 11+--1-+ 1+.+---.| ok p=1
Q13:	|+-+++++1 -+1---0+ --01-+0+ --.-1-0.| ok p=1
Q14:	|+0+01010 +.+.1+.1 0-11.01. 01.1100.| ok p=1
Q15:	|-0+1110. +010-1.0 10-.11+1 1-.+.++.| ok p=0.488281
Q16:	|0.-.0... 1.0.-1.. 0+..0.+. .-...1..| ok p=0.760742
Q17:	|-.+.1... -...01.. 1.^.1.0. .1.^.0^.| ok p=0.628906
Q18:	|..-.+... -...10.. -^..-.1. .+...1..| ok p=0.783203
Q19:	|^.-....0 +....+.. ........ .+.0.-..| ok p=0.650391
Q20:	|..1.^..1 +..0...0 ^...^... .001...0| ok p=0.387695
Q21:	|..1....+ 0..1.^.1 ....0... .11+.^.1| ok p=0.87793
Q22:	|........ 0..-...+ ....1... ..-....-| ok p=0.914062
Q23:	|..0....^ ........ ....-.0. ...^....| ok p=0.99707
Q24:	|..1...0. ...^...^ .0....1. ..^....^| ok p=0.834961
Q25:	|..+...1. ........ ....^.+. ........| ok p=0.886719
Q26:	|......+. ........ 0-...... .....0..| ok p=0.988281
Q27:	|..^..... ........ 1-....^. .....1..| ok p=1
Q28:	|......^. ........ -+...... .....-..| ok p=0.84668
Q29:	|........ ........ .0...... .....0..| ok p=0.992188
Q30:	|........ ........ ^1...... .....+..| ok p=1
Q31:	|........ ........ ........ .....+..| ok p=1
Q32:	|........ ........ ........ ........| ok p=1
Q33:	|........ ........ ........ .....!..| ok p=1
Q34:	|........ ........ ........ ........| ok p=1
Q35:	|........ ........ ........ ........| ok p=1
Q36:	|........ ........ ........ ........| ok p=1
Q37:	|........ ........ ........ ........| ok p=1
Q38:	|........ ........ ........ ........| ok p=1
Q39:	|........ ........ ........ ........| ok p=1
Q40:	|........ ........ ........ ........| ok p=1
Q41:	|........ ........ ........ ........| ok p=1
Q42:	|........ ........ ........ ........| ok p=1
Q43:	|........ ........ ........ ........| ok p=1
Q44:	|........ ........ ........ ........| ok p=1
Q45:	|........ ........ ........ ........| ok p=1
Q46:	|........ ........ ........ ........| ok p=1
Q47:	|........ ........ ........ ........| ok p=1
Q48:	|........ ........ ........ ........| ok p=1
Q49:	|........ ........ ........ ........| ok p=1
Q50:	|........ ........ ........ ........| ok p=1
Q51:	|........ ........ ........ ........| ok p=1
Q52:	|........ ........ ........ ........| ok p=1
Q53:	|........ ........ ........ ........| ok p=1
Q54:	|........ ........ ........ ........| ok p=1
Q55:	|........ ........ ........ ........| ok p=1
Q56:	|........ ........ ........ ........| ok p=1
Q57:	|........ ........ ........ ........| ok p=1
Q58:	|........ ........ ........ ........| ok p=1
Q59:	|........ ........ ........ ........| ok p=1
Q60:	|........ ........ ...0.... ........| ok p=1
Q61:	|........ ........ ..11.... ........| ok p=1
Q62:	|........ ........ ..1-.... ........| ok p=1
Q63:	|........ ........ ..-+.... ........| ok p=1
Q64:	|........ ........ ...-.... .....+..|
Best path: totcompl=-27 tottunnel=35, totcond=555, p=0.0077674
**Best paths: 2
**Q-3:	|11110001 11110111 11011100 11100001|
Q-2:	|11-01+-- 010+10-+ +1+-0100 011+---1|
Q-1:	|+++1+--- 001+0000 -10+0011 10011+-0|
Q0:	|+++10000 +--00-11 0-0-1-00 00-000-1| ok p=0.742188
Q1:	|+1..-000 +11-.0-0 0-.1.-0+ ..-..1-.| ok p=0.443359
Q2:	|1+1.+... .1+1.-01 1-.0.--- ..0...+.| ok p=1
Q3:	|1-..0... 1-+1.-0- .0...-00 ..1..^1.| ok p=1
Q4:	|00..-^.. .0-..01+ .1....0+ ..+.^--.| ok p=1
Q5:	|1+..1-.. .+0..-11 .....1.1 .!1.-0+.| ok p=1
Q6:	|01..+0.. .1-..-+1 .......1 ..0.0--.| ok p=0.999023
Q7:	|.1..11.. .+-...-. ........ ..+.+10.| ok p=1
Q8:	|!+..0-.. .+-..0-. ..0..... ..-1+10.| ok p=1
Q9:	|.+!.+1.. 0.+...-. 0.0.0... .^00+...| ok p=1
Q10:	|!...+001 11+.101. 00+01.01 .-10+00.| ok p=1
Q11:	|.0.1+101 +01.010. +1+0+.10 .000111.| ok p=1
Q12:	|..00+--+ 0++^+--^ 1-0++^-+ .11+-+-.| ok p=1
Q13:	|..0-+++- +0+-1+-- --+-++01 .0++001.| ok p=1
Q14:	|!.+0.101 00+001.0 1-00.0-1 .11101+.| ok p=1
Q15:	|0.+10001 +..-.101 10-011+. .-0+.++.| ok p=0.644531
Q16:	|1.-.0... 0.^..-.. 0+..0.+. .-...11.| ok p=0.776367
Q17:	|-.+.1... -..^.+.. 1.^.1.0. .1.^.00.| ok p=0.636719
Q18:	|..-.+... -....1.. -^..-.1. .+...1..| ok p=0.768555
Q19:	|^.-....0 +....+.. ........ .+.0.-..| ok p=0.676758
Q20:	|..1.^..1 +..0...0 ^...^... .001...0| ok p=0.375977
Q21:	|..1....+ 0..1.^.1 ....0... .11+.^.1| ok p=0.90332
Q22:	|........ 0..-...+ ....1... ..-....-| ok p=0.904297
Q23:	|..0....^ ........ ....-.0. ...^....| ok p=0.99707
Q24:	|..1...0. ...^...^ .0....1. ..^....^| ok p=0.885742
Q25:	|..+...1. ........ ....^.+. ........| ok p=0.881836
Q26:	|......+. ........ 0-...... .....0..| ok p=0.980469
Q27:	|..^..... ........ 1-....^. .....1..| ok p=1
Q28:	|......^. ........ -+...... .....-..| ok p=0.834961
Q29:	|........ ........ .0...... .....0..| ok p=0.993164
Q30:	|........ ........ ^1...... .....+..| ok p=1
Q31:	|........ ........ ........ .....+..| ok p=1
Q32:	|........ ........ ........ ........| ok p=1
Q33:	|........ ........ ........ .....!..| ok p=1
Q34:	|........ ........ ........ ........| ok p=1
Q35:	|........ ........ ........ ........| ok p=1
Q36:	|........ ........ ........ ........| ok p=1
Q37:	|........ ........ ........ ........| ok p=1
Q38:	|........ ........ ........ ........| ok p=1
Q39:	|........ ........ ........ ........| ok p=1
Q40:	|........ ........ ........ ........| ok p=1
Q41:	|........ ........ ........ ........| ok p=1
Q42:	|........ ........ ........ ........| ok p=1
Q43:	|........ ........ ........ ........| ok p=1
Q44:	|........ ........ ........ ........| ok p=1
Q45:	|........ ........ ........ ........| ok p=1
Q46:	|........ ........ ........ ........| ok p=1
Q47:	|........ ........ ........ ........| ok p=1
Q48:	|........ ........ ........ ........| ok p=1
Q49:	|........ ........ ........ ........| ok p=1
Q50:	|........ ........ ........ ........| ok p=1
Q51:	|........ ........ ........ ........| ok p=1
Q52:	|........ ........ ........ ........| ok p=1
Q53:	|........ ........ ........ ........| ok p=1
Q54:	|........ ........ ........ ........| ok p=1
Q55:	|........ ........ ........ ........| ok p=1
Q56:	|........ ........ ........ ........| ok p=1
Q57:	|........ ........ ........ ........| ok p=1
Q58:	|........ ........ ........ ........| ok p=1
Q59:	|........ ........ ........ ........| ok p=1
Q60:	|........ ........ ...0.... ........| ok p=1
Q61:	|........ ........ ..11.... ........| ok p=1
Q62:	|........ ........ ..1-.... ........| ok p=1
Q63:	|........ ........ ..-+.... ........| ok p=1
Q64:	|........ ........ ...-.... .....+..|
Best path: totcompl=-27 tottunnel=35, totcond=545, p=0.00929325
Best paths: 2
Best paths: 4
**Q-3:	|11110001 11110111 11011100 11100001|
Q-2:	|11-01+-- 010+10-+ +1+-0100 011+---1|
Q-1:	|+++1+--- 001+0000 -10+0011 10011+-0|
Q0:	|+++10000 +--00-11 0-0-1-00 00-000-1| ok p=0.742188
Q1:	|+1..-000 +11-.0-0 0-.1.-0+ ..-..1-.| ok p=0.424805
Q2:	|1+1.+... .1+1.-01 .-.0.--- ..0...+.| ok p=1
Q3:	|1-..0... 1-+1.-0- ^0...-00 ..1..^1.| ok p=1
Q4:	|00..-^.. .0-..01+ .1....0+ ..+.^--.| ok p=1
Q5:	|1+..1-.. .+0..-11 .....1.1 .!1.-0+.| ok p=1
Q6:	|01..+0.. .1-..-+1 .......1 ..0.0--.| ok p=0.999023
Q7:	|.1..11.. .+-...-. ........ ..+.+01.| ok p=1
Q8:	|!+..0-.. .+-..0-. ..0..... .0-.+10.| ok p=1
Q9:	|.+!.+1.. .0+...-. ..0.0... .10.+...| ok p=1
Q10:	|!...+00. .+-10.0. ^1+11.0. 1-01+.1.| ok p=1
Q11:	|.0.1+10^ ^-111^0! +0+0+.1^ 00111^0.| ok p=1
Q12:	|..00+--+ -+-+---^ 1--+-^-+ +----+-.| ok p=1
Q13:	|..0-+++1 0+--11-- -0-0-+01 1+-+001.| ok p=1
Q14:	|!.+0.101 1.+010.0 1-01.0-1 11.101+.| ok p=1
Q15:	|0.+1000. +01-.101 10-.11+. .-0+.++.| ok p=0.629883
Q16:	|1.-.0... 0.1..-.. 0+..0.+. .-...11.| ok p=0.736328
Q17:	|-.+.1... -..^.+.. 1.^.1.0. .1.^.00.| ok p=0.648438
Q18:	|..-.+... -....1.. -^..-.1. .+...1..| ok p=0.768555
Q19:	|^.-....0 +....+.. ........ .+.0.-..| ok p=0.678711
Q20:	|..1.^..1 +..0...0 ^...^... .001...0| ok p=0.364258
Q21:	|..1....+ 0..1.^.1 ....0... .11+.^.1| ok p=0.905273
Q22:	|........ 0..-...+ ....1... ..-....-| ok p=0.915039
Q23:	|..0....^ ........ ....-.0. ...^....| ok p=0.994141
Q24:	|..1...0. ...^...^ .0....1. ..^....^| ok p=0.883789
Q25:	|..+...1. ........ ....^.+. ........| ok p=0.886719
Q26:	|......+. ........ 0-...... .....0..| ok p=0.987305
Q27:	|..^..... ........ 1-....^. .....1..| ok p=1
Q28:	|......^. ........ -+...... .....-..| ok p=0.841797
Q29:	|........ ........ .0...... .....0..| ok p=0.99707
Q30:	|........ ........ ^1...... .....+..| ok p=1
Q31:	|........ ........ ........ .....+..| ok p=1
Q32:	|........ ........ ........ ........| ok p=1
Q33:	|........ ........ ........ .....!..| ok p=1
Q34:	|........ ........ ........ ........| ok p=1
Q35:	|........ ........ ........ ........| ok p=1
Q36:	|........ ........ ........ ........| ok p=1
Q37:	|........ ........ ........ ........| ok p=1
Q38:	|........ ........ ........ ........| ok p=1
Q39:	|........ ........ ........ ........| ok p=1
Q40:	|........ ........ ........ ........| ok p=1
Q41:	|........ ........ ........ ........| ok p=1
Q42:	|........ ........ ........ ........| ok p=1
Q43:	|........ ........ ........ ........| ok p=1
Q44:	|........ ........ ........ ........| ok p=1
Q45:	|........ ........ ........ ........| ok p=1
Q46:	|........ ........ ........ ........| ok p=1
Q47:	|........ ........ ........ ........| ok p=1
Q48:	|........ ........ ........ ........| ok p=1
Q49:	|........ ........ ........ ........| ok p=1
Q50:	|........ ........ ........ ........| ok p=1
Q51:	|........ ........ ........ ........| ok p=1
Q52:	|........ ........ ........ ........| ok p=1
Q53:	|........ ........ ........ ........| ok p=1
Q54:	|........ ........ ........ ........| ok p=1
Q55:	|........ ........ ........ ........| ok p=1
Q56:	|........ ........ ........ ........| ok p=1
Q57:	|........ ........ ........ ........| ok p=1
Q58:	|........ ........ ........ ........| ok p=1
Q59:	|........ ........ ........ ........| ok p=1
Q60:	|........ ........ ...0.... ........| ok p=1
Q61:	|........ ........ ..11.... ........| ok p=1
Q62:	|........ ........ ..1-.... ........| ok p=1
Q63:	|........ ........ ..-+.... ........| ok p=1
Q64:	|........ ........ ...-.... .....+..|
Best path: totcompl=-27 tottunnel=35, totcond=544, p=0.00982101
**Best paths: 2
******************************************
Best path: totcompl=-27 tottunnel=35, totcond=544
Verified: 268054 bad out of 268069
Runtime: 949.721
