Extend MD5 differential paths forward
Copyright (C) 2009 Marc Stevens
http://homepages.cwi.nl/~stevens/

delta_m[11] = [!-2!]
Loading workdir3/lowerpath.bin.gz...done: 1.
Estimating maxcond for upper bound 8000000 (=2000000 * 4)...
t=1:  0%   10   20   30   40   50   60   70   80   90   100%
      |----|----|----|----|----|----|----|----|----|----|
e     ***************************************************
Found maxcond = 2176
t=1:  0%   10   20   30   40   50   60   70   80   90   100%
      |----|----|----|----|----|----|----|----|----|----|
      ***************************************************
Q-3:	|11110001 11110111 11011100 11100001|
Q-2:	|11-01+-- 010+10-+ +1+-0100 011+---1|
Q-1:	|+++1+--- 001+0000 -10+0011 10011+-0|
Q0:	|+++10000 +--00-11 0-0-1-00 00-000-1| ok p=0.748047
Q1:	|+...-111 0+++.0-. 1-.0.-.+ ..-..1-.| ok p=0.650391
Q2:	|.+.+..+. ..+..-.. .-..-.+. -..-.-.+|
Saving 10752 paths...done.
Autobalance parameters: maxcond=2176
Verified: 10752 bad out of 21504
Estimating maxcond for upper bound 8000000 (=2000000 * 4)...
t=2:  0%   10   20   30   40   50   60   70   80   90   100%
      |----|----|----|----|----|----|----|----|----|----|
e     ***************************************************
Found maxcond = 165
t=2:  0%   10   20   30   40   50   60   70   80   90   100%
      |----|----|----|----|----|----|----|----|----|----|
      ***************************************************
Q-3:	|11110001 11110111 11011100 11100001|
Q-2:	|11-01+-- 010+10-+ +1+-0100 011+---1|
Q-1:	|+++1+--- 001+0000 -10+0011 10011+-0|
Q0:	|+++10000 +--00-11 0-0-1-00 00-000-1| ok p=0.751953
Q1:	|+...-000 +10-.1-. 0-.11-.+ ..-..0-.| ok p=0.414062
Q2:	|.11.+... .1+0.-0. ...1-..+ .....+..| ok p=0.381836
Q3:	|+.+...+. ..-..-.+ .-...-.. ..-..-.-|
Saving 2000000 paths...done.
Autobalance parameters: maxcond=164
Verified: 32515 bad out of 2478648
Estimating maxcond for upper bound 8000000 (=2000000 * 4)...
t=3:  0%   10   20   30   40   50   60   70   80   90   100%
      |----|----|----|----|----|----|----|----|----|----|
e     ***************************************************
Found maxcond = 180
t=3:  0%   10   20   30   40   50   60   70   80   90   100%
      |----|----|----|----|----|----|----|----|----|----|
      ***************************************************
Q-3:	|11110001 11110111 11011100 11100001|
Q-2:	|11-01+-- 010+10-+ +1+-0100 011+---1|
Q-1:	|+++1+--- 001+0000 -10+0011 10011+-0|
Q0:	|+++10000 +--00-11 0-0-1-00 00-000-1| ok p=0.736328
Q1:	|+...-000 +01-.1-. 0-.1.-0+ ..-..-+.| ok p=0.450195
Q2:	|000.+... .1+1.-0. 0..0.--- .....++.| ok p=0.837891
Q3:	|+...1... 1.-1.01. -1...-00 ..1..-..| ok p=0.634766
Q4:	|.-..-... ..-.-.+. -..+.-.- ..-.+.-.|
Saving 2000000 paths...done.
Autobalance parameters: maxcond=179
Verified: 14848 bad out of 2035331
Estimating maxcond for upper bound 8000000 (=2000000 * 4)...
t=4:  0%   10   20   30   40   50   60   70   80   90   100%
      |----|----|----|----|----|----|----|----|----|----|
e     ***************************************************
Found maxcond = 195
t=4:  0%   10   20   30   40   50   60   70   80   90   100%
      |----|----|----|----|----|----|----|----|----|----|
      ***************************************************
Q-3:	|11110001 11110111 11011100 11100001|
Q-2:	|11-01+-- 010+10-+ +1+-0100 011+---1|
Q-1:	|+++1+--- 001+0000 -10+0011 10011+-0|
Q0:	|+++10000 +--00-11 0-0-1-00 00-000-1| ok p=0.731445
Q1:	|+1..-010 +11-.0-. 0-.1.-0+ ..-..0-.| ok p=0.324219
Q2:	|.+0.+... .1+1.-0. 0..0.--- ..+..V+.| ok p=0.337891
Q3:	|0-..0... 1-+1.-1. -0...-00 ..+...1.| ok p=0.475586
Q4:	|.0..-... .-....+. -.....+1 .....--.| ok p=0.550781
Q5:	|.+....-. -.-..-.+ .......+ ..-.-.+.|
Saving 2000000 paths...done.
Autobalance parameters: maxcond=194
Verified: 303463 bad out of 2684018
Estimating maxcond for upper bound 8000000 (=2000000 * 4)...
t=5:  0%   10   20   30   40   50   60   70   80   90   100%
      |----|----|----|----|----|----|----|----|----|----|
e     ***************************************************
Found maxcond = 209
t=5:  0%   10   20   30   40   50   60   70   80   90   100%
      |----|----|----|----|----|----|----|----|----|----|
      ***************************************************
Q-3:	|11110001 11110111 11011100 11100001|
Q-2:	|11-01+-- 010+10-+ +1+-0100 011+---1|
Q-1:	|+++1+--- 001+0000 -10+0011 10011+-0|
Q0:	|+++10000 +--00-11 0-0-1-00 00-000-1| ok p=0.762695
Q1:	|+1..-010 +11-.0-. 0-.1.-0+ ..-..0-.| ok p=0.358398
Q2:	|.+0.+... .1+1.-0. 1..0.--- ..+.V.+.| ok p=0.305664
Q3:	|1-..0.V. 1-+0.-1. -1...-00 ..+.1.1.| ok p=0.666016
Q4:	|.1..-... .-+...+. -.....-1 ..-.+.+.| ok p=0.540039
Q5:	|.+..0.-. .-...1-. .....1-. ..0.+.+.| ok p=0.604492
Q6:	|...+.+.+ .+.-..+. ..+...+. +...+.+.|
Saving 2000000 paths...done.
Autobalance parameters: maxcond=208
Verified: 3600 bad out of 2113933
Estimating maxcond for upper bound 8000000 (=2000000 * 4)...
t=6:  0%   10   20   30   40   50   60   70   80   90   100%
      |----|----|----|----|----|----|----|----|----|----|
e     ***************************************************
Found maxcond = 223
t=6:  0%   10   20   30   40   50   60   70   80   90   100%
      |----|----|----|----|----|----|----|----|----|----|
      ***************************************************
Q-3:	|11110001 11110111 11011100 11100001|
Q-2:	|11-01+-- 010+10-+ +1+-0100 011+---1|
Q-1:	|+++1+--- 001+0000 -10+0011 10011+-0|
Q0:	|+++10000 +--00-11 0-0-1-00 00-000-1| ok p=0.75293
Q1:	|+1..-000 +11-.0-0 0-.1.-0+ ..-..1-.| ok p=0.473633
Q2:	|.+1.+... .1+1.-01 .-.0.--- ..0.V.+.| ok p=0.314453
Q3:	|1-..0V.. 1-+1.-0- .....-00 ..1.1.1.| ok p=0.770508
Q4:	|.0..-... .0-..0.+ .0V...1+ ..+.-.+.| ok p=0.620117
Q5:	|.+..1-.. .+-..-.+ .....1.+ ..1.-.+.| ok p=0.794922
Q6:	|.0..-0.. .-...0.- ..+....+ ..1.-...| ok p=0.708984
Q7:	|...-..+. .-.-..+. +..+.... +..-....|
Saving 2000000 paths...done.
Autobalance parameters: maxcond=222
Verified: 16450 bad out of 2168049
Estimating maxcond for upper bound 8000000 (=2000000 * 4)...
t=7:  0%   10   20   30   40   50   60   70   80   90   100%
      |----|----|----|----|----|----|----|----|----|----|
e     ***************************************************
Found maxcond = 235
t=7:  0%   10   20   30   40   50   60   70   80   90   100%
      |----|----|----|----|----|----|----|----|----|----|
      ***************************************************
Q-3:	|11110001 11110111 11011100 11100001|
Q-2:	|11-01+-- 010+10-+ +1+-0100 011+---1|
Q-1:	|+++1+--- 001+0000 -10+0011 10011+-0|
Q0:	|+++10000 +--00-11 0-0-1-00 00-000-1| ok p=0.75293
Q1:	|+0..-000 +11-.0-0 0-.1.-0+ ..-..-+.| ok p=0.451172
Q2:	|.+0.+... .1+1.-01 ...0.--- ..0..0+.| ok p=0.298828
Q3:	|1-..0V.. 1.-0.00- .0...-00 ..1..10.| ok p=0.551758
Q4:	|.0..-0.. ..--.+.+ .....++0 ..+..--.| ok p=0.597656
Q5:	|.+..--.. ..++.1.1 ...V.+1. ..0..--.| ok p=0.878906
Q6:	|.+...+.. ..-1.0.1 .....+1. ..0..--.| ok p=0.963867
Q7:	|.+..1+.. ..0+.+.. ...-.+.. ..-.....| ok p=0.365234
Q8:	|.-..+..+ ..+...+. ...-.+.. ..+..+.-|
Saving 2000000 paths...done.
Autobalance parameters: maxcond=234
Verified: 24430 bad out of 3014120
Estimating maxcond for upper bound 8000000 (=2000000 * 4)...
t=8:  0%   10   20   30   40   50   60   70   80   90   100%
      |----|----|----|----|----|----|----|----|----|----|
e     ***************************************************
Found maxcond = 247
t=8:  0%   10   20   30   40   50   60   70   80   90   100%
      |----|----|----|----|----|----|----|----|----|----|
      ***************************************************
Q-3:	|11110001 11110111 11011100 11100001|
Q-2:	|11-01+-- 010+10-+ +1+-0100 011+---1|
Q-1:	|+++1+--- 001+0000 -10+0011 10011+-0|
Q0:	|+++10000 +--00-11 0-0-1-00 00-000-1| ok p=0.737305
Q1:	|+1..-000 +11-.0-0 0-.1.-0+ ..-..1-.| ok p=0.464844
Q2:	|.+1.+... .1+1.-01 .-.0.--- ..0..V+.| ok p=0.310547
Q3:	|1-..0V.. 1-+1.-0- .....-00 ..1.V.1.| ok p=0.577148
Q4:	|.0..-... V-+..0.+ .0....0+ ..+.1--.| ok p=0.676758
Q5:	|.+..1-.. 1.+..-.1 .....0.1 ..0.-0+.| ok p=0.75
Q6:	|.1..+0.. -1...-.1 .......1 ..1.-1+.| ok p=1
Q7:	|.1..11.. -.0..-.. .......1 ..-.+...| ok p=0.803711
Q8:	|.+..1-.. +....-.. .......- ..+.+.1.| ok p=0.610352
Q9:	|....+... +....-.. ...-.-.. .+...+..|
Saving 2000000 paths...done.
Autobalance parameters: maxcond=246
Verified: 1438 bad out of 2700197
Estimating maxcond for upper bound 8000000 (=2000000 * 4)...
t=9:  0%   10   20   30   40   50   60   70   80   90   100%
      |----|----|----|----|----|----|----|----|----|----|
e     ***************************************************
Found maxcond = 258
t=9:  0%   10   20   30   40   50   60   70   80   90   100%
      |----|----|----|----|----|----|----|----|----|----|
      ***************************************************
Q-3:	|11110001 11110111 11011100 11100001|
Q-2:	|11-01+-- 010+10-+ +1+-0100 011+---1|
Q-1:	|+++1+--- 001+0000 -10+0011 10011+-0|
Q0:	|+++10000 +--00-11 0-0-1-00 00-000-1| ok p=0.75
Q1:	|+1..-000 +11-.0-0 0-.1.-0+ ..-..1-.| ok p=0.430664
Q2:	|.+1.+... .1+1.-01 .-.0.--- ..0..V+.| ok p=0.313477
Q3:	|1-..1V.. 1-+1.-0- .....-00 ..1V.01.| ok p=0.608398
Q4:	|.0..-... .-+..+.+ .0....0+ ..+1.--.| ok p=0.693359
Q5:	|.+..1-.. .0+..0.1 0....1.1 ..0-.++.| ok p=0.486328
Q6:	|.-..+0.. .-...0.1 1......1 ..0-.++.| ok p=0.761719
Q7:	|.-..11.. .00..... -...V..1 ...-.+..| ok p=0.702148
Q8:	|....1+.. .0...... -......+ ...+.+0.| ok p=0.949219
Q9:	|.1..--.. ........ -...-..- ...+.+..| ok p=0.77832
Q10:	|...-.-.. ...+...- ...+.+.. .-.+....|
Saving 2000000 paths...done.
Autobalance parameters: maxcond=256
Verified: 32225 bad out of 3672977
Estimating maxcond for upper bound 8000000 (=2000000 * 4)...
t=10: 0%   10   20   30   40   50   60   70   80   90   100%
      |----|----|----|----|----|----|----|----|----|----|
e     ***************************************************
Found maxcond = 268
t=10: 0%   10   20   30   40   50   60   70   80   90   100%
      |----|----|----|----|----|----|----|----|----|----|
      ***************************************************
Q-3:	|11110001 11110111 11011100 11100001|
Q-2:	|11-01+-- 010+10-+ +1+-0100 011+---1|
Q-1:	|+++1+--- 001+0000 -10+0011 10011+-0|
Q0:	|+++10000 +--00-11 0-0-1-00 00-000-1| ok p=0.757812
Q1:	|+1..-000 +11-.0-0 0-.1.-0+ ..-..1-.| ok p=0.482422
Q2:	|.+1.+... .1+1.-01 .-.0.--- ..0..V+.| ok p=0.300781
Q3:	|1-..0V.. 1-+1.-0- .....-00 ..1.V.1.| ok p=0.768555
Q4:	|.0..-... .0-..0V+ .1....0+ ..+..--.| ok p=0.588867
Q5:	|.+..1-.. .+0..-11 .....1.1 ..1.-0+.| ok p=0.748047
Q6:	|.1..+0.. .1-..-+1 .......1 ..0.0--.| ok p=1
Q7:	|.1..11.. .+-...-. ........ ..+.+01.| ok p=0.803711
Q8:	|.+..0-.. .+-..0-. ..V..... ..-.+10.| ok p=0.683594
Q9:	|.+..+0.. ..+...-. ........ ..0.+...| ok p=0.767578
Q10:	|....+1.. .1+..... ..+..... ..1.+...| ok p=0.727539
Q11:	|....+... +......+ .-.-.... .+......|
Saving 2000000 paths...done.
Autobalance parameters: maxcond=267
Verified: 8235 bad out of 2930060
Runtime: 112.714
Extend MD5 differential paths forward
Copyright (C) 2009 Marc Stevens
http://homepages.cwi.nl/~stevens/

delta_m[11] = [!-2!]
Loading workdir3/paths10_0of1...done: 2000000 (work:2000000).
Estimating maxcond for upper bound 2000000 (=500000 * 4)...
t=11: 0%   10   20   30   40   50   60   70   80   90   100%
      |----|----|----|----|----|----|----|----|----|----|
e     ***************************************************
Found maxcond = 277
t=11: 0%   10   20   30   40   50   60   70   80   90   100%
      |----|----|----|----|----|----|----|----|----|----|
      ***************************************************
Q-3:	|11110001 11110111 11011100 11100001|
Q-2:	|11-01+-- 010+10-+ +1+-0100 011+---1|
Q-1:	|+++1+--- 001+0000 -10+0011 10011+-0|
Q0:	|+++10000 +--00-11 0-0-1-00 00-000-1| ok p=0.771484
Q1:	|+1..-000 +11-.0-0 0-.1.-0+ ..-..1-.| ok p=0.460938
Q2:	|.+1.+... .1+1.-01 .-.0.--- ..0..V+.| ok p=0.307617
Q3:	|1-..0V.. 1-+1.-0- .....-00 ..1.V.1.| ok p=0.755859
Q4:	|.0..-... V0-..0.+ .0....0+ ..+.0--.| ok p=0.499023
Q5:	|.+..1-.. 1+-V.-.1 .....0.1 ..0.-0+.| ok p=0.731445
Q6:	|.1..+0.. -1...-.0 .......1 ..1.-11.| ok p=1
Q7:	|.0..11.. -00-.... ...V.V.1 ..-.+.1.| ok p=0.567383
Q8:	|.+..0-.. ...0.0.. ...1...- ..+.+...| ok p=0.832031
Q9:	|.1..+0.. 1.V1.... ...-.-.0 ..+.+...| ok p=0.612305
Q10:	|.-..+1.. ........ ...-.1.1 ..+.....| ok p=0.921875
Q11:	|.-...... ..+..... .....1.- ....1...| ok p=0.397461
Q12:	|.+.+...+ .+.-...+ .......- .....-..|
Saving 500000 paths...done.
Autobalance parameters: maxcond=276
Verified: 1660 bad out of 590352
Runtime: 17.4231
