MD5 differential path toolbox
Copyright (C) 2009 Marc Stevens
http://homepages.cwi.nl/~stevens/

IHV1   = {4059552993,275209251,388023194,3947517039}
IHV1   = e1dcf7f1235c67109ac320176f544aeb

IHV2   = {4059552993,4035119105,4163916700,3428443249}
IHV2   = e1dcf7f1010883f09c5330f871e459cc

dIHV   = {0,3759909854,3775893506,3775893506}
NC0: delta c = delta d = [!-1!]
NC0: delta b           = [!-1,24!]
NC1: delta c = delta d = [!-12!]
NC1: delta b           = [!2,-12!]
NC2: delta c = delta d = [!15!]
NC2: delta b           = [!5,15!]
NC3: delta c = delta d = [!-20!]
NC3: delta b           = [!10,-20!]
NC4: delta c = delta d = [!-24!]
NC4: delta b           = [!-13,-24!]
NC5: delta c = delta d = [!29!]
NC5: delta b           = [!18,-20,29!]
NC0: prob=-7.66402
NC1: prob=-4.92367
NC2: prob=-5.86604
NC3: prob=-4.92945
NC4: prob=-5.85464
NC5: prob=-6.55644
delta m_11 = [!-2!]
Q-3:	|11110001 11110111 11011100 11100001|
Q-2:	|11-01+-- 010+10-+ +1+-0100 011+---1|
Q-1:	|+++1+--- 001+0000 -10+0011 10011+-0|
Q0:	|+++10000 +--00-11 0-0-1-00 00-000-1| ok p=0.723633
Q1:	|+...-... +..-..-. .-...-.+ ..-...-.|
Saved lower diff. path to 'workdir3/lowerpath.bin.gz'.

Q32:	|........ ........ ........ ........|
Q33:	|........ ........ ........ ........|
Q34:	|........ ........ ........ ........|
Q35:	|........ ........ ........ ........| ok p=1
Q36:	|........ ........ ........ ........| ok p=1
Q37:	|........ ........ ........ ........| ok p=1
Q38:	|........ ........ ........ ........| ok p=1
Q39:	|........ ........ ........ ........| ok p=1
Q40:	|........ ........ ........ ........| ok p=1
Q41:	|........ ........ ........ ........| ok p=1
Q42:	|........ ........ ........ ........| ok p=1
Q43:	|........ ........ ........ ........| ok p=1
Q44:	|........ ........ ........ ........| ok p=1
Q45:	|........ ........ ........ ........| ok p=1
Q46:	|........ ........ ........ ........| ok p=1
Q47:	|........ ........ ........ ........| ok p=1
Q48:	|........ ........ ........ ........| ok p=1
Q49:	|........ ........ ........ ........| ok p=1
Q50:	|........ ........ ........ ........| ok p=1
Q51:	|........ ........ ........ ........| ok p=1
Q52:	|........ ........ ........ ........| ok p=1
Q53:	|........ ........ ........ ........| ok p=1
Q54:	|........ ........ ........ ........| ok p=1
Q55:	|........ ........ ........ ........| ok p=1
Q56:	|........ ........ ........ ........| ok p=1
Q57:	|........ ........ ........ ........| ok p=1
Q58:	|........ ........ ........ ........| ok p=1
Q59:	|........ ........ ........ ........| ok p=1
Q60:	|........ ........ ...0.... ........| ok p=1
Q61:	|........ ........ ..11.... ........| ok p=1
Q62:	|........ ........ ..1-.... ........| ok p=1
Q63:	|........ ........ ..-+.... ........| ok p=1
Q64:	|........ ........ ...-.... .....+..|
Saved upper diff. path to 'workdir3/upperpath.bin.gz'.
Saved 'md5diffpathforward.cfg'.
Saved 'md5diffpathbackward.cfg'.
Saved 'md5diffpathconnect.cfg'.
Saved 'md5diffpathhelper.cfg'.
