Connect MD5 differential paths
Copyright (C) 2009 Marc Stevens
http://homepages.cwi.nl/~stevens/

delta_m[11] = [!-16!]
Loading workdir1/paths16_0of1.bin.gz...done: 500000.
Loading workdir1/paths11_0of1.bin.gz...done: 500000.
t=12: 0%   10   20   30   40   50   60   70   80   90   100%
      |----|----|----|----|----|----|----|----|----|----|
      *Q-3:	|10011000 01100100 10101111 11111101|
Q-2:	|+++1+-0+ +---01-+ +000++++ 111+---0|
Q-1:	|000---+- 100+1110 1---00-+ 101011+0|
Q0:	|0000+-00 0+-1-+0- ++-1+0+1 +++110-1| ok p=0.734375
Q1:	|+.+0+.01 .-100++0 0100+.00 ++0.++0.| ok p=0.401367
Q2:	|+00.11+. .+-.+.+1 000.+.-. ..1.1-1.| ok p=1
Q3:	|0.1.-.-. .-1100.- ..-...1. 11-.-0..| ok p=1
Q4:	|1.+.+.-. .+-01.00 .^-.0.1. ..0.1+..| ok p=1
Q5:	|0.0.-.+. ^0+.-..1 .+..11.. .!-.+-0.| ok p=1
Q6:	|.!+.-.1. +01^-... .01.+0.. ..-.111.| ok p=1
Q7:	|!.-.+.0. 0.0-1... !0..-.^. ..+.10-0| ok p=1
Q8:	|!.-.0... -.11-... ....+.-. ..+.+.01| ok p=1
Q9:	|!.+.00.. -..++0.. ..0.-.10 .!+.0.1+| ok p=1
Q10:	|10+^.10. 0..0-0.0 1.0.+.11 10+.0.00| ok p=1
Q11:	|111+^000 +^110+^1 0^-^-^1- 011.1.10| ok p=1
Q12:	|+-+0+--1 ++00+--+ ++--1++0 ++0^0^+-| ok p=1
Q13:	|-1-+0--+ 01-1++0- +0+1-0+- --+---0-| ok p=1
Q14:	|+0111..1 010-.101 101+0001 0111000+| ok p=1
Q15:	|0101-100 +.1+00.+ +110+.11 01011-.0| ok p=0.480469
Q16:	|+.1+..0. +.00...1 ...0-.0. .......0| ok p=0.37207
Q17:	|..1.^.1. 0.10--.0 ^...1.1. ..-..^.0| ok p=0.710938
Q18:	|^.-^..-. 1.+.--.1 ....1.+. ..-....0| ok p=0.722656
Q19:	|........ ....++.- ....-... .0+....+| ok p=0.678711
Q20:	|.0^...^. ..^.0+.. .0..0.^. .1+..0..| ok p=1
Q21:	|.1....0. ....1+.^ .1..1... .+0..1.^| ok p=0.632812
Q22:	|.+....1. ....-1.. .-...... ..0..-..| ok p=0.740234
Q23:	|......-. 0....0.. ....0... .^......| ok p=0.986328
Q24:	|.^.0.... 1...^... .^..1... 0....^..| ok p=0.995117
Q25:	|......^. +....... ....+... 1.......| ok p=0.696289
Q26:	|..0-.... .......0 ........ +.......| ok p=0.986328
Q27:	|..1-.... ^......1 ....^... ........| ok p=0.931641
Q28:	|..-+.... .......- ........ ^.......| ok p=0.93457
Q29:	|...0.... .......0 ........ ........| ok p=1
Q30:	|..^1.... .......+ ........ ........| ok p=1
Q31:	|........ .......+ ........ ........| ok p=0.939453
Q32:	|........ ........ ........ ........| ok p=1
Q33:	|........ .......! ........ ........| ok p=1
Q34:	|........ ........ ........ ........| ok p=1
Q35:	|........ ........ ........ ........| ok p=1
Q36:	|........ ........ ........ ........| ok p=1
Q37:	|........ ........ ........ ........| ok p=1
Q38:	|........ ........ ........ ........| ok p=1
Q39:	|........ ........ ........ ........| ok p=1
Q40:	|........ ........ ........ ........| ok p=1
Q41:	|........ ........ ........ ........| ok p=1
Q42:	|........ ........ ........ ........| ok p=1
Q43:	|........ ........ ........ ........| ok p=1
Q44:	|........ ........ ........ ........| ok p=1
Q45:	|........ ........ ........ ........| ok p=1
Q46:	|........ ........ ........ ........| ok p=1
Q47:	|........ ........ ........ ........| ok p=1
Q48:	|........ ........ ........ ........| ok p=1
Q49:	|........ ........ ........ ........| ok p=1
Q50:	|........ ........ ........ ........| ok p=1
Q51:	|........ ........ ........ ........| ok p=1
Q52:	|........ ........ ........ ........| ok p=1
Q53:	|........ ........ ........ ........| ok p=1
Q54:	|........ ........ ........ ........| ok p=1
Q55:	|........ ........ ........ ........| ok p=1
Q56:	|........ ........ ........ ........| ok p=1
Q57:	|........ ........ ........ ........| ok p=1
Q58:	|........ ........ ........ ........| ok p=1
Q59:	|........ ........ ........ ........| ok p=1
Q60:	|.....0.. ........ ........ ........| ok p=1
Q61:	|.....1.. ........ ........ ........| ok p=0.984375
Q62:	|.....-.. ........ ........ ........| ok p=1
Q63:	|.....-.. ........ ........ ........| ok p=1
Q64:	|.....-.. ........ ........ ........|
Best path: totcompl=-33 tottunnel=26, totcond=581, p=0.00483157
Q-3:	|10011000 01100100 10101111 11111101|
Q-2:	|+++1+-0+ +---01-+ +000++++ 111+---0|
Q-1:	|000---+- 100+1110 1---00-+ 101011+0|
Q0:	|0000+-00 0+-1-+0- ++-1+0+1 +++110-1| ok p=0.749023
Q1:	|+.+0+.01 .-100++0 0100+.00 ++0.++0.| ok p=0.392578
Q2:	|+00.11+. .+-.+.+1 000.+.-. ..1.1-1.| ok p=1
Q3:	|0.1.-.-. .-1100.- ..-...1. 11-.-0..| ok p=1
Q4:	|1.+.+.-. .+-01.00 .^-.0.1. ..0.1+..| ok p=1
Q5:	|.!0.-.+. ^0+.-..1 .+..11.. .!-.+-..| ok p=1
Q6:	|.!+.-.1. +01^-... .01.+0.. ..-.11^.| ok p=1
Q7:	|!.-.+.0. 0.0-1... .1..-.^. ..+.10-0| ok p=1
Q8:	|!.-.1... 0.11-... ....+.-. ..+.-.01| ok p=1
Q9:	|!.+00..1 1..++... ..0.-.01 ..+.-.1+| ok p=1
Q10:	|10+110.1 +..++^.. 010.+110 00+...10| ok p=1
Q11:	|110+111+ 0^.01+.0 10-1-0.+ 010.0.00| ok p=1
Q12:	|+-0+++0+ 1+^+-1^1 -++00-^1 ++0^1^+-| ok p=1
Q13:	|-1-+-+-+ 01-1+1++ -1+-++-- --+---0-| ok p=1
Q14:	|+0111.1. 110-0.10 10.+0101 0111000+| ok p=1
Q15:	|0101-011 +.1+001+ +.01+001 01011-.0| ok p=0.5
Q16:	|+.1+..0. +.00...1 ...1-.0. .......0| ok p=0.375977
Q17:	|..1.^.1. 0.10--.0 ^...1.1. ..-..^.0| ok p=0.713867
Q18:	|^.-^..-. 1.+.--.1 ....1.+. ..-....0| ok p=0.748047
Q19:	|........ ....++.- ....-... .0+....+| ok p=0.654297
Q20:	|.0^...^. ..^.0+.. .0..0.^. .1+..0..| ok p=1
Q21:	|.1....0. ....1+.^ .1..1... .+0..1.^| ok p=0.619141
Q22:	|.+....1. ....-1.. .-...... ..0..-..| ok p=0.75293
Q23:	|......-. 0....0.. ....0... .^......| ok p=0.982422
Q24:	|.^.0.... 1...^... .^..1... 0....^..| ok p=0.998047
Q25:	|......^. +....... ....+... 1.......| ok p=0.692383
Q26:	|..0-.... .......0 ........ +.......| ok p=0.985352
Q27:	|..1-.... ^......1 ....^... ........| ok p=0.947266
Q28:	|..-+.... .......- ........ ^.......| ok p=0.9375
Q29:	|...0.... .......0 ........ ........| ok p=1
Q30:	|..^1.... .......+ ........ ........| ok p=1
Q31:	|........ .......+ ........ ........| ok p=0.928711
Q32:	|........ ........ ........ ........| ok p=1
Q33:	|........ .......! ........ ........| ok p=1
Q34:	|........ ........ ........ ........| ok p=1
Q35:	|........ ........ ........ ........| ok p=1
Q36:	|........ ........ ........ ........| ok p=1
Q37:	|........ ........ ........ ........| ok p=1
Q38:	|........ ........ ........ ........| ok p=1
Q39:	|........ ........ ........ ........| ok p=1
Q40:	|........ ........ ........ ........| ok p=1
Q41:	|........ ........ ........ ........| ok p=1
Q42:	|........ ........ ........ ........| ok p=1
Q43:	|........ ........ ........ ........| ok p=1
Q44:	|........ ........ ........ ........| ok p=1
Q45:	|........ ........ ........ ........| ok p=1
Q46:	|........ ........ ........ ........| ok p=1
Q47:	|........ ........ ........ ........| ok p=1
Q48:	|........ ........ ........ ........| ok p=1
Q49:	|........ ........ ........ ........| ok p=1
Q50:	|........ ........ ........ ........| ok p=1
Q51:	|........ ........ ........ ........| ok p=1
Q52:	|........ ........ ........ ........| ok p=1
Q53:	|........ ........ ........ ........| ok p=1
Q54:	|........ ........ ........ ........| ok p=1
Q55:	|........ ........ ........ ........| ok p=1
Q56:	|........ ........ ........ ........| ok p=1
Q57:	|........ ........ ........ ........| ok p=1
Q58:	|........ ........ ........ ........| ok p=1
Q59:	|........ ........ ........ ........| ok p=1
Q60:	|.....0.. ........ ........ ........| ok p=1
Q61:	|.....1.. ........ ........ ........| ok p=0.990234
Q62:	|.....-.. ........ ........ ........| ok p=1
Q63:	|.....-.. ........ ........ ........| ok p=1
Q64:	|.....-.. ........ ........ ........|
Best path: totcompl=-31 tottunnel=28, totcond=576, p=0.00560763
Best paths: 2
Q-3:	|10011000 01100100 10101111 11111101|
Q-2:	|+++1+-0+ +---01-+ +000++++ 111+---0|
Q-1:	|000---+- 100+1110 1---00-+ 101011+0|
Q0:	|0000+-00 0+-1-+0- ++-1+0+1 +++110-1| ok p=0.744141
Q1:	|+.+0+.01 .-100++0 0100+.00 ++0.++0.| ok p=0.392578
Q2:	|+.0.11+. .+-.+.+1 000.+.-. ..1.1-1.| ok p=1
Q3:	|0^1.-.-. .-1100.- ..-...1. 11-.-0..| ok p=1
Q4:	|1.+.+.-. .+-01.00 .^-.0.1. ..0.1+..| ok p=1
Q5:	|.!0.-.+. ^0+.-..1 .+..11.. .!-.+-..| ok p=1
Q6:	|!.+.-.1. +01^-... .01.+0.. ..-.11^.| ok p=1
Q7:	|.!-.+.0. 0.0-1... .1..-.^. ..+.10-.| ok p=1
Q8:	|1!-.1... 0.11-... ....+.-. ..+.-.0^| ok p=1
Q9:	|0.+10... 1..++.1. 11..-.01 ..+!-.1+| ok p=1
Q10:	|1.+1000^ +1.++110 11.0-011 00+....1| ok p=1
Q11:	|100+111+ 00.1+1-1 -+.1+10+ 10..0100| ok p=1
Q12:	|+1+-+++0 --.00++- ++^+-+1+ -+1^1011| ok p=1
Q13:	|+---10++ +1.+-+01 1--0-1+. --0+++++| ok p=1
Q14:	|000-00.1 -1.101-1 1001+000 .0-11+00| ok p=1
Q15:	|0100.-10 -..-0+1+ +0-1+.1. 01+01-11| ok p=0.683594
Q16:	|..0+..1. +..-..1+ ..0.-.0. ..0..1.-| ok p=1
Q17:	|..1..^1. 1..1.^.1 ^.+.+.1. ..-..0.+| ok p=0.90332
Q18:	|..-^..-. 0..+...1 ....-.+. ..-....1| ok p=0.776367
Q19:	|........ ...+.0.- ..^.-... .0+....+| ok p=0.99707
Q20:	|.0^...^. ...001.. .0..1.^. .1+..0..| ok p=1
Q21:	|.1....0. ...11+.^ .1..1... .+0..1.^| ok p=0.625
Q22:	|.+....1. ....-... .-...... ..0..-..| ok p=0.727539
Q23:	|......-. 0....^.. ....0... .^......| ok p=0.986328
Q24:	|.^.0.... 1...^... .^..1... 0....^..| ok p=0.994141
Q25:	|......^. +....... ....+... 1.......| ok p=0.69043
Q26:	|..0-.... .......0 ........ +.......| ok p=0.986328
Q27:	|..1-.... ^......1 ....^... ........| ok p=0.94043
Q28:	|..-+.... .......- ........ ^.......| ok p=0.936523
Q29:	|...0.... .......0 ........ ........| ok p=1
Q30:	|..^1.... .......+ ........ ........| ok p=1
Q31:	|........ .......+ ........ ........| ok p=0.949219
Q32:	|........ ........ ........ ........| ok p=1
Q33:	|........ .......! ........ ........| ok p=1
Q34:	|........ ........ ........ ........| ok p=1
Q35:	|........ ........ ........ ........| ok p=1
Q36:	|........ ........ ........ ........| ok p=1
Q37:	|........ ........ ........ ........| ok p=1
Q38:	|........ ........ ........ ........| ok p=1
Q39:	|........ ........ ........ ........| ok p=1
Q40:	|........ ........ ........ ........| ok p=1
Q41:	|........ ........ ........ ........| ok p=1
Q42:	|........ ........ ........ ........| ok p=1
Q43:	|........ ........ ........ ........| ok p=1
Q44:	|........ ........ ........ ........| ok p=1
Q45:	|........ ........ ........ ........| ok p=1
Q46:	|........ ........ ........ ........| ok p=1
Q47:	|........ ........ ........ ........| ok p=1
Q48:	|........ ........ ........ ........| ok p=1
Q49:	|........ ........ ........ ........| ok p=1
Q50:	|........ ........ ........ ........| ok p=1
Q51:	|........ ........ ........ ........| ok p=1
Q52:	|........ ........ ........ ........| ok p=1
Q53:	|........ ........ ........ ........| ok p=1
Q54:	|........ ........ ........ ........| ok p=1
Q55:	|........ ........ ........ ........| ok p=1
Q56:	|........ ........ ........ ........| ok p=1
Q57:	|........ ........ ........ ........| ok p=1
Q58:	|........ ........ ........ ........| ok p=1
Q59:	|........ ........ ........ ........| ok p=1
Q60:	|.....0.. ........ ........ ........| ok p=1
Q61:	|.....1.. ........ ........ ........| ok p=0.974609
Q62:	|.....-.. ........ ........ ........| ok p=1
Q63:	|.....-.. ........ ........ ........| ok p=1
Q64:	|.....-.. ........ ........ ........|
Best path: totcompl=-31 tottunnel=28, totcond=575, p=0.0404481
Best paths: 2
Q-3:	|10011000 01100100 10101111 11111101|
Q-2:	|+++1+-0+ +---01-+ +000++++ 111+---0|
Q-1:	|000---+- 100+1110 1---00-+ 101011+0|
Q0:	|0000+-00 0+-1-+0- ++-1+0+1 +++110-1| ok p=0.762695
Q1:	|+.+0+.01 .-100++0 0100+.00 ++0.++0.| ok p=0.391602
Q2:	|+.0.11+. .+-.+.+1 000.+.-. ..1.1-1.| ok p=1
Q3:	|0^1.-.-. .-1100.- ..-...1. 11-.-0..| ok p=1
Q4:	|1.+.+.-. .+-01.00 .^-.0.1. ..0.1+..| ok p=1
Q5:	|0.0.-.+. ^0+.-..1 .+..11.. .!-.+-..| ok p=1
Q6:	|1.+.-.1. +01^-... .01.+0.. ..-.11^.| ok p=1
Q7:	|0.-.+.0. 0.0-1... .1.1-.^. ..+.10-.| ok p=1
Q8:	|1.-.1... 0.11-... ...1+.-. ..+.-.0^| ok p=1
Q9:	|0.+.0..0 0..++0.. .1.-+.0. .!+.-.1+| ok p=1
Q10:	|.1+.1011 +.0++110 111-+.10 00+....0| ok p=1
Q11:	|.1+.100+ 0^101+10 0-01+.11 10..00.0| ok p=1
Q12:	|!--.+++0 --+--1-- ----0^-- -+1^10^1| ok p=1
Q13:	|!+-^---+ +100+1++ +-+0-+-1 --0+++++| ok p=1
Q14:	|.00-1001 -10101-1 01-1+0.1 .0-11+00| ok p=1
Q15:	|.0101-10 -..-0+0+ 0++.+11. 01+01-11| ok p=0.81543
Q16:	|..0+..1. +..-..0+ ..0.-.0. ..0..1.-| ok p=1
Q17:	|..1..^1. 1..1.^.1 .^+.+.1. ..-..0.+| ok p=0.894531
Q18:	|..-^..-. 0..+...1 ....-.+. ..-....1| ok p=0.768555
Q19:	|........ ...+.0.- ..^.-... .0+....+| ok p=1
Q20:	|.0^...^. ...001.. .0..1.^. .1+..0..| ok p=1
Q21:	|.1....0. ...11+.^ .1..1... .+0..1.^| ok p=0.651367
Q22:	|.+....1. ....-... .-...... ..0..-..| ok p=0.738281
Q23:	|......-. 0....^.. ....0... .^......| ok p=0.981445
Q24:	|.^.0.... 1...^... .^..1... 0....^..| ok p=0.995117
Q25:	|......^. +....... ....+... 1.......| ok p=0.686523
Q26:	|..0-.... .......0 ........ +.......| ok p=0.980469
Q27:	|..1-.... ^......1 ....^... ........| ok p=0.942383
Q28:	|..-+.... .......- ........ ^.......| ok p=0.942383
Q29:	|...0.... .......0 ........ ........| ok p=1
Q30:	|..^1.... .......+ ........ ........| ok p=1
Q31:	|........ .......+ ........ ........| ok p=0.94043
Q32:	|........ ........ ........ ........| ok p=1
Q33:	|........ .......! ........ ........| ok p=1
Q34:	|........ ........ ........ ........| ok p=1
Q35:	|........ ........ ........ ........| ok p=1
Q36:	|........ ........ ........ ........| ok p=1
Q37:	|........ ........ ........ ........| ok p=1
Q38:	|........ ........ ........ ........| ok p=1
Q39:	|........ ........ ........ ........| ok p=1
Q40:	|........ ........ ........ ........| ok p=1
Q41:	|........ ........ ........ ........| ok p=1
Q42:	|........ ........ ........ ........| ok p=1
Q43:	|........ ........ ........ ........| ok p=1
Q44:	|........ ........ ........ ........| ok p=1
Q45:	|........ ........ ........ ........| ok p=1
Q46:	|........ ........ ........ ........| ok p=1
Q47:	|........ ........ ........ ........| ok p=1
Q48:	|........ ........ ........ ........| ok p=1
Q49:	|........ ........ ........ ........| ok p=1
Q50:	|........ ........ ........ ........| ok p=1
Q51:	|........ ........ ........ ........| ok p=1
Q52:	|........ ........ ........ ........| ok p=1
Q53:	|........ ........ ........ ........| ok p=1
Q54:	|........ ........ ........ ........| ok p=1
Q55:	|........ ........ ........ ........| ok p=1
Q56:	|........ ........ ........ ........| ok p=1
Q57:	|........ ........ ........ ........| ok p=1
Q58:	|........ ........ ........ ........| ok p=1
Q59:	|........ ........ ........ ........| ok p=1
Q60:	|.....0.. ........ ........ ........| ok p=1
Q61:	|.....1.. ........ ........ ........| ok p=0.986328
Q62:	|.....-.. ........ ........ ........| ok p=1
Q63:	|.....-.. ........ ........ ........| ok p=1
Q64:	|.....-.. ........ ........ ........|
Best path: totcompl=-31 tottunnel=28, totcond=574, p=0.0455994
Q-3:	|10011000 01100100 10101111 11111101|
Q-2:	|+++1+-0+ +---01-+ +000++++ 111+---0|
Q-1:	|000---+- 100+1110 1---00-+ 101011+0|
Q0:	|0000+-00 0+-1-+0- ++-1+0+1 +++110-1| ok p=0.764648
Q1:	|+.+0+.01 .-100++0 0100+.00 ++0.++0.| ok p=0.423828
Q2:	|+00.11+. .+-.+.+1 000.+.-. ..1.1-1.| ok p=1
Q3:	|0.1.-.-. .-1100.- ..-...1. 11-.-0..| ok p=1
Q4:	|1.+.+.-. .+-01.00 .^-.0.1. ..0.1+..| ok p=1
Q5:	|0.0.-.+. ^0+.-..1 .+..11.. .!-.+-..| ok p=1
Q6:	|1.+.-.1. +01^-... .01.+0.. ..-.11^.| ok p=1
Q7:	|.!-.+.0. 0.0-1... .1.1-.^. ..+.10-.| ok p=1
Q8:	|.!-.1... 0.11-... ...1+.-. ..+.-.0^| ok p=1
Q9:	|.!+.0..0 0..++0.. .1.-+.0. ..+!-.1+| ok p=1
Q10:	|.1+...01 +.0++110 111-+.11 00+....0| ok p=1
Q11:	|.1+^0.1+ 0^101+10 0-01+^00 10..00.0| ok p=1
Q12:	|!--+1^-0 --+--1-- -----+1+ -+1^10^1| ok p=1
Q13:	|!+-1---+ +100+1++ +-+0-1+1 --0+++++| ok p=1
Q14:	|.00-00.1 -10101-1 01-1+011 .0-11+00| ok p=1
Q15:	|.0101-10 -..-0+0+ 0++.+.1. 01+01-11| ok p=0.826172
Q16:	|..0+..1. +..-..0+ ..0.-.0. ..0..1.-| ok p=1
Q17:	|..1..^1. 1..1.^.1 .^+.+.1. ..-..0.+| ok p=0.888672
Q18:	|..-^..-. 0..+...1 ....-.+. ..-....1| ok p=0.77832
Q19:	|........ ...+.0.- ..^.-... .0+....+| ok p=0.998047
Q20:	|.0^...^. ...001.. .0..1.^. .1+..0..| ok p=1
Q21:	|.1....0. ...11+.^ .1..1... .+0..1.^| ok p=0.630859
Q22:	|.+....1. ....-... .-...... ..0..-..| ok p=0.751953
Q23:	|......-. 0....^.. ....0... .^......| ok p=0.981445
Q24:	|.^.0.... 1...^... .^..1... 0....^..| ok p=0.998047
Q25:	|......^. +....... ....+... 1.......| ok p=0.738281
Q26:	|..0-.... .......0 ........ +.......| ok p=0.985352
Q27:	|..1-.... ^......1 ....^... ........| ok p=0.947266
Q28:	|..-+.... .......- ........ ^.......| ok p=0.935547
Q29:	|...0.... .......0 ........ ........| ok p=1
Q30:	|..^1.... .......+ ........ ........| ok p=1
Q31:	|........ .......+ ........ ........| ok p=0.933594
Q32:	|........ ........ ........ ........| ok p=1
Q33:	|........ .......! ........ ........| ok p=1
Q34:	|........ ........ ........ ........| ok p=1
Q35:	|........ ........ ........ ........| ok p=1
Q36:	|........ ........ ........ ........| ok p=1
Q37:	|........ ........ ........ ........| ok p=1
Q38:	|........ ........ ........ ........| ok p=1
Q39:	|........ ........ ........ ........| ok p=1
Q40:	|........ ........ ........ ........| ok p=1
Q41:	|........ ........ ........ ........| ok p=1
Q42:	|........ ........ ........ ........| ok p=1
Q43:	|........ ........ ........ ........| ok p=1
Q44:	|........ ........ ........ ........| ok p=1
Q45:	|........ ........ ........ ........| ok p=1
Q46:	|........ ........ ........ ........| ok p=1
Q47:	|........ ........ ........ ........| ok p=1
Q48:	|........ ........ ........ ........| ok p=1
Q49:	|........ ........ ........ ........| ok p=1
Q50:	|........ ........ ........ ........| ok p=1
Q51:	|........ ........ ........ ........| ok p=1
Q52:	|........ ........ ........ ........| ok p=1
Q53:	|........ ........ ........ ........| ok p=1
Q54:	|........ ........ ........ ........| ok p=1
Q55:	|........ ........ ........ ........| ok p=1
Q56:	|........ ........ ........ ........| ok p=1
Q57:	|........ ........ ........ ........| ok p=1
Q58:	|........ ........ ........ ........| ok p=1
Q59:	|........ ........ ........ ........| ok p=1
Q60:	|.....0.. ........ ........ ........| ok p=1
Q61:	|.....1.. ........ ........ ........| ok p=0.985352
Q62:	|.....-.. ........ ........ ........| ok p=1
Q63:	|.....-.. ........ ........ ........| ok p=1
Q64:	|.....-.. ........ ........ ........|
Best path: totcompl=-31 tottunnel=28, totcond=573, p=0.0409423
Q-3:	|10011000 01100100 10101111 11111101|
Q-2:	|+++1+-0+ +---01-+ +000++++ 111+---0|
Q-1:	|000---+- 100+1110 1---00-+ 101011+0|
Q0:	|0000+-00 0+-1-+0- ++-1+0+1 +++110-1| ok p=0.776367
Q1:	|+.+0+.01 .-100++0 0100+.00 ++0.++0.| ok p=0.408203
Q2:	|+00.11+. .+-.+.+1 000.+.-. ..1.1-1.| ok p=1
Q3:	|0.1.-.-. .-1100.- ..-...1. 11-.-0..| ok p=1
Q4:	|1.+.+.-. .+-01.00 .^-.0.1. ..0.1+..| ok p=1
Q5:	|0.0.-.+. ^0+.-..1 .+..11.. .!-.+-..| ok p=1
Q6:	|.!+.-.1. +01^-... .01.+0.. ..-.11^.| ok p=1
Q7:	|!.-.+.0. 0.0-1... .1.1-.^. ..+.10-.| ok p=1
Q8:	|.!-.1... 0.11-... ...1+.-. ..+.-.0^| ok p=1
Q9:	|!.+.0..0 0..++0.. .1.-+.0. .!+.-.1+| ok p=1
Q10:	|.1+...01 +.0++110 111-+.11 00+....0| ok p=1
Q11:	|.1+^0.1+ 0^101+10 0-01+^00 10..00.0| ok p=1
Q12:	|!--+1^-0 --+--1-- ----0-1+ -+1^10^1| ok p=1
Q13:	|!+-1---+ +100+1++ +-+0-1+1 --0+++++| ok p=1
Q14:	|.00-00.1 -10101-1 01-1+011 .0-11+00| ok p=1
Q15:	|.0101-10 -..-0+0+ 0++.+.1. 01+01-11| ok p=0.827148
Q16:	|..0+..1. +..-..0+ ..0.-.0. ..0..1.-| ok p=1
Q17:	|..1..^1. 1..1.^.1 .^+.+.1. ..-..0.+| ok p=0.881836
Q18:	|..-^..-. 0..+...1 ....-.+. ..-....1| ok p=0.791016
Q19:	|........ ...+.0.- ..^.-... .0+....+| ok p=0.998047
Q20:	|.0^...^. ...001.. .0..1.^. .1+..0..| ok p=1
Q21:	|.1....0. ...11+.^ .1..1... .+0..1.^| ok p=0.625
Q22:	|.+....1. ....-... .-...... ..0..-..| ok p=0.753906
Q23:	|......-. 0....^.. ....0... .^......| ok p=0.990234
Q24:	|.^.0.... 1...^... .^..1... 0....^..| ok p=0.993164
Q25:	|......^. +....... ....+... 1.......| ok p=0.675781
Q26:	|..0-.... .......0 ........ +.......| ok p=0.987305
Q27:	|..1-.... ^......1 ....^... ........| ok p=0.947266
Q28:	|..-+.... .......- ........ ^.......| ok p=0.942383
Q29:	|...0.... .......0 ........ ........| ok p=1
Q30:	|..^1.... .......+ ........ ........| ok p=1
Q31:	|........ .......+ ........ ........| ok p=0.928711
Q32:	|........ ........ ........ ........| ok p=1
Q33:	|........ .......! ........ ........| ok p=1
Q34:	|........ ........ ........ ........| ok p=1
Q35:	|........ ........ ........ ........| ok p=1
Q36:	|........ ........ ........ ........| ok p=1
Q37:	|........ ........ ........ ........| ok p=1
Q38:	|........ ........ ........ ........| ok p=1
Q39:	|........ ........ ........ ........| ok p=1
Q40:	|........ ........ ........ ........| ok p=1
Q41:	|........ ........ ........ ........| ok p=1
Q42:	|........ ........ ........ ........| ok p=1
Q43:	|........ ........ ........ ........| ok p=1
Q44:	|........ ........ ........ ........| ok p=1
Q45:	|........ ........ ........ ........| ok p=1
Q46:	|........ ........ ........ ........| ok p=1
Q47:	|........ ........ ........ ........| ok p=1
Q48:	|........ ........ ........ ........| ok p=1
Q49:	|........ ........ ........ ........| ok p=1
Q50:	|........ ........ ........ ........| ok p=1
Q51:	|........ ........ ........ ........| ok p=1
Q52:	|........ ........ ........ ........| ok p=1
Q53:	|........ ........ ........ ........| ok p=1
Q54:	|........ ........ ........ ........| ok p=1
Q55:	|........ ........ ........ ........| ok p=1
Q56:	|........ ........ ........ ........| ok p=1
Q57:	|........ ........ ........ ........| ok p=1
Q58:	|........ ........ ........ ........| ok p=1
Q59:	|........ ........ ........ ........| ok p=1
Q60:	|.....0.. ........ ........ ........| ok p=1
Q61:	|.....1.. ........ ........ ........| ok p=0.986328
Q62:	|.....-.. ........ ........ ........| ok p=1
Q63:	|.....-.. ........ ........ ........| ok p=1
Q64:	|.....-.. ........ ........ ........|
Best path: totcompl=-30 tottunnel=29, totcond=573, p=0.0455802
Q-3:	|10011000 01100100 10101111 11111101|
Q-2:	|+++1+-0+ +---01-+ +000++++ 111+---0|
Q-1:	|000---+- 100+1110 1---00-+ 101011+0|
Q0:	|0000+-00 0+-1-+0- ++-1+0+1 +++110-1| ok p=0.741211
Q1:	|+.+0+.01 .-100++0 0100+.00 ++0.++0.| ok p=0.410156
Q2:	|+00.11+. .+-.+.+1 000.+.-. ..1.1-1.| ok p=1
Q3:	|0.1.-.-. .-1100.- ..-...1. 11-.-0..| ok p=1
Q4:	|1.+.+.-. .+-01.00 .^-.0.1. ..0.1+..| ok p=1
Q5:	|0.0.-.+. ^0+.-..1 .+..11.. .!-.+-..| ok p=1
Q6:	|.!+.-.1. +01^-... .01.+0.. ..-.11^.| ok p=1
Q7:	|.!-.+.0. 0.0-1... .1.1-.^. ..+.10-.| ok p=1
Q8:	|.!-.1... 0.11-... ...1+.-. ..+.-.0^| ok p=1
Q9:	|!.+.0..0 0..++0.. .1.-+.0. ..+!-.1+| ok p=1
Q10:	|.1+...01 +.0++110 111-+.10 00+....0| ok p=1
Q11:	|.1+^0.1+ 0^101+10 0-01+^11 10..00.0| ok p=1
Q12:	|!--+1^-0 --+--1-- ----0-+- -+1^10^1| ok p=1
Q13:	|!+-1---+ +100+1++ +-+0-0+1 --0+++++| ok p=1
Q14:	|.0.-00.1 -10101-1 01-1+0.1 .0-11+00| ok p=1
Q15:	|!0101-10 -..-0+0+ 0++.+.1. 01+01-11| ok p=0.800781
Q16:	|..0+..1. +..-..0+ ..0.-.0. ..0..1.-| ok p=1
Q17:	|..1..^1. 1..1.^.1 .^+.+.1. ..-..0.+| ok p=0.905273
Q18:	|..-^..-. 0..+...1 ....-.+. ..-....1| ok p=0.783203
Q19:	|........ ...+.0.- ..^.-... .0+....+| ok p=1
Q20:	|.0^...^. ...001.. .0..1.^. .1+..0..| ok p=1
Q21:	|.1....0. ...11+.^ .1..1... .+0..1.^| ok p=0.655273
Q22:	|.+....1. ....-... .-...... ..0..-..| ok p=0.735352
Q23:	|......-. 0....^.. ....0... .^......| ok p=0.984375
Q24:	|.^.0.... 1...^... .^..1... 0....^..| ok p=0.995117
Q25:	|......^. +....... ....+... 1.......| ok p=0.706055
Q26:	|..0-.... .......0 ........ +.......| ok p=0.987305
Q27:	|..1-.... ^......1 ....^... ........| ok p=0.93457
Q28:	|..-+.... .......- ........ ^.......| ok p=0.9375
Q29:	|...0.... .......0 ........ ........| ok p=1
Q30:	|..^1.... .......+ ........ ........| ok p=1
Q31:	|........ .......+ ........ ........| ok p=0.946289
Q32:	|........ ........ ........ ........| ok p=1
Q33:	|........ .......! ........ ........| ok p=1
Q34:	|........ ........ ........ ........| ok p=1
Q35:	|........ ........ ........ ........| ok p=1
Q36:	|........ ........ ........ ........| ok p=1
Q37:	|........ ........ ........ ........| ok p=1
Q38:	|........ ........ ........ ........| ok p=1
Q39:	|........ ........ ........ ........| ok p=1
Q40:	|........ ........ ........ ........| ok p=1
Q41:	|........ ........ ........ ........| ok p=1
Q42:	|........ ........ ........ ........| ok p=1
Q43:	|........ ........ ........ ........| ok p=1
Q44:	|........ ........ ........ ........| ok p=1
Q45:	|........ ........ ........ ........| ok p=1
Q46:	|........ ........ ........ ........| ok p=1
Q47:	|........ ........ ........ ........| ok p=1
Q48:	|........ ........ ........ ........| ok p=1
Q49:	|........ ........ ........ ........| ok p=1
Q50:	|........ ........ ........ ........| ok p=1
Q51:	|........ ........ ........ ........| ok p=1
Q52:	|........ ........ ........ ........| ok p=1
Q53:	|........ ........ ........ ........| ok p=1
Q54:	|........ ........ ........ ........| ok p=1
Q55:	|........ ........ ........ ........| ok p=1
Q56:	|........ ........ ........ ........| ok p=1
Q57:	|........ ........ ........ ........| ok p=1
Q58:	|........ ........ ........ ........| ok p=1
Q59:	|........ ........ ........ ........| ok p=1
Q60:	|.....0.. ........ ........ ........| ok p=1
Q61:	|.....1.. ........ ........ ........| ok p=0.990234
Q62:	|.....-.. ........ ........ ........| ok p=1
Q63:	|.....-.. ........ ........ ........| ok p=1
Q64:	|.....-.. ........ ........ ........|
Best path: totcompl=-29 tottunnel=30, totcond=572, p=0.0409932
Q-3:	|10011000 01100100 10101111 11111101|
Q-2:	|+++1+-0+ +---01-+ +000++++ 111+---0|
Q-1:	|000---+- 100+1110 1---00-+ 101011+0|
Q0:	|0000+-00 0+-1-+0- ++-1+0+1 +++110-1| ok p=0.758789
Q1:	|+.+0+.01 .-100++0 0100+.00 ++0.++0.| ok p=0.425781
Q2:	|+.0.11+. .+-.+.+1 000.+.-. ..1.1-1.| ok p=1
Q3:	|0^1.-.-. .-1100.- ..-...1. 11-.-0..| ok p=1
Q4:	|1.+.+.-. .+-01.00 .^-.0.1. ..0.1+..| ok p=1
Q5:	|0.0.-.+. ^0+.-..1 .+..11.. .!-.+-..| ok p=1
Q6:	|1.+.-.1. +01^-... .01.+0.. ..-.11^.| ok p=1
Q7:	|0.-.+.0. 0.0-1... .1.^-.^. ..+.10-.| ok p=1
Q8:	|..-!1... 0.11-... ...+-.-. .1+.-.0^| ok p=1
Q9:	|!.+.0... ...++.0. ...0-.1. .0+.-.1+| ok p=1
Q10:	|..+1110. ..10-01. .^.1-111 .+-01111| ok p=1
Q11:	|0^00010. ..0--1-0 .-^1+100 00111100| ok p=1
Q12:	|1++++++^ ..++--+1 .1--1--- 1+0-++++| ok p=1
Q13:	|-1-++--+ 0.11+-++ 1+110-0+ --+----+| ok p=1
Q14:	|+1011000 1.1011.0 1011++11 110.0+0+| ok p=1
Q15:	|0111-000 +..-0+0+ +0..+0.0 11011-1.| ok p=0.917969
Q16:	|+.1+..0. +..-.+.1 ....-10. .....0.^| ok p=0.630859
Q17:	|..1.^.1. 0..11-.0 ^...1.1. ..-..1.0| ok p=0.731445
Q18:	|^.-^..-. 1..+1+.1 ....1.+. ..-....0| ok p=0.739258
Q19:	|........ ....++.- ....-... .0+....+| ok p=0.657227
Q20:	|.0^...^. ...^0+.. .0..0.^. .1+..0..| ok p=1
Q21:	|.1....0. ....1+.^ .1..1... .+0..1.^| ok p=0.605469
Q22:	|.+....1. ....-1.. .-...... ..0..-..| ok p=0.729492
Q23:	|......-. 0....0.. ....0... .^......| ok p=0.983398
Q24:	|.^.0.... 1...^... .^..1... 0....^..| ok p=0.996094
Q25:	|......^. +....... ....+... 1.......| ok p=0.730469
Q26:	|..0-.... .......0 ........ +.......| ok p=0.980469
Q27:	|..1-.... ^......1 ....^... ........| ok p=0.945312
Q28:	|..-+.... .......- ........ ^.......| ok p=0.933594
Q29:	|...0.... .......0 ........ ........| ok p=1
Q30:	|..^1.... .......+ ........ ........| ok p=1
Q31:	|........ .......+ ........ ........| ok p=0.923828
Q32:	|........ ........ ........ ........| ok p=1
Q33:	|........ .......! ........ ........| ok p=1
Q34:	|........ ........ ........ ........| ok p=1
Q35:	|........ ........ ........ ........| ok p=1
Q36:	|........ ........ ........ ........| ok p=1
Q37:	|........ ........ ........ ........| ok p=1
Q38:	|........ ........ ........ ........| ok p=1
Q39:	|........ ........ ........ ........| ok p=1
Q40:	|........ ........ ........ ........| ok p=1
Q41:	|........ ........ ........ ........| ok p=1
Q42:	|........ ........ ........ ........| ok p=1
Q43:	|........ ........ ........ ........| ok p=1
Q44:	|........ ........ ........ ........| ok p=1
Q45:	|........ ........ ........ ........| ok p=1
Q46:	|........ ........ ........ ........| ok p=1
Q47:	|........ ........ ........ ........| ok p=1
Q48:	|........ ........ ........ ........| ok p=1
Q49:	|........ ........ ........ ........| ok p=1
Q50:	|........ ........ ........ ........| ok p=1
Q51:	|........ ........ ........ ........| ok p=1
Q52:	|........ ........ ........ ........| ok p=1
Q53:	|........ ........ ........ ........| ok p=1
Q54:	|........ ........ ........ ........| ok p=1
Q55:	|........ ........ ........ ........| ok p=1
Q56:	|........ ........ ........ ........| ok p=1
Q57:	|........ ........ ........ ........| ok p=1
Q58:	|........ ........ ........ ........| ok p=1
Q59:	|........ ........ ........ ........| ok p=1
Q60:	|.....0.. ........ ........ ........| ok p=1
Q61:	|.....1.. ........ ........ ........| ok p=0.990234
Q62:	|.....-.. ........ ........ ........| ok p=1
Q63:	|.....-.. ........ ........ ........| ok p=1
Q64:	|.....-.. ........ ........ ........|
Best path: totcompl=-27 tottunnel=32, totcond=571, p=0.0143871
Q-3:	|10011000 01100100 10101111 11111101|
Q-2:	|+++1+-0+ +---01-+ +000++++ 111+---0|
Q-1:	|000---+- 100+1110 1---00-+ 101011+0|
Q0:	|0000+-00 0+-1-+0- ++-1+0+1 +++110-1| ok p=0.756836
Q1:	|+.+0+.01 .-100++0 0100+.00 ++0.++0.| ok p=0.365234
Q2:	|+00.11+. .+-.+.+1 000.+.-. ..1.1-1.| ok p=1
Q3:	|0.1.-.-. .-1100.- ..-...1. 11-.-0..| ok p=1
Q4:	|1.+.+.-. .+-01.00 .^-.0.1. ..0.1+..| ok p=1
Q5:	|.!0.-.+. ^0+.-..1 .+..11.. .!-.+-..| ok p=1
Q6:	|.!+.-.1. +01^-... .01.+0.. ..-.11^.| ok p=1
Q7:	|.!-.+.0. 0.0-1... .1.^-.^. ..+.10-.| ok p=1
Q8:	|.!-.1... 0.11-... ...+-.-. .1+.-.0^| ok p=1
Q9:	|!.+.0... ...++.0. ...0-.1. .0+.-.1+| ok p=1
Q10:	|..+111.. ..10-01. .^.1-111 .+-01111| ok p=1
Q11:	|0^0001^. ..0--1-0 .-^1+100 10111100| ok p=1
Q12:	|1++++++^ ..++--+1 .1--1--- 0+0-++++| ok p=1
Q13:	|-1-++-0- 0.11+-++ 1+110-+- --+----+| ok p=1
Q14:	|+1011000 1.1011.0 1011++1. 110.0+0+| ok p=1
Q15:	|0111-0.0 +..-0+0+ +0..+000 11011-1.| ok p=0.921875
Q16:	|+.1+..0. +..-.+.1 ....-10. .....0.^| ok p=0.605469
Q17:	|..1.^.1. 0..11-.0 ^...1.1. ..-..1.0| ok p=0.727539
Q18:	|^.-^..-. 1..+1+.1 ....1.+. ..-....0| ok p=0.730469
Q19:	|........ ....++.- ....-... .0+....+| ok p=0.650391
Q20:	|.0^...^. ...^0+.. .0..0.^. .1+..0..| ok p=1
Q21:	|.1....0. ....1+.^ .1..1... .+0..1.^| ok p=0.661133
Q22:	|.+....1. ....-1.. .-...... ..0..-..| ok p=0.75293
Q23:	|......-. 0....0.. ....0... .^......| ok p=0.985352
Q24:	|.^.0.... 1...^... .^..1... 0....^..| ok p=0.99707
Q25:	|......^. +....... ....+... 1.......| ok p=0.698242
Q26:	|..0-.... .......0 ........ +.......| ok p=0.983398
Q27:	|..1-.... ^......1 ....^... ........| ok p=0.9375
Q28:	|..-+.... .......- ........ ^.......| ok p=0.93457
Q29:	|...0.... .......0 ........ ........| ok p=1
Q30:	|..^1.... .......+ ........ ........| ok p=1
Q31:	|........ .......+ ........ ........| ok p=0.932617
Q32:	|........ ........ ........ ........| ok p=1
Q33:	|........ .......! ........ ........| ok p=1
Q34:	|........ ........ ........ ........| ok p=1
Q35:	|........ ........ ........ ........| ok p=1
Q36:	|........ ........ ........ ........| ok p=1
Q37:	|........ ........ ........ ........| ok p=1
Q38:	|........ ........ ........ ........| ok p=1
Q39:	|........ ........ ........ ........| ok p=1
Q40:	|........ ........ ........ ........| ok p=1
Q41:	|........ ........ ........ ........| ok p=1
Q42:	|........ ........ ........ ........| ok p=1
Q43:	|........ ........ ........ ........| ok p=1
Q44:	|........ ........ ........ ........| ok p=1
Q45:	|........ ........ ........ ........| ok p=1
Q46:	|........ ........ ........ ........| ok p=1
Q47:	|........ ........ ........ ........| ok p=1
Q48:	|........ ........ ........ ........| ok p=1
Q49:	|........ ........ ........ ........| ok p=1
Q50:	|........ ........ ........ ........| ok p=1
Q51:	|........ ........ ........ ........| ok p=1
Q52:	|........ ........ ........ ........| ok p=1
Q53:	|........ ........ ........ ........| ok p=1
Q54:	|........ ........ ........ ........| ok p=1
Q55:	|........ ........ ........ ........| ok p=1
Q56:	|........ ........ ........ ........| ok p=1
Q57:	|........ ........ ........ ........| ok p=1
Q58:	|........ ........ ........ ........| ok p=1
Q59:	|........ ........ ........ ........| ok p=1
Q60:	|.....0.. ........ ........ ........| ok p=1
Q61:	|.....1.. ........ ........ ........| ok p=0.991211
Q62:	|.....-.. ........ ........ ........| ok p=1
Q63:	|.....-.. ........ ........ ........| ok p=1
Q64:	|.....-.. ........ ........ ........|
Best path: totcompl=-27 tottunnel=32, totcond=569, p=0.0166347
Best paths: 2
Best paths: 4
Q-3:	|10011000 01100100 10101111 11111101|
Q-2:	|+++1+-0+ +---01-+ +000++++ 111+---0|
Q-1:	|000---+- 100+1110 1---00-+ 101011+0|
Q0:	|0000+-00 0+-1-+0- ++-1+0+1 +++110-1| ok p=0.765625
Q1:	|+.+0+.01 .-100++0 0100+.00 ++0.++0.| ok p=0.421875
Q2:	|+.0.11+. .+-.+.+1 000.+.-. ..1.1-1.| ok p=1
Q3:	|0^1.-.-. .-1100.- ..-...1. 11-.-0..| ok p=1
Q4:	|1.+.+.-. .+-01.00 .^-.0.1. ..0.1+..| ok p=1
Q5:	|0.0.-.+. ^0+.-..1 .+..11.. .!-.+-..| ok p=1
Q6:	|1.+.-.1. +01^-... .01.+0.. ..-.11^.| ok p=1
Q7:	|.!-.+.0. 0.0-1... .1.^-.^. ..+.10-.| ok p=1
Q8:	|.!-.1... 0.11-... ...+-.-. .1+.-.0^| ok p=1
Q9:	|!.+.0... ...++.0. ...0-.1. .0+.-.1+| ok p=1
Q10:	|..+111.. ..10-01. .^.1-111 .+-01111| ok p=1
Q11:	|0^0001^. ..0--1-0 .-^1+100 00111100| ok p=1
Q12:	|1++++++^ ..++--+1 .1--1--- 1+0-++++| ok p=1
Q13:	|-1-++-0- 0.11+-++ 1+110-0+ --+----+| ok p=1
Q14:	|+0111000 1.1011.0 1011++11 110.0+0+| ok p=1
Q15:	|0111-0.0 +..-0+0+ +0..+0.0 11011-1.| ok p=0.918945
Q16:	|+.1+..0. +..-.+.1 ....-10. .....0.^| ok p=0.583008
Q17:	|..1.^.1. 0..11-.0 ^...1.1. ..-..1.0| ok p=0.711914
Q18:	|^.-^..-. 1..+1+.1 ....1.+. ..-....0| ok p=0.736328
Q19:	|........ ....++.- ....-... .0+....+| ok p=0.658203
Q20:	|.0^...^. ...^0+.. .0..0.^. .1+..0..| ok p=1
Q21:	|.1....0. ....1+.^ .1..1... .+0..1.^| ok p=0.651367
Q22:	|.+....1. ....-1.. .-...... ..0..-..| ok p=0.744141
Q23:	|......-. 0....0.. ....0... .^......| ok p=0.984375
Q24:	|.^.0.... 1...^... .^..1... 0....^..| ok p=0.995117
Q25:	|......^. +....... ....+... 1.......| ok p=0.707031
Q26:	|..0-.... .......0 ........ +.......| ok p=0.984375
Q27:	|..1-.... ^......1 ....^... ........| ok p=0.930664
Q28:	|..-+.... .......- ........ ^.......| ok p=0.926758
Q29:	|...0.... .......0 ........ ........| ok p=1
Q30:	|..^1.... .......+ ........ ........| ok p=1
Q31:	|........ .......+ ........ ........| ok p=0.926758
Q32:	|........ ........ ........ ........| ok p=1
Q33:	|........ .......! ........ ........| ok p=1
Q34:	|........ ........ ........ ........| ok p=1
Q35:	|........ ........ ........ ........| ok p=1
Q36:	|........ ........ ........ ........| ok p=1
Q37:	|........ ........ ........ ........| ok p=1
Q38:	|........ ........ ........ ........| ok p=1
Q39:	|........ ........ ........ ........| ok p=1
Q40:	|........ ........ ........ ........| ok p=1
Q41:	|........ ........ ........ ........| ok p=1
Q42:	|........ ........ ........ ........| ok p=1
Q43:	|........ ........ ........ ........| ok p=1
Q44:	|........ ........ ........ ........| ok p=1
Q45:	|........ ........ ........ ........| ok p=1
Q46:	|........ ........ ........ ........| ok p=1
Q47:	|........ ........ ........ ........| ok p=1
Q48:	|........ ........ ........ ........| ok p=1
Q49:	|........ ........ ........ ........| ok p=1
Q50:	|........ ........ ........ ........| ok p=1
Q51:	|........ ........ ........ ........| ok p=1
Q52:	|........ ........ ........ ........| ok p=1
Q53:	|........ ........ ........ ........| ok p=1
Q54:	|........ ........ ........ ........| ok p=1
Q55:	|........ ........ ........ ........| ok p=1
Q56:	|........ ........ ........ ........| ok p=1
Q57:	|........ ........ ........ ........| ok p=1
Q58:	|........ ........ ........ ........| ok p=1
Q59:	|........ ........ ........ ........| ok p=1
Q60:	|.....0.. ........ ........ ........| ok p=1
Q61:	|.....1.. ........ ........ ........| ok p=0.980469
Q62:	|.....-.. ........ ........ ........| ok p=1
Q63:	|.....-.. ........ ........ ........| ok p=1
Q64:	|.....-.. ........ ........ ........|
Best path: totcompl=-26 tottunnel=33, totcond=569, p=0.0141912
Q-3:	|10011000 01100100 10101111 11111101|
Q-2:	|+++1+-0+ +---01-+ +000++++ 111+---0|
Q-1:	|000---+- 100+1110 1---00-+ 101011+0|
Q0:	|0000+-00 0+-1-+0- ++-1+0+1 +++110-1| ok p=0.74707
Q1:	|+.+0+.01 .-100++0 0100+.00 ++0.++0.| ok p=0.374023
Q2:	|+.0.11+. .+-.+.+1 000.+.-. ..1.1-1.| ok p=1
Q3:	|0^1.-.-. .-1100.- ..-...1. 11-.-0..| ok p=1
Q4:	|1.+.+.-. .+-01.00 .^-.0.1. ..0.1+..| ok p=1
Q5:	|.!0.-.+. ^0+.-..1 .+..11.. .!-.+-..| ok p=1
Q6:	|!.+.-.0. +01.-... .01^+0.. ..-.10^.| ok p=1
Q7:	|.!-.+.0. 000.0... .1.-1.^. ..+.10-1| ok p=1
Q8:	|.!-.1... 001.+... ...11.-. ..+.-.01| ok p=1
Q9:	|0!+.+... .+-.1... ...-..0. ..+.-.1+| ok p=1
Q10:	|1.+1+^.. .--11.1. 0^0-0!0. ..+..0-+| ok p=1
Q11:	|0001.+.. .1.0+.00 1-101010 10+.010-| ok p=1
Q12:	|-10+00^^ .+0+-.+1 -0++-1+1 01-.1-1-| ok p=1
Q13:	|++--0--+ 10.0+.0- 10----1+ --0.+--+| ok p=1
Q14:	|-10-0110 01.10^1- 0.01++11 110.0-0+| ok p=1
Q15:	|0110-001 +..-0+.+ +.01+1.0 010.0-1.| ok p=0.442383
Q16:	|-.1+..0. +..-.+.0 ....-00. .....1.^| ok p=0.616211
Q17:	|..1.^.1. 0..11-.0 ^...1.1. ..-..0.0| ok p=0.729492
Q18:	|^.-^..-. 1..+1+.1 ....1.+. ..-....0| ok p=0.739258
Q19:	|........ ....++.- ....-... .0+....+| ok p=0.641602
Q20:	|.0^...^. ...^0+.. .0..0.^. .1+..0..| ok p=1
Q21:	|.1....0. ....1+.^ .1..1... .+0..1.^| ok p=0.652344
Q22:	|.+....1. ....-1.. .-...... ..0..-..| ok p=0.742188
Q23:	|......-. 0....0.. ....0... .^......| ok p=0.972656
Q24:	|.^.0.... 1...^... .^..1... 0....^..| ok p=0.99707
Q25:	|......^. +....... ....+... 1.......| ok p=0.693359
Q26:	|..0-.... .......0 ........ +.......| ok p=0.985352
Q27:	|..1-.... ^......1 ....^... ........| ok p=0.936523
Q28:	|..-+.... .......- ........ ^.......| ok p=0.945312
Q29:	|...0.... .......0 ........ ........| ok p=1
Q30:	|..^1.... .......+ ........ ........| ok p=1
Q31:	|........ .......+ ........ ........| ok p=0.942383
Q32:	|........ ........ ........ ........| ok p=1
Q33:	|........ .......! ........ ........| ok p=1
Q34:	|........ ........ ........ ........| ok p=1
Q35:	|........ ........ ........ ........| ok p=1
Q36:	|........ ........ ........ ........| ok p=1
Q37:	|........ ........ ........ ........| ok p=1
Q38:	|........ ........ ........ ........| ok p=1
Q39:	|........ ........ ........ ........| ok p=1
Q40:	|........ ........ ........ ........| ok p=1
Q41:	|........ ........ ........ ........| ok p=1
Q42:	|........ ........ ........ ........| ok p=1
Q43:	|........ ........ ........ ........| ok p=1
Q44:	|........ ........ ........ ........| ok p=1
Q45:	|........ ........ ........ ........| ok p=1
Q46:	|........ ........ ........ ........| ok p=1
Q47:	|........ ........ ........ ........| ok p=1
Q48:	|........ ........ ........ ........| ok p=1
Q49:	|........ ........ ........ ........| ok p=1
Q50:	|........ ........ ........ ........| ok p=1
Q51:	|........ ........ ........ ........| ok p=1
Q52:	|........ ........ ........ ........| ok p=1
Q53:	|........ ........ ........ ........| ok p=1
Q54:	|........ ........ ........ ........| ok p=1
Q55:	|........ ........ ........ ........| ok p=1
Q56:	|........ ........ ........ ........| ok p=1
Q57:	|........ ........ ........ ........| ok p=1
Q58:	|........ ........ ........ ........| ok p=1
Q59:	|........ ........ ........ ........| ok p=1
Q60:	|.....0.. ........ ........ ........| ok p=1
Q61:	|.....1.. ........ ........ ........| ok p=0.980469
Q62:	|.....-.. ........ ........ ........| ok p=1
Q63:	|.....-.. ........ ........ ........| ok p=1
Q64:	|.....-.. ........ ........ ........|
Best path: totcompl=-26 tottunnel=33, totcond=562, p=0.0084696
Q-3:	|10011000 01100100 10101111 11111101|
Q-2:	|+++1+-0+ +---01-+ +000++++ 111+---0|
Q-1:	|000---+- 100+1110 1---00-+ 101011+0|
Q0:	|0000+-00 0+-1-+0- ++-1+0+1 +++110-1| ok p=0.744141
Q1:	|+.+0+.01 .-100++0 0100+.00 ++0.++0.| ok p=0.420898
Q2:	|+00.11+. .+-.+.+1 000.+.-. ..1.1-1.| ok p=1
Q3:	|0.1.-.-. .-1100.- ..-...1. 11-.-0..| ok p=1
Q4:	|1.+.+.-. .+-01.00 .^-.0.1. ..0.1+..| ok p=1
Q5:	|0.0.-.+. ^0+.-..1 .+..11.. .!-.+-..| ok p=1
Q6:	|1.+.-.0. +01.-... .01^+0.. ..-.10^.| ok p=1
Q7:	|.!-.+.0. 000.0... .1.-1.^. ..+.10-1| ok p=1
Q8:	|!.-.1... 001.+... ...11.-. ..+.-.01| ok p=1
Q9:	|.!+0+... .+-.1... ...-1.0. ..+.-.1+| ok p=1
Q10:	|1.+1+^.. .--11.1. 0^0-0.0. ..+..0-+| ok p=1
Q11:	|0001.+.. .1.0+.00 1-10111. 10+.010-| ok p=1
Q12:	|-10+00^^ .+0+-.+1 -0++-1+. 01-.1-1-| ok p=1
Q13:	|++--0--+ 10.0+.0- 10----0. +-0.+--+| ok p=1
Q14:	|-10-0110 01.10^1- 0.01++1. 110.0-0+| ok p=1
Q15:	|0110-001 +..-0+.+ +.01+1.. 010.0-1.| ok p=0.451172
Q16:	|-.1+..0. +..-.+.0 ....-00. .....1.^| ok p=0.642578
Q17:	|..1.^.1. 0..11-.0 ^...1.1. ..-..0.0| ok p=0.729492
Q18:	|^.-^..-. 1..+1+.1 ....1.+. ..-....0| ok p=0.730469
Q19:	|........ ....++.- ....-... .0+....+| ok p=0.650391
Q20:	|.0^...^. ...^0+.. .0..0.^. .1+..0..| ok p=1
Q21:	|.1....0. ....1+.^ .1..1... .+0..1.^| ok p=0.637695
Q22:	|.+....1. ....-1.. .-...... ..0..-..| ok p=0.758789
Q23:	|......-. 0....0.. ....0... .^......| ok p=0.983398
Q24:	|.^.0.... 1...^... .^..1... 0....^..| ok p=0.996094
Q25:	|......^. +....... ....+... 1.......| ok p=0.713867
Q26:	|..0-.... .......0 ........ +.......| ok p=0.984375
Q27:	|..1-.... ^......1 ....^... ........| ok p=0.935547
Q28:	|..-+.... .......- ........ ^.......| ok p=0.938477
Q29:	|...0.... .......0 ........ ........| ok p=1
Q30:	|..^1.... .......+ ........ ........| ok p=1
Q31:	|........ .......+ ........ ........| ok p=0.945312
Q32:	|........ ........ ........ ........| ok p=1
Q33:	|........ .......! ........ ........| ok p=1
Q34:	|........ ........ ........ ........| ok p=1
Q35:	|........ ........ ........ ........| ok p=1
Q36:	|........ ........ ........ ........| ok p=1
Q37:	|........ ........ ........ ........| ok p=1
Q38:	|........ ........ ........ ........| ok p=1
Q39:	|........ ........ ........ ........| ok p=1
Q40:	|........ ........ ........ ........| ok p=1
Q41:	|........ ........ ........ ........| ok p=1
Q42:	|........ ........ ........ ........| ok p=1
Q43:	|........ ........ ........ ........| ok p=1
Q44:	|........ ........ ........ ........| ok p=1
Q45:	|........ ........ ........ ........| ok p=1
Q46:	|........ ........ ........ ........| ok p=1
Q47:	|........ ........ ........ ........| ok p=1
Q48:	|........ ........ ........ ........| ok p=1
Q49:	|........ ........ ........ ........| ok p=1
Q50:	|........ ........ ........ ........| ok p=1
Q51:	|........ ........ ........ ........| ok p=1
Q52:	|........ ........ ........ ........| ok p=1
Q53:	|........ ........ ........ ........| ok p=1
Q54:	|........ ........ ........ ........| ok p=1
Q55:	|........ ........ ........ ........| ok p=1
Q56:	|........ ........ ........ ........| ok p=1
Q57:	|........ ........ ........ ........| ok p=1
Q58:	|........ ........ ........ ........| ok p=1
Q59:	|........ ........ ........ ........| ok p=1
Q60:	|.....0.. ........ ........ ........| ok p=1
Q61:	|.....1.. ........ ........ ........| ok p=0.986328
Q62:	|.....-.. ........ ........ ........| ok p=1
Q63:	|.....-.. ........ ........ ........| ok p=1
Q64:	|.....-.. ........ ........ ........|
Best path: totcompl=-26 tottunnel=33, totcond=557, p=0.00758644
Best paths: 2
Q-3:	|10011000 01100100 10101111 11111101|
Q-2:	|+++1+-0+ +---01-+ +000++++ 111+---0|
Q-1:	|000---+- 100+1110 1---00-+ 101011+0|
Q0:	|0000+-00 0+-1-+0- ++-1+0+1 +++110-1| ok p=0.741211
Q1:	|+.+0+.01 .-100++0 0100+.00 ++0.++0.| ok p=0.40625
Q2:	|+.0.11+. .+-.+.+1 000.+.-. ..1.1-1.| ok p=1
Q3:	|0^1.-.-. .-1100.- ..-...1. 11-.-0..| ok p=1
Q4:	|1.+.+.-. .+-01.00 .^-.0.1. ..0.1+..| ok p=1
Q5:	|0.0.-.+. ^0+.-..1 .+..11.. .!-.+-..| ok p=1
Q6:	|1.+.-.0. +01.-... .01^+0.. ..-.10^.| ok p=1
Q7:	|0.-.+.0. 000.0... .1.-1.^. ..+.10-1| ok p=1
Q8:	|1.-.1... 001.+... ...11.-. ..+.-.01| ok p=1
Q9:	|.!+.+... .+-.1... ...-..0. ..+.-.1+| ok p=1
Q10:	|0!+1+^.. .--11.1. 0^0-0!0. ..+..0-+| ok p=1
Q11:	|1101.+.. .1.0+.00 1-10111. 10+.010-| ok p=1
Q12:	|-00+00^^ .+0+-.+1 -0++-1+. 01-.1-1-| ok p=1
Q13:	|++--0--+ 10.0+.0- 10----0. +-0.+--+| ok p=1
Q14:	|-10-0110 01.10^1- 0.01++1. 110.0-0+| ok p=1
Q15:	|0110-001 +..-0+.+ +.01+1.. 010.0-1.| ok p=0.476562
Q16:	|-.1+..0. +..-.+.0 ....-00. .....1.^| ok p=0.615234
Q17:	|..1.^.1. 0..11-.0 ^...1.1. ..-..0.0| ok p=0.720703
Q18:	|^.-^..-. 1..+1+.1 ....1.+. ..-....0| ok p=0.738281
Q19:	|........ ....++.- ....-... .0+....+| ok p=0.646484
Q20:	|.0^...^. ...^0+.. .0..0.^. .1+..0..| ok p=1
Q21:	|.1....0. ....1+.^ .1..1... .+0..1.^| ok p=0.620117
Q22:	|.+....1. ....-1.. .-...... ..0..-..| ok p=0.75293
Q23:	|......-. 0....0.. ....0... .^......| ok p=0.990234
Q24:	|.^.0.... 1...^... .^..1... 0....^..| ok p=0.99707
Q25:	|......^. +....... ....+... 1.......| ok p=0.702148
Q26:	|..0-.... .......0 ........ +.......| ok p=0.986328
Q27:	|..1-.... ^......1 ....^... ........| ok p=0.930664
Q28:	|..-+.... .......- ........ ^.......| ok p=0.94043
Q29:	|...0.... .......0 ........ ........| ok p=1
Q30:	|..^1.... .......+ ........ ........| ok p=1
Q31:	|........ .......+ ........ ........| ok p=0.946289
Q32:	|........ ........ ........ ........| ok p=1
Q33:	|........ .......! ........ ........| ok p=1
Q34:	|........ ........ ........ ........| ok p=1
Q35:	|........ ........ ........ ........| ok p=1
Q36:	|........ ........ ........ ........| ok p=1
Q37:	|........ ........ ........ ........| ok p=1
Q38:	|........ ........ ........ ........| ok p=1
Q39:	|........ ........ ........ ........| ok p=1
Q40:	|........ ........ ........ ........| ok p=1
Q41:	|........ ........ ........ ........| ok p=1
Q42:	|........ ........ ........ ........| ok p=1
Q43:	|........ ........ ........ ........| ok p=1
Q44:	|........ ........ ........ ........| ok p=1
Q45:	|........ ........ ........ ........| ok p=1
Q46:	|........ ........ ........ ........| ok p=1
Q47:	|........ ........ ........ ........| ok p=1
Q48:	|........ ........ ........ ........| ok p=1
Q49:	|........ ........ ........ ........| ok p=1
Q50:	|........ ........ ........ ........| ok p=1
Q51:	|........ ........ ........ ........| ok p=1
Q52:	|........ ........ ........ ........| ok p=1
Q53:	|........ ........ ........ ........| ok p=1
Q54:	|........ ........ ........ ........| ok p=1
Q55:	|........ ........ ........ ........| ok p=1
Q56:	|........ ........ ........ ........| ok p=1
Q57:	|........ ........ ........ ........| ok p=1
Q58:	|........ ........ ........ ........| ok p=1
Q59:	|........ ........ ........ ........| ok p=1
Q60:	|.....0.. ........ ........ ........| ok p=1
Q61:	|.....1.. ........ ........ ........| ok p=0.988281
Q62:	|.....-.. ........ ........ ........| ok p=1
Q63:	|.....-.. ........ ........ ........| ok p=1
Q64:	|.....-.. ........ ........ ........|
Best path: totcompl=-24 tottunnel=35, totcond=557, p=0.00770394
Best paths: 2
Q-3:	|10011000 01100100 10101111 11111101|
Q-2:	|+++1+-0+ +---01-+ +000++++ 111+---0|
Q-1:	|000---+- 100+1110 1---00-+ 101011+0|
Q0:	|0000+-00 0+-1-+0- ++-1+0+1 +++110-1| ok p=0.746094
Q1:	|+.+0+.01 .-100++0 0100+.00 ++0.++0.| ok p=0.40918
Q2:	|+.0.11+. .+-.+.+1 000.+.-. ..1.1-1.| ok p=1
Q3:	|0^1.-.-. .-1100.- ..-...1. 11-.-0..| ok p=1
Q4:	|1.+.+.-. .+-01.00 .^-.0.1. ..0.1+..| ok p=1
Q5:	|0.0.-.+. ^0+.-..1 .+..11.. .!-.+-..| ok p=1
Q6:	|.!+.-.0. +01.-... .01^+0.. ..-.10^.| ok p=1
Q7:	|!.-.+.0. 000.0... .1.-1.^. ..+.10-1| ok p=1
Q8:	|.!-.1... 001.+... ...11.-. ..+.-.01| ok p=1
Q9:	|!.+.+1.. .+-.1... ...-..0. ..+.-.1+| ok p=0.995117
Q10:	|1.+1+0.. .--01.11 0^0-.00. ..+..0-+| ok p=1
Q11:	|0101.+.. .101+.01 1-10110. 10+.010-| ok p=1
Q12:	|+00+00^^ .++--.+- -0++1--. 00-..-1-| ok p=1
Q13:	|++--0--+ 1100+.-+ 10----0. +-1..1++| ok p=1
Q14:	|-00-0110 01110^1- -.01++1. 110..00+| ok p=1
Q15:	|0110-001 +..-0+1+ +.01+1.. 010..-1.| ok p=0.449219
Q16:	|-.1+..0. +..-.+.0 0...-00. .......^| ok p=0.658203
Q17:	|..1.^.1. 0..11-.0 1...1.1. ..-..^.0| ok p=0.751953
Q18:	|^.-^..-. 1..+1+.1 ....1.+. ..-....0| ok p=0.74707
Q19:	|........ ....++.- ....-... .0+....+| ok p=0.672852
Q20:	|.0^...^. ...^0+.. .0..0.^. .1+..0..| ok p=1
Q21:	|.1....0. ....1+.^ .1..1... .+0..1.^| ok p=0.612305
Q22:	|.+....1. ....-1.. .-...... ..0..-..| ok p=0.763672
Q23:	|......-. 0....0.. ....0... .^......| ok p=0.985352
Q24:	|.^.0.... 1...^... .^..1... 0....^..| ok p=0.99707
Q25:	|......^. +....... ....+... 1.......| ok p=0.703125
Q26:	|..0-.... .......0 ........ +.......| ok p=0.987305
Q27:	|..1-.... ^......1 ....^... ........| ok p=0.931641
Q28:	|..-+.... .......- ........ ^.......| ok p=0.925781
Q29:	|...0.... .......0 ........ ........| ok p=1
Q30:	|..^1.... .......+ ........ ........| ok p=1
Q31:	|........ .......+ ........ ........| ok p=0.9375
Q32:	|........ ........ ........ ........| ok p=1
Q33:	|........ .......! ........ ........| ok p=1
Q34:	|........ ........ ........ ........| ok p=1
Q35:	|........ ........ ........ ........| ok p=1
Q36:	|........ ........ ........ ........| ok p=1
Q37:	|........ ........ ........ ........| ok p=1
Q38:	|........ ........ ........ ........| ok p=1
Q39:	|........ ........ ........ ........| ok p=1
Q40:	|........ ........ ........ ........| ok p=1
Q41:	|........ ........ ........ ........| ok p=1
Q42:	|........ ........ ........ ........| ok p=1
Q43:	|........ ........ ........ ........| ok p=1
Q44:	|........ ........ ........ ........| ok p=1
Q45:	|........ ........ ........ ........| ok p=1
Q46:	|........ ........ ........ ........| ok p=1
Q47:	|........ ........ ........ ........| ok p=1
Q48:	|........ ........ ........ ........| ok p=1
Q49:	|........ ........ ........ ........| ok p=1
Q50:	|........ ........ ........ ........| ok p=1
Q51:	|........ ........ ........ ........| ok p=1
Q52:	|........ ........ ........ ........| ok p=1
Q53:	|........ ........ ........ ........| ok p=1
Q54:	|........ ........ ........ ........| ok p=1
Q55:	|........ ........ ........ ........| ok p=1
Q56:	|........ ........ ........ ........| ok p=1
Q57:	|........ ........ ........ ........| ok p=1
Q58:	|........ ........ ........ ........| ok p=1
Q59:	|........ ........ ........ ........| ok p=1
Q60:	|.....0.. ........ ........ ........| ok p=1
Q61:	|.....1.. ........ ........ ........| ok p=0.987305
Q62:	|.....-.. ........ ........ ........| ok p=1
Q63:	|.....-.. ........ ........ ........| ok p=1
Q64:	|.....-.. ........ ........ ........|
Best path: totcompl=-22 tottunnel=37, totcond=557, p=0.00714504
**************************