Extend MD5 differential paths forward
Copyright (C) 2009 Marc Stevens
http://homepages.cwi.nl/~stevens/

delta_m[11] = [!-16!]
Loading workdir1/lowerpath.bin.gz...done: 1.
Estimating maxcond for upper bound 8000000 (=2000000 * 4)...
t=1:  0%   10   20   30   40   50   60   70   80   90   100%
      |----|----|----|----|----|----|----|----|----|----|
e     ***************************************************
Found maxcond = 2176
t=1:  0%   10   20   30   40   50   60   70   80   90   100%
      |----|----|----|----|----|----|----|----|----|----|
      ***************************************************
Q-3:	|10011000 01100100 10101111 11111101|
Q-2:	|+++1+-0+ +---01-+ +000++++ 111+---0|
Q-1:	|000---+- 100+1110 1---00-+ 101011+0|
Q0:	|0000+-00 0+-1-+0- ++-1+0+1 +++110-1| ok p=0.258789
Q1:	|.-.--.11 .-010++0 01.1+.11 ++0.++0.| ok p=0.662109
Q2:	|+....+.. -.-.-.+. ....+..- ..-..-.+|
Saving 1497085 paths...done.
Autobalance parameters: maxcond=2176
Verified: 1849347 bad out of 3346432
Estimating maxcond for upper bound 8000000 (=2000000 * 4)...
t=2:  0%   10   20   30   40   50   60   70   80   90   100%
      |----|----|----|----|----|----|----|----|----|----|
e     ***************************************************
Found maxcond = 171
t=2:  0%   10   20   30   40   50   60   70   80   90   100%
      |----|----|----|----|----|----|----|----|----|----|
      ***************************************************
Q-3:	|10011000 01100100 10101111 11111101|
Q-2:	|+++1+-0+ +---01-+ +000++++ 111+---0|
Q-1:	|000---+- 100+1110 1---00-+ 101011+0|
Q0:	|0000+-00 0+-1-+0- ++-1+0+1 +++110-1| ok p=0.349609
Q1:	|+.+0+.01 .-011++0 10.0+.11 +++-.-1.| ok p=0.548828
Q2:	|0.0..1+. .++.-.0+ 1+1.+.-. ...0.-1.| ok p=0.686523
Q3:	|.+.-..+. ...+.+.+ ..+..... .-.+...+|
Saving 2000000 paths...done.
Autobalance parameters: maxcond=170
Verified: 15533 bad out of 2059695
Estimating maxcond for upper bound 8000000 (=2000000 * 4)...
t=3:  0%   10   20   30   40   50   60   70   80   90   100%
      |----|----|----|----|----|----|----|----|----|----|
e     ***************************************************
Found maxcond = 188
t=3:  0%   10   20   30   40   50   60   70   80   90   100%
      |----|----|----|----|----|----|----|----|----|----|
      ***************************************************
Q-3:	|10011000 01100100 10101111 11111101|
Q-2:	|+++1+-0+ +---01-+ +000++++ 111+---0|
Q-1:	|000---+- 100+1110 1---00-+ 101011+0|
Q0:	|0000+-00 0+-1-+0- ++-1+0+1 +++110-1| ok p=0.401367
Q1:	|+.+0+.00 .-10+1-0 0100+.00 +++-.-0.| ok p=0.757812
Q2:	|+.1.11+. .0+.++-1 -00.+.-. 0..-.-1.| ok p=0.251953
Q3:	|..1.-.-. .-+..+.. +.+...0. +11+....| ok p=0.371094
Q4:	|+.+.+... .+..+.-. -.+.+..+ .....-.+|
Saving 526144 paths...done.
Autobalance parameters: maxcond=188
Verified: 18048 bad out of 544192
Estimating maxcond for upper bound 8000000 (=2000000 * 4)...
t=4:  0%   10   20   30   40   50   60   70   80   90   100%
      |----|----|----|----|----|----|----|----|----|----|
e     **************************************************Found maxcond = 205
t=4:  0%   10   20   30   40   50   60   70   80   90   100%
      |----|----|----|----|----|----|----|----|----|----|
      **************************************************Q-3:	|10011000 01100100 10101111 11111101|
Q-2:	|+++1+-0+ +---01-+ +000++++ 111+---0|
Q-1:	|000---+- 100+1110 1---00-+ 101011+0|
Q0:	|0000+-00 0+-1-+0- ++-1+0+1 +++110-1| ok p=0.109375
Q1:	|.-.--.00 .-011++1 10.0+.01 +++-.-1.| ok p=0.332031
Q2:	|.0.-01+. .1+.-.0+ 0+0.+.0- .0.-.-1.| ok p=0.754883
Q3:	|.0.--.-. .-+.-0-- .1.....1 1+1..+..| ok p=0.43457
Q4:	|.+.++.0. .+....+0 .1..1..+ .0.1.1..| ok p=0.311523
Q5:	|..+.+... .-..+.-. +.-.+..+ .-.+.-.+|
Saving 2000000 paths...done.
Autobalance parameters: maxcond=204
Verified: 91425 bad out of 2338272
Estimating maxcond for upper bound 8000000 (=2000000 * 4)...
t=5:  0%   10   20   30   40   50   60   70   80   90   100%
      |----|----|----|----|----|----|----|----|----|----|
e     ***************************************************
Found maxcond = 220
t=5:  0%   10   20   30   40   50   60   70   80   90   100%
      |----|----|----|----|----|----|----|----|----|----|
      ***************************************************
Q-3:	|10011000 01100100 10101111 11111101|
Q-2:	|+++1+-0+ +---01-+ +000++++ 111+---0|
Q-1:	|000---+- 100+1110 1---00-+ 101011+0|
Q0:	|0000+-00 0+-1-+0- ++-1+0+1 +++110-1| ok p=0.75293
Q1:	|+.+0+.01 .-100++0 0110+.00 ++0.++0.| ok p=0.411133
Q2:	|+V0.11+. .+-.+.+1 000.+.-. ..1.1-1.| ok p=0.499023
Q3:	|..1.-.-. .-1.00.- .V-...1. 10-.-0..| ok p=0.40625
Q4:	|1+..-.-. .1+.0.00 ..-.0.1. ..0.++..| ok p=0.49707
Q5:	|.0....-. .1+.-..1 .+...... ..-.10..| ok p=0.328125
Q6:	|+.+..-.. +...-... +...+... -.-..+.-|
Saving 2000000 paths...done.
Autobalance parameters: maxcond=218
Verified: 95720 bad out of 3673942
Estimating maxcond for upper bound 8000000 (=2000000 * 4)...
t=6:  0%   10   20   30   40   50   60   70   80   90   100%
      |----|----|----|----|----|----|----|----|----|----|
e     ***************************************************
Found maxcond = 233
t=6:  0%   10   20   30   40   50   60   70   80   90   100%
      |----|----|----|----|----|----|----|----|----|----|
      ***************************************************
Q-3:	|10011000 01100100 10101111 11111101|
Q-2:	|+++1+-0+ +---01-+ +000++++ 111+---0|
Q-1:	|000---+- 100+1110 1---00-+ 101011+0|
Q0:	|0000+-00 0+-1-+0- ++-1+0+1 +++110-1| ok p=0.750977
Q1:	|+.+0+.01 .-100++0 0100+.00 ++0.++0.| ok p=0.425781
Q2:	|+.0.11+. .+-.+.+1 000.+.-. ..1.1-1.| ok p=0.516602
Q3:	|..1.-.-. .-0.00.- .V-.1.1. 11-.-0..| ok p=0.202148
Q4:	|1.+.+.-. V0+.1.00 .1-.+.1. ..0.1+..| ok p=0.683594
Q5:	|..+.-.+. .1+.-..0 .+..+... ..-.1+..| ok p=0.423828
Q6:	|..+.+.1. +...-... .+1..... ..-.+...| ok p=0.75293
Q7:	|....-... ...-.... +..-.... -.+.+.-.|
Saving 1663868 paths...done.
Autobalance parameters: maxcond=233
Verified: 13348 bad out of 1677216
Estimating maxcond for upper bound 8000000 (=2000000 * 4)...
t=7:  0%   10   20   30   40   50   60   70   80   90   100%
      |----|----|----|----|----|----|----|----|----|----|
e     **************************************************Found maxcond = 246
t=7:  0%   10   20   30   40   50   60   70   80   90   100%
      |----|----|----|----|----|----|----|----|----|----|
      **************************************************Q-3:	|10011000 01100100 10101111 11111101|
Q-2:	|+++1+-0+ +---01-+ +000++++ 111+---0|
Q-1:	|000---+- 100+1110 1---00-+ 101011+0|
Q0:	|0000+-00 0+-1-+0- ++-1+0+1 +++110-1| ok p=0.729492
Q1:	|+.+0+.01 .-100++0 0100+.00 ++0.++0.| ok p=0.408203
Q2:	|+.0.11+. .+-.+.+1 000.+.-. ..1.1-1.| ok p=0.505859
Q3:	|..1.-.-. .-1.00.- ..-V..1. 11-.-0..| ok p=0.211914
Q4:	|0.+.+.-. .+-.1.01 ..-.0.1. ..1.1+V.| ok p=0.556641
Q5:	|..0.-.+. .--V-..0 ..++1... ..+.1+..| ok p=0.496094
Q6:	|..1.+.1. .0..-... ..+1+... ..+..++.| ok p=0.895508
Q7:	|....-.1. .-1-.... ...++... ..-..+0.| ok p=0.821289
Q8:	|......+. .-..-.+. -.+...-. ..-.+...|
Saving 2000000 paths...done.
Autobalance parameters: maxcond=245
Verified: 4100 bad out of 2900614
Estimating maxcond for upper bound 8000000 (=2000000 * 4)...
t=8:  0%   10   20   30   40   50   60   70   80   90   100%
      |----|----|----|----|----|----|----|----|----|----|
e     ***************************************************
Found maxcond = 258
t=8:  0%   10   20   30   40   50   60   70   80   90   100%
      |----|----|----|----|----|----|----|----|----|----|
      ***************************************************
Q-3:	|10011000 01100100 10101111 11111101|
Q-2:	|+++1+-0+ +---01-+ +000++++ 111+---0|
Q-1:	|000---+- 100+1110 1---00-+ 101011+0|
Q0:	|0000+-00 0+-1-+0- ++-1+0+1 +++110-1| ok p=0.726562
Q1:	|+.+0+.01 .-100++0 0100+.00 ++0.++0.| ok p=0.404297
Q2:	|+.0.11+. .+-.+.+1 000.+.-. ..1.1-1.| ok p=0.519531
Q3:	|..1.-.-. .-1.00.- .V-...1. 11-.-0..| ok p=0.186523
Q4:	|1.+.+.-. V+-.1.00 ..-.0.1. ..0.1+..| ok p=0.536133
Q5:	|..0.-.+. .0+.-..0 .+..0... ..-.+-1.| ok p=0.513672
Q6:	|..1.+.1. +01.-.V. .10.+.V. ..-.100.| ok p=1
Q7:	|....+.0. 0.1.1... .0..-... ..+.10-.| ok p=0.838867
Q8:	|........ +...+.+. ....0.-. ..+..++.| ok p=0.939453
Q9:	|...+.-.+ .-.-..-. ...-.... ..+.+..-|
Saving 2000000 paths...done.
Autobalance parameters: maxcond=257
Verified: 434 bad out of 2305506
Estimating maxcond for upper bound 8000000 (=2000000 * 4)...
t=9:  0%   10   20   30   40   50   60   70   80   90   100%
      |----|----|----|----|----|----|----|----|----|----|
e     ***************************************************
Found maxcond = 271
t=9:  0%   10   20   30   40   50   60   70   80   90   100%
      |----|----|----|----|----|----|----|----|----|----|
      ***************************************************
Q-3:	|10011000 01100100 10101111 11111101|
Q-2:	|+++1+-0+ +---01-+ +000++++ 111+---0|
Q-1:	|000---+- 100+1110 1---00-+ 101011+0|
Q0:	|0000+-00 0+-1-+0- ++-1+0+1 +++110-1| ok p=0.770508
Q1:	|+.+0+.01 .-100++0 0100+.00 ++0.++0.| ok p=0.413086
Q2:	|+.0.11+. .+-.+.+1 000.+.-. ..1.1-1.| ok p=0.507812
Q3:	|..1.-.-. .-1.00.- .V-...1. 11-.-0..| ok p=0.209961
Q4:	|1.+.+.-. V+-.1.00 ..-.0.1. ..0.1+..| ok p=0.517578
Q5:	|..0.-.+. .0+.-..1 .+..1... ..-.+-V.| ok p=0.458008
Q6:	|..+.-.1. +01.-... .01.+.V. ..-.01..| ok p=0.746094
Q7:	|..-.+.0. 0-+.0... .0..-... ..+.00-.| ok p=0.69043
Q8:	|..-.0.+. 0-+.+... ....+.-. ..+.+.0.| ok p=0.708008
Q9:	|....+.+. ....+... ....-.0. ..+.0.1.| ok p=0.955078
Q10:	|....+.+. +...+... ....-... .-..+.-.|
Saving 2000000 paths...done.
Autobalance parameters: maxcond=270
Verified: 1876 bad out of 2237745
Estimating maxcond for upper bound 8000000 (=2000000 * 4)...
t=10: 0%   10   20   30   40   50   60   70   80   90   100%
      |----|----|----|----|----|----|----|----|----|----|
e     ***************************************************
Found maxcond = 283
t=10: 0%   10   20   30   40   50   60   70   80   90   100%
      |----|----|----|----|----|----|----|----|----|----|
      ***************************************************
Q-3:	|10011000 01100100 10101111 11111101|
Q-2:	|+++1+-0+ +---01-+ +000++++ 111+---0|
Q-1:	|000---+- 100+1110 1---00-+ 101011+0|
Q0:	|0000+-00 0+-1-+0- ++-1+0+1 +++110-1| ok p=0.737305
Q1:	|+.+0+.01 .-100++0 0100+.00 ++0.++0.| ok p=0.407227
Q2:	|+.0.11+. .+-.+.+1 000.+.-. ..1.1-1.| ok p=0.513672
Q3:	|..1.-.-. .-1.00.- .V-...1. 11-.-0..| ok p=0.219727
Q4:	|1.+.+.-. V+-.1.00 ..-.0.1. ..0.1+..| ok p=0.498047
Q5:	|..0.-.+. .0+.-..1 .+..1... ..-.+-V.| ok p=0.451172
Q6:	|..+.-.1. +01.-... .01.+.V. ..-.10..| ok p=0.748047
Q7:	|..-.+.0. 0.0.0... .1..-... ..+.10-0| ok p=0.705078
Q8:	|..-.1... 0.0.+... ....+.-. ..+.-.01| ok p=0.731445
Q9:	|..+.+... 0.+.+... ....-.1. ..+.-.1+| ok p=0.990234
Q10:	|..+.+... +.0.+... ....+.1. ..+....+| ok p=0.800781
Q11:	|..+.-..+ ...-.+.. ..-.-... .+.-...+|
Saving 2000000 paths...done.
Autobalance parameters: maxcond=282
Verified: 39900 bad out of 2964989
Runtime: 138.705
Extend MD5 differential paths forward
Copyright (C) 2009 Marc Stevens
http://homepages.cwi.nl/~stevens/

delta_m[11] = [!-16!]
Loading workdir1/paths10_0of1...done: 2000000 (work:2000000).
Estimating maxcond for upper bound 2000000 (=500000 * 4)...
t=11: 0%   10   20   30   40   50   60   70   80   90   100%
      |----|----|----|----|----|----|----|----|----|----|
e     ***************************************************
Found maxcond = 294
t=11: 0%   10   20   30   40   50   60   70   80   90   100%
      |----|----|----|----|----|----|----|----|----|----|
      ***************************************************
Q-3:	|10011000 01100100 10101111 11111101|
Q-2:	|+++1+-0+ +---01-+ +000++++ 111+---0|
Q-1:	|000---+- 100+1110 1---00-+ 101011+0|
Q0:	|0000+-00 0+-1-+0- ++-1+0+1 +++110-1| ok p=0.751953
Q1:	|+.+0+.01 .-100++0 0100+.00 ++0.++0.| ok p=0.427734
Q2:	|+.0.11+. .+-.+.+1 000.+.-. ..1.1-1.| ok p=0.498047
Q3:	|..1.-.-. .-1.00.- .V-...1. 11-.-0..| ok p=0.18457
Q4:	|1.+.+.-. V+-.1.00 ..-.0.1. ..0.1+..| ok p=0.519531
Q5:	|..0.-.+. .0+V-..1 .+..1... ..-.+-V.| ok p=0.458008
Q6:	|..+.-.1. +01.-... .01V+.V. ..-.11..| ok p=0.75293
Q7:	|..-.+.0. 0.0-1... .1..-... ..+.10-V| ok p=0.698242
Q8:	|..-.1... 0..1-... ...+-.-. ..+.-.0.| ok p=0.766602
Q9:	|..+.0... V..++V.. .V.0-.0. ..+.-.1+| ok p=1
Q10:	|..+..... ...++... ...1-.1. ..+....0| ok p=0.777344
Q11:	|........ +....+.. .-..+... ....1..1| ok p=0.541992
Q12:	|+..+..-. +....+.. .-.+.-.. .-......|
Saving 500000 paths...done.
Autobalance parameters: maxcond=292
Verified: 4522 bad out of 884645
Runtime: 20.3971
