MD5 differential path toolbox
Copyright (C) 2009 Marc Stevens
http://homepages.cwi.nl/~stevens/

IHV1   = {2556735485,70856987,495907500,343277806}
IHV1   = fdaf64981b313904acf28e1dee007614

IHV2   = {2556735485,139779065,43942318,4186279920}
IHV2   = fdaf6498f9db5408ae819e02f08f85f9

dIHV   = {0,68922078,3843002114,3843002114}
NC0: delta c = delta d = [!-1!]
NC0: delta b           = [!-1,24!]
NC1: delta c = delta d = [!8!]
NC1: delta b           = [!8,-29!]
NC2: delta c = delta d = [!-12!]
NC2: delta b           = [!2,-12!]
NC3: delta c = delta d = [!15!]
NC3: delta b           = [!5,15!]
NC4: delta c = delta d = [!-20!]
NC4: delta b           = [!10,-20!]
NC5: delta c = delta d = [!-24!]
NC5: delta b           = [!-13,-24!]
NC6: delta c = delta d = [!-26!]
NC6: delta b           = [!-26!]
NC7: delta c = delta d = [!29!]
NC7: delta b           = [!18,-20,29!]
NC0: prob=-7.65186
NC1: prob=-3.83564
NC2: prob=-4.92944
NC3: prob=-5.85901
NC4: prob=-4.92823
NC5: prob=-5.84926
NC6: prob=-3.51499
NC7: prob=-6.54668
delta m_11 = [!-16!]
Q-3:	|10011000 01100100 10101111 11111101|
Q-2:	|+++1+-0+ +---01-+ +000++++ 111+---0|
Q-1:	|000---+- 100+1110 1---00-+ 101011+0|
Q0:	|0000+-00 0+-1-+0- ++-1+0+1 +++110-1| ok p=0.880859
Q1:	|+.+.+... .-..+.-. ....+..+ .-.+.-..|
Saved lower diff. path to 'workdir1/lowerpath.bin.gz'.

Q32:	|........ ........ ........ ........|
Q33:	|........ ........ ........ ........|
Q34:	|........ ........ ........ ........|
Q35:	|........ ........ ........ ........| ok p=1
Q36:	|........ ........ ........ ........| ok p=1
Q37:	|........ ........ ........ ........| ok p=1
Q38:	|........ ........ ........ ........| ok p=1
Q39:	|........ ........ ........ ........| ok p=1
Q40:	|........ ........ ........ ........| ok p=1
Q41:	|........ ........ ........ ........| ok p=1
Q42:	|........ ........ ........ ........| ok p=1
Q43:	|........ ........ ........ ........| ok p=1
Q44:	|........ ........ ........ ........| ok p=1
Q45:	|........ ........ ........ ........| ok p=1
Q46:	|........ ........ ........ ........| ok p=1
Q47:	|........ ........ ........ ........| ok p=1
Q48:	|........ ........ ........ ........| ok p=1
Q49:	|........ ........ ........ ........| ok p=1
Q50:	|........ ........ ........ ........| ok p=1
Q51:	|........ ........ ........ ........| ok p=1
Q52:	|........ ........ ........ ........| ok p=1
Q53:	|........ ........ ........ ........| ok p=1
Q54:	|........ ........ ........ ........| ok p=1
Q55:	|........ ........ ........ ........| ok p=1
Q56:	|........ ........ ........ ........| ok p=1
Q57:	|........ ........ ........ ........| ok p=1
Q58:	|........ ........ ........ ........| ok p=1
Q59:	|........ ........ ........ ........| ok p=1
Q60:	|.....0.. ........ ........ ........| ok p=1
Q61:	|.....1.. ........ ........ ........| ok p=0.987305
Q62:	|.....-.. ........ ........ ........| ok p=1
Q63:	|.....-.. ........ ........ ........| ok p=1
Q64:	|.....-.. ........ ........ ........|
Saved upper diff. path to 'workdir1/upperpath.bin.gz'.
Saved 'md5diffpathforward.cfg'.
Saved 'md5diffpathbackward.cfg'.
Saved 'md5diffpathconnect.cfg'.
Saved 'md5diffpathhelper.cfg'.
