Extend MD5 differential paths backward
Copyright (C) 2009 Marc Stevens
http://homepages.cwi.nl/~stevens/

delta_m[11] = [!-23!]
Loading workdir8/upperpath.bin.gz...done: 1.
Estimating maxcond for upper bound 262144 (=65536 * 4)...
t=34: 0%   10   20   30   40   50   60   70   80   90   100%
      |----|----|----|----|----|----|----|----|----|----|
e     ***************************************************
Found maxcond = 2176
t=34: 0%   10   20   30   40   50   60   70   80   90   100%
      |----|----|----|----|----|----|----|----|----|----|
      ***************************************************
Q31:	|........ +....... ........ ........|
Q32:	|........ ........ ........ ........|
Q33:	|........ ........ ........ ........|
Q34:	|........ ........ ........ ........| ok p=1
Q35:	|........ ........ ........ ........| ok p=1
Q36:	|........ ........ ........ ........| ok p=1
Q37:	|........ ........ ........ ........| ok p=1
Q38:	|........ ........ ........ ........| ok p=1
Q39:	|........ ........ ........ ........| ok p=1
Q40:	|........ ........ ........ ........| ok p=1
Q41:	|........ ........ ........ ........| ok p=1
Q42:	|........ ........ ........ ........| ok p=1
Q43:	|........ ........ ........ ........| ok p=1
Q44:	|........ ........ ........ ........| ok p=1
Q45:	|........ ........ ........ ........| ok p=1
Q46:	|........ ........ ........ ........| ok p=1
Q47:	|........ ........ ........ ........| ok p=1
Q48:	|........ ........ ........ ........| ok p=1
Q49:	|........ ........ ........ ........| ok p=1
Q50:	|........ ........ ........ ........| ok p=1
Q51:	|........ ........ ........ ........| ok p=1
Q52:	|........ ........ ........ ........| ok p=1
Q53:	|........ ........ ........ ........| ok p=1
Q54:	|........ ........ ........ ........| ok p=1
Q55:	|........ ........ ........ ........| ok p=1
Q56:	|........ ........ ........ ........| ok p=1
Q57:	|........ ........ ........ ........| ok p=1
Q58:	|........ ........ ........ ........| ok p=1
Q59:	|........ ........ ........ ........| ok p=1
Q60:	|........ ........ ........ ......0.| ok p=1
Q61:	|........ ........ ........ ....101.| ok p=0.995117
Q62:	|........ ........ ........ ....1.-.| ok p=1
Q63:	|........ ........ ........ ....-++.| ok p=0.996094
Q64:	|.......+ ........ ........ ......-.|
Saving 1 paths...done.
Autobalance parameters: maxcond=2176
Verified: 0 bad out of 1
Estimating maxcond for upper bound 262144 (=65536 * 4)...
t=33: 0%   10   20   30   40   50   60   70   80   90   100%
      |----|----|----|----|----|----|----|----|----|----|
e     ***************************************************
Found maxcond = 2176
t=33: 0%   10   20   30   40   50   60   70   80   90   100%
      |----|----|----|----|----|----|----|----|----|----|
      ***************************************************
Q30:	|........ -....... ........ ........|
Q31:	|........ +....... ........ ........|
Q32:	|........ ........ ........ ........|
Q33:	|........ ^....... ........ ........| ok p=1
Q34:	|........ ........ ........ ........| ok p=1
Q35:	|........ ........ ........ ........| ok p=1
Q36:	|........ ........ ........ ........| ok p=1
Q37:	|........ ........ ........ ........| ok p=1
Q38:	|........ ........ ........ ........| ok p=1
Q39:	|........ ........ ........ ........| ok p=1
Q40:	|........ ........ ........ ........| ok p=1
Q41:	|........ ........ ........ ........| ok p=1
Q42:	|........ ........ ........ ........| ok p=1
Q43:	|........ ........ ........ ........| ok p=1
Q44:	|........ ........ ........ ........| ok p=1
Q45:	|........ ........ ........ ........| ok p=1
Q46:	|........ ........ ........ ........| ok p=1
Q47:	|........ ........ ........ ........| ok p=1
Q48:	|........ ........ ........ ........| ok p=1
Q49:	|........ ........ ........ ........| ok p=1
Q50:	|........ ........ ........ ........| ok p=1
Q51:	|........ ........ ........ ........| ok p=1
Q52:	|........ ........ ........ ........| ok p=1
Q53:	|........ ........ ........ ........| ok p=1
Q54:	|........ ........ ........ ........| ok p=1
Q55:	|........ ........ ........ ........| ok p=1
Q56:	|........ ........ ........ ........| ok p=1
Q57:	|........ ........ ........ ........| ok p=1
Q58:	|........ ........ ........ ........| ok p=1
Q59:	|........ ........ ........ ........| ok p=1
Q60:	|........ ........ ........ ......0.| ok p=1
Q61:	|........ ........ ........ ....101.| ok p=0.994141
Q62:	|........ ........ ........ ....1.-.| ok p=1
Q63:	|........ ........ ........ ....-++.| ok p=0.996094
Q64:	|.......+ ........ ........ ......-.|
Saving 1534 paths...done.
Autobalance parameters: maxcond=2176
Verified: 0 bad out of 1534
Estimating maxcond for upper bound 262144 (=65536 * 4)...
t=32: 0%   10   20   30   40   50   60   70   80   90   100%
      |----|----|----|----|----|----|----|----|----|----|
e     ***************************************************
Found maxcond = 25
t=32: 0%   10   20   30   40   50   60   70   80   90   100%
      |----|----|----|----|----|----|----|----|----|----|
      ***************************************************
Q29:	|........ ........ ........ ........|
Q30:	|........ +....... ........ ........|
Q31:	|........ +....... ........ ........|
Q32:	|........ ........ ........ ........| ok p=1
Q33:	|........ !....... ........ ........| ok p=1
Q34:	|........ ........ ........ ........| ok p=1
Q35:	|........ ........ ........ ........| ok p=1
Q36:	|........ ........ ........ ........| ok p=1
Q37:	|........ ........ ........ ........| ok p=1
Q38:	|........ ........ ........ ........| ok p=1
Q39:	|........ ........ ........ ........| ok p=1
Q40:	|........ ........ ........ ........| ok p=1
Q41:	|........ ........ ........ ........| ok p=1
Q42:	|........ ........ ........ ........| ok p=1
Q43:	|........ ........ ........ ........| ok p=1
Q44:	|........ ........ ........ ........| ok p=1
Q45:	|........ ........ ........ ........| ok p=1
Q46:	|........ ........ ........ ........| ok p=1
Q47:	|........ ........ ........ ........| ok p=1
Q48:	|........ ........ ........ ........| ok p=1
Q49:	|........ ........ ........ ........| ok p=1
Q50:	|........ ........ ........ ........| ok p=1
Q51:	|........ ........ ........ ........| ok p=1
Q52:	|........ ........ ........ ........| ok p=1
Q53:	|........ ........ ........ ........| ok p=1
Q54:	|........ ........ ........ ........| ok p=1
Q55:	|........ ........ ........ ........| ok p=1
Q56:	|........ ........ ........ ........| ok p=1
Q57:	|........ ........ ........ ........| ok p=1
Q58:	|........ ........ ........ ........| ok p=1
Q59:	|........ ........ ........ ........| ok p=1
Q60:	|........ ........ ........ ......0.| ok p=1
Q61:	|........ ........ ........ ....101.| ok p=0.994141
Q62:	|........ ........ ........ ....1.-.| ok p=1
Q63:	|........ ........ ........ ....-++.| ok p=0.993164
Q64:	|.......+ ........ ........ ......-.|
Saving 65536 paths...done.
Autobalance parameters: maxcond=22
Verified: 0 bad out of 131754
Estimating maxcond for upper bound 262144 (=65536 * 4)...
t=31: 0%   10   20   30   40   50   60   70   80   90   100%
      |----|----|----|----|----|----|----|----|----|----|
e     ***************************************************
Found maxcond = 22
t=31: 0%   10   20   30   40   50   60   70   80   90   100%
      |----|----|----|----|----|----|----|----|----|----|
      ***************************************************
Q28:	|........ -....... ........ ....-...|
Q29:	|........ ........ ........ ........|
Q30:	|........ +....... ........ ........|
Q31:	|........ +....... ........ ........| ok p=0.998047
Q32:	|........ ........ ........ ........| ok p=1
Q33:	|........ !....... ........ ........| ok p=1
Q34:	|........ ........ ........ ........| ok p=1
Q35:	|........ ........ ........ ........| ok p=1
Q36:	|........ ........ ........ ........| ok p=1
Q37:	|........ ........ ........ ........| ok p=1
Q38:	|........ ........ ........ ........| ok p=1
Q39:	|........ ........ ........ ........| ok p=1
Q40:	|........ ........ ........ ........| ok p=1
Q41:	|........ ........ ........ ........| ok p=1
Q42:	|........ ........ ........ ........| ok p=1
Q43:	|........ ........ ........ ........| ok p=1
Q44:	|........ ........ ........ ........| ok p=1
Q45:	|........ ........ ........ ........| ok p=1
Q46:	|........ ........ ........ ........| ok p=1
Q47:	|........ ........ ........ ........| ok p=1
Q48:	|........ ........ ........ ........| ok p=1
Q49:	|........ ........ ........ ........| ok p=1
Q50:	|........ ........ ........ ........| ok p=1
Q51:	|........ ........ ........ ........| ok p=1
Q52:	|........ ........ ........ ........| ok p=1
Q53:	|........ ........ ........ ........| ok p=1
Q54:	|........ ........ ........ ........| ok p=1
Q55:	|........ ........ ........ ........| ok p=1
Q56:	|........ ........ ........ ........| ok p=1
Q57:	|........ ........ ........ ........| ok p=1
Q58:	|........ ........ ........ ........| ok p=1
Q59:	|........ ........ ........ ........| ok p=1
Q60:	|........ ........ ........ ......0.| ok p=1
Q61:	|........ ........ ........ ....101.| ok p=0.992188
Q62:	|........ ........ ........ ....1.-.| ok p=1
Q63:	|........ ........ ........ ....-++.| ok p=0.996094
Q64:	|.......+ ........ ........ ......-.|
Saving 65536 paths...done.
Autobalance parameters: maxcond=20
Verified: 0 bad out of 115375
Estimating maxcond for upper bound 262144 (=65536 * 4)...
t=30: 0%   10   20   30   40   50   60   70   80   90   100%
      |----|----|----|----|----|----|----|----|----|----|
e     ***************************************************
Found maxcond = 22
t=30: 0%   10   20   30   40   50   60   70   80   90   100%
      |----|----|----|----|----|----|----|----|----|----|
      ***************************************************
Q27:	|........ ........ .....+.. ........|
Q28:	|........ -....... ........ ....-...|
Q29:	|........ 1....... ........ ........|
Q30:	|........ -....... ........ ....^...| ok p=0.99707
Q31:	|........ +....... ........ ........| ok p=0.998047
Q32:	|........ ........ ........ ........| ok p=1
Q33:	|........ ^....... ........ ........| ok p=1
Q34:	|........ ........ ........ ........| ok p=1
Q35:	|........ ........ ........ ........| ok p=1
Q36:	|........ ........ ........ ........| ok p=1
Q37:	|........ ........ ........ ........| ok p=1
Q38:	|........ ........ ........ ........| ok p=1
Q39:	|........ ........ ........ ........| ok p=1
Q40:	|........ ........ ........ ........| ok p=1
Q41:	|........ ........ ........ ........| ok p=1
Q42:	|........ ........ ........ ........| ok p=1
Q43:	|........ ........ ........ ........| ok p=1
Q44:	|........ ........ ........ ........| ok p=1
Q45:	|........ ........ ........ ........| ok p=1
Q46:	|........ ........ ........ ........| ok p=1
Q47:	|........ ........ ........ ........| ok p=1
Q48:	|........ ........ ........ ........| ok p=1
Q49:	|........ ........ ........ ........| ok p=1
Q50:	|........ ........ ........ ........| ok p=1
Q51:	|........ ........ ........ ........| ok p=1
Q52:	|........ ........ ........ ........| ok p=1
Q53:	|........ ........ ........ ........| ok p=1
Q54:	|........ ........ ........ ........| ok p=1
Q55:	|........ ........ ........ ........| ok p=1
Q56:	|........ ........ ........ ........| ok p=1
Q57:	|........ ........ ........ ........| ok p=1
Q58:	|........ ........ ........ ........| ok p=1
Q59:	|........ ........ ........ ........| ok p=1
Q60:	|........ ........ ........ ......0.| ok p=1
Q61:	|........ ........ ........ ....101.| ok p=0.996094
Q62:	|........ ........ ........ ....1.-.| ok p=1
Q63:	|........ ........ ........ ....-++.| ok p=0.99707
Q64:	|.......+ ........ ........ ......-.|
Saving 65536 paths...done.
Autobalance parameters: maxcond=19
Verified: 0 bad out of 134142
Runtime: 3.73238
Extend MD5 differential paths backward
Copyright (C) 2009 Marc Stevens
http://homepages.cwi.nl/~stevens/

delta_m[11] = [!-23!]
Loading workdir8/paths30_0of1...done: 65536 (work:65536).
Estimating maxcond for upper bound 400000 (=100000 * 4)...
t=29: 0%   10   20   30   40   50   60   70   80   90   100%
      |----|----|----|----|----|----|----|----|----|----|
e     ***************************************************
Found maxcond = 23
t=29: 0%   10   20   30   40   50   60   70   80   90   100%
      |----|----|----|----|----|----|----|----|----|----|
      ***************************************************
Q26:	|........ +....... .+...... ........|
Q27:	|........ -....... ........ ....1...|
Q28:	|........ -....... ........ ....-...|
Q29:	|........ 1....... ........ ........| ok p=0.996094
Q30:	|........ +....... ........ ....^...| ok p=1
Q31:	|........ +....... ........ ........| ok p=0.99707
Q32:	|........ ........ ........ ........| ok p=1
Q33:	|........ !....... ........ ........| ok p=1
Q34:	|........ ........ ........ ........| ok p=1
Q35:	|........ ........ ........ ........| ok p=1
Q36:	|........ ........ ........ ........| ok p=1
Q37:	|........ ........ ........ ........| ok p=1
Q38:	|........ ........ ........ ........| ok p=1
Q39:	|........ ........ ........ ........| ok p=1
Q40:	|........ ........ ........ ........| ok p=1
Q41:	|........ ........ ........ ........| ok p=1
Q42:	|........ ........ ........ ........| ok p=1
Q43:	|........ ........ ........ ........| ok p=1
Q44:	|........ ........ ........ ........| ok p=1
Q45:	|........ ........ ........ ........| ok p=1
Q46:	|........ ........ ........ ........| ok p=1
Q47:	|........ ........ ........ ........| ok p=1
Q48:	|........ ........ ........ ........| ok p=1
Q49:	|........ ........ ........ ........| ok p=1
Q50:	|........ ........ ........ ........| ok p=1
Q51:	|........ ........ ........ ........| ok p=1
Q52:	|........ ........ ........ ........| ok p=1
Q53:	|........ ........ ........ ........| ok p=1
Q54:	|........ ........ ........ ........| ok p=1
Q55:	|........ ........ ........ ........| ok p=1
Q56:	|........ ........ ........ ........| ok p=1
Q57:	|........ ........ ........ ........| ok p=1
Q58:	|........ ........ ........ ........| ok p=1
Q59:	|........ ........ ........ ........| ok p=1
Q60:	|........ ........ ........ ......0.| ok p=1
Q61:	|........ ........ ........ ....101.| ok p=0.996094
Q62:	|........ ........ ........ ....1.-.| ok p=1
Q63:	|........ ........ ........ ....-++.| ok p=0.998047
Q64:	|.......+ ........ ........ ......-.|
Saving 100000 paths...done.
Autobalance parameters: maxcond=21
Verified: 0 bad out of 158173
Estimating maxcond for upper bound 400000 (=100000 * 4)...
t=28: 0%   10   20   30   40   50   60   70   80   90   100%
      |----|----|----|----|----|----|----|----|----|----|
e     ***************************************************
Found maxcond = 25
t=28: 0%   10   20   30   40   50   60   70   80   90   100%
      |----|----|----|----|----|----|----|----|----|----|
      ***************************************************
Q25:	|.+...... +....+.. ........ ........|
Q26:	|........ +....... .+...... ....+...|
Q27:	|........ -....... ........ ....0...|
Q28:	|........ -....... .^...... ....-...| ok p=0.74707
Q29:	|........ 1....... ........ ........| ok p=0.99707
Q30:	|........ +....... ........ ....^...| ok p=1
Q31:	|........ +....... ........ ........| ok p=0.999023
Q32:	|........ ........ ........ ........| ok p=1
Q33:	|........ !....... ........ ........| ok p=1
Q34:	|........ ........ ........ ........| ok p=1
Q35:	|........ ........ ........ ........| ok p=1
Q36:	|........ ........ ........ ........| ok p=1
Q37:	|........ ........ ........ ........| ok p=1
Q38:	|........ ........ ........ ........| ok p=1
Q39:	|........ ........ ........ ........| ok p=1
Q40:	|........ ........ ........ ........| ok p=1
Q41:	|........ ........ ........ ........| ok p=1
Q42:	|........ ........ ........ ........| ok p=1
Q43:	|........ ........ ........ ........| ok p=1
Q44:	|........ ........ ........ ........| ok p=1
Q45:	|........ ........ ........ ........| ok p=1
Q46:	|........ ........ ........ ........| ok p=1
Q47:	|........ ........ ........ ........| ok p=1
Q48:	|........ ........ ........ ........| ok p=1
Q49:	|........ ........ ........ ........| ok p=1
Q50:	|........ ........ ........ ........| ok p=1
Q51:	|........ ........ ........ ........| ok p=1
Q52:	|........ ........ ........ ........| ok p=1
Q53:	|........ ........ ........ ........| ok p=1
Q54:	|........ ........ ........ ........| ok p=1
Q55:	|........ ........ ........ ........| ok p=1
Q56:	|........ ........ ........ ........| ok p=1
Q57:	|........ ........ ........ ........| ok p=1
Q58:	|........ ........ ........ ........| ok p=1
Q59:	|........ ........ ........ ........| ok p=1
Q60:	|........ ........ ........ ......0.| ok p=1
Q61:	|........ ........ ........ ....101.| ok p=0.995117
Q62:	|........ ........ ........ ....1.-.| ok p=1
Q63:	|........ ........ ........ ....-++.| ok p=0.996094
Q64:	|.......+ ........ ........ ......-.|
Saving 100000 paths...done.
Autobalance parameters: maxcond=23
Verified: 0 bad out of 166940
Estimating maxcond for upper bound 400000 (=100000 * 4)...
t=27: 0%   10   20   30   40   50   60   70   80   90   100%
      |----|----|----|----|----|----|----|----|----|----|
e     ***************************************************
Found maxcond = 28
t=27: 0%   10   20   30   40   50   60   70   80   90   100%
      |----|----|----|----|----|----|----|----|----|----|
      ***************************************************
Q24:	|........ ........ -....... ....-...|
Q25:	|.+...... .....+.. .1...... ........|
Q26:	|........ 0....... .+...... ....0...|
Q27:	|.^...... 1....^.. ........ ....1...| ok p=0.998047
Q28:	|........ -....... .^...... ....-...| ok p=0.734375
Q29:	|........ 0....... ........ ........| ok p=0.99707
Q30:	|........ +....... ........ ....^...| ok p=1
Q31:	|........ +....... ........ ........| ok p=1
Q32:	|........ ........ ........ ........| ok p=1
Q33:	|........ !....... ........ ........| ok p=1
Q34:	|........ ........ ........ ........| ok p=1
Q35:	|........ ........ ........ ........| ok p=1
Q36:	|........ ........ ........ ........| ok p=1
Q37:	|........ ........ ........ ........| ok p=1
Q38:	|........ ........ ........ ........| ok p=1
Q39:	|........ ........ ........ ........| ok p=1
Q40:	|........ ........ ........ ........| ok p=1
Q41:	|........ ........ ........ ........| ok p=1
Q42:	|........ ........ ........ ........| ok p=1
Q43:	|........ ........ ........ ........| ok p=1
Q44:	|........ ........ ........ ........| ok p=1
Q45:	|........ ........ ........ ........| ok p=1
Q46:	|........ ........ ........ ........| ok p=1
Q47:	|........ ........ ........ ........| ok p=1
Q48:	|........ ........ ........ ........| ok p=1
Q49:	|........ ........ ........ ........| ok p=1
Q50:	|........ ........ ........ ........| ok p=1
Q51:	|........ ........ ........ ........| ok p=1
Q52:	|........ ........ ........ ........| ok p=1
Q53:	|........ ........ ........ ........| ok p=1
Q54:	|........ ........ ........ ........| ok p=1
Q55:	|........ ........ ........ ........| ok p=1
Q56:	|........ ........ ........ ........| ok p=1
Q57:	|........ ........ ........ ........| ok p=1
Q58:	|........ ........ ........ ........| ok p=1
Q59:	|........ ........ ........ ........| ok p=1
Q60:	|........ ........ ........ ......0.| ok p=1
Q61:	|........ ........ ........ ....101.| ok p=0.986328
Q62:	|........ ........ ........ ....1.-.| ok p=1
Q63:	|........ ........ ........ ....-++.| ok p=0.996094
Q64:	|.......+ ........ ........ ......-.|
Saving 100000 paths...done.
Autobalance parameters: maxcond=26
Verified: 0 bad out of 184879
Estimating maxcond for upper bound 400000 (=100000 * 4)...
t=26: 0%   10   20   30   40   50   60   70   80   90   100%
      |----|----|----|----|----|----|----|----|----|----|
e     ***************************************************
Found maxcond = 31
t=26: 0%   10   20   30   40   50   60   70   80   90   100%
      |----|----|----|----|----|----|----|----|----|----|
      ***************************************************
Q23:	|.......- .+...... .....-.. ....-..-|
Q24:	|.1...... .....1.. .0...... ........|
Q25:	|.+...... +....+.. .1...... ....+...|
Q26:	|........ +....... .+...... ....+...| ok p=0.994141
Q27:	|.^...... -....^.. ........ ....-...| ok p=1
Q28:	|........ -....... .^...... ....-...| ok p=0.768555
Q29:	|........ 1....... ........ ....1...| ok p=1
Q30:	|........ +....... ........ ....0...| ok p=1
Q31:	|........ +....... ........ ........| ok p=0.998047
Q32:	|........ ........ ........ ........| ok p=1
Q33:	|........ !....... ........ ........| ok p=1
Q34:	|........ ........ ........ ........| ok p=1
Q35:	|........ ........ ........ ........| ok p=1
Q36:	|........ ........ ........ ........| ok p=1
Q37:	|........ ........ ........ ........| ok p=1
Q38:	|........ ........ ........ ........| ok p=1
Q39:	|........ ........ ........ ........| ok p=1
Q40:	|........ ........ ........ ........| ok p=1
Q41:	|........ ........ ........ ........| ok p=1
Q42:	|........ ........ ........ ........| ok p=1
Q43:	|........ ........ ........ ........| ok p=1
Q44:	|........ ........ ........ ........| ok p=1
Q45:	|........ ........ ........ ........| ok p=1
Q46:	|........ ........ ........ ........| ok p=1
Q47:	|........ ........ ........ ........| ok p=1
Q48:	|........ ........ ........ ........| ok p=1
Q49:	|........ ........ ........ ........| ok p=1
Q50:	|........ ........ ........ ........| ok p=1
Q51:	|........ ........ ........ ........| ok p=1
Q52:	|........ ........ ........ ........| ok p=1
Q53:	|........ ........ ........ ........| ok p=1
Q54:	|........ ........ ........ ........| ok p=1
Q55:	|........ ........ ........ ........| ok p=1
Q56:	|........ ........ ........ ........| ok p=1
Q57:	|........ ........ ........ ........| ok p=1
Q58:	|........ ........ ........ ........| ok p=1
Q59:	|........ ........ ........ ........| ok p=1
Q60:	|........ ........ ........ ......0.| ok p=1
Q61:	|........ ........ ........ ....101.| ok p=0.991211
Q62:	|........ ........ ........ ....1.-.| ok p=1
Q63:	|........ ........ ........ ....-++.| ok p=0.991211
Q64:	|.......+ ........ ........ ......-.|
Saving 100000 paths...done.
Autobalance parameters: maxcond=29
Verified: 0 bad out of 170734
Estimating maxcond for upper bound 400000 (=100000 * 4)...
t=25: 0%   10   20   30   40   50   60   70   80   90   100%
      |----|----|----|----|----|----|----|----|----|----|
e     ***************************************************
Found maxcond = 36
t=25: 0%   10   20   30   40   50   60   70   80   90   100%
      |----|----|----|----|----|----|----|----|----|----|
      ***************************************************
Q22:	|........ ..-..... ......-. ..+.....|
Q23:	|.0...... .-...0.. ........ ....-..-|
Q24:	|.1...... .....1.. .0...... ....-...|
Q25:	|.+...... .^...+.. .1...... ....+..^| ok p=0.733398
Q26:	|........ 0....... .+...... ....+...| ok p=1
Q27:	|.^...... 1....^.. ........ ....-...| ok p=0.998047
Q28:	|........ -....... .^...... ....-...| ok p=0.791016
Q29:	|........ 0....... ........ ....1...| ok p=0.995117
Q30:	|........ +....... ........ ....0...| ok p=1
Q31:	|........ +....... ........ ........| ok p=0.99707
Q32:	|........ ........ ........ ........| ok p=1
Q33:	|........ !....... ........ ........| ok p=1
Q34:	|........ ........ ........ ........| ok p=1
Q35:	|........ ........ ........ ........| ok p=1
Q36:	|........ ........ ........ ........| ok p=1
Q37:	|........ ........ ........ ........| ok p=1
Q38:	|........ ........ ........ ........| ok p=1
Q39:	|........ ........ ........ ........| ok p=1
Q40:	|........ ........ ........ ........| ok p=1
Q41:	|........ ........ ........ ........| ok p=1
Q42:	|........ ........ ........ ........| ok p=1
Q43:	|........ ........ ........ ........| ok p=1
Q44:	|........ ........ ........ ........| ok p=1
Q45:	|........ ........ ........ ........| ok p=1
Q46:	|........ ........ ........ ........| ok p=1
Q47:	|........ ........ ........ ........| ok p=1
Q48:	|........ ........ ........ ........| ok p=1
Q49:	|........ ........ ........ ........| ok p=1
Q50:	|........ ........ ........ ........| ok p=1
Q51:	|........ ........ ........ ........| ok p=1
Q52:	|........ ........ ........ ........| ok p=1
Q53:	|........ ........ ........ ........| ok p=1
Q54:	|........ ........ ........ ........| ok p=1
Q55:	|........ ........ ........ ........| ok p=1
Q56:	|........ ........ ........ ........| ok p=1
Q57:	|........ ........ ........ ........| ok p=1
Q58:	|........ ........ ........ ........| ok p=1
Q59:	|........ ........ ........ ........| ok p=1
Q60:	|........ ........ ........ ......0.| ok p=1
Q61:	|........ ........ ........ ....101.| ok p=0.995117
Q62:	|........ ........ ........ ....1.-.| ok p=1
Q63:	|........ ........ ........ ....-++.| ok p=0.994141
Q64:	|.......+ ........ ........ ......-.|
Saving 100000 paths...done.
Autobalance parameters: maxcond=35
Verified: 0 bad out of 134189
Estimating maxcond for upper bound 400000 (=100000 * 4)...
t=24: 0%   10   20   30   40   50   60   70   80   90   100%
      |----|----|----|----|----|----|----|----|----|----|
e     ***************************************************
Found maxcond = 44
t=24: 0%   10   20   30   40   50   60   70   80   90   100%
      |----|----|----|----|----|----|----|----|----|----|
      ***************************************************
Q21:	|+.....+. ........ +.-..+.. ....+...|
Q22:	|........ .1-..... ......-. .......1|
Q23:	|.0...... .-...0.. .-...... ....-..-|
Q24:	|.1...... ..^..1.. .-....^. ....-...| ok p=0.387695
Q25:	|.+...... .^...+.. .+...... ....+..^| ok p=0.756836
Q26:	|........ 0....... .+...... ....+...| ok p=0.999023
Q27:	|.^...... 1....^.. .1...... ....-...| ok p=1
Q28:	|........ -....... .0...... ....-...| ok p=0.788086
Q29:	|........ 0....... ........ ....1...| ok p=0.996094
Q30:	|........ +....... ........ ....0...| ok p=1
Q31:	|........ +....... ........ ........| ok p=0.998047
Q32:	|........ ........ ........ ........| ok p=1
Q33:	|........ !....... ........ ........| ok p=1
Q34:	|........ ........ ........ ........| ok p=1
Q35:	|........ ........ ........ ........| ok p=1
Q36:	|........ ........ ........ ........| ok p=1
Q37:	|........ ........ ........ ........| ok p=1
Q38:	|........ ........ ........ ........| ok p=1
Q39:	|........ ........ ........ ........| ok p=1
Q40:	|........ ........ ........ ........| ok p=1
Q41:	|........ ........ ........ ........| ok p=1
Q42:	|........ ........ ........ ........| ok p=1
Q43:	|........ ........ ........ ........| ok p=1
Q44:	|........ ........ ........ ........| ok p=1
Q45:	|........ ........ ........ ........| ok p=1
Q46:	|........ ........ ........ ........| ok p=1
Q47:	|........ ........ ........ ........| ok p=1
Q48:	|........ ........ ........ ........| ok p=1
Q49:	|........ ........ ........ ........| ok p=1
Q50:	|........ ........ ........ ........| ok p=1
Q51:	|........ ........ ........ ........| ok p=1
Q52:	|........ ........ ........ ........| ok p=1
Q53:	|........ ........ ........ ........| ok p=1
Q54:	|........ ........ ........ ........| ok p=1
Q55:	|........ ........ ........ ........| ok p=1
Q56:	|........ ........ ........ ........| ok p=1
Q57:	|........ ........ ........ ........| ok p=1
Q58:	|........ ........ ........ ........| ok p=1
Q59:	|........ ........ ........ ........| ok p=1
Q60:	|........ ........ ........ ......0.| ok p=1
Q61:	|........ ........ ........ ....101.| ok p=0.995117
Q62:	|........ ........ ........ ....1.-.| ok p=1
Q63:	|........ ........ ........ ....-++.| ok p=0.994141
Q64:	|.......+ ........ ........ ......-.|
Saving 100000 paths...done.
Autobalance parameters: maxcond=43
Verified: 690 bad out of 160560
Estimating maxcond for upper bound 400000 (=100000 * 4)...
t=23: 0%   10   20   30   40   50   60   70   80   90   100%
      |----|----|----|----|----|----|----|----|----|----|
e     ***************************************************
Found maxcond = 53
t=23: 0%   10   20   30   40   50   60   70   80   90   100%
      |----|----|----|----|----|----|----|----|----|----|
      ***************************************************
Q20:	|.+...... ........ ....+... ........|
Q21:	|.....1.. ..1..... ..+...1. ..1....0|
Q22:	|.-...-.. ..-..... ......-. ..+....1|
Q23:	|.-...... .....0.. ..^..... .......-| ok p=0.551758
Q24:	|.+...^.. ..^..1.. .0....^. ..^.0...| ok p=1
Q25:	|.+...... .....+.. .1...... .......^| ok p=0.72168
Q26:	|.1...... 0....... .+...... ...0-...| ok p=1
Q27:	|.0...... 1....^.. ........ ...1-...| ok p=0.996094
Q28:	|........ -....... .^...... ...-+...| ok p=0.768555
Q29:	|........ 0....... ........ ....0...| ok p=0.999023
Q30:	|........ +....... ........ ...^1...| ok p=1
Q31:	|........ +....... ........ ........| ok p=1
Q32:	|........ ........ ........ ........| ok p=1
Q33:	|........ !....... ........ ........| ok p=1
Q34:	|........ ........ ........ ........| ok p=1
Q35:	|........ ........ ........ ........| ok p=1
Q36:	|........ ........ ........ ........| ok p=1
Q37:	|........ ........ ........ ........| ok p=1
Q38:	|........ ........ ........ ........| ok p=1
Q39:	|........ ........ ........ ........| ok p=1
Q40:	|........ ........ ........ ........| ok p=1
Q41:	|........ ........ ........ ........| ok p=1
Q42:	|........ ........ ........ ........| ok p=1
Q43:	|........ ........ ........ ........| ok p=1
Q44:	|........ ........ ........ ........| ok p=1
Q45:	|........ ........ ........ ........| ok p=1
Q46:	|........ ........ ........ ........| ok p=1
Q47:	|........ ........ ........ ........| ok p=1
Q48:	|........ ........ ........ ........| ok p=1
Q49:	|........ ........ ........ ........| ok p=1
Q50:	|........ ........ ........ ........| ok p=1
Q51:	|........ ........ ........ ........| ok p=1
Q52:	|........ ........ ........ ........| ok p=1
Q53:	|........ ........ ........ ........| ok p=1
Q54:	|........ ........ ........ ........| ok p=1
Q55:	|........ ........ ........ ........| ok p=1
Q56:	|........ ........ ........ ........| ok p=1
Q57:	|........ ........ ........ ........| ok p=1
Q58:	|........ ........ ........ ........| ok p=1
Q59:	|........ ........ ........ ........| ok p=1
Q60:	|........ ........ ........ ......0.| ok p=1
Q61:	|........ ........ ........ ....101.| ok p=0.993164
Q62:	|........ ........ ........ ....1.-.| ok p=1
Q63:	|........ ........ ........ ....-++.| ok p=0.995117
Q64:	|.......+ ........ ........ ......-.|
Saving 100000 paths...done.
Autobalance parameters: maxcond=52
Verified: 256 bad out of 120014
Estimating maxcond for upper bound 400000 (=100000 * 4)...
t=22: 0%   10   20   30   40   50   60   70   80   90   100%
      |----|----|----|----|----|----|----|----|----|----|
e     ***************************************************
Found maxcond = 60
t=22: 0%   10   20   30   40   50   60   70   80   90   100%
      |----|----|----|----|----|----|----|----|----|----|
      ***************************************************
Q19:	|....+... -....-.. ...+.... +.......|
Q20:	|.....01. ..0..... ..1+..+. ..-.....|
Q21:	|.....1+. ..1..... ..+...0. ..0....0|
Q22:	|.....-.. ..-..... ...^..-. ..+....1| ok p=0.93457
Q23:	|.0....^. .....0.. ..^..... .......-| ok p=1
Q24:	|.1...^.. ..^..1.. .0....^. ..^.0...| ok p=0.736328
Q25:	|.+...... .....+.. .1...... .......^| ok p=0.733398
Q26:	|........ 0....... .+...... ...0-...| ok p=1
Q27:	|.^...... 1....^.. ........ ...1-...| ok p=0.998047
Q28:	|........ -....... .^...... ...-+...| ok p=0.78125
Q29:	|........ 0....... ........ ....0...| ok p=0.998047
Q30:	|........ +....... ........ ...^1...| ok p=1
Q31:	|........ +....... ........ ........| ok p=0.998047
Q32:	|........ ........ ........ ........| ok p=1
Q33:	|........ !....... ........ ........| ok p=1
Q34:	|........ ........ ........ ........| ok p=1
Q35:	|........ ........ ........ ........| ok p=1
Q36:	|........ ........ ........ ........| ok p=1
Q37:	|........ ........ ........ ........| ok p=1
Q38:	|........ ........ ........ ........| ok p=1
Q39:	|........ ........ ........ ........| ok p=1
Q40:	|........ ........ ........ ........| ok p=1
Q41:	|........ ........ ........ ........| ok p=1
Q42:	|........ ........ ........ ........| ok p=1
Q43:	|........ ........ ........ ........| ok p=1
Q44:	|........ ........ ........ ........| ok p=1
Q45:	|........ ........ ........ ........| ok p=1
Q46:	|........ ........ ........ ........| ok p=1
Q47:	|........ ........ ........ ........| ok p=1
Q48:	|........ ........ ........ ........| ok p=1
Q49:	|........ ........ ........ ........| ok p=1
Q50:	|........ ........ ........ ........| ok p=1
Q51:	|........ ........ ........ ........| ok p=1
Q52:	|........ ........ ........ ........| ok p=1
Q53:	|........ ........ ........ ........| ok p=1
Q54:	|........ ........ ........ ........| ok p=1
Q55:	|........ ........ ........ ........| ok p=1
Q56:	|........ ........ ........ ........| ok p=1
Q57:	|........ ........ ........ ........| ok p=1
Q58:	|........ ........ ........ ........| ok p=1
Q59:	|........ ........ ........ ........| ok p=1
Q60:	|........ ........ ........ ......0.| ok p=1
Q61:	|........ ........ ........ ....101.| ok p=0.995117
Q62:	|........ ........ ........ ....1.-.| ok p=1
Q63:	|........ ........ ........ ....-++.| ok p=0.994141
Q64:	|.......+ ........ ........ ......-.|
Saving 100000 paths...done.
Autobalance parameters: maxcond=59
Verified: 0 bad out of 125046
Estimating maxcond for upper bound 400000 (=100000 * 4)...
t=21: 0%   10   20   30   40   50   60   70   80   90   100%
      |----|----|----|----|----|----|----|----|----|----|
e     ***************************************************
Found maxcond = 71
t=21: 0%   10   20   30   40   50   60   70   80   90   100%
      |----|----|----|----|----|----|----|----|----|----|
      ***************************************************
Q18:	|...+..-. .....-.+ .-.+.... ...-...-|
Q19:	|.....++. -....-.. ...1.... +.......|
Q20:	|.....+0. ..0..... ..+-..0. ..0.....|
Q21:	|.....0+. ^.1..^.. ..+1..1. ^.1....0| ok p=0.914062
Q22:	|.....-.. ..-..... ..00..-. ..+....1| ok p=0.929688
Q23:	|.0....^. .....0.. ..^..... .......-| ok p=1
Q24:	|.1...^.. ..^..1.. .0....^. ..^.0...| ok p=0.75
Q25:	|.+...... .....+.. .1...... .......^| ok p=0.764648
Q26:	|........ 0....... .+...... ...0-...| ok p=1
Q27:	|.^...... 1....^.. ........ ...1-...| ok p=1
Q28:	|........ -....... .^...... ...-+...| ok p=0.787109
Q29:	|........ 0....... ........ ....0...| ok p=0.99707
Q30:	|........ +....... ........ ...^1...| ok p=1
Q31:	|........ +....... ........ ........| ok p=0.996094
Q32:	|........ ........ ........ ........| ok p=1
Q33:	|........ !....... ........ ........| ok p=1
Q34:	|........ ........ ........ ........| ok p=1
Q35:	|........ ........ ........ ........| ok p=1
Q36:	|........ ........ ........ ........| ok p=1
Q37:	|........ ........ ........ ........| ok p=1
Q38:	|........ ........ ........ ........| ok p=1
Q39:	|........ ........ ........ ........| ok p=1
Q40:	|........ ........ ........ ........| ok p=1
Q41:	|........ ........ ........ ........| ok p=1
Q42:	|........ ........ ........ ........| ok p=1
Q43:	|........ ........ ........ ........| ok p=1
Q44:	|........ ........ ........ ........| ok p=1
Q45:	|........ ........ ........ ........| ok p=1
Q46:	|........ ........ ........ ........| ok p=1
Q47:	|........ ........ ........ ........| ok p=1
Q48:	|........ ........ ........ ........| ok p=1
Q49:	|........ ........ ........ ........| ok p=1
Q50:	|........ ........ ........ ........| ok p=1
Q51:	|........ ........ ........ ........| ok p=1
Q52:	|........ ........ ........ ........| ok p=1
Q53:	|........ ........ ........ ........| ok p=1
Q54:	|........ ........ ........ ........| ok p=1
Q55:	|........ ........ ........ ........| ok p=1
Q56:	|........ ........ ........ ........| ok p=1
Q57:	|........ ........ ........ ........| ok p=1
Q58:	|........ ........ ........ ........| ok p=1
Q59:	|........ ........ ........ ........| ok p=1
Q60:	|........ ........ ........ ......0.| ok p=1
Q61:	|........ ........ ........ ....101.| ok p=0.992188
Q62:	|........ ........ ........ ....1.-.| ok p=1
Q63:	|........ ........ ........ ....-++.| ok p=0.996094
Q64:	|.......+ ........ ........ ......-.|
Saving 100000 paths...done.
Autobalance parameters: maxcond=70
Verified: 0 bad out of 120502
Runtime: 10.3233
Extend MD5 differential paths backward
Copyright (C) 2009 Marc Stevens
http://homepages.cwi.nl/~stevens/

delta_m[11] = [!-23!]
Loading workdir8/paths21_0of1...done: 100000 (work:100000).
Estimating maxcond for upper bound 65536 (=16384 * 4)...
t=20: 0%   10   20   30   40   50   60   70   80   90   100%
      |----|----|----|----|----|----|----|----|----|----|
e     ***************************************************
Found maxcond = 84
t=20: 0%   10   20   30   40   50   60   70   80   90   100%
      |----|----|----|----|----|----|----|----|----|----|
      ***************************************************
Q17:	|....-.+. ...-.... ...+..+. -.......|
Q18:	|...+..-. 1....1.+ ........ 1..-...-|
Q19:	|.....++. -....-.. ..0-.... +.......|
Q20:	|...^.+0. ..0..0.^ ..0-..0. ..0^...^| ok p=0.983398
Q21:	|.....0+. ^.1..1.. ..+1..1. ^.1....0| ok p=0.90332
Q22:	|.....-.. ..-..... ..0^..-. ..+....1| ok p=0.988281
Q23:	|.0....^. .....0.. ..1..... .......-| ok p=1
Q24:	|.1...^.. ..^..1.. .0....^. ..^.0...| ok p=0.756836
Q25:	|.+...... .....+.. .1...... .......^| ok p=0.742188
Q26:	|........ 0....... .+...... ...0-...| ok p=1
Q27:	|.^...... 1....^.. ........ ...1-...| ok p=0.998047
Q28:	|........ -....... .^...... ...-+...| ok p=0.791016
Q29:	|........ 0....... ........ ....0...| ok p=0.99707
Q30:	|........ +....... ........ ...^1...| ok p=1
Q31:	|........ +....... ........ ........| ok p=0.998047
Q32:	|........ ........ ........ ........| ok p=1
Q33:	|........ !....... ........ ........| ok p=1
Q34:	|........ ........ ........ ........| ok p=1
Q35:	|........ ........ ........ ........| ok p=1
Q36:	|........ ........ ........ ........| ok p=1
Q37:	|........ ........ ........ ........| ok p=1
Q38:	|........ ........ ........ ........| ok p=1
Q39:	|........ ........ ........ ........| ok p=1
Q40:	|........ ........ ........ ........| ok p=1
Q41:	|........ ........ ........ ........| ok p=1
Q42:	|........ ........ ........ ........| ok p=1
Q43:	|........ ........ ........ ........| ok p=1
Q44:	|........ ........ ........ ........| ok p=1
Q45:	|........ ........ ........ ........| ok p=1
Q46:	|........ ........ ........ ........| ok p=1
Q47:	|........ ........ ........ ........| ok p=1
Q48:	|........ ........ ........ ........| ok p=1
Q49:	|........ ........ ........ ........| ok p=1
Q50:	|........ ........ ........ ........| ok p=1
Q51:	|........ ........ ........ ........| ok p=1
Q52:	|........ ........ ........ ........| ok p=1
Q53:	|........ ........ ........ ........| ok p=1
Q54:	|........ ........ ........ ........| ok p=1
Q55:	|........ ........ ........ ........| ok p=1
Q56:	|........ ........ ........ ........| ok p=1
Q57:	|........ ........ ........ ........| ok p=1
Q58:	|........ ........ ........ ........| ok p=1
Q59:	|........ ........ ........ ........| ok p=1
Q60:	|........ ........ ........ ......0.| ok p=1
Q61:	|........ ........ ........ ....101.| ok p=0.992188
Q62:	|........ ........ ........ ....1.-.| ok p=1
Q63:	|........ ........ ........ ....-++.| ok p=0.991211
Q64:	|.......+ ........ ........ ......-.|
Saving 16384 paths...done.
Autobalance parameters: maxcond=83
Verified: 0 bad out of 22885
Runtime: 3.14871
Extend MD5 differential paths backward
Copyright (C) 2009 Marc Stevens
http://homepages.cwi.nl/~stevens/

delta_m[11] = [!-23!]
Loading workdir8/paths20_0of1...done: 16384 (work:16384).
Estimating maxcond for upper bound 2000000 (=500000 * 4)...
t=19: 0%   10   20   30   40   50   60   70   80   90   100%
      |----|----|----|----|----|----|----|----|----|----|
e     ***************************************************
Found maxcond = 95
t=19: 0%   10   20   30   40   50   60   70   80   90   100%
      |----|----|----|----|----|----|----|----|----|----|
      ***************************************************
Q16:	|.+..-.+. .....-.. ...+.... -...+...|
Q17:	|........ 0..+...1 ........ 0..1...1|
Q18:	|....+... 1....-.+ ...-.... 0..-...-|
Q19:	|....+.0. -..^.-.. ..0-.... +.......| ok p=0.703125
Q20:	|....001. ..0..0.^ ..0+..0. ..0^...^| ok p=1
Q21:	|....11+. ^.1..^.. ..+1..1. ^.1....0| ok p=0.912109
Q22:	|.....-.. ..-..... ...^..-. ..+....1| ok p=0.908203
Q23:	|.0....^. .....0.. ..^..... .......-| ok p=1
Q24:	|.1...^.. ..^..1.. .0....^. ..^.0...| ok p=0.742188
Q25:	|.+...... .....+.. .1...... .......^| ok p=0.750977
Q26:	|........ 0....... .+...... ...0-...| ok p=1
Q27:	|.^...... 1....^.. ........ ...1-...| ok p=0.99707
Q28:	|........ -....... .^...... ...-+...| ok p=0.779297
Q29:	|........ 0....... ........ ....0...| ok p=0.998047
Q30:	|........ +....... ........ ...^1...| ok p=1
Q31:	|........ +....... ........ ........| ok p=0.99707
Q32:	|........ ........ ........ ........| ok p=1
Q33:	|........ !....... ........ ........| ok p=1
Q34:	|........ ........ ........ ........| ok p=1
Q35:	|........ ........ ........ ........| ok p=1
Q36:	|........ ........ ........ ........| ok p=1
Q37:	|........ ........ ........ ........| ok p=1
Q38:	|........ ........ ........ ........| ok p=1
Q39:	|........ ........ ........ ........| ok p=1
Q40:	|........ ........ ........ ........| ok p=1
Q41:	|........ ........ ........ ........| ok p=1
Q42:	|........ ........ ........ ........| ok p=1
Q43:	|........ ........ ........ ........| ok p=1
Q44:	|........ ........ ........ ........| ok p=1
Q45:	|........ ........ ........ ........| ok p=1
Q46:	|........ ........ ........ ........| ok p=1
Q47:	|........ ........ ........ ........| ok p=1
Q48:	|........ ........ ........ ........| ok p=1
Q49:	|........ ........ ........ ........| ok p=1
Q50:	|........ ........ ........ ........| ok p=1
Q51:	|........ ........ ........ ........| ok p=1
Q52:	|........ ........ ........ ........| ok p=1
Q53:	|........ ........ ........ ........| ok p=1
Q54:	|........ ........ ........ ........| ok p=1
Q55:	|........ ........ ........ ........| ok p=1
Q56:	|........ ........ ........ ........| ok p=1
Q57:	|........ ........ ........ ........| ok p=1
Q58:	|........ ........ ........ ........| ok p=1
Q59:	|........ ........ ........ ........| ok p=1
Q60:	|........ ........ ........ ......0.| ok p=1
Q61:	|........ ........ ........ ....101.| ok p=0.992188
Q62:	|........ ........ ........ ....1.-.| ok p=1
Q63:	|........ ........ ........ ....-++.| ok p=0.996094
Q64:	|.......+ ........ ........ ......-.|
Saving 500000 paths...done.
Autobalance parameters: maxcond=93
Verified: 0 bad out of 828949
Estimating maxcond for upper bound 2000000 (=500000 * 4)...
t=18: 0%   10   20   30   40   50   60   70   80   90   100%
      |----|----|----|----|----|----|----|----|----|----|
e     ***************************************************
Found maxcond = 106
t=18: 0%   10   20   30   40   50   60   70   80   90   100%
      |----|----|----|----|----|----|----|----|----|----|
      ***************************************************
Q15:	|+....+.- .-...+.. ...+..-. .....-..|
Q16:	|.+..-... ...1.-.- ........ -..0+..+|
Q17:	|....0... 0..+.+.0 ...-.... +..1...0|
Q18:	|.^..+... 1....-.+ ...-.... 1..-^..-| ok p=0.482422
Q19:	|....+.0. -..^.-.. ..0+.... +.......| ok p=0.750977
Q20:	|....001. ..0..1.^ ..1+..0. ..0^...^| ok p=1
Q21:	|....11+. ^.1..^.. ..+0..1. ^.1....0| ok p=0.895508
Q22:	|.....-.. ..-..... ...^..-. ..+....1| ok p=0.925781
Q23:	|.0....^. .....0.. ..^..... .......-| ok p=1
Q24:	|.1...^.. ..^..1.. .0....^. ..^.0...| ok p=0.762695
Q25:	|.+...... .....+.. .1...... .......^| ok p=0.75293
Q26:	|........ 0....... .+...... ...0-...| ok p=1
Q27:	|.^...... 1....^.. ........ ...1-...| ok p=0.999023
Q28:	|........ -....... .^...... ...-+...| ok p=0.763672
Q29:	|........ 0....... ........ ....0...| ok p=1
Q30:	|........ +....... ........ ...^1...| ok p=1
Q31:	|........ +....... ........ ........| ok p=0.998047
Q32:	|........ ........ ........ ........| ok p=1
Q33:	|........ !....... ........ ........| ok p=1
Q34:	|........ ........ ........ ........| ok p=1
Q35:	|........ ........ ........ ........| ok p=1
Q36:	|........ ........ ........ ........| ok p=1
Q37:	|........ ........ ........ ........| ok p=1
Q38:	|........ ........ ........ ........| ok p=1
Q39:	|........ ........ ........ ........| ok p=1
Q40:	|........ ........ ........ ........| ok p=1
Q41:	|........ ........ ........ ........| ok p=1
Q42:	|........ ........ ........ ........| ok p=1
Q43:	|........ ........ ........ ........| ok p=1
Q44:	|........ ........ ........ ........| ok p=1
Q45:	|........ ........ ........ ........| ok p=1
Q46:	|........ ........ ........ ........| ok p=1
Q47:	|........ ........ ........ ........| ok p=1
Q48:	|........ ........ ........ ........| ok p=1
Q49:	|........ ........ ........ ........| ok p=1
Q50:	|........ ........ ........ ........| ok p=1
Q51:	|........ ........ ........ ........| ok p=1
Q52:	|........ ........ ........ ........| ok p=1
Q53:	|........ ........ ........ ........| ok p=1
Q54:	|........ ........ ........ ........| ok p=1
Q55:	|........ ........ ........ ........| ok p=1
Q56:	|........ ........ ........ ........| ok p=1
Q57:	|........ ........ ........ ........| ok p=1
Q58:	|........ ........ ........ ........| ok p=1
Q59:	|........ ........ ........ ........| ok p=1
Q60:	|........ ........ ........ ......0.| ok p=1
Q61:	|........ ........ ........ ....101.| ok p=0.995117
Q62:	|........ ........ ........ ....1.-.| ok p=1
Q63:	|........ ........ ........ ....-++.| ok p=0.996094
Q64:	|.......+ ........ ........ ......-.|
Saving 500000 paths...done.
Autobalance parameters: maxcond=105
Verified: 0 bad out of 534877
Estimating maxcond for upper bound 2000000 (=500000 * 4)...
t=17: 0%   10   20   30   40   50   60   70   80   90   100%
      |----|----|----|----|----|----|----|----|----|----|
e     ***************************************************
Found maxcond = 123
t=17: 0%   10   20   30   40   50   60   70   80   90   100%
      |----|----|----|----|----|----|----|----|----|----|
      ***************************************************
Q14:	|.-..-... -....+.. ......-. ....-...|
Q15:	|.1..1.-- .-...+.. ...+..-. 1...1-..|
Q16:	|.+..-.+. .....-.0 ...+.... -..0+..0|
Q17:	|....1.-^ 0^...1.1 ...0..^. +..1.^.1| ok p=0.618164
Q18:	|.^..+.-. 1....-.+ ...-.... 1..-^..-| ok p=0.966797
Q19:	|....+.+. -....-.. ..0-.... +.......| ok p=0.675781
Q20:	|....01+. ..0..0.^ ..0+..0. ..0^...^| ok p=1
Q21:	|....11+. ^.1..^.. ..+1..1. ^.1....0| ok p=0.916992
Q22:	|.....-1. ..-..... ...^..-. ..+....1| ok p=0.924805
Q23:	|.0....0. .....0.. ..^..... .......-| ok p=1
Q24:	|.1...^.. ..^..1.. .0....^. ..^.0...| ok p=0.757812
Q25:	|.+...... .....+.. .1...... .......^| ok p=0.753906
Q26:	|........ 0....... .+...... ...0-...| ok p=1
Q27:	|.^...... 1....^.. ........ ...1-...| ok p=0.999023
Q28:	|........ -....... .^...... ...-+...| ok p=0.759766
Q29:	|........ 0....... ........ ....0...| ok p=1
Q30:	|........ +....... ........ ...^1...| ok p=1
Q31:	|........ +....... ........ ........| ok p=1
Q32:	|........ ........ ........ ........| ok p=1
Q33:	|........ !....... ........ ........| ok p=1
Q34:	|........ ........ ........ ........| ok p=1
Q35:	|........ ........ ........ ........| ok p=1
Q36:	|........ ........ ........ ........| ok p=1
Q37:	|........ ........ ........ ........| ok p=1
Q38:	|........ ........ ........ ........| ok p=1
Q39:	|........ ........ ........ ........| ok p=1
Q40:	|........ ........ ........ ........| ok p=1
Q41:	|........ ........ ........ ........| ok p=1
Q42:	|........ ........ ........ ........| ok p=1
Q43:	|........ ........ ........ ........| ok p=1
Q44:	|........ ........ ........ ........| ok p=1
Q45:	|........ ........ ........ ........| ok p=1
Q46:	|........ ........ ........ ........| ok p=1
Q47:	|........ ........ ........ ........| ok p=1
Q48:	|........ ........ ........ ........| ok p=1
Q49:	|........ ........ ........ ........| ok p=1
Q50:	|........ ........ ........ ........| ok p=1
Q51:	|........ ........ ........ ........| ok p=1
Q52:	|........ ........ ........ ........| ok p=1
Q53:	|........ ........ ........ ........| ok p=1
Q54:	|........ ........ ........ ........| ok p=1
Q55:	|........ ........ ........ ........| ok p=1
Q56:	|........ ........ ........ ........| ok p=1
Q57:	|........ ........ ........ ........| ok p=1
Q58:	|........ ........ ........ ........| ok p=1
Q59:	|........ ........ ........ ........| ok p=1
Q60:	|........ ........ ........ ......0.| ok p=1
Q61:	|........ ........ ........ ....101.| ok p=0.998047
Q62:	|........ ........ ........ ....1.-.| ok p=1
Q63:	|........ ........ ........ ....-++.| ok p=0.99707
Q64:	|.......+ ........ ........ ......-.|
Saving 500000 paths...done.
Autobalance parameters: maxcond=122
Verified: 0 bad out of 527269
Estimating maxcond for upper bound 2000000 (=500000 * 4)...
t=16: 0%   10   20   30   40   50   60   70   80   90   100%
      |----|----|----|----|----|----|----|----|----|----|
e     ***************************************************
Found maxcond = 135
t=16: 0%   10   20   30   40   50   60   70   80   90   100%
      |----|----|----|----|----|----|----|----|----|----|
      ***************************************************
Q13:	|.-....+. -.+..... ...+.... .....-..|
Q14:	|.-....-. -1...+.. ......1. +...-1..|
Q15:	|.0...-1. ++...+.. ...+..-. 1...1-..|
Q16:	|.+..1--. 0....-.0 ...+..0. -..0+..0| ok p=0.764648
Q17:	|.....1-. 0^...1.1 ...0..1. 0..1.^.1| ok p=0.867188
Q18:	|.^..+^-. 1....-.+ ...-.... 0..-^..-| ok p=0.94043
Q19:	|....+.+. -....-.. ..0-.... +.......| ok p=0.707031
Q20:	|....01+. ..0..0.^ ..0+..0. ..0^...^| ok p=1
Q21:	|....11+. ^.1..^.. ..+1..1. ^.1....0| ok p=0.900391
Q22:	|.....-1. ..-..... ...^..-. ..+....1| ok p=0.93457
Q23:	|.0....0. .....0.. ..^..... .......-| ok p=1
Q24:	|.1...^.. ..^..1.. .0....^. ..^.0...| ok p=0.746094
Q25:	|.+...... .....+.. .1...... .......^| ok p=0.738281
Q26:	|........ 0....... .+...... ...0-...| ok p=1
Q27:	|.^...... 1....^.. ........ ...1-...| ok p=0.998047
Q28:	|........ -....... .^...... ...-+...| ok p=0.791992
Q29:	|........ 0....... ........ ....0...| ok p=0.999023
Q30:	|........ +....... ........ ...^1...| ok p=1
Q31:	|........ +....... ........ ........| ok p=0.998047
Q32:	|........ ........ ........ ........| ok p=1
Q33:	|........ !....... ........ ........| ok p=1
Q34:	|........ ........ ........ ........| ok p=1
Q35:	|........ ........ ........ ........| ok p=1
Q36:	|........ ........ ........ ........| ok p=1
Q37:	|........ ........ ........ ........| ok p=1
Q38:	|........ ........ ........ ........| ok p=1
Q39:	|........ ........ ........ ........| ok p=1
Q40:	|........ ........ ........ ........| ok p=1
Q41:	|........ ........ ........ ........| ok p=1
Q42:	|........ ........ ........ ........| ok p=1
Q43:	|........ ........ ........ ........| ok p=1
Q44:	|........ ........ ........ ........| ok p=1
Q45:	|........ ........ ........ ........| ok p=1
Q46:	|........ ........ ........ ........| ok p=1
Q47:	|........ ........ ........ ........| ok p=1
Q48:	|........ ........ ........ ........| ok p=1
Q49:	|........ ........ ........ ........| ok p=1
Q50:	|........ ........ ........ ........| ok p=1
Q51:	|........ ........ ........ ........| ok p=1
Q52:	|........ ........ ........ ........| ok p=1
Q53:	|........ ........ ........ ........| ok p=1
Q54:	|........ ........ ........ ........| ok p=1
Q55:	|........ ........ ........ ........| ok p=1
Q56:	|........ ........ ........ ........| ok p=1
Q57:	|........ ........ ........ ........| ok p=1
Q58:	|........ ........ ........ ........| ok p=1
Q59:	|........ ........ ........ ........| ok p=1
Q60:	|........ ........ ........ ......0.| ok p=1
Q61:	|........ ........ ........ ....101.| ok p=0.991211
Q62:	|........ ........ ........ ....1.-.| ok p=1
Q63:	|........ ........ ........ ....-++.| ok p=0.99707
Q64:	|.......+ ........ ........ ......-.|
Saving 500000 paths...done.
Autobalance parameters: maxcond=134
Verified: 3176 bad out of 653464
Runtime: 32.1908
