Connect MD5 differential paths
Copyright (C) 2009 Marc Stevens
http://homepages.cwi.nl/~stevens/

delta_m[11] = [!-23!]
Loading workdir8/paths16_0of1.bin.gz...done: 500000.
Loading workdir8/paths11_0of1.bin.gz...done: 500000.
t=12: 0%   10   20   30   40   50   60   70   80   90   100%
      |----|----|----|----|----|----|----|----|----|----|
      *Q-3:	|10001000 00101101 00010111 10001011|
Q-2:	|11100001 10101101 00011110 +------0|
Q-1:	|11000011 10110010 00011001 110001+1|
Q0:	|1-++++++ 10000101 01001111 00010+-0| ok p=0.878906
Q1:	|.000000- .0...... .1.0++.. ....---+| ok p=0.988281
Q2:	|.010010- .+...... .+1+++.. ....0+0-| ok p=1
Q3:	|..1....- .+...... .00+.... ....1+1-| ok p=0.998047
Q4:	|..1..... .-!..... .--.10.. ...1+.+1| ok p=1
Q5:	|1!+....1 .1..1... .--1..1. ...0+0+-| ok p=0.99707
Q6:	|11+..... .-..0... ..0...0. ..0-+..+| ok p=1
Q7:	|+00..... .1..-... .01...-. ..0-+.10| ok p=1
Q8:	|1.1..... .+.!0... ..-...0. ..--...+| ok p=1
Q9:	|1..!.... .1.11..^ ..-...11 0^+00..+| ok p=1
Q10:	|1^00110. .0^1...- .0111.+0 01+0.0.+| ok p=1
Q11:	|0-00101^ ^1--.0.1 00110^+1 +01+01^+| ok p=1
Q12:	|-0+++++- --1+^1^0 1-+++-1- --+-1---| ok p=1
Q13:	|+1+---00 1-1-+++- -+1-00+0 0----101| ok p=1
Q14:	|1-.1100- 01.10+01 011-1+01 0.0.0110| ok p=1
Q15:	|0+10-0+0 ++.01+01 10.+.1-. 10101.-.| ok p=0.945312
Q16:	|.+..-..0 +..1.-.0 ...0.1.. -..0+..1| ok p=0.736328
Q17:	|.0..1.^. 1^.+.+.1 ...-..^. +..1..^1| ok p=0.698242
Q18:	|.1..+... 1....-.+ ...-.... 1..-^..-| ok p=0.5
Q19:	|....+.0. -..^.-.. ..0+.... +.......| ok p=0.754883
Q20:	|....001. ..0..1.^ ..1+..0. ..0^...^| ok p=1
Q21:	|....11+. ^.1..1.. ..+0..1. ^.1....0| ok p=0.915039
Q22:	|.....-.. ..-..... ...0..-. ..+....1| ok p=0.912109
Q23:	|.0....^. .....0.. ..^..... .......-| ok p=1
Q24:	|.1...^.. ..^..1.. .0....^. ..^.0...| ok p=0.763672
Q25:	|.+...... .....+.. .1...... .......^| ok p=0.738281
Q26:	|........ 0....... .+...... ...0-...| ok p=1
Q27:	|.^...... 1....^.. ........ ...1-...| ok p=0.999023
Q28:	|........ -....... .^...... ...-+...| ok p=0.799805
Q29:	|........ 0....... ........ ....0...| ok p=0.998047
Q30:	|........ +....... ........ ...^1...| ok p=1
Q31:	|........ +....... ........ ........| ok p=0.996094
Q32:	|........ ........ ........ ........| ok p=1
Q33:	|........ !....... ........ ........| ok p=1
Q34:	|........ ........ ........ ........| ok p=1
Q35:	|........ ........ ........ ........| ok p=1
Q36:	|........ ........ ........ ........| ok p=1
Q37:	|........ ........ ........ ........| ok p=1
Q38:	|........ ........ ........ ........| ok p=1
Q39:	|........ ........ ........ ........| ok p=1
Q40:	|........ ........ ........ ........| ok p=1
Q41:	|........ ........ ........ ........| ok p=1
Q42:	|........ ........ ........ ........| ok p=1
Q43:	|........ ........ ........ ........| ok p=1
Q44:	|........ ........ ........ ........| ok p=1
Q45:	|........ ........ ........ ........| ok p=1
Q46:	|........ ........ ........ ........| ok p=1
Q47:	|........ ........ ........ ........| ok p=1
Q48:	|........ ........ ........ ........| ok p=1
Q49:	|........ ........ ........ ........| ok p=1
Q50:	|........ ........ ........ ........| ok p=1
Q51:	|........ ........ ........ ........| ok p=1
Q52:	|........ ........ ........ ........| ok p=1
Q53:	|........ ........ ........ ........| ok p=1
Q54:	|........ ........ ........ ........| ok p=1
Q55:	|........ ........ ........ ........| ok p=1
Q56:	|........ ........ ........ ........| ok p=1
Q57:	|........ ........ ........ ........| ok p=1
Q58:	|........ ........ ........ ........| ok p=1
Q59:	|........ ........ ........ ........| ok p=1
Q60:	|........ ........ ........ ......0.| ok p=1
Q61:	|........ ........ ........ ....101.| ok p=0.99707
Q62:	|........ ........ ........ ....1.-.| ok p=1
Q63:	|........ ........ ........ ....-++.| ok p=0.998047
Q64:	|.......+ ........ ........ ......-.|
Best path: totcompl=-26 tottunnel=38, totcond=540, p=0.0549069
Q-3:	|10001000 00101101 00010111 10001011|
Q-2:	|11100001 10101101 00011110 +------0|
Q-1:	|11000011 10110010 00011001 110001+1|
Q0:	|1-++++++ 10000101 01001111 00010+-0| ok p=0.875
Q1:	|.000000- .0...... .1.0++.. ....---+| ok p=0.982422
Q2:	|.010010- .+...... .+1+++.. ....0+0-| ok p=1
Q3:	|..1....- .+...... .00+.... ....1+1-| ok p=1
Q4:	|0!1..... .-.!.... .--.10.. ...1+.+1| ok p=1
Q5:	|10+....1 .1..1... .--1..1. ...0+0+-| ok p=1
Q6:	|11+..... .-..0... ..0...0. ..0-+..+| ok p=1
Q7:	|+0...... .1..-... .01...-. ..0-+.10| ok p=1
Q8:	|111..... .+!.0... ..-...0. ..--...+| ok p=1
Q9:	|1.0..... .1.11..^ ..-.1.1. 0^+00..+| ok p=1
Q10:	|1^00110. .0^1...- 1...0.+0 01+0.0.+| ok p=1
Q11:	|0-00101^ ^1--.0.1 00101^+1 +01+01^+| ok p=1
Q12:	|-0+++++- --1+^1^0 11.1--1- --+-1---| ok p=1
Q13:	|+1+---00 1-1-+++- -+.-00+0 0----101| ok p=1
Q14:	|1-.1100- 01.10+01 01.-1+01 0.0.0110| ok p=1
Q15:	|0+10-0+0 ++.01+01 10.+.1-. 10101.-.| ok p=0.956055
Q16:	|.+..-..0 +..1.-.0 ...0.1.. -..0+..1| ok p=0.692383
Q17:	|.0..1.^. 1^.+.+.1 ...-..^. +..1..^1| ok p=0.686523
Q18:	|.1..+... 1....-.+ ...-.... 1..-^..-| ok p=0.526367
Q19:	|....+.0. -..^.-.. ..0+.... +.......| ok p=0.744141
Q20:	|....001. ..0..1.^ ..1+..0. ..0^...^| ok p=1
Q21:	|....11+. ^.1..1.. ..+0..1. ^.1....0| ok p=0.910156
Q22:	|.....-.. ..-..... ...0..-. ..+....1| ok p=0.947266
Q23:	|.0....^. .....0.. ..^..... .......-| ok p=1
Q24:	|.1...^.. ..^..1.. .0....^. ..^.0...| ok p=0.766602
Q25:	|.+...... .....+.. .1...... .......^| ok p=0.748047
Q26:	|........ 0....... .+...... ...0-...| ok p=1
Q27:	|.^...... 1....^.. ........ ...1-...| ok p=0.999023
Q28:	|........ -....... .^...... ...-+...| ok p=0.786133
Q29:	|........ 0....... ........ ....0...| ok p=0.998047
Q30:	|........ +....... ........ ...^1...| ok p=1
Q31:	|........ +....... ........ ........| ok p=0.99707
Q32:	|........ ........ ........ ........| ok p=1
Q33:	|........ !....... ........ ........| ok p=1
Q34:	|........ ........ ........ ........| ok p=1
Q35:	|........ ........ ........ ........| ok p=1
Q36:	|........ ........ ........ ........| ok p=1
Q37:	|........ ........ ........ ........| ok p=1
Q38:	|........ ........ ........ ........| ok p=1
Q39:	|........ ........ ........ ........| ok p=1
Q40:	|........ ........ ........ ........| ok p=1
Q41:	|........ ........ ........ ........| ok p=1
Q42:	|........ ........ ........ ........| ok p=1
Q43:	|........ ........ ........ ........| ok p=1
Q44:	|........ ........ ........ ........| ok p=1
Q45:	|........ ........ ........ ........| ok p=1
Q46:	|........ ........ ........ ........| ok p=1
Q47:	|........ ........ ........ ........| ok p=1
Q48:	|........ ........ ........ ........| ok p=1
Q49:	|........ ........ ........ ........| ok p=1
Q50:	|........ ........ ........ ........| ok p=1
Q51:	|........ ........ ........ ........| ok p=1
Q52:	|........ ........ ........ ........| ok p=1
Q53:	|........ ........ ........ ........| ok p=1
Q54:	|........ ........ ........ ........| ok p=1
Q55:	|........ ........ ........ ........| ok p=1
Q56:	|........ ........ ........ ........| ok p=1
Q57:	|........ ........ ........ ........| ok p=1
Q58:	|........ ........ ........ ........| ok p=1
Q59:	|........ ........ ........ ........| ok p=1
Q60:	|........ ........ ........ ......0.| ok p=1
Q61:	|........ ........ ........ ....101.| ok p=0.999023
Q62:	|........ ........ ........ ....1.-.| ok p=1
Q63:	|........ ........ ........ ....-++.| ok p=0.99707
Q64:	|.......+ ........ ........ ......-.|
Best path: totcompl=-26 tottunnel=38, totcond=537, p=0.0550329
Q-3:	|10001000 00101101 00010111 10001011|
Q-2:	|11100001 10101101 00011110 +------0|
Q-1:	|11000011 10110010 00011001 110001+1|
Q0:	|1-++++++ 10000101 01001111 00010+-0| ok p=0.876953
Q1:	|.000000- .0...... .1.0++.. ....---+| ok p=0.983398
Q2:	|.010010- .+...... .+1+++.. ....0+0-| ok p=1
Q3:	|..1....- .+...... .00+.... ....1+1-| ok p=1
Q4:	|0!1..... .-.!.... .--.10.. ...1+.+1| ok p=1
Q5:	|1.+....1 .1..1... .--1..1. ...0+0+-| ok p=1
Q6:	|10+!.... .-..0... ..0...0. ..0-+..+| ok p=1
Q7:	|+00..... .1..-... .01...-. ..0-+.10| ok p=1
Q8:	|1.1..... .+!.0... ..-...0. ..--...+| ok p=1
Q9:	|1.0..... .1.11..^ ..-.1.1. 0^+00..+| ok p=1
Q10:	|1^00110. .0^1...- 1...0.+0 01+0.0.+| ok p=1
Q11:	|0-00101^ ^1--.0.1 01101^+1 +01+01^+| ok p=1
Q12:	|-0+++++- --1+^1^0 00.1--1- --+-1---| ok p=1
Q13:	|+1+---00 1-1-+++- -+.-00+0 0----101| ok p=1
Q14:	|1-.1100- 01.10+01 01.-1+01 0.0.0110| ok p=1
Q15:	|0+10-0+0 ++.01+01 10.+.1-. 10101.-.| ok p=0.957031
Q16:	|.+..-..0 +..1.-.0 ...0.1.. -..0+..1| ok p=0.71582
Q17:	|.0..1.^. 1^.+.+.1 ...-..^. +..1..^1| ok p=0.699219
Q18:	|.1..+... 1....-.+ ...-.... 1..-^..-| ok p=0.535156
Q19:	|....+.0. -..^.-.. ..0+.... +.......| ok p=0.729492
Q20:	|....001. ..0..1.^ ..1+..0. ..0^...^| ok p=1
Q21:	|....11+. ^.1..1.. ..+0..1. ^.1....0| ok p=0.920898
Q22:	|.....-.. ..-..... ...0..-. ..+....1| ok p=0.920898
Q23:	|.0....^. .....0.. ..^..... .......-| ok p=1
Q24:	|.1...^.. ..^..1.. .0....^. ..^.0...| ok p=0.740234
Q25:	|.+...... .....+.. .1...... .......^| ok p=0.765625
Q26:	|........ 0....... .+...... ...0-...| ok p=1
Q27:	|.^...... 1....^.. ........ ...1-...| ok p=0.99707
Q28:	|........ -....... .^...... ...-+...| ok p=0.777344
Q29:	|........ 0....... ........ ....0...| ok p=0.998047
Q30:	|........ +....... ........ ...^1...| ok p=1
Q31:	|........ +....... ........ ........| ok p=0.999023
Q32:	|........ ........ ........ ........| ok p=1
Q33:	|........ !....... ........ ........| ok p=1
Q34:	|........ ........ ........ ........| ok p=1
Q35:	|........ ........ ........ ........| ok p=1
Q36:	|........ ........ ........ ........| ok p=1
Q37:	|........ ........ ........ ........| ok p=1
Q38:	|........ ........ ........ ........| ok p=1
Q39:	|........ ........ ........ ........| ok p=1
Q40:	|........ ........ ........ ........| ok p=1
Q41:	|........ ........ ........ ........| ok p=1
Q42:	|........ ........ ........ ........| ok p=1
Q43:	|........ ........ ........ ........| ok p=1
Q44:	|........ ........ ........ ........| ok p=1
Q45:	|........ ........ ........ ........| ok p=1
Q46:	|........ ........ ........ ........| ok p=1
Q47:	|........ ........ ........ ........| ok p=1
Q48:	|........ ........ ........ ........| ok p=1
Q49:	|........ ........ ........ ........| ok p=1
Q50:	|........ ........ ........ ........| ok p=1
Q51:	|........ ........ ........ ........| ok p=1
Q52:	|........ ........ ........ ........| ok p=1
Q53:	|........ ........ ........ ........| ok p=1
Q54:	|........ ........ ........ ........| ok p=1
Q55:	|........ ........ ........ ........| ok p=1
Q56:	|........ ........ ........ ........| ok p=1
Q57:	|........ ........ ........ ........| ok p=1
Q58:	|........ ........ ........ ........| ok p=1
Q59:	|........ ........ ........ ........| ok p=1
Q60:	|........ ........ ........ ......0.| ok p=1
Q61:	|........ ........ ........ ....101.| ok p=0.993164
Q62:	|........ ........ ........ ....1.-.| ok p=1
Q63:	|........ ........ ........ ....-++.| ok p=0.999023
Q64:	|.......+ ........ ........ ......-.|
Best path: totcompl=-25 tottunnel=39, totcond=537, p=0.0554966
Q-3:	|10001000 00101101 00010111 10001011|
Q-2:	|11100001 10101101 00011110 +------0|
Q-1:	|11000011 10110010 00011001 110001+1|
Q0:	|1-++++++ 10000101 01001111 00010+-0| ok p=0.873047
Q1:	|.000000- .0...... .1.0++.. ....---+| ok p=0.982422
Q2:	|.010010- .+...... .+1+++.. ....0+0-| ok p=1
Q3:	|..1....- .+...... .00+.... ....1+1-| ok p=1
Q4:	|0!1..... .-!..... .--.10.. ...1+.+1| ok p=1
Q5:	|1.+....1 .1..1... .--1..1. ...0+0+-| ok p=1
Q6:	|1!+..... .-..0... ..0...0. ..0-+..+| ok p=1
Q7:	|+^0..... .1..-... .01...-. ..0-+.10| ok p=1
Q8:	|1^1..... .+.!0... ..-...0. ..--...+| ok p=0.999023
Q9:	|10...... .1.11..^ ..-...11 0^+00..+| ok p=1
Q10:	|0010110. .0^1...- 1...0.+0 01+0.0.+| ok p=1
Q11:	|1-10101^ ^1--.0.1 00101^+1 +01+01^+| ok p=1
Q12:	|-+-++++- --1+^1^0 11.1--1- --+-1---| ok p=1
Q13:	|-1+---00 1-1-+++- -+.-00+0 0----101| ok p=0.516602
Q14:	|.-01100- 01.10+01 01.-1+01 0.0.0110| ok p=0.496094
Q15:	|0+10-0+0 ++.01+01 10.+.1-. 10101.-.| ok p=0.958008
Q16:	|.+..-..0 +..1.-.0 ...0.1.. -..0+..1| ok p=0.705078
Q17:	|.0..1.^. 1^.+.+.1 ...-..^. +..1..^1| ok p=0.677734
Q18:	|.1..+... 1....-.+ ...-.... 1..-^..-| ok p=0.485352
Q19:	|....+.0. -..^.-.. ..0+.... +.......| ok p=0.744141
Q20:	|....001. ..0..1.^ ..1+..0. ..0^...^| ok p=1
Q21:	|....11+. ^.1..1.. ..+0..1. ^.1....0| ok p=0.916016
Q22:	|.....-.. ..-..... ...0..-. ..+....1| ok p=0.923828
Q23:	|.0....^. .....0.. ..^..... .......-| ok p=1
Q24:	|.1...^.. ..^..1.. .0....^. ..^.0...| ok p=0.756836
Q25:	|.+...... .....+.. .1...... .......^| ok p=0.71875
Q26:	|........ 0....... .+...... ...0-...| ok p=1
Q27:	|.^...... 1....^.. ........ ...1-...| ok p=0.999023
Q28:	|........ -....... .^...... ...-+...| ok p=0.794922
Q29:	|........ 0....... ........ ....0...| ok p=1
Q30:	|........ +....... ........ ...^1...| ok p=1
Q31:	|........ +....... ........ ........| ok p=0.998047
Q32:	|........ ........ ........ ........| ok p=1
Q33:	|........ !....... ........ ........| ok p=1
Q34:	|........ ........ ........ ........| ok p=1
Q35:	|........ ........ ........ ........| ok p=1
Q36:	|........ ........ ........ ........| ok p=1
Q37:	|........ ........ ........ ........| ok p=1
Q38:	|........ ........ ........ ........| ok p=1
Q39:	|........ ........ ........ ........| ok p=1
Q40:	|........ ........ ........ ........| ok p=1
Q41:	|........ ........ ........ ........| ok p=1
Q42:	|........ ........ ........ ........| ok p=1
Q43:	|........ ........ ........ ........| ok p=1
Q44:	|........ ........ ........ ........| ok p=1
Q45:	|........ ........ ........ ........| ok p=1
Q46:	|........ ........ ........ ........| ok p=1
Q47:	|........ ........ ........ ........| ok p=1
Q48:	|........ ........ ........ ........| ok p=1
Q49:	|........ ........ ........ ........| ok p=1
Q50:	|........ ........ ........ ........| ok p=1
Q51:	|........ ........ ........ ........| ok p=1
Q52:	|........ ........ ........ ........| ok p=1
Q53:	|........ ........ ........ ........| ok p=1
Q54:	|........ ........ ........ ........| ok p=1
Q55:	|........ ........ ........ ........| ok p=1
Q56:	|........ ........ ........ ........| ok p=1
Q57:	|........ ........ ........ ........| ok p=1
Q58:	|........ ........ ........ ........| ok p=1
Q59:	|........ ........ ........ ........| ok p=1
Q60:	|........ ........ ........ ......0.| ok p=1
Q61:	|........ ........ ........ ....101.| ok p=0.996094
Q62:	|........ ........ ........ ....1.-.| ok p=1
Q63:	|........ ........ ........ ....-++.| ok p=0.996094
Q64:	|.......+ ........ ........ ......-.|
Best path: totcompl=-24 tottunnel=40, totcond=537, p=0.0134011
Best paths: 2
**Q-3:	|10001000 00101101 00010111 10001011|
Q-2:	|11100001 10101101 00011110 +------0|
Q-1:	|11000011 10110010 00011001 110001+1|
Q0:	|1-++++++ 10000101 01001111 00010+-0| ok p=0.869141
Q1:	|.000000- .0...... .1.0++.. ....---+| ok p=0.986328
Q2:	|.010010- .+...... .+1+++.. ....0+0-| ok p=1
Q3:	|1.1....- .+...... .00+.... ....1+1-| ok p=1
Q4:	|0.1..... .-!..... .--.10.. ...1+.+1| ok p=1
Q5:	|1.+....1 .1...... .--1..0. ...0+0+-| ok p=1
Q6:	|11+!.... .-..^... ..0...1. ..1-+..+| ok p=1
Q7:	|+0...... .1..-... .01...-. ..0-+.10| ok p=1
Q8:	|111..... .+.!0... ..-^..-. ..--...1| ok p=1
Q9:	|1...1... .1^11..^ ..0-..-. .^+10...| ok p=1
Q10:	|..100011 1-+1..1- .110!... 1.+00.10| ok p=1
Q11:	|.^11-110 1-0-..00 00111011 0^1+0^01| ok p=1
Q12:	|!+++1-++ +0++.1+0 1-++0110 +-----++| ok p=1
Q13:	|^0---1-+ --1+.00. ++-+++++ +1+--100| ok p=1
Q14:	|.-11011. 1110.+0. 110111+1 001.0111| ok p=1
Q15:	|.-10-.+1 ++.-.+.. 100+01-1 1.101.-.| ok p=0.446289
Q16:	|.+..-... 1..0.-.0 ...1..1. -..0+..1| ok p=0.819336
Q17:	|.1..1.^. 0^.+.+.1 ...-..0. +..1..^1| ok p=0.695312
Q18:	|.0..+... 1....-.+ ...-.... 1..-^..-| ok p=0.506836
Q19:	|....+.0. -..^.-.. ..0+.... +.......| ok p=0.743164
Q20:	|....001. ..0..1.^ ..1+..0. ..0^...^| ok p=1
Q21:	|....11+. ^.1..1.. ..+0..1. ^.1....0| ok p=0.900391
Q22:	|.....-.. ..-..... ...0..-. ..+....1| ok p=0.924805
Q23:	|.0....^. .....0.. ..^..... .......-| ok p=1
Q24:	|.1...^.. ..^..1.. .0....^. ..^.0...| ok p=0.754883
Q25:	|.+...... .....+.. .1...... .......^| ok p=0.75293
Q26:	|........ 0....... .+...... ...0-...| ok p=1
Q27:	|.^...... 1....^.. ........ ...1-...| ok p=0.998047
Q28:	|........ -....... .^...... ...-+...| ok p=0.78418
Q29:	|........ 0....... ........ ....0...| ok p=0.99707
Q30:	|........ +....... ........ ...^1...| ok p=1
Q31:	|........ +....... ........ ........| ok p=0.99707
Q32:	|........ ........ ........ ........| ok p=1
Q33:	|........ !....... ........ ........| ok p=1
Q34:	|........ ........ ........ ........| ok p=1
Q35:	|........ ........ ........ ........| ok p=1
Q36:	|........ ........ ........ ........| ok p=1
Q37:	|........ ........ ........ ........| ok p=1
Q38:	|........ ........ ........ ........| ok p=1
Q39:	|........ ........ ........ ........| ok p=1
Q40:	|........ ........ ........ ........| ok p=1
Q41:	|........ ........ ........ ........| ok p=1
Q42:	|........ ........ ........ ........| ok p=1
Q43:	|........ ........ ........ ........| ok p=1
Q44:	|........ ........ ........ ........| ok p=1
Q45:	|........ ........ ........ ........| ok p=1
Q46:	|........ ........ ........ ........| ok p=1
Q47:	|........ ........ ........ ........| ok p=1
Q48:	|........ ........ ........ ........| ok p=1
Q49:	|........ ........ ........ ........| ok p=1
Q50:	|........ ........ ........ ........| ok p=1
Q51:	|........ ........ ........ ........| ok p=1
Q52:	|........ ........ ........ ........| ok p=1
Q53:	|........ ........ ........ ........| ok p=1
Q54:	|........ ........ ........ ........| ok p=1
Q55:	|........ ........ ........ ........| ok p=1
Q56:	|........ ........ ........ ........| ok p=1
Q57:	|........ ........ ........ ........| ok p=1
Q58:	|........ ........ ........ ........| ok p=1
Q59:	|........ ........ ........ ........| ok p=1
Q60:	|........ ........ ........ ......0.| ok p=1
Q61:	|........ ........ ........ ....101.| ok p=0.995117
Q62:	|........ ........ ........ ....1.-.| ok p=1
Q63:	|........ ........ ........ ....-++.| ok p=0.99707
Q64:	|.......+ ........ ........ ......-.|
Best path: totcompl=-23 tottunnel=41, totcond=531, p=0.0296646
Best paths: 2
Q-3:	|10001000 00101101 00010111 10001011|
Q-2:	|11100001 10101101 00011110 +------0|
Q-1:	|11000011 10110010 00011001 110001+1|
Q0:	|1-++++++ 10000101 01001111 00010+-0| ok p=0.87793
Q1:	|.000000- .0...... .1.0++.. ....---+| ok p=0.973633
Q2:	|.010010- .+...... .+1+++.. ....0+0-| ok p=1
Q3:	|1.1....- .+...... .00+.... ....1+1-| ok p=1
Q4:	|0.1..... .-.!.... .--.10.. ...1+.+1| ok p=1
Q5:	|1.+....1 .1...... .--1..0. ...0+0+-| ok p=1
Q6:	|11+!.... .-..^... ..0...1. ..1-+..+| ok p=1
Q7:	|+0...... .1..-... .01...-. ..0-+.10| ok p=1
Q8:	|111..... .+!.0... ..-^..-. ..--...1| ok p=1
Q9:	|1...1... .1^11..^ ..0-..-. .^+10...| ok p=1
Q10:	|..100011 1-+1..1- .110!... 1.+00.10| ok p=1
Q11:	|.^11-110 1-0-..00 0011.111 0^1+0^01| ok p=1
Q12:	|!+++1-++ +0++.1+0 1-++^010 +-----++| ok p=1
Q13:	|^0---1-+ --1+.00. ++-+++++ +1+--100| ok p=1
Q14:	|.-11011. 1110.+0. 110111+1 010.0111| ok p=1
Q15:	|.-10-.+1 ++.-.+.. 100+01-1 1.101.-.| ok p=0.404297
Q16:	|.+..-... 1..0.-.0 ...1..1. -..0+..1| ok p=0.794922
Q17:	|.1..1.^. 0^.+.+.1 ...-..0. +..1..^1| ok p=0.68457
Q18:	|.0..+... 1....-.+ ...-.... 1..-^..-| ok p=0.505859
Q19:	|....+.0. -..^.-.. ..0+.... +.......| ok p=0.762695
Q20:	|....001. ..0..1.^ ..1+..0. ..0^...^| ok p=1
Q21:	|....11+. ^.1..1.. ..+0..1. ^.1....0| ok p=0.916016
Q22:	|.....-.. ..-..... ...0..-. ..+....1| ok p=0.915039
Q23:	|.0....^. .....0.. ..^..... .......-| ok p=1
Q24:	|.1...^.. ..^..1.. .0....^. ..^.0...| ok p=0.735352
Q25:	|.+...... .....+.. .1...... .......^| ok p=0.744141
Q26:	|........ 0....... .+...... ...0-...| ok p=1
Q27:	|.^...... 1....^.. ........ ...1-...| ok p=0.99707
Q28:	|........ -....... .^...... ...-+...| ok p=0.786133
Q29:	|........ 0....... ........ ....0...| ok p=0.996094
Q30:	|........ +....... ........ ...^1...| ok p=1
Q31:	|........ +....... ........ ........| ok p=0.999023
Q32:	|........ ........ ........ ........| ok p=1
Q33:	|........ !....... ........ ........| ok p=1
Q34:	|........ ........ ........ ........| ok p=1
Q35:	|........ ........ ........ ........| ok p=1
Q36:	|........ ........ ........ ........| ok p=1
Q37:	|........ ........ ........ ........| ok p=1
Q38:	|........ ........ ........ ........| ok p=1
Q39:	|........ ........ ........ ........| ok p=1
Q40:	|........ ........ ........ ........| ok p=1
Q41:	|........ ........ ........ ........| ok p=1
Q42:	|........ ........ ........ ........| ok p=1
Q43:	|........ ........ ........ ........| ok p=1
Q44:	|........ ........ ........ ........| ok p=1
Q45:	|........ ........ ........ ........| ok p=1
Q46:	|........ ........ ........ ........| ok p=1
Q47:	|........ ........ ........ ........| ok p=1
Q48:	|........ ........ ........ ........| ok p=1
Q49:	|........ ........ ........ ........| ok p=1
Q50:	|........ ........ ........ ........| ok p=1
Q51:	|........ ........ ........ ........| ok p=1
Q52:	|........ ........ ........ ........| ok p=1
Q53:	|........ ........ ........ ........| ok p=1
Q54:	|........ ........ ........ ........| ok p=1
Q55:	|........ ........ ........ ........| ok p=1
Q56:	|........ ........ ........ ........| ok p=1
Q57:	|........ ........ ........ ........| ok p=1
Q58:	|........ ........ ........ ........| ok p=1
Q59:	|........ ........ ........ ........| ok p=1
Q60:	|........ ........ ........ ......0.| ok p=1
Q61:	|........ ........ ........ ....101.| ok p=0.996094
Q62:	|........ ........ ........ ....1.-.| ok p=1
Q63:	|........ ........ ........ ....-++.| ok p=0.994141
Q64:	|.......+ ........ ........ ......-.|
Best path: totcompl=-23 tottunnel=41, totcond=530, p=0.0284889
Best paths: 2
Q-3:	|10001000 00101101 00010111 10001011|
Q-2:	|11100001 10101101 00011110 +------0|
Q-1:	|11000011 10110010 00011001 110001+1|
Q0:	|1-++++++ 10000101 01001111 00010+-0| ok p=0.867188
Q1:	|.000000- .0...... .1.0++.. ....---+| ok p=0.983398
Q2:	|.010010- .+...... .+1+++.. ....0+0-| ok p=1
Q3:	|1.1....- .+...... .00+.... ....1+1-| ok p=1
Q4:	|0.1..... .-.!.... .--.10.. ...1+.+1| ok p=1
Q5:	|1.+....1 .1...... .--1..0. ...0+0+-| ok p=0.999023
Q6:	|11+..... .-..^... ..0...1. ..1-+..+| ok p=1
Q7:	|+0...... .1..-... .01...-. ..0-+.10| ok p=1
Q8:	|111..... .+.!0... ..-^..-. ..--...1| ok p=1
Q9:	|1...1... .1^11..^ ..0-..-. .^+10...| ok p=1
Q10:	|..100011 1-+1..0- .110!... 1.+00.10| ok p=1
Q11:	|.^11-110 1-0-.^10 0011.111 0^1+0^01| ok p=1
Q12:	|!+++1-++ +0++.+-0 1-++^010 +-----++| ok p=1
Q13:	|^0---1-+ --1+.00. ++-+++++ +1+--100| ok p=1
Q14:	|.-11011. 1110.+0. 110111+1 010.0111| ok p=1
Q15:	|.-10-.+1 ++.-.+.. 100+01-1 1.101.-.| ok p=0.423828
Q16:	|.+..-... 1..0.-.0 ...1..1. -..0+..1| ok p=0.834961
Q17:	|.1..1.^. 0^.+.+.1 ...-..0. +..1..^1| ok p=0.686523
Q18:	|.0..+... 1....-.+ ...-.... 1..-^..-| ok p=0.498047
Q19:	|....+.0. -..^.-.. ..0+.... +.......| ok p=0.760742
Q20:	|....001. ..0..1.^ ..1+..0. ..0^...^| ok p=1
Q21:	|....11+. ^.1..1.. ..+0..1. ^.1....0| ok p=0.917969
Q22:	|.....-.. ..-..... ...0..-. ..+....1| ok p=0.919922
Q23:	|.0....^. .....0.. ..^..... .......-| ok p=1
Q24:	|.1...^.. ..^..1.. .0....^. ..^.0...| ok p=0.746094
Q25:	|.+...... .....+.. .1...... .......^| ok p=0.759766
Q26:	|........ 0....... .+...... ...0-...| ok p=1
Q27:	|.^...... 1....^.. ........ ...1-...| ok p=1
Q28:	|........ -....... .^...... ...-+...| ok p=0.768555
Q29:	|........ 0....... ........ ....0...| ok p=0.996094
Q30:	|........ +....... ........ ...^1...| ok p=1
Q31:	|........ +....... ........ ........| ok p=0.999023
Q32:	|........ ........ ........ ........| ok p=1
Q33:	|........ !....... ........ ........| ok p=1
Q34:	|........ ........ ........ ........| ok p=1
Q35:	|........ ........ ........ ........| ok p=1
Q36:	|........ ........ ........ ........| ok p=1
Q37:	|........ ........ ........ ........| ok p=1
Q38:	|........ ........ ........ ........| ok p=1
Q39:	|........ ........ ........ ........| ok p=1
Q40:	|........ ........ ........ ........| ok p=1
Q41:	|........ ........ ........ ........| ok p=1
Q42:	|........ ........ ........ ........| ok p=1
Q43:	|........ ........ ........ ........| ok p=1
Q44:	|........ ........ ........ ........| ok p=1
Q45:	|........ ........ ........ ........| ok p=1
Q46:	|........ ........ ........ ........| ok p=1
Q47:	|........ ........ ........ ........| ok p=1
Q48:	|........ ........ ........ ........| ok p=1
Q49:	|........ ........ ........ ........| ok p=1
Q50:	|........ ........ ........ ........| ok p=1
Q51:	|........ ........ ........ ........| ok p=1
Q52:	|........ ........ ........ ........| ok p=1
Q53:	|........ ........ ........ ........| ok p=1
Q54:	|........ ........ ........ ........| ok p=1
Q55:	|........ ........ ........ ........| ok p=1
Q56:	|........ ........ ........ ........| ok p=1
Q57:	|........ ........ ........ ........| ok p=1
Q58:	|........ ........ ........ ........| ok p=1
Q59:	|........ ........ ........ ........| ok p=1
Q60:	|........ ........ ........ ......0.| ok p=1
Q61:	|........ ........ ........ ....101.| ok p=0.993164
Q62:	|........ ........ ........ ....1.-.| ok p=1
Q63:	|........ ........ ........ ....-++.| ok p=0.998047
Q64:	|.......+ ........ ........ ......-.|
Best path: totcompl=-22 tottunnel=42, totcond=530, p=0.0280349
**Q-3:	|10001000 00101101 00010111 10001011|
Q-2:	|11100001 10101101 00011110 +------0|
Q-1:	|11000011 10110010 00011001 110001+1|
Q0:	|1-++++++ 10000101 01001111 00010+-0| ok p=0.885742
Q1:	|.000000- .0...... .1.0++.. ....---+| ok p=0.990234
Q2:	|.010010- .+...... .+1+++.. ....0+0-| ok p=1
Q3:	|..1....- .+...... .00+.... ....1+1-| ok p=1
Q4:	|.!1..... .-.!.... .--.10.. ...1+.+1| ok p=1
Q5:	|1!+....1 .1..1... .--1.... ...0+0+-| ok p=1
Q6:	|1.+!.... .-..0... ..0..!^. ..1-+..+| ok p=1
Q7:	|+^0..... .1..-... .11...-. ..0-+.10| ok p=1
Q8:	|-.1..... .+!.0... ..-^..0. ..-1...1| ok p=1
Q9:	|-.0..... .1.11... ..-+011. .^++0...| ok p=1
Q10:	|+10..0.0 1011.... .11111+1 ^.++1.0.| ok p=1
Q11:	|+0-..1.1 011-00.. .1000+-0 +^+01.1^| ok p=1
Q12:	|+++..+.+ ----10^^ ^-+++-0- 0--0-.--| ok p=1
Q13:	|-11.0+.1 -+++-+++ ++-00+-- +00-+011| ok p=1
Q14:	|010.1.^1 10100+01 1100-100 -010-011| ok p=1
Q15:	|11..-0+. ++001+01 100001-0 1..01+..| ok p=0.720703
Q16:	|.+..-.+. 1..1.-.0 ...+0... -..1+..0| ok p=0.391602
Q17:	|....1.0. 0^.-.1.1 ...0..^. 0..1.^.1| ok p=0.858398
Q18:	|.^..+.0. 1....1.- ...-.... 0..-^..-| ok p=0.979492
Q19:	|....+.0. -..^.-.. ..0-.... +.......| ok p=0.670898
Q20:	|....001. ..0....^ ..0+..0. ..0^...^| ok p=1
Q21:	|....11-. ^.1..^.. ..+1..1. ^.1....0| ok p=0.923828
Q22:	|.....-.. ..-..... ...1..-. ..+....1| ok p=0.907227
Q23:	|.0...1^. .....0.. ..^..... .......-| ok p=1
Q24:	|.1...0.. ..^..1.. .0....^. ..^.0...| ok p=0.722656
Q25:	|.+...... .....+.. .1...... .......^| ok p=0.748047
Q26:	|........ 0....... .+...... ...0-...| ok p=1
Q27:	|.^...... 1....^.. ........ ...1-...| ok p=0.998047
Q28:	|........ -....... .^...... ...-+...| ok p=0.765625
Q29:	|........ 0....... ........ ....0...| ok p=0.999023
Q30:	|........ +....... ........ ...^1...| ok p=1
Q31:	|........ +....... ........ ........| ok p=0.999023
Q32:	|........ ........ ........ ........| ok p=1
Q33:	|........ !....... ........ ........| ok p=1
Q34:	|........ ........ ........ ........| ok p=1
Q35:	|........ ........ ........ ........| ok p=1
Q36:	|........ ........ ........ ........| ok p=1
Q37:	|........ ........ ........ ........| ok p=1
Q38:	|........ ........ ........ ........| ok p=1
Q39:	|........ ........ ........ ........| ok p=1
Q40:	|........ ........ ........ ........| ok p=1
Q41:	|........ ........ ........ ........| ok p=1
Q42:	|........ ........ ........ ........| ok p=1
Q43:	|........ ........ ........ ........| ok p=1
Q44:	|........ ........ ........ ........| ok p=1
Q45:	|........ ........ ........ ........| ok p=1
Q46:	|........ ........ ........ ........| ok p=1
Q47:	|........ ........ ........ ........| ok p=1
Q48:	|........ ........ ........ ........| ok p=1
Q49:	|........ ........ ........ ........| ok p=1
Q50:	|........ ........ ........ ........| ok p=1
Q51:	|........ ........ ........ ........| ok p=1
Q52:	|........ ........ ........ ........| ok p=1
Q53:	|........ ........ ........ ........| ok p=1
Q54:	|........ ........ ........ ........| ok p=1
Q55:	|........ ........ ........ ........| ok p=1
Q56:	|........ ........ ........ ........| ok p=1
Q57:	|........ ........ ........ ........| ok p=1
Q58:	|........ ........ ........ ........| ok p=1
Q59:	|........ ........ ........ ........| ok p=1
Q60:	|........ ........ ........ ......0.| ok p=1
Q61:	|........ ........ ........ ....101.| ok p=0.995117
Q62:	|........ ........ ........ ....1.-.| ok p=1
Q63:	|........ ........ ........ ....-++.| ok p=0.99707
Q64:	|.......+ ........ ........ ......-.|
Best path: totcompl=-22 tottunnel=43, totcond=529, p=0.0513055
Q-3:	|10001000 00101101 00010111 10001011|
Q-2:	|11100001 10101101 00011110 +------0|
Q-1:	|11000011 10110010 00011001 110001+1|
Q0:	|1-++++++ 10000101 01001111 00010+-0| ok p=0.878906
Q1:	|.000000- .0...... .1.0++.. ....---+| ok p=0.984375
Q2:	|.010010- .+...... .+1+++.. ....0+0-| ok p=1
Q3:	|1.1....- .+...... .00+.... ....1+1-| ok p=1
Q4:	|0.1..... .-!..... .--.10.. ...1+.+1| ok p=1
Q5:	|1.+....1 .1..1... .--1.... ...0+0+-| ok p=1
Q6:	|1.+!.... .-..0... ..0..!^. ..0-+..+| ok p=1
Q7:	|+^0..... .1..-... .11...-. ..0-+.10| ok p=1
Q8:	|-.1..... .+.!0... ..-0..0. ..-1...1| ok p=1
Q9:	|-.0..... .1.11... ..-1111. .^++0...| ok p=1
Q10:	|+10..0.0 1011.... ..-+01+1 ^.++1.0.| ok p=1
Q11:	|+0-..1.1 011-00.. .11-1+-0 +^+01.1^| ok p=1
Q12:	|+++..+.+ ----10^^ ^00---0- 0--0-.--| ok p=1
Q13:	|-11.0+.1 -+++-+++ ++--0+-- +00-+010| ok p=1
Q14:	|010.1.^1 10100+10 0111-00. -010-011| ok p=1
Q15:	|11..-0+. ++001+01 101001-0 1..01+..| ok p=0.726562
Q16:	|.+..-.+. 1..1.-.0 ...+0... -..1+..0| ok p=0.395508
Q17:	|....1.0. 0^.-.1.1 ...0..^. 0..1.^.1| ok p=0.862305
Q18:	|.^..+.0. 1....1.- ...-.... 0..-^..-| ok p=0.977539
Q19:	|....+.0. -..^.-.. ..0-.... +.......| ok p=0.680664
Q20:	|....001. ..0....^ ..0+..0. ..0^...^| ok p=1
Q21:	|....11-. ^.1..^.. ..+1..1. ^.1....0| ok p=0.90625
Q22:	|.....-.. ..-..... ...1..-. ..+....1| ok p=0.916016
Q23:	|.0...1^. .....0.. ..^..... .......-| ok p=1
Q24:	|.1...0.. ..^..1.. .0....^. ..^.0...| ok p=0.762695
Q25:	|.+...... .....+.. .1...... .......^| ok p=0.748047
Q26:	|........ 0....... .+...... ...0-...| ok p=1
Q27:	|.^...... 1....^.. ........ ...1-...| ok p=1
Q28:	|........ -....... .^...... ...-+...| ok p=0.783203
Q29:	|........ 0....... ........ ....0...| ok p=1
Q30:	|........ +....... ........ ...^1...| ok p=1
Q31:	|........ +....... ........ ........| ok p=0.999023
Q32:	|........ ........ ........ ........| ok p=1
Q33:	|........ !....... ........ ........| ok p=1
Q34:	|........ ........ ........ ........| ok p=1
Q35:	|........ ........ ........ ........| ok p=1
Q36:	|........ ........ ........ ........| ok p=1
Q37:	|........ ........ ........ ........| ok p=1
Q38:	|........ ........ ........ ........| ok p=1
Q39:	|........ ........ ........ ........| ok p=1
Q40:	|........ ........ ........ ........| ok p=1
Q41:	|........ ........ ........ ........| ok p=1
Q42:	|........ ........ ........ ........| ok p=1
Q43:	|........ ........ ........ ........| ok p=1
Q44:	|........ ........ ........ ........| ok p=1
Q45:	|........ ........ ........ ........| ok p=1
Q46:	|........ ........ ........ ........| ok p=1
Q47:	|........ ........ ........ ........| ok p=1
Q48:	|........ ........ ........ ........| ok p=1
Q49:	|........ ........ ........ ........| ok p=1
Q50:	|........ ........ ........ ........| ok p=1
Q51:	|........ ........ ........ ........| ok p=1
Q52:	|........ ........ ........ ........| ok p=1
Q53:	|........ ........ ........ ........| ok p=1
Q54:	|........ ........ ........ ........| ok p=1
Q55:	|........ ........ ........ ........| ok p=1
Q56:	|........ ........ ........ ........| ok p=1
Q57:	|........ ........ ........ ........| ok p=1
Q58:	|........ ........ ........ ........| ok p=1
Q59:	|........ ........ ........ ........| ok p=1
Q60:	|........ ........ ........ ......0.| ok p=1
Q61:	|........ ........ ........ ....101.| ok p=0.995117
Q62:	|........ ........ ........ ....1.-.| ok p=1
Q63:	|........ ........ ........ ....-++.| ok p=0.998047
Q64:	|.......+ ........ ........ ......-.|
Best path: totcompl=-22 tottunnel=43, totcond=527, p=0.0474192
Best paths: 2
Best paths: 4
Q-3:	|10001000 00101101 00010111 10001011|
Q-2:	|11100001 10101101 00011110 +------0|
Q-1:	|11000011 10110010 00011001 110001+1|
Q0:	|1-++++++ 10000101 01001111 00010+-0| ok p=0.87793
Q1:	|.000000- .0...... .1.0++.. ....---+| ok p=0.987305
Q2:	|.010010- .+...... .+1+++.. ....0+0-| ok p=1
Q3:	|..1....- .+...... .00+.... ....1+1-| ok p=1
Q4:	|!.1..... .-!..... .--.10.. ...1+.+1| ok p=1
Q5:	|1!+....1 .1..1... .--1.... ...0+0+-| ok p=1
Q6:	|10+..... .-..0... ..0..!^. ..0-+..+| ok p=1
Q7:	|-1...... .1..-... .11...-. ..0-+.10| ok p=1
Q8:	|+.1..... .+!.0... ..-0..0. ..-1...1| ok p=1
Q9:	|+.0..... .1.11... ..-1111. .^++0...| ok p=1
Q10:	|-00..0.0 1011.... ..-+01+1 ^.++1.0.| ok p=1
Q11:	|+1-..1.1 011-00.. .11-1+-0 +^+01.1^| ok p=1
Q12:	|+++..+.+ ----10^^ ^00---0- 0--0-.--| ok p=1
Q13:	|-11.0+.1 -+++-+++ ++--0+-- +00-+010| ok p=1
Q14:	|010.1.^1 10100+10 0111-00. -010-011| ok p=1
Q15:	|11..-0+. ++001+01 101001-0 1..01+..| ok p=0.722656
Q16:	|.+..-.+. 1..1.-.0 ...+0... -..1+..0| ok p=0.368164
Q17:	|....1.0. 0^.-.1.1 ...0..^. 0..1.^.1| ok p=0.828125
Q18:	|.^..+.0. 1....1.- ...-.... 0..-^..-| ok p=0.977539
Q19:	|....+.0. -..^.-.. ..0-.... +.......| ok p=0.695312
Q20:	|....001. ..0....^ ..0+..0. ..0^...^| ok p=1
Q21:	|....11-. ^.1..^.. ..+1..1. ^.1....0| ok p=0.919922
Q22:	|.....-.. ..-..... ...1..-. ..+....1| ok p=0.914062
Q23:	|.0...1^. .....0.. ..^..... .......-| ok p=1
Q24:	|.1...0.. ..^..1.. .0....^. ..^.0...| ok p=0.711914
Q25:	|.+...... .....+.. .1...... .......^| ok p=0.723633
Q26:	|........ 0....... .+...... ...0-...| ok p=1
Q27:	|.^...... 1....^.. ........ ...1-...| ok p=0.999023
Q28:	|........ -....... .^...... ...-+...| ok p=0.786133
Q29:	|........ 0....... ........ ....0...| ok p=0.999023
Q30:	|........ +....... ........ ...^1...| ok p=1
Q31:	|........ +....... ........ ........| ok p=0.998047
Q32:	|........ ........ ........ ........| ok p=1
Q33:	|........ !....... ........ ........| ok p=1
Q34:	|........ ........ ........ ........| ok p=1
Q35:	|........ ........ ........ ........| ok p=1
Q36:	|........ ........ ........ ........| ok p=1
Q37:	|........ ........ ........ ........| ok p=1
Q38:	|........ ........ ........ ........| ok p=1
Q39:	|........ ........ ........ ........| ok p=1
Q40:	|........ ........ ........ ........| ok p=1
Q41:	|........ ........ ........ ........| ok p=1
Q42:	|........ ........ ........ ........| ok p=1
Q43:	|........ ........ ........ ........| ok p=1
Q44:	|........ ........ ........ ........| ok p=1
Q45:	|........ ........ ........ ........| ok p=1
Q46:	|........ ........ ........ ........| ok p=1
Q47:	|........ ........ ........ ........| ok p=1
Q48:	|........ ........ ........ ........| ok p=1
Q49:	|........ ........ ........ ........| ok p=1
Q50:	|........ ........ ........ ........| ok p=1
Q51:	|........ ........ ........ ........| ok p=1
Q52:	|........ ........ ........ ........| ok p=1
Q53:	|........ ........ ........ ........| ok p=1
Q54:	|........ ........ ........ ........| ok p=1
Q55:	|........ ........ ........ ........| ok p=1
Q56:	|........ ........ ........ ........| ok p=1
Q57:	|........ ........ ........ ........| ok p=1
Q58:	|........ ........ ........ ........| ok p=1
Q59:	|........ ........ ........ ........| ok p=1
Q60:	|........ ........ ........ ......0.| ok p=1
Q61:	|........ ........ ........ ....101.| ok p=0.994141
Q62:	|........ ........ ........ ....1.-.| ok p=1
Q63:	|........ ........ ........ ....-++.| ok p=0.998047
Q64:	|.......+ ........ ........ ......-.|
Best path: totcompl=-22 tottunnel=43, totcond=526, p=0.0456559
**Q-3:	|10001000 00101101 00010111 10001011|
Q-2:	|11100001 10101101 00011110 +------0|
Q-1:	|11000011 10110010 00011001 110001+1|
Q0:	|1-++++++ 10000101 01001111 00010+-0| ok p=0.853516
Q1:	|.000000- .0...... .1.0++.. ....---+| ok p=0.985352
Q2:	|.010010- .+...... .+1+++.. ....0+0-| ok p=1
Q3:	|..1....- .+...... .00+.... ....1+1-| ok p=1
Q4:	|0!1..... .-.!.... .--.10.. ...1+.+1| ok p=1
Q5:	|1.+....1 .1..1... .--1.... ...0+0+-| ok p=0.998047
Q6:	|10+!.... .-..0... ..0...^. ..0-+..+| ok p=1
Q7:	|-1...... .1..-... .11...-. ..0-+.10| ok p=1
Q8:	|+.1..... .+.!0... ..-0..0. ..-1...1| ok p=1
Q9:	|+.0..... .1.11... ..-1111. .^++0...| ok p=1
Q10:	|-10..0.0 1011.... ..-+01+1 ^.++1.0.| ok p=1
Q11:	|-0-..1.1 011-00.. .11-1+-0 +^+01.1^| ok p=1
Q12:	|-++..+.+ ----10^^ ^00---0- 0--0-.--| ok p=1
Q13:	|+11.0+.1 -+++-+++ ++--0+-- +00-+010| ok p=1
Q14:	|110.1.^1 10100+10 0111-00. -010-011| ok p=1
Q15:	|11..-0+. ++001+01 101001-0 1..01+..| ok p=0.711914
Q16:	|.+..-.+. 1..1.-.0 ...+0... -..1+..0| ok p=0.40625
Q17:	|....1.0. 0^.-.1.1 ...0..^. 0..1.^.1| ok p=0.841797
Q18:	|.^..+.0. 1....1.- ...-.... 0..-^..-| ok p=0.970703
Q19:	|....+.0. -..^.-.. ..0-.... +.......| ok p=0.711914
Q20:	|....001. ..0....^ ..0+..0. ..0^...^| ok p=1
Q21:	|....11-. ^.1..^.. ..+1..1. ^.1....0| ok p=0.924805
Q22:	|.....-.. ..-..... ...1..-. ..+....1| ok p=0.922852
Q23:	|.0...1^. .....0.. ..^..... .......-| ok p=1
Q24:	|.1...0.. ..^..1.. .0....^. ..^.0...| ok p=0.75293
Q25:	|.+...... .....+.. .1...... .......^| ok p=0.738281
Q26:	|........ 0....... .+...... ...0-...| ok p=1
Q27:	|.^...... 1....^.. ........ ...1-...| ok p=1
Q28:	|........ -....... .^...... ...-+...| ok p=0.787109
Q29:	|........ 0....... ........ ....0...| ok p=1
Q30:	|........ +....... ........ ...^1...| ok p=1
Q31:	|........ +....... ........ ........| ok p=1
Q32:	|........ ........ ........ ........| ok p=1
Q33:	|........ !....... ........ ........| ok p=1
Q34:	|........ ........ ........ ........| ok p=1
Q35:	|........ ........ ........ ........| ok p=1
Q36:	|........ ........ ........ ........| ok p=1
Q37:	|........ ........ ........ ........| ok p=1
Q38:	|........ ........ ........ ........| ok p=1
Q39:	|........ ........ ........ ........| ok p=1
Q40:	|........ ........ ........ ........| ok p=1
Q41:	|........ ........ ........ ........| ok p=1
Q42:	|........ ........ ........ ........| ok p=1
Q43:	|........ ........ ........ ........| ok p=1
Q44:	|........ ........ ........ ........| ok p=1
Q45:	|........ ........ ........ ........| ok p=1
Q46:	|........ ........ ........ ........| ok p=1
Q47:	|........ ........ ........ ........| ok p=1
Q48:	|........ ........ ........ ........| ok p=1
Q49:	|........ ........ ........ ........| ok p=1
Q50:	|........ ........ ........ ........| ok p=1
Q51:	|........ ........ ........ ........| ok p=1
Q52:	|........ ........ ........ ........| ok p=1
Q53:	|........ ........ ........ ........| ok p=1
Q54:	|........ ........ ........ ........| ok p=1
Q55:	|........ ........ ........ ........| ok p=1
Q56:	|........ ........ ........ ........| ok p=1
Q57:	|........ ........ ........ ........| ok p=1
Q58:	|........ ........ ........ ........| ok p=1
Q59:	|........ ........ ........ ........| ok p=1
Q60:	|........ ........ ........ ......0.| ok p=1
Q61:	|........ ........ ........ ....101.| ok p=0.995117
Q62:	|........ ........ ........ ....1.-.| ok p=1
Q63:	|........ ........ ........ ....-++.| ok p=0.996094
Q64:	|.......+ ........ ........ ......-.|
Best path: totcompl=-21 tottunnel=44, totcond=526, p=0.0495067
****Q-3:	|10001000 00101101 00010111 10001011|
Q-2:	|11100001 10101101 00011110 +------0|
Q-1:	|11000011 10110010 00011001 110001+1|
Q0:	|1-++++++ 10000101 01001111 00010+-0| ok p=0.892578
Q1:	|.000000- .0...... .1.0++.. ....---+| ok p=0.986328
Q2:	|.010110- ^+...... 1+.+++.. ....0+0-| ok p=1
Q3:	|.......- +-..1... 00.1.... ....1+1-| ok p=0.99707
Q4:	|......1. 0-..1... -1.110.. ....+.+0| ok p=1
Q5:	|......01 011.+... -....... ....+01+| ok p=0.995117
Q6:	|!....^-. .-0.+... 1.....^. .0....1+| ok p=1
Q7:	|.....-+. ^0-..... 0....^+. .0..1..0| ok p=1
Q8:	|0....00. +1+.1... .....-0. .-.....1| ok p=1
Q9:	|00!..+0. 0++..... ....0101 .+.....-| ok p=1
Q10:	|+1.11+01 0+..01.1 ....0001 .0...0.-| ok p=1
Q11:	|-1110111 1-0.10^1 1.^^+-1+ .1..01^-| ok p=1
Q12:	|+00--+++ +1..+--- 0^++-0-- ^0^^1-++| ok p=1
Q13:	|-++--0-- +0..000+ -+111+-+ -----101| ok p=1
Q14:	|1-1.0111 -+..0+10 00110+00 1000-110| ok p=1
Q15:	|0-10-.+1 ++.0.+.0 11.+..-0 11110.-.| ok p=0.524414
Q16:	|.+..-... 01.1.-.0 ...1.^.. -..0+..1| ok p=0.776367
Q17:	|.1..1.^. 00.+.+.1 ...-..^. +..1..^1| ok p=0.695312
Q18:	|.0..+... 1....-.+ ...-.... 1..-^..-| ok p=0.469727
Q19:	|....+.0. -..^.-.. ..0+.... +.......| ok p=0.751953
Q20:	|....001. ..0..1.^ ..1+..0. ..0^...^| ok p=1
Q21:	|....11+. ^.1..1.. ..+0..1. ^.1....0| ok p=0.910156
Q22:	|.....-.. ..-..... ...0..-. ..+....1| ok p=0.922852
Q23:	|.0....^. .....0.. ..^..... .......-| ok p=1
Q24:	|.1...^.. ..^..1.. .0....^. ..^.0...| ok p=0.764648
Q25:	|.+...... .....+.. .1...... .......^| ok p=0.750977
Q26:	|........ 0....... .+...... ...0-...| ok p=1
Q27:	|.^...... 1....^.. ........ ...1-...| ok p=0.999023
Q28:	|........ -....... .^...... ...-+...| ok p=0.771484
Q29:	|........ 0....... ........ ....0...| ok p=0.998047
Q30:	|........ +....... ........ ...^1...| ok p=1
Q31:	|........ +....... ........ ........| ok p=0.996094
Q32:	|........ ........ ........ ........| ok p=1
Q33:	|........ !....... ........ ........| ok p=1
Q34:	|........ ........ ........ ........| ok p=1
Q35:	|........ ........ ........ ........| ok p=1
Q36:	|........ ........ ........ ........| ok p=1
Q37:	|........ ........ ........ ........| ok p=1
Q38:	|........ ........ ........ ........| ok p=1
Q39:	|........ ........ ........ ........| ok p=1
Q40:	|........ ........ ........ ........| ok p=1
Q41:	|........ ........ ........ ........| ok p=1
Q42:	|........ ........ ........ ........| ok p=1
Q43:	|........ ........ ........ ........| ok p=1
Q44:	|........ ........ ........ ........| ok p=1
Q45:	|........ ........ ........ ........| ok p=1
Q46:	|........ ........ ........ ........| ok p=1
Q47:	|........ ........ ........ ........| ok p=1
Q48:	|........ ........ ........ ........| ok p=1
Q49:	|........ ........ ........ ........| ok p=1
Q50:	|........ ........ ........ ........| ok p=1
Q51:	|........ ........ ........ ........| ok p=1
Q52:	|........ ........ ........ ........| ok p=1
Q53:	|........ ........ ........ ........| ok p=1
Q54:	|........ ........ ........ ........| ok p=1
Q55:	|........ ........ ........ ........| ok p=1
Q56:	|........ ........ ........ ........| ok p=1
Q57:	|........ ........ ........ ........| ok p=1
Q58:	|........ ........ ........ ........| ok p=1
Q59:	|........ ........ ........ ........| ok p=1
Q60:	|........ ........ ........ ......0.| ok p=1
Q61:	|........ ........ ........ ....101.| ok p=0.99707
Q62:	|........ ........ ........ ....1.-.| ok p=1
Q63:	|........ ........ ........ ....-++.| ok p=0.995117
Q64:	|.......+ ........ ........ ......-.|
Best path: totcompl=-19 tottunnel=45, totcond=524, p=0.0332937
****************************************
Best path: totcompl=-19 tottunnel=45, totcond=524
Verified: 207501 bad out of 207519
Runtime: 564.536
