Extend MD5 differential paths forward
Copyright (C) 2009 Marc Stevens
http://homepages.cwi.nl/~stevens/

delta_m[11] = [!-23!]
Loading workdir8/lowerpath.bin.gz...done: 1.
Estimating maxcond for upper bound 8000000 (=2000000 * 4)...
t=1:  0%   10   20   30   40   50   60   70   80   90   100%
      |----|----|----|----|----|----|----|----|----|----|
e     ***************************************************
Found maxcond = 2176
t=1:  0%   10   20   30   40   50   60   70   80   90   100%
      |----|----|----|----|----|----|----|----|----|----|
      ***************************************************
Q-3:	|10001000 00101101 00010111 10001011|
Q-2:	|11100001 10101101 00011110 +------0|
Q-1:	|11000011 10110010 00011001 110001+1|
Q0:	|1-++++++ 10000101 01001111 00010+-0| ok p=0.87207
Q1:	|.000000- ........ ....++.. ....--0-| ok p=0.999023
Q2:	|.......- .+...... +.+..-.. .....+.-|
Saving 2944 paths...done.
Autobalance parameters: maxcond=2176
Verified: 0 bad out of 2944
Estimating maxcond for upper bound 8000000 (=2000000 * 4)...
t=2:  0%   10   20   30   40   50   60   70   80   90   100%
      |----|----|----|----|----|----|----|----|----|----|
e     **************************************************Found maxcond = 161
t=2:  0%   10   20   30   40   50   60   70   80   90   100%
      |----|----|----|----|----|----|----|----|----|----|
      **************************************************Q-3:	|10001000 00101101 00010111 10001011|
Q-2:	|11100001 10101101 00011110 +------0|
Q-1:	|11000011 10110010 00011001 110001+1|
Q0:	|1-++++++ 10000101 01001111 00010+-0| ok p=0.750977
Q1:	|.10000-+ .0.....1 ...+1-.. ...-.+1-| ok p=0.501953
Q2:	|.11111-. .-.....- ...++0.. ...+..++| ok p=0.985352
Q3:	|..+...-. .-.-.-.- ..+.-.+. ...+.+.-|
Saving 2000000 paths...done.
Autobalance parameters: maxcond=160
Verified: 0 bad out of 2648685
Estimating maxcond for upper bound 8000000 (=2000000 * 4)...
t=3:  0%   10   20   30   40   50   60   70   80   90   100%
      |----|----|----|----|----|----|----|----|----|----|
e     ***************************************************
Found maxcond = 173
t=3:  0%   10   20   30   40   50   60   70   80   90   100%
      |----|----|----|----|----|----|----|----|----|----|
      ***************************************************
Q-3:	|10001000 00101101 00010111 10001011|
Q-2:	|11100001 10101101 00011110 +------0|
Q-1:	|11000011 10110010 00011001 110001+1|
Q0:	|1-++++++ 10000101 01001111 00010+-0| ok p=0.884766
Q1:	|.000000- .0...... .1.0++.. ....---+| ok p=0.982422
Q2:	|.000110- .+...... .+.+++.. ....0+.-| ok p=0.881836
Q3:	|.......- .+...... .+.0.... ....1+1-| ok p=0.986328
Q4:	|........ .-...... .-.+.... ....+.-.|
Saving 2000000 paths...done.
Autobalance parameters: maxcond=171
Verified: 2132 bad out of 3650655
Estimating maxcond for upper bound 8000000 (=2000000 * 4)...
t=4:  0%   10   20   30   40   50   60   70   80   90   100%
      |----|----|----|----|----|----|----|----|----|----|
e     ***************************************************
Found maxcond = 181
t=4:  0%   10   20   30   40   50   60   70   80   90   100%
      |----|----|----|----|----|----|----|----|----|----|
      ***************************************************
Q-3:	|10001000 00101101 00010111 10001011|
Q-2:	|11100001 10101101 00011110 +------0|
Q-1:	|11000011 10110010 00011001 110001+1|
Q0:	|1-++++++ 10000101 01001111 00010+-0| ok p=0.884766
Q1:	|.100000- .0...... .1.0++.. ....---+| ok p=0.5
Q2:	|.111110- .+...... .+.++0.. ....0+.-| ok p=0.947266
Q3:	|.......- .+...... .+.+++.. ....1+1-| ok p=0.989258
Q4:	|........ .-...... ...-.-.. ....+..+| ok p=0.862305
Q5:	|..+..... ...-..+. ...-.-.- ....+...|
Saving 2000000 paths...done.
Autobalance parameters: maxcond=180
Verified: 364 bad out of 2573139
Estimating maxcond for upper bound 8000000 (=2000000 * 4)...
t=5:  0%   10   20   30   40   50   60   70   80   90   100%
      |----|----|----|----|----|----|----|----|----|----|
e     ***************************************************
Found maxcond = 192
t=5:  0%   10   20   30   40   50   60   70   80   90   100%
      |----|----|----|----|----|----|----|----|----|----|
      ***************************************************
Q-3:	|10001000 00101101 00010111 10001011|
Q-2:	|11100001 10101101 00011110 +------0|
Q-1:	|11000011 10110010 00011001 110001+1|
Q0:	|1-++++++ 10000101 01001111 00010+-0| ok p=0.881836
Q1:	|.100000- V0...... .1.0++.. ....---+| ok p=0.50293
Q2:	|.000100- .+...... .+.++0.. ....0+0-| ok p=0.902344
Q3:	|........ --.V.... .+.0.+.. ....1+1-| ok p=0.989258
Q4:	|.......0 0-...... .-.01+.. .....++-| ok p=0.967773
Q5:	|........ 1..-.... .-...... .....+0.| ok p=0.96582
Q6:	|....+.-. .-.-.... ..+..... ...-.+..|
Saving 2000000 paths...done.
Autobalance parameters: maxcond=191
Verified: 0 bad out of 2333954
Estimating maxcond for upper bound 8000000 (=2000000 * 4)...
t=6:  0%   10   20   30   40   50   60   70   80   90   100%
      |----|----|----|----|----|----|----|----|----|----|
e     ***************************************************
Found maxcond = 202
t=6:  0%   10   20   30   40   50   60   70   80   90   100%
      |----|----|----|----|----|----|----|----|----|----|
      ***************************************************
Q-3:	|10001000 00101101 00010111 10001011|
Q-2:	|11100001 10101101 00011110 +------0|
Q-1:	|11000011 10110010 00011001 110001+1|
Q0:	|1-++++++ 10000101 01001111 00010+-0| ok p=0.880859
Q1:	|.000000- .0...... .1.0++.. ....---+| ok p=0.984375
Q2:	|.010010- .+...... .+1+++.. ....0+0-| ok p=1
Q3:	|..V....- .+...... .00+.... ....1+1-| ok p=0.990234
Q4:	|..1..... .-...... .--.10.. ....+.+1| ok p=0.830078
Q5:	|..+....1 .0...... .--1.... ....+0+-| ok p=0.995117
Q6:	|..+..... .-...... ........ .......+| ok p=0.630859
Q7:	|+....... ..-.-... ......-. +.......|
Saving 2000000 paths...done.
Autobalance parameters: maxcond=201
Verified: 0 bad out of 2340568
Estimating maxcond for upper bound 8000000 (=2000000 * 4)...
t=7:  0%   10   20   30   40   50   60   70   80   90   100%
      |----|----|----|----|----|----|----|----|----|----|
e     ***************************************************
Found maxcond = 213
t=7:  0%   10   20   30   40   50   60   70   80   90   100%
      |----|----|----|----|----|----|----|----|----|----|
      ***************************************************
Q-3:	|10001000 00101101 00010111 10001011|
Q-2:	|11100001 10101101 00011110 +------0|
Q-1:	|11000011 10110010 00011001 110001+1|
Q0:	|1-++++++ 10000101 01001111 00010+-0| ok p=0.885742
Q1:	|.000000- V0...... .1.0++.. ....---+| ok p=0.987305
Q2:	|.000110- .+...... .+.+++.. ....0+1-| ok p=0.884766
Q3:	|.......- +-.V.... .+.0.... ....11++| ok p=0.983398
Q4:	|....V..+ 0-.1.... .-.010.. ....+0-0| ok p=0.990234
Q5:	|....1..+ 01.-.... .-...... ....+.--| ok p=0.974609
Q6:	|....+..- .-.-.... ........ ......--| ok p=0.998047
Q7:	|....+..- .-...... .1...... ....1.--| ok p=0.991211
Q8:	|....+... -....... .+.-.-.. ...-.-.+|
Saving 2000000 paths...done.
Autobalance parameters: maxcond=211
Verified: 1624 bad out of 3505573
Estimating maxcond for upper bound 8000000 (=2000000 * 4)...
t=8:  0%   10   20   30   40   50   60   70   80   90   100%
      |----|----|----|----|----|----|----|----|----|----|
e     ***************************************************
Found maxcond = 224
t=8:  0%   10   20   30   40   50   60   70   80   90   100%
      |----|----|----|----|----|----|----|----|----|----|
      ***************************************************
Q-3:	|10001000 00101101 00010111 10001011|
Q-2:	|11100001 10101101 00011110 +------0|
Q-1:	|11000011 10110010 00011001 110001+1|
Q0:	|1-++++++ 10000101 01001111 00010+-0| ok p=0.890625
Q1:	|.000000- V0...... .1.0++.. ....---+| ok p=0.981445
Q2:	|.000110- .+...... .+.+++.. ....0+1-| ok p=0.870117
Q3:	|.......- +-.V.... .+.0.1.. ....11++| ok p=0.987305
Q4:	|....V..+ 0-.1.... .-.010.. .....++1| ok p=0.930664
Q5:	|.......+ 0..-.... .-.0.-.. .....++-| ok p=0.975586
Q6:	|....+..- .0.-.... .0.+V-.. ..V..-.+| ok p=0.970703
Q7:	|....0..- ........ .0.+.-.. .....-0+| ok p=0.998047
Q8:	|....1..+ ...1.... .+..-... ..-.....| ok p=0.97168
Q9:	|....-..+ ..-..+.. .+..-..+ ..-.....|
Saving 2000000 paths...done.
Autobalance parameters: maxcond=223
Verified: 0 bad out of 2207322
Estimating maxcond for upper bound 8000000 (=2000000 * 4)...
t=9:  0%   10   20   30   40   50   60   70   80   90   100%
      |----|----|----|----|----|----|----|----|----|----|
e     ***************************************************
Found maxcond = 235
t=9:  0%   10   20   30   40   50   60   70   80   90   100%
      |----|----|----|----|----|----|----|----|----|----|
      ***************************************************
Q-3:	|10001000 00101101 00010111 10001011|
Q-2:	|11100001 10101101 00011110 +------0|
Q-1:	|11000011 10110010 00011001 110001+1|
Q0:	|1-++++++ 10000101 01001111 00010+-0| ok p=0.860352
Q1:	|.000000- .0...... .1.0++.. ....---+| ok p=0.985352
Q2:	|.011010- .+...... V+.+++.. ....0+0-| ok p=0.642578
Q3:	|..V....- .+...... 00.-.... ....11++| ok p=0.995117
Q4:	|..1...V. .+...... -1.110.. ....+0-1| ok p=0.880859
Q5:	|..+...11 .+...... -..1...V ....1++-| ok p=0.986328
Q6:	|..+...-. .1..V... ...-...1 ..V.1-0+| ok p=0.861328
Q7:	|......-. .0...... 1..-...- .....-01| ok p=0.873047
Q8:	|..0..... .+..+... ...+...- ..-..-.0| ok p=0.71875
Q9:	|......1. .0..0... ...+.... ..0..-.-| ok p=0.87207
Q10:	|.......- ...-.... .-.-..+. ..-..-.-|
Saving 2000000 paths...done.
Autobalance parameters: maxcond=234
Verified: 9884 bad out of 2650454
Estimating maxcond for upper bound 8000000 (=2000000 * 4)...
t=10: 0%   10   20   30   40   50   60   70   80   90   100%
      |----|----|----|----|----|----|----|----|----|----|
e     ***************************************************
Found maxcond = 245
t=10: 0%   10   20   30   40   50   60   70   80   90   100%
      |----|----|----|----|----|----|----|----|----|----|
      ***************************************************
Q-3:	|10001000 00101101 00010111 10001011|
Q-2:	|11100001 10101101 00011110 +------0|
Q-1:	|11000011 10110010 00011001 110001+1|
Q0:	|1-++++++ 10000101 01001111 00010+-0| ok p=0.884766
Q1:	|.000000- .0...... .1.0++.. ....---+| ok p=0.981445
Q2:	|.010010- .+...... .+1+++.. ....0+0-| ok p=1
Q3:	|..V....- .+...... .00+.... ....1+1-| ok p=0.991211
Q4:	|..1..... .-...... .--.10.. ...1+.+1| ok p=0.860352
Q5:	|V.+....1 .1..V... .--1..0. ...0+0+-| ok p=0.993164
Q6:	|..+..... .-...... ..0...1. .V.-+..+| ok p=0.607422
Q7:	|+....... .1..-... .01...-. .0.-+.10| ok p=0.321289
Q8:	|1.0..... .+V.0... ..-V..-. .-.+...1| ok p=0.99707
Q9:	|1....... .1..1... ..-...-. .+.-0...| ok p=0.87207
Q10:	|........ .1-..... ...-.... .+.-....| ok p=0.379883
Q11:	|.-..-... .-.+...+ ...-.... ..+.....|
Saving 2000000 paths...done.
Autobalance parameters: maxcond=244
Verified: 59840 bad out of 3262030
Runtime: 82.172
Extend MD5 differential paths forward
Copyright (C) 2009 Marc Stevens
http://homepages.cwi.nl/~stevens/

delta_m[11] = [!-23!]
Loading workdir8/paths10_0of1...done: 2000000 (work:2000000).
Estimating maxcond for upper bound 2000000 (=500000 * 4)...
t=11: 0%   10   20   30   40   50   60   70   80   90   100%
      |----|----|----|----|----|----|----|----|----|----|
e     ***************************************************
Found maxcond = 254
t=11: 0%   10   20   30   40   50   60   70   80   90   100%
      |----|----|----|----|----|----|----|----|----|----|
      ***************************************************
Q-3:	|10001000 00101101 00010111 10001011|
Q-2:	|11100001 10101101 00011110 +------0|
Q-1:	|11000011 10110010 00011001 110001+1|
Q0:	|1-++++++ 10000101 01001111 00010+-0| ok p=0.87207
Q1:	|.000000- .0...... .1.0++.. ....---+| ok p=0.982422
Q2:	|.010010- .+...... .+1+++.. ....0+0-| ok p=1
Q3:	|..V....- .+...... .00+.... ....1+1-| ok p=0.993164
Q4:	|..1..... .-...... .--.10.. ...1+.+1| ok p=0.850586
Q5:	|V.+....1 .1..1... .--1..V. ...0+0+-| ok p=0.992188
Q6:	|0.+..... .-..0... ..0..... .1.-+..+| ok p=0.635742
Q7:	|-....... .1..-... .01...-. .0.-+.10| ok p=0.871094
Q8:	|-.0..... .+..0... ..-.V.0. .-.+...1| ok p=0.994141
Q9:	|-....... .1.V0... ..0.1.1. .+V-0...| ok p=0.259766
Q10:	|........ .1...... ..1.+.+. .+.-....| ok p=1
Q11:	|1....... ...-.... ....+.+. ..+.....| ok p=0.507812
Q12:	|........ ...+.... ....-.+. ..+.-...|
Saving 500000 paths...done.
Autobalance parameters: maxcond=253
Verified: 25673 bad out of 803684
Runtime: 18.2474
