MD5 differential path toolbox
Copyright (C) 2009 Marc Stevens
http://homepages.cwi.nl/~stevens/

IHV1   = {2284656523,3229962002,3283229125,3786219134}
IHV1   = 8b172d88124f85c0c519b2c37e1eade1

IHV2   = {2284656523,3213184788,3283229127,3786219136}
IHV2   = 8b172d88144f85bfc719b2c3801eade1

dIHV   = {0,4278190082,2,2}
NC0: delta c = delta d = [!-1!]
NC0: delta b           = [!-1,24!]
NC0: prob=-7.65359
delta m_11 = [!-23!]
Q-3:	|10001000 00101101 00010111 10001011|
Q-2:	|11100001 10101101 00011110 +------0|
Q-1:	|11000011 10110010 00011001 110001+1|
Q0:	|1-++++++ 10000101 01001111 00010+-0| ok p=0.813477
Q1:	|.......- ........ ...+.-.. ...-.+.-|
Saved lower diff. path to 'workdir8/lowerpath.bin.gz'.

Q32:	|........ ........ ........ ........|
Q33:	|........ ........ ........ ........|
Q34:	|........ ........ ........ ........|
Q35:	|........ ........ ........ ........| ok p=1
Q36:	|........ ........ ........ ........| ok p=1
Q37:	|........ ........ ........ ........| ok p=1
Q38:	|........ ........ ........ ........| ok p=1
Q39:	|........ ........ ........ ........| ok p=1
Q40:	|........ ........ ........ ........| ok p=1
Q41:	|........ ........ ........ ........| ok p=1
Q42:	|........ ........ ........ ........| ok p=1
Q43:	|........ ........ ........ ........| ok p=1
Q44:	|........ ........ ........ ........| ok p=1
Q45:	|........ ........ ........ ........| ok p=1
Q46:	|........ ........ ........ ........| ok p=1
Q47:	|........ ........ ........ ........| ok p=1
Q48:	|........ ........ ........ ........| ok p=1
Q49:	|........ ........ ........ ........| ok p=1
Q50:	|........ ........ ........ ........| ok p=1
Q51:	|........ ........ ........ ........| ok p=1
Q52:	|........ ........ ........ ........| ok p=1
Q53:	|........ ........ ........ ........| ok p=1
Q54:	|........ ........ ........ ........| ok p=1
Q55:	|........ ........ ........ ........| ok p=1
Q56:	|........ ........ ........ ........| ok p=1
Q57:	|........ ........ ........ ........| ok p=1
Q58:	|........ ........ ........ ........| ok p=1
Q59:	|........ ........ ........ ........| ok p=1
Q60:	|........ ........ ........ ......0.| ok p=1
Q61:	|........ ........ ........ ....101.| ok p=0.998047
Q62:	|........ ........ ........ ....1.-.| ok p=1
Q63:	|........ ........ ........ ....-++.| ok p=0.99707
Q64:	|.......+ ........ ........ ......-.|
Saved upper diff. path to 'workdir8/upperpath.bin.gz'.
Saved 'md5diffpathforward.cfg'.
Saved 'md5diffpathbackward.cfg'.
Saved 'md5diffpathconnect.cfg'.
Saved 'md5diffpathhelper.cfg'.
