MD5 differential path toolbox
Copyright (C) 2009 Marc Stevens
http://homepages.cwi.nl/~stevens/

delta_m[11] = [!-2!]
Q-3:	|11110001 11110111 11011100 11100001|
Q-2:	|11-01+-- 010+10-+ +1+-0100 011+---1|
Q-1:	|+++1+--- 001+0000 -10+0011 10011+-0|
Q0:	|+++10000 +--00-11 0-0-1-00 00-000-1| ok p=0.737305
Q1:	|+1..-000 +11-.0-0 0-.1.-0+ ..-..1-.| ok p=0.453125
Q2:	|1+1.+... .1+1.-01 .-.0.--- ..0...+.| ok p=1
Q3:	|1-..0... 1-+1.-0- ^0...-00 ..1..^1.| ok p=1
Q4:	|00..-^.. .0-..01+ .1....0+ ..+.^--.| ok p=1
Q5:	|1+..1-.. .+0..-11 .....1.1 .!1.-0+.| ok p=1
Q6:	|01..+0.. .1-..-+1 .......1 ..0.0--.| ok p=0.999023
Q7:	|.1..11.. .+-...-. ........ ..+.+01.| ok p=1
Q8:	|!+..0-.. .+-..0-. ..0..... .0-.+10.| ok p=1
Q9:	|.+!.+1.. .0+...-. ..0.0... .10.+...| ok p=1
Q10:	|!...+00. .+-10.0. ^1+11.0. 1-01+.1.| ok p=1
Q11:	|.0.1+10^ ^-111^0! +0+0+.1^ 00111^0.| ok p=1
Q12:	|..00+--+ -+-+---^ 1--+-^-+ +----+-.| ok p=1
Q13:	|..0-+++1 0+--11-- -0-0-+01 1+-+001.| ok p=1
Q14:	|!.+0.101 1.+010.0 1-01.0-1 11.101+.| ok p=1
Q15:	|0.+1000. +01-.101 10-.11+. .-0+.++.| ok p=0.614258
Q16:	|1.-.0... 0.1..-.. 0+..0.+. .-...11.| ok p=0.750977
Q17:	|-.+.1... -..^.+.. 1.^.1.0. .1.^.00.| ok p=0.65332
Q18:	|..-.+... -....1.. -^..-.1. .+...1..| ok p=0.776367
Q19:	|^.-....0 +....+.. ........ .+.0.-..| ok p=0.662109
Q20:	|..1.^..1 +..0...0 ^...^... .001...0| ok p=0.389648
Q21:	|..1....+ 0..1.^.1 ....0... .11+.^.1| ok p=0.898438
Q22:	|........ 0..-...+ ....1... ..-....-| ok p=0.916992
Q23:	|..0....^ ........ ....-.0. ...^....| ok p=0.995117
Q24:	|..1...0. ...^...^ .0....1. ..^....^| ok p=0.852539
Q25:	|..+...1. ........ ....^.+. ........| ok p=0.871094
Q26:	|......+. ........ 0-...... .....0..| ok p=0.980469
Q27:	|..^..... ........ 1-....^. .....1..| ok p=1
Q28:	|......^. ........ -+...... .....-..| ok p=0.841797
Q29:	|........ ........ .0...... .....0..| ok p=0.993164
Q30:	|........ ........ ^1...... .....+..| ok p=1
Q31:	|........ ........ ........ .....+..| ok p=1
Q32:	|........ ........ ........ ........| ok p=1
Q33:	|........ ........ ........ .....!..| ok p=1
Q34:	|........ ........ ........ ........| ok p=1
Q35:	|........ ........ ........ ........| ok p=1
Q36:	|........ ........ ........ ........| ok p=1
Q37:	|........ ........ ........ ........| ok p=1
Q38:	|........ ........ ........ ........| ok p=1
Q39:	|........ ........ ........ ........| ok p=1
Q40:	|........ ........ ........ ........| ok p=1
Q41:	|........ ........ ........ ........| ok p=1
Q42:	|........ ........ ........ ........| ok p=1
Q43:	|........ ........ ........ ........| ok p=1
Q44:	|........ ........ ........ ........| ok p=1
Q45:	|........ ........ ........ ........| ok p=1
Q46:	|........ ........ ........ ........| ok p=1
Q47:	|........ ........ ........ ........| ok p=1
Q48:	|........ ........ ........ ........| ok p=1
Q49:	|........ ........ ........ ........| ok p=1
Q50:	|........ ........ ........ ........| ok p=1
Q51:	|........ ........ ........ ........| ok p=1
Q52:	|........ ........ ........ ........| ok p=1
Q53:	|........ ........ ........ ........| ok p=1
Q54:	|........ ........ ........ ........| ok p=1
Q55:	|........ ........ ........ ........| ok p=1
Q56:	|........ ........ ........ ........| ok p=1
Q57:	|........ ........ ........ ........| ok p=1
Q58:	|........ ........ ........ ........| ok p=1
Q59:	|........ ........ ........ ........| ok p=1
Q60:	|........ ........ ...0.... ........| ok p=1
Q61:	|........ ........ ..11.... ........| ok p=1
Q62:	|........ ........ ..1-.... ........| ok p=1
Q63:	|........ ........ ..-+.... ........| ok p=1
Q64:	|........ ........ ...-.... .....+..|
Starting...
20: Q5m5tunnel      = 2
20: Q4m5tunnel      = 1
20: Q14m6Q3m5tunnel = 0
21: Q10m10tunnel    = 2
21: Q9m10tunnel     = 8
22: Q8Q12m15tunnel  = 2
23: Q4m4tunnel      = 13
24: Q9m9tunnel      = 5
25: Q14Q3m14tunnel  = 1
.20: Q5m5tunnel      = 2
20: Q4m5tunnel      = 1
20: Q14m6Q3m5tunnel = 0
21: Q10m10tunnel    = 2
21: Q9m10tunnel     = 8
22: Q8Q12m15tunnel  = 2
23: Q4m4tunnel      = 13
24: Q9m9tunnel      = 5
25: Q14Q3m14tunnel  = 1
.1 0
2 0
4 0
8 0
16 0
32 0
20: Q5m5tunnel      = 2
20: Q4m5tunnel      = 1
20: Q14m6Q3m5tunnel = 0
21: Q10m10tunnel    = 2
21: Q9m10tunnel     = 8
22: Q8Q12m15tunnel  = 2
23: Q4m4tunnel      = 13
24: Q9m9tunnel      = 5
25: Q14Q3m14tunnel  = 1
.64 0
128 0
20: Q5m5tunnel      = 2
20: Q4m5tunnel      = 1
20: Q14m6Q3m5tunnel = 0
21: Q10m10tunnel    = 2
21: Q9m10tunnel     = 8
22: Q8Q12m15tunnel  = 2
23: Q4m4tunnel      = 13
24: Q9m9tunnel      = 5
25: Q14Q3m14tunnel  = 1
.20: Q5m5tunnel      = 2
20: Q4m5tunnel      = 1
20: Q14m6Q3m5tunnel = 0
21: Q10m10tunnel    = 2
21: Q9m10tunnel     = 8
22: Q8Q12m15tunnel  = 2
23: Q4m4tunnel      = 13
24: Q9m9tunnel      = 5
25: Q14Q3m14tunnel  = 1
.20: Q5m5tunnel      = 2
20: Q4m5tunnel      = 1
20: Q14m6Q3m5tunnel = 0
21: Q10m10tunnel    = 2
21: Q9m10tunnel     = 8
22: Q8Q12m15tunnel  = 2
23: Q4m4tunnel      = 13
24: Q9m9tunnel      = 5
25: Q14Q3m14tunnel  = 1
.20: Q5m5tunnel      = 2
20: Q4m5tunnel      = 1
20: Q14m6Q3m5tunnel = 0
21: Q10m10tunnel    = 2
21: Q9m10tunnel     = 8
22: Q8Q12m15tunnel  = 2
23: Q4m4tunnel      = 13
24: Q9m9tunnel      = 5
25: Q14Q3m14tunnel  = 1
.20: Q5m5tunnel      = 2
20: Q4m5tunnel      = 1
20: Q14m6Q3m5tunnel = 0
21: Q10m10tunnel    = 2
21: Q9m10tunnel     = 8
22: Q8Q12m15tunnel  = 2
23: Q4m4tunnel      = 13
24: Q9m9tunnel      = 5
25: Q14Q3m14tunnel  = 1
.256 0
512 0
1024 0
2048 0
4096 0
8192 0
16384 0
32768 0
65536 0
115714 1
131072 1
156443 2
262144 2
517980 4
524288 4
1048576 7
1106244 8
2009199 16
2097152 16
3411390 32
4194304 39
6369086 64
8388608 86
20: Q5m5tunnel      = 2
20: Q4m5tunnel      = 1
20: Q14m6Q3m5tunnel = 0
21: Q10m10tunnel    = 2
21: Q9m10tunnel     = 8
22: Q8Q12m15tunnel  = 2
23: Q4m4tunnel      = 13
24: Q9m9tunnel      = 5
25: Q14Q3m14tunnel  = 1
.20: Q5m5tunnel      = 2
20: Q4m5tunnel      = 1
20: Q14m6Q3m5tunnel = 0
21: Q10m10tunnel    = 2
21: Q9m10tunnel     = 8
22: Q8Q12m15tunnel  = 2
23: Q4m4tunnel      = 13
24: Q9m9tunnel      = 5
25: Q14Q3m14tunnel  = 1
.20: Q5m5tunnel      = 2
20: Q4m5tunnel      = 1
20: Q14m6Q3m5tunnel = 0
21: Q10m10tunnel    = 2
21: Q9m10tunnel     = 8
22: Q8Q12m15tunnel  = 2
23: Q4m4tunnel      = 13
24: Q9m9tunnel      = 5
25: Q14Q3m14tunnel  = 1
.20: Q5m5tunnel      = 2
20: Q4m5tunnel      = 1
20: Q14m6Q3m5tunnel = 0
21: Q10m10tunnel    = 2
21: Q9m10tunnel     = 8
22: Q8Q12m15tunnel  = 2
23: Q4m4tunnel      = 13
24: Q9m9tunnel      = 5
25: Q14Q3m14tunnel  = 1
.20: Q5m5tunnel      = 2
20: Q4m5tunnel      = 1
20: Q14m6Q3m5tunnel = 0
21: Q10m10tunnel    = 2
21: Q9m10tunnel     = 8
22: Q8Q12m15tunnel  = 2
23: Q4m4tunnel      = 13
24: Q9m9tunnel      = 5
25: Q14Q3m14tunnel  = 1
.20: Q5m5tunnel      = 2
20: Q4m5tunnel      = 1
20: Q14m6Q3m5tunnel = 0
21: Q10m10tunnel    = 2
21: Q9m10tunnel     = 8
22: Q8Q12m15tunnel  = 2
23: Q4m4tunnel      = 13
24: Q9m9tunnel      = 5
25: Q14Q3m14tunnel  = 1
.Block 1: workdir3/coll1_566805748
49 54 05 f2 d0 e2 b0 bc 6b 8d e9 72 0e ca 05 cb 
2d f5 e0 c3 27 9e a6 05 c5 15 03 3e 22 f8 ad 03 
a9 da 3c e4 d6 cd 33 c4 89 d6 f9 70 0a 38 d7 f8 
d2 a2 b9 16 09 cb e6 50 43 6d 84 b4 c9 f2 71 10 
Block 2: workdir3/coll2_566805748
49 54 05 f2 d0 e2 b0 bc 6b 8d e9 72 0e ca 05 cb 
2d f5 e0 c3 27 9e a6 05 c5 15 03 3e 22 f8 ad 03 
a9 da 3c e4 d6 cd 33 c4 89 d6 f9 70 06 38 d7 f8 
d2 a2 b9 16 09 cb e6 50 43 6d 84 b4 c9 f2 71 10 
Found collision!
