[*] Starting step 3
MD5 differential path toolbox
Copyright (C) 2009 Marc Stevens
http://homepages.cwi.nl/~stevens/

IHV1   = {4059552993,275209251,388023194,3947517039}
IHV1   = e1dcf7f1235c67109ac320176f544aeb

IHV2   = {4059552993,4035119105,4163916700,3428443249}
IHV2   = e1dcf7f1010883f09c5330f871e459cc

dIHV   = {0,3759909854,3775893506,3775893506}
NC0: delta c = delta d = [!-1!]
NC0: delta b           = [!-1,24!]
NC1: delta c = delta d = [!-12!]
NC1: delta b           = [!2,-12!]
NC2: delta c = delta d = [!15!]
NC2: delta b           = [!5,15!]
NC3: delta c = delta d = [!-20!]
NC3: delta b           = [!10,-20!]
NC4: delta c = delta d = [!-24!]
NC4: delta b           = [!-13,-24!]
NC5: delta c = delta d = [!29!]
NC5: delta b           = [!18,-20,29!]
NC0: prob=-7.66402
NC1: prob=-4.92367
NC2: prob=-5.86604
NC3: prob=-4.92945
NC4: prob=-5.85464
NC5: prob=-6.55644
delta m_11 = [!-2!]
Q-3:	|11110001 11110111 11011100 11100001|
Q-2:	|11-01+-- 010+10-+ +1+-0100 011+---1|
Q-1:	|+++1+--- 001+0000 -10+0011 10011+-0|
Q0:	|+++10000 +--00-11 0-0-1-00 00-000-1| ok p=0.723633
Q1:	|+...-... +..-..-. .-...-.+ ..-...-.|
Saved lower diff. path to 'workdir3/lowerpath.bin.gz'.

Q32:	|........ ........ ........ ........|
Q33:	|........ ........ ........ ........|
Q34:	|........ ........ ........ ........|
Q35:	|........ ........ ........ ........| ok p=1
Q36:	|........ ........ ........ ........| ok p=1
Q37:	|........ ........ ........ ........| ok p=1
Q38:	|........ ........ ........ ........| ok p=1
Q39:	|........ ........ ........ ........| ok p=1
Q40:	|........ ........ ........ ........| ok p=1
Q41:	|........ ........ ........ ........| ok p=1
Q42:	|........ ........ ........ ........| ok p=1
Q43:	|........ ........ ........ ........| ok p=1
Q44:	|........ ........ ........ ........| ok p=1
Q45:	|........ ........ ........ ........| ok p=1
Q46:	|........ ........ ........ ........| ok p=1
Q47:	|........ ........ ........ ........| ok p=1
Q48:	|........ ........ ........ ........| ok p=1
Q49:	|........ ........ ........ ........| ok p=1
Q50:	|........ ........ ........ ........| ok p=1
Q51:	|........ ........ ........ ........| ok p=1
Q52:	|........ ........ ........ ........| ok p=1
Q53:	|........ ........ ........ ........| ok p=1
Q54:	|........ ........ ........ ........| ok p=1
Q55:	|........ ........ ........ ........| ok p=1
Q56:	|........ ........ ........ ........| ok p=1
Q57:	|........ ........ ........ ........| ok p=1
Q58:	|........ ........ ........ ........| ok p=1
Q59:	|........ ........ ........ ........| ok p=1
Q60:	|........ ........ ...0.... ........| ok p=1
Q61:	|........ ........ ..11.... ........| ok p=1
Q62:	|........ ........ ..1-.... ........| ok p=1
Q63:	|........ ........ ..-+.... ........| ok p=1
Q64:	|........ ........ ...-.... .....+..|
Saved upper diff. path to 'workdir3/upperpath.bin.gz'.
Saved 'md5diffpathforward.cfg'.
Saved 'md5diffpathbackward.cfg'.
Saved 'md5diffpathconnect.cfg'.
Saved 'md5diffpathhelper.cfg'.
Extend MD5 differential paths forward
Copyright (C) 2009 Marc Stevens
http://homepages.cwi.nl/~stevens/

delta_m[11] = [!-2!]
Loading workdir3/lowerpath.bin.gz...done: 1.
Estimating maxcond for upper bound 8000000 (=2000000 * 4)...
t=1:  0%   10   20   30   40   50   60   70   80   90   100%
      |----|----|----|----|----|----|----|----|----|----|
e     ***************************************************
Found maxcond = 2176
t=1:  0%   10   20   30   40   50   60   70   80   90   100%
      |----|----|----|----|----|----|----|----|----|----|
      ***************************************************
Q-3:	|11110001 11110111 11011100 11100001|
Q-2:	|11-01+-- 010+10-+ +1+-0100 011+---1|
Q-1:	|+++1+--- 001+0000 -10+0011 10011+-0|
Q0:	|+++10000 +--00-11 0-0-1-00 00-000-1| ok p=0.748047
Q1:	|+...-111 0+++.0-. 1-.0.-.+ ..-..1-.| ok p=0.650391
Q2:	|.+.+..+. ..+..-.. .-..-.+. -..-.-.+|
Saving 10752 paths...done.
Autobalance parameters: maxcond=2176
Verified: 10752 bad out of 21504
Estimating maxcond for upper bound 8000000 (=2000000 * 4)...
t=2:  0%   10   20   30   40   50   60   70   80   90   100%
      |----|----|----|----|----|----|----|----|----|----|
e     ***************************************************
Found maxcond = 165
t=2:  0%   10   20   30   40   50   60   70   80   90   100%
      |----|----|----|----|----|----|----|----|----|----|
      ***************************************************
Q-3:	|11110001 11110111 11011100 11100001|
Q-2:	|11-01+-- 010+10-+ +1+-0100 011+---1|
Q-1:	|+++1+--- 001+0000 -10+0011 10011+-0|
Q0:	|+++10000 +--00-11 0-0-1-00 00-000-1| ok p=0.751953
Q1:	|+...-000 +10-.1-. 0-.11-.+ ..-..0-.| ok p=0.414062
Q2:	|.11.+... .1+0.-0. ...1-..+ .....+..| ok p=0.381836
Q3:	|+.+...+. ..-..-.+ .-...-.. ..-..-.-|
Saving 2000000 paths...done.
Autobalance parameters: maxcond=164
Verified: 32515 bad out of 2478648
Estimating maxcond for upper bound 8000000 (=2000000 * 4)...
t=3:  0%   10   20   30   40   50   60   70   80   90   100%
      |----|----|----|----|----|----|----|----|----|----|
e     ***************************************************
Found maxcond = 180
t=3:  0%   10   20   30   40   50   60   70   80   90   100%
      |----|----|----|----|----|----|----|----|----|----|
      ***************************************************
Q-3:	|11110001 11110111 11011100 11100001|
Q-2:	|11-01+-- 010+10-+ +1+-0100 011+---1|
Q-1:	|+++1+--- 001+0000 -10+0011 10011+-0|
Q0:	|+++10000 +--00-11 0-0-1-00 00-000-1| ok p=0.736328
Q1:	|+...-000 +01-.1-. 0-.1.-0+ ..-..-+.| ok p=0.450195
Q2:	|000.+... .1+1.-0. 0..0.--- .....++.| ok p=0.837891
Q3:	|+...1... 1.-1.01. -1...-00 ..1..-..| ok p=0.634766
Q4:	|.-..-... ..-.-.+. -..+.-.- ..-.+.-.|
Saving 2000000 paths...done.
Autobalance parameters: maxcond=179
Verified: 14848 bad out of 2035331
Estimating maxcond for upper bound 8000000 (=2000000 * 4)...
t=4:  0%   10   20   30   40   50   60   70   80   90   100%
      |----|----|----|----|----|----|----|----|----|----|
e     ***************************************************
Found maxcond = 195
t=4:  0%   10   20   30   40   50   60   70   80   90   100%
      |----|----|----|----|----|----|----|----|----|----|
      ***************************************************
Q-3:	|11110001 11110111 11011100 11100001|
Q-2:	|11-01+-- 010+10-+ +1+-0100 011+---1|
Q-1:	|+++1+--- 001+0000 -10+0011 10011+-0|
Q0:	|+++10000 +--00-11 0-0-1-00 00-000-1| ok p=0.731445
Q1:	|+1..-010 +11-.0-. 0-.1.-0+ ..-..0-.| ok p=0.324219
Q2:	|.+0.+... .1+1.-0. 0..0.--- ..+..V+.| ok p=0.337891
Q3:	|0-..0... 1-+1.-1. -0...-00 ..+...1.| ok p=0.475586
Q4:	|.0..-... .-....+. -.....+1 .....--.| ok p=0.550781
Q5:	|.+....-. -.-..-.+ .......+ ..-.-.+.|
Saving 2000000 paths...done.
Autobalance parameters: maxcond=194
Verified: 303463 bad out of 2684018
Estimating maxcond for upper bound 8000000 (=2000000 * 4)...
t=5:  0%   10   20   30   40   50   60   70   80   90   100%
      |----|----|----|----|----|----|----|----|----|----|
e     ***************************************************
Found maxcond = 209
t=5:  0%   10   20   30   40   50   60   70   80   90   100%
      |----|----|----|----|----|----|----|----|----|----|
      ***************************************************
Q-3:	|11110001 11110111 11011100 11100001|
Q-2:	|11-01+-- 010+10-+ +1+-0100 011+---1|
Q-1:	|+++1+--- 001+0000 -10+0011 10011+-0|
Q0:	|+++10000 +--00-11 0-0-1-00 00-000-1| ok p=0.762695
Q1:	|+1..-010 +11-.0-. 0-.1.-0+ ..-..0-.| ok p=0.358398
Q2:	|.+0.+... .1+1.-0. 1..0.--- ..+.V.+.| ok p=0.305664
Q3:	|1-..0.V. 1-+0.-1. -1...-00 ..+.1.1.| ok p=0.666016
Q4:	|.1..-... .-+...+. -.....-1 ..-.+.+.| ok p=0.540039
Q5:	|.+..0.-. .-...1-. .....1-. ..0.+.+.| ok p=0.604492
Q6:	|...+.+.+ .+.-..+. ..+...+. +...+.+.|
Saving 2000000 paths...done.
Autobalance parameters: maxcond=208
Verified: 3600 bad out of 2113933
Estimating maxcond for upper bound 8000000 (=2000000 * 4)...
t=6:  0%   10   20   30   40   50   60   70   80   90   100%
      |----|----|----|----|----|----|----|----|----|----|
e     ***************************************************
Found maxcond = 223
t=6:  0%   10   20   30   40   50   60   70   80   90   100%
      |----|----|----|----|----|----|----|----|----|----|
      ***************************************************
Q-3:	|11110001 11110111 11011100 11100001|
Q-2:	|11-01+-- 010+10-+ +1+-0100 011+---1|
Q-1:	|+++1+--- 001+0000 -10+0011 10011+-0|
Q0:	|+++10000 +--00-11 0-0-1-00 00-000-1| ok p=0.75293
Q1:	|+1..-000 +11-.0-0 0-.1.-0+ ..-..1-.| ok p=0.473633
Q2:	|.+1.+... .1+1.-01 .-.0.--- ..0.V.+.| ok p=0.314453
Q3:	|1-..0V.. 1-+1.-0- .....-00 ..1.1.1.| ok p=0.770508
Q4:	|.0..-... .0-..0.+ .0V...1+ ..+.-.+.| ok p=0.620117
Q5:	|.+..1-.. .+-..-.+ .....1.+ ..1.-.+.| ok p=0.794922
Q6:	|.0..-0.. .-...0.- ..+....+ ..1.-...| ok p=0.708984
Q7:	|...-..+. .-.-..+. +..+.... +..-....|
Saving 2000000 paths...done.
Autobalance parameters: maxcond=222
Verified: 16450 bad out of 2168049
Estimating maxcond for upper bound 8000000 (=2000000 * 4)...
t=7:  0%   10   20   30   40   50   60   70   80   90   100%
      |----|----|----|----|----|----|----|----|----|----|
e     ***************************************************
Found maxcond = 235
t=7:  0%   10   20   30   40   50   60   70   80   90   100%
      |----|----|----|----|----|----|----|----|----|----|
      ***************************************************
Q-3:	|11110001 11110111 11011100 11100001|
Q-2:	|11-01+-- 010+10-+ +1+-0100 011+---1|
Q-1:	|+++1+--- 001+0000 -10+0011 10011+-0|
Q0:	|+++10000 +--00-11 0-0-1-00 00-000-1| ok p=0.75293
Q1:	|+0..-000 +11-.0-0 0-.1.-0+ ..-..-+.| ok p=0.451172
Q2:	|.+0.+... .1+1.-01 ...0.--- ..0..0+.| ok p=0.298828
Q3:	|1-..0V.. 1.-0.00- .0...-00 ..1..10.| ok p=0.551758
Q4:	|.0..-0.. ..--.+.+ .....++0 ..+..--.| ok p=0.597656
Q5:	|.+..--.. ..++.1.1 ...V.+1. ..0..--.| ok p=0.878906
Q6:	|.+...+.. ..-1.0.1 .....+1. ..0..--.| ok p=0.963867
Q7:	|.+..1+.. ..0+.+.. ...-.+.. ..-.....| ok p=0.365234
Q8:	|.-..+..+ ..+...+. ...-.+.. ..+..+.-|
Saving 2000000 paths...done.
Autobalance parameters: maxcond=234
Verified: 24430 bad out of 3014120
Estimating maxcond for upper bound 8000000 (=2000000 * 4)...
t=8:  0%   10   20   30   40   50   60   70   80   90   100%
      |----|----|----|----|----|----|----|----|----|----|
e     ***************************************************
Found maxcond = 247
t=8:  0%   10   20   30   40   50   60   70   80   90   100%
      |----|----|----|----|----|----|----|----|----|----|
      ***************************************************
Q-3:	|11110001 11110111 11011100 11100001|
Q-2:	|11-01+-- 010+10-+ +1+-0100 011+---1|
Q-1:	|+++1+--- 001+0000 -10+0011 10011+-0|
Q0:	|+++10000 +--00-11 0-0-1-00 00-000-1| ok p=0.737305
Q1:	|+1..-000 +11-.0-0 0-.1.-0+ ..-..1-.| ok p=0.464844
Q2:	|.+1.+... .1+1.-01 .-.0.--- ..0..V+.| ok p=0.310547
Q3:	|1-..0V.. 1-+1.-0- .....-00 ..1.V.1.| ok p=0.577148
Q4:	|.0..-... V-+..0.+ .0....0+ ..+.1--.| ok p=0.676758
Q5:	|.+..1-.. 1.+..-.1 .....0.1 ..0.-0+.| ok p=0.75
Q6:	|.1..+0.. -1...-.1 .......1 ..1.-1+.| ok p=1
Q7:	|.1..11.. -.0..-.. .......1 ..-.+...| ok p=0.803711
Q8:	|.+..1-.. +....-.. .......- ..+.+.1.| ok p=0.610352
Q9:	|....+... +....-.. ...-.-.. .+...+..|
Saving 2000000 paths...done.
Autobalance parameters: maxcond=246
Verified: 1438 bad out of 2700197
Estimating maxcond for upper bound 8000000 (=2000000 * 4)...
t=9:  0%   10   20   30   40   50   60   70   80   90   100%
      |----|----|----|----|----|----|----|----|----|----|
e     ***************************************************
Found maxcond = 258
t=9:  0%   10   20   30   40   50   60   70   80   90   100%
      |----|----|----|----|----|----|----|----|----|----|
      ***************************************************
Q-3:	|11110001 11110111 11011100 11100001|
Q-2:	|11-01+-- 010+10-+ +1+-0100 011+---1|
Q-1:	|+++1+--- 001+0000 -10+0011 10011+-0|
Q0:	|+++10000 +--00-11 0-0-1-00 00-000-1| ok p=0.75
Q1:	|+1..-000 +11-.0-0 0-.1.-0+ ..-..1-.| ok p=0.430664
Q2:	|.+1.+... .1+1.-01 .-.0.--- ..0..V+.| ok p=0.313477
Q3:	|1-..1V.. 1-+1.-0- .....-00 ..1V.01.| ok p=0.608398
Q4:	|.0..-... .-+..+.+ .0....0+ ..+1.--.| ok p=0.693359
Q5:	|.+..1-.. .0+..0.1 0....1.1 ..0-.++.| ok p=0.486328
Q6:	|.-..+0.. .-...0.1 1......1 ..0-.++.| ok p=0.761719
Q7:	|.-..11.. .00..... -...V..1 ...-.+..| ok p=0.702148
Q8:	|....1+.. .0...... -......+ ...+.+0.| ok p=0.949219
Q9:	|.1..--.. ........ -...-..- ...+.+..| ok p=0.77832
Q10:	|...-.-.. ...+...- ...+.+.. .-.+....|
Saving 2000000 paths...done.
Autobalance parameters: maxcond=256
Verified: 32225 bad out of 3672977
Estimating maxcond for upper bound 8000000 (=2000000 * 4)...
t=10: 0%   10   20   30   40   50   60   70   80   90   100%
      |----|----|----|----|----|----|----|----|----|----|
e     ***************************************************
Found maxcond = 268
t=10: 0%   10   20   30   40   50   60   70   80   90   100%
      |----|----|----|----|----|----|----|----|----|----|
      ***************************************************
Q-3:	|11110001 11110111 11011100 11100001|
Q-2:	|11-01+-- 010+10-+ +1+-0100 011+---1|
Q-1:	|+++1+--- 001+0000 -10+0011 10011+-0|
Q0:	|+++10000 +--00-11 0-0-1-00 00-000-1| ok p=0.757812
Q1:	|+1..-000 +11-.0-0 0-.1.-0+ ..-..1-.| ok p=0.482422
Q2:	|.+1.+... .1+1.-01 .-.0.--- ..0..V+.| ok p=0.300781
Q3:	|1-..0V.. 1-+1.-0- .....-00 ..1.V.1.| ok p=0.768555
Q4:	|.0..-... .0-..0V+ .1....0+ ..+..--.| ok p=0.588867
Q5:	|.+..1-.. .+0..-11 .....1.1 ..1.-0+.| ok p=0.748047
Q6:	|.1..+0.. .1-..-+1 .......1 ..0.0--.| ok p=1
Q7:	|.1..11.. .+-...-. ........ ..+.+01.| ok p=0.803711
Q8:	|.+..0-.. .+-..0-. ..V..... ..-.+10.| ok p=0.683594
Q9:	|.+..+0.. ..+...-. ........ ..0.+...| ok p=0.767578
Q10:	|....+1.. .1+..... ..+..... ..1.+...| ok p=0.727539
Q11:	|....+... +......+ .-.-.... .+......|
Saving 2000000 paths...done.
Autobalance parameters: maxcond=267
Verified: 8235 bad out of 2930060
Runtime: 112.714
Extend MD5 differential paths forward
Copyright (C) 2009 Marc Stevens
http://homepages.cwi.nl/~stevens/

delta_m[11] = [!-2!]
Loading workdir3/paths10_0of1...done: 2000000 (work:2000000).
Estimating maxcond for upper bound 2000000 (=500000 * 4)...
t=11: 0%   10   20   30   40   50   60   70   80   90   100%
      |----|----|----|----|----|----|----|----|----|----|
e     ***************************************************
Found maxcond = 277
t=11: 0%   10   20   30   40   50   60   70   80   90   100%
      |----|----|----|----|----|----|----|----|----|----|
      ***************************************************
Q-3:	|11110001 11110111 11011100 11100001|
Q-2:	|11-01+-- 010+10-+ +1+-0100 011+---1|
Q-1:	|+++1+--- 001+0000 -10+0011 10011+-0|
Q0:	|+++10000 +--00-11 0-0-1-00 00-000-1| ok p=0.771484
Q1:	|+1..-000 +11-.0-0 0-.1.-0+ ..-..1-.| ok p=0.460938
Q2:	|.+1.+... .1+1.-01 .-.0.--- ..0..V+.| ok p=0.307617
Q3:	|1-..0V.. 1-+1.-0- .....-00 ..1.V.1.| ok p=0.755859
Q4:	|.0..-... V0-..0.+ .0....0+ ..+.0--.| ok p=0.499023
Q5:	|.+..1-.. 1+-V.-.1 .....0.1 ..0.-0+.| ok p=0.731445
Q6:	|.1..+0.. -1...-.0 .......1 ..1.-11.| ok p=1
Q7:	|.0..11.. -00-.... ...V.V.1 ..-.+.1.| ok p=0.567383
Q8:	|.+..0-.. ...0.0.. ...1...- ..+.+...| ok p=0.832031
Q9:	|.1..+0.. 1.V1.... ...-.-.0 ..+.+...| ok p=0.612305
Q10:	|.-..+1.. ........ ...-.1.1 ..+.....| ok p=0.921875
Q11:	|.-...... ..+..... .....1.- ....1...| ok p=0.397461
Q12:	|.+.+...+ .+.-...+ .......- .....-..|
Saving 500000 paths...done.
Autobalance parameters: maxcond=276
Verified: 1660 bad out of 590352
Runtime: 17.4231
Extend MD5 differential paths backward
Copyright (C) 2009 Marc Stevens
http://homepages.cwi.nl/~stevens/

delta_m[11] = [!-2!]
Loading workdir3/upperpath.bin.gz...done: 1.
Estimating maxcond for upper bound 262144 (=65536 * 4)...
t=34: 0%   10   20   30   40   50   60   70   80   90   100%
      |----|----|----|----|----|----|----|----|----|----|
e     ***************************************************
Found maxcond = 2176
t=34: 0%   10   20   30   40   50   60   70   80   90   100%
      |----|----|----|----|----|----|----|----|----|----|
      ***************************************************
Q31:	|........ ........ ........ .....+..|
Q32:	|........ ........ ........ ........|
Q33:	|........ ........ ........ ........|
Q34:	|........ ........ ........ ........| ok p=1
Q35:	|........ ........ ........ ........| ok p=1
Q36:	|........ ........ ........ ........| ok p=1
Q37:	|........ ........ ........ ........| ok p=1
Q38:	|........ ........ ........ ........| ok p=1
Q39:	|........ ........ ........ ........| ok p=1
Q40:	|........ ........ ........ ........| ok p=1
Q41:	|........ ........ ........ ........| ok p=1
Q42:	|........ ........ ........ ........| ok p=1
Q43:	|........ ........ ........ ........| ok p=1
Q44:	|........ ........ ........ ........| ok p=1
Q45:	|........ ........ ........ ........| ok p=1
Q46:	|........ ........ ........ ........| ok p=1
Q47:	|........ ........ ........ ........| ok p=1
Q48:	|........ ........ ........ ........| ok p=1
Q49:	|........ ........ ........ ........| ok p=1
Q50:	|........ ........ ........ ........| ok p=1
Q51:	|........ ........ ........ ........| ok p=1
Q52:	|........ ........ ........ ........| ok p=1
Q53:	|........ ........ ........ ........| ok p=1
Q54:	|........ ........ ........ ........| ok p=1
Q55:	|........ ........ ........ ........| ok p=1
Q56:	|........ ........ ........ ........| ok p=1
Q57:	|........ ........ ........ ........| ok p=1
Q58:	|........ ........ ........ ........| ok p=1
Q59:	|........ ........ ........ ........| ok p=1
Q60:	|........ ........ ...0.... ........| ok p=1
Q61:	|........ ........ ..11.... ........| ok p=1
Q62:	|........ ........ ..1-.... ........| ok p=1
Q63:	|........ ........ ..-+.... ........| ok p=1
Q64:	|........ ........ ...-.... .....+..|
Saving 1 paths...done.
Autobalance parameters: maxcond=2176
Verified: 0 bad out of 1
Estimating maxcond for upper bound 262144 (=65536 * 4)...
t=33: 0%   10   20   30   40   50   60   70   80   90   100%
      |----|----|----|----|----|----|----|----|----|----|
e     ***************************************************
Found maxcond = 35
t=33: 0%   10   20   30   40   50   60   70   80   90   100%
      |----|----|----|----|----|----|----|----|----|----|
      ***************************************************
Q30:	|........ ........ ........ .....-..|
Q31:	|........ ........ ........ .....+..|
Q32:	|........ ........ ........ ........|
Q33:	|........ ........ ........ .....^..| ok p=1
Q34:	|........ ........ ........ ........| ok p=1
Q35:	|........ ........ ........ ........| ok p=1
Q36:	|........ ........ ........ ........| ok p=1
Q37:	|........ ........ ........ ........| ok p=1
Q38:	|........ ........ ........ ........| ok p=1
Q39:	|........ ........ ........ ........| ok p=1
Q40:	|........ ........ ........ ........| ok p=1
Q41:	|........ ........ ........ ........| ok p=1
Q42:	|........ ........ ........ ........| ok p=1
Q43:	|........ ........ ........ ........| ok p=1
Q44:	|........ ........ ........ ........| ok p=1
Q45:	|........ ........ ........ ........| ok p=1
Q46:	|........ ........ ........ ........| ok p=1
Q47:	|........ ........ ........ ........| ok p=1
Q48:	|........ ........ ........ ........| ok p=1
Q49:	|........ ........ ........ ........| ok p=1
Q50:	|........ ........ ........ ........| ok p=1
Q51:	|........ ........ ........ ........| ok p=1
Q52:	|........ ........ ........ ........| ok p=1
Q53:	|........ ........ ........ ........| ok p=1
Q54:	|........ ........ ........ ........| ok p=1
Q55:	|........ ........ ........ ........| ok p=1
Q56:	|........ ........ ........ ........| ok p=1
Q57:	|........ ........ ........ ........| ok p=1
Q58:	|........ ........ ........ ........| ok p=1
Q59:	|........ ........ ........ ........| ok p=1
Q60:	|........ ........ ...0.... ........| ok p=1
Q61:	|........ ........ ..11.... ........| ok p=1
Q62:	|........ ........ ..1-.... ........| ok p=1
Q63:	|........ ........ ..-+.... ........| ok p=1
Q64:	|........ ........ ...-.... .....+..|
Saving 65536 paths...done.
Autobalance parameters: maxcond=31
Verified: 0 bad out of 65537
Estimating maxcond for upper bound 262144 (=65536 * 4)...
t=32: 0%   10   20   30   40   50   60   70   80   90   100%
      |----|----|----|----|----|----|----|----|----|----|
e     ***************************************************
Found maxcond = 25
t=32: 0%   10   20   30   40   50   60   70   80   90   100%
      |----|----|----|----|----|----|----|----|----|----|
      ***************************************************
Q29:	|........ ........ ........ ........|
Q30:	|........ ........ ........ .....+..|
Q31:	|........ ........ ........ .....+..|
Q32:	|........ ........ ........ ........| ok p=1
Q33:	|........ ........ ........ .....!..| ok p=1
Q34:	|........ ........ ........ ........| ok p=1
Q35:	|........ ........ ........ ........| ok p=1
Q36:	|........ ........ ........ ........| ok p=1
Q37:	|........ ........ ........ ........| ok p=1
Q38:	|........ ........ ........ ........| ok p=1
Q39:	|........ ........ ........ ........| ok p=1
Q40:	|........ ........ ........ ........| ok p=1
Q41:	|........ ........ ........ ........| ok p=1
Q42:	|........ ........ ........ ........| ok p=1
Q43:	|........ ........ ........ ........| ok p=1
Q44:	|........ ........ ........ ........| ok p=1
Q45:	|........ ........ ........ ........| ok p=1
Q46:	|........ ........ ........ ........| ok p=1
Q47:	|........ ........ ........ ........| ok p=1
Q48:	|........ ........ ........ ........| ok p=1
Q49:	|........ ........ ........ ........| ok p=1
Q50:	|........ ........ ........ ........| ok p=1
Q51:	|........ ........ ........ ........| ok p=1
Q52:	|........ ........ ........ ........| ok p=1
Q53:	|........ ........ ........ ........| ok p=1
Q54:	|........ ........ ........ ........| ok p=1
Q55:	|........ ........ ........ ........| ok p=1
Q56:	|........ ........ ........ ........| ok p=1
Q57:	|........ ........ ........ ........| ok p=1
Q58:	|........ ........ ........ ........| ok p=1
Q59:	|........ ........ ........ ........| ok p=1
Q60:	|........ ........ ...0.... ........| ok p=1
Q61:	|........ ........ ..11.... ........| ok p=1
Q62:	|........ ........ ..1-.... ........| ok p=1
Q63:	|........ ........ ..-+.... ........| ok p=1
Q64:	|........ ........ ...-.... .....+..|
Saving 65536 paths...done.
Autobalance parameters: maxcond=22
Verified: 0 bad out of 121202
Estimating maxcond for upper bound 262144 (=65536 * 4)...
t=31: 0%   10   20   30   40   50   60   70   80   90   100%
      |----|----|----|----|----|----|----|----|----|----|
e     ***************************************************
Found maxcond = 22
t=31: 0%   10   20   30   40   50   60   70   80   90   100%
      |----|----|----|----|----|----|----|----|----|----|
      ***************************************************
Q28:	|........ ........ .-...... .....-..|
Q29:	|........ ........ ........ ........|
Q30:	|........ ........ ........ .....+..|
Q31:	|........ ........ ........ .....+..| ok p=1
Q32:	|........ ........ ........ ........| ok p=1
Q33:	|........ ........ ........ .....!..| ok p=1
Q34:	|........ ........ ........ ........| ok p=1
Q35:	|........ ........ ........ ........| ok p=1
Q36:	|........ ........ ........ ........| ok p=1
Q37:	|........ ........ ........ ........| ok p=1
Q38:	|........ ........ ........ ........| ok p=1
Q39:	|........ ........ ........ ........| ok p=1
Q40:	|........ ........ ........ ........| ok p=1
Q41:	|........ ........ ........ ........| ok p=1
Q42:	|........ ........ ........ ........| ok p=1
Q43:	|........ ........ ........ ........| ok p=1
Q44:	|........ ........ ........ ........| ok p=1
Q45:	|........ ........ ........ ........| ok p=1
Q46:	|........ ........ ........ ........| ok p=1
Q47:	|........ ........ ........ ........| ok p=1
Q48:	|........ ........ ........ ........| ok p=1
Q49:	|........ ........ ........ ........| ok p=1
Q50:	|........ ........ ........ ........| ok p=1
Q51:	|........ ........ ........ ........| ok p=1
Q52:	|........ ........ ........ ........| ok p=1
Q53:	|........ ........ ........ ........| ok p=1
Q54:	|........ ........ ........ ........| ok p=1
Q55:	|........ ........ ........ ........| ok p=1
Q56:	|........ ........ ........ ........| ok p=1
Q57:	|........ ........ ........ ........| ok p=1
Q58:	|........ ........ ........ ........| ok p=1
Q59:	|........ ........ ........ ........| ok p=1
Q60:	|........ ........ ...0.... ........| ok p=1
Q61:	|........ ........ ..11.... ........| ok p=1
Q62:	|........ ........ ..1-.... ........| ok p=1
Q63:	|........ ........ ..-+.... ........| ok p=1
Q64:	|........ ........ ...-.... .....+..|
Saving 65536 paths...done.
Autobalance parameters: maxcond=20
Verified: 0 bad out of 115085
Estimating maxcond for upper bound 262144 (=65536 * 4)...
t=30: 0%   10   20   30   40   50   60   70   80   90   100%
      |----|----|----|----|----|----|----|----|----|----|
e     ***************************************************
Found maxcond = 22
t=30: 0%   10   20   30   40   50   60   70   80   90   100%
      |----|----|----|----|----|----|----|----|----|----|
      ***************************************************
Q27:	|........ ..+..... ........ ........|
Q28:	|........ ........ .-...... .....-..|
Q29:	|........ ........ ........ .....1..|
Q30:	|........ ........ .^...... .....-..| ok p=0.999023
Q31:	|........ ........ ........ .....+..| ok p=1
Q32:	|........ ........ ........ ........| ok p=1
Q33:	|........ ........ ........ .....^..| ok p=1
Q34:	|........ ........ ........ ........| ok p=1
Q35:	|........ ........ ........ ........| ok p=1
Q36:	|........ ........ ........ ........| ok p=1
Q37:	|........ ........ ........ ........| ok p=1
Q38:	|........ ........ ........ ........| ok p=1
Q39:	|........ ........ ........ ........| ok p=1
Q40:	|........ ........ ........ ........| ok p=1
Q41:	|........ ........ ........ ........| ok p=1
Q42:	|........ ........ ........ ........| ok p=1
Q43:	|........ ........ ........ ........| ok p=1
Q44:	|........ ........ ........ ........| ok p=1
Q45:	|........ ........ ........ ........| ok p=1
Q46:	|........ ........ ........ ........| ok p=1
Q47:	|........ ........ ........ ........| ok p=1
Q48:	|........ ........ ........ ........| ok p=1
Q49:	|........ ........ ........ ........| ok p=1
Q50:	|........ ........ ........ ........| ok p=1
Q51:	|........ ........ ........ ........| ok p=1
Q52:	|........ ........ ........ ........| ok p=1
Q53:	|........ ........ ........ ........| ok p=1
Q54:	|........ ........ ........ ........| ok p=1
Q55:	|........ ........ ........ ........| ok p=1
Q56:	|........ ........ ........ ........| ok p=1
Q57:	|........ ........ ........ ........| ok p=1
Q58:	|........ ........ ........ ........| ok p=1
Q59:	|........ ........ ........ ........| ok p=1
Q60:	|........ ........ ...0.... ........| ok p=1
Q61:	|........ ........ ..11.... ........| ok p=1
Q62:	|........ ........ ..1-.... ........| ok p=1
Q63:	|........ ........ ..-+.... ........| ok p=1
Q64:	|........ ........ ...-.... .....+..|
Saving 65536 paths...done.
Autobalance parameters: maxcond=19
Verified: 0 bad out of 134054
Runtime: 5.02536
Extend MD5 differential paths backward
Copyright (C) 2009 Marc Stevens
http://homepages.cwi.nl/~stevens/

delta_m[11] = [!-2!]
Loading workdir3/paths30_0of1...done: 65536 (work:65536).
Estimating maxcond for upper bound 400000 (=100000 * 4)...
t=29: 0%   10   20   30   40   50   60   70   80   90   100%
      |----|----|----|----|----|----|----|----|----|----|
e     ***************************************************
Found maxcond = 23
t=29: 0%   10   20   30   40   50   60   70   80   90   100%
      |----|----|----|----|----|----|----|----|----|----|
      ***************************************************
Q26:	|......+. ........ ........ .....+..|
Q27:	|........ ........ .1...... .....-..|
Q28:	|........ ........ .-...... .....-..|
Q29:	|........ ........ ........ .....1..| ok p=0.992188
Q30:	|........ ........ .^...... .....+..| ok p=1
Q31:	|........ ........ ........ .....+..| ok p=1
Q32:	|........ ........ ........ ........| ok p=1
Q33:	|........ ........ ........ .....!..| ok p=1
Q34:	|........ ........ ........ ........| ok p=1
Q35:	|........ ........ ........ ........| ok p=1
Q36:	|........ ........ ........ ........| ok p=1
Q37:	|........ ........ ........ ........| ok p=1
Q38:	|........ ........ ........ ........| ok p=1
Q39:	|........ ........ ........ ........| ok p=1
Q40:	|........ ........ ........ ........| ok p=1
Q41:	|........ ........ ........ ........| ok p=1
Q42:	|........ ........ ........ ........| ok p=1
Q43:	|........ ........ ........ ........| ok p=1
Q44:	|........ ........ ........ ........| ok p=1
Q45:	|........ ........ ........ ........| ok p=1
Q46:	|........ ........ ........ ........| ok p=1
Q47:	|........ ........ ........ ........| ok p=1
Q48:	|........ ........ ........ ........| ok p=1
Q49:	|........ ........ ........ ........| ok p=1
Q50:	|........ ........ ........ ........| ok p=1
Q51:	|........ ........ ........ ........| ok p=1
Q52:	|........ ........ ........ ........| ok p=1
Q53:	|........ ........ ........ ........| ok p=1
Q54:	|........ ........ ........ ........| ok p=1
Q55:	|........ ........ ........ ........| ok p=1
Q56:	|........ ........ ........ ........| ok p=1
Q57:	|........ ........ ........ ........| ok p=1
Q58:	|........ ........ ........ ........| ok p=1
Q59:	|........ ........ ........ ........| ok p=1
Q60:	|........ ........ ...0.... ........| ok p=1
Q61:	|........ ........ ..11.... ........| ok p=1
Q62:	|........ ........ ..1-.... ........| ok p=1
Q63:	|........ ........ ..-+.... ........| ok p=1
Q64:	|........ ........ ...-.... .....+..|
Saving 100000 paths...done.
Autobalance parameters: maxcond=21
Verified: 0 bad out of 158327
Estimating maxcond for upper bound 400000 (=100000 * 4)...
t=28: 0%   10   20   30   40   50   60   70   80   90   100%
      |----|----|----|----|----|----|----|----|----|----|
e     ***************************************************
Found maxcond = 25
t=28: 0%   10   20   30   40   50   60   70   80   90   100%
      |----|----|----|----|----|----|----|----|----|----|
      ***************************************************
Q25:	|..+..... ........ ......+. .....+..|
Q26:	|......+. ........ .+...... .....+..|
Q27:	|........ ........ .0...... .....-..|
Q28:	|......^. ........ .-...... .....-..| ok p=0.907227
Q29:	|........ ........ ........ .....1..| ok p=0.990234
Q30:	|........ ........ .^...... .....+..| ok p=1
Q31:	|........ ........ ........ .....+..| ok p=1
Q32:	|........ ........ ........ ........| ok p=1
Q33:	|........ ........ ........ .....!..| ok p=1
Q34:	|........ ........ ........ ........| ok p=1
Q35:	|........ ........ ........ ........| ok p=1
Q36:	|........ ........ ........ ........| ok p=1
Q37:	|........ ........ ........ ........| ok p=1
Q38:	|........ ........ ........ ........| ok p=1
Q39:	|........ ........ ........ ........| ok p=1
Q40:	|........ ........ ........ ........| ok p=1
Q41:	|........ ........ ........ ........| ok p=1
Q42:	|........ ........ ........ ........| ok p=1
Q43:	|........ ........ ........ ........| ok p=1
Q44:	|........ ........ ........ ........| ok p=1
Q45:	|........ ........ ........ ........| ok p=1
Q46:	|........ ........ ........ ........| ok p=1
Q47:	|........ ........ ........ ........| ok p=1
Q48:	|........ ........ ........ ........| ok p=1
Q49:	|........ ........ ........ ........| ok p=1
Q50:	|........ ........ ........ ........| ok p=1
Q51:	|........ ........ ........ ........| ok p=1
Q52:	|........ ........ ........ ........| ok p=1
Q53:	|........ ........ ........ ........| ok p=1
Q54:	|........ ........ ........ ........| ok p=1
Q55:	|........ ........ ........ ........| ok p=1
Q56:	|........ ........ ........ ........| ok p=1
Q57:	|........ ........ ........ ........| ok p=1
Q58:	|........ ........ ........ ........| ok p=1
Q59:	|........ ........ ........ ........| ok p=1
Q60:	|........ ........ ...0.... ........| ok p=1
Q61:	|........ ........ ..11.... ........| ok p=1
Q62:	|........ ........ ..1-.... ........| ok p=1
Q63:	|........ ........ ..-+.... ........| ok p=1
Q64:	|........ ........ ...-.... .....+..|
Saving 100000 paths...done.
Autobalance parameters: maxcond=23
Verified: 1153 bad out of 167560
Estimating maxcond for upper bound 400000 (=100000 * 4)...
t=27: 0%   10   20   30   40   50   60   70   80   90   100%
      |----|----|----|----|----|----|----|----|----|----|
e     ***************************************************
Found maxcond = 28
t=27: 0%   10   20   30   40   50   60   70   80   90   100%
      |----|----|----|----|----|----|----|----|----|----|
      ***************************************************
Q24:	|.....-.. ........ .-...... ........|
Q25:	|..+...1. ........ ......+. ........|
Q26:	|......+. ........ .0...... .....0..|
Q27:	|..^..... ........ .1....^. .....1..| ok p=0.982422
Q28:	|......^. ........ .-...... .....-..| ok p=0.839844
Q29:	|........ ........ ........ .....0..| ok p=0.992188
Q30:	|........ ........ .^...... .....+..| ok p=1
Q31:	|........ ........ ........ .....+..| ok p=1
Q32:	|........ ........ ........ ........| ok p=1
Q33:	|........ ........ ........ .....!..| ok p=1
Q34:	|........ ........ ........ ........| ok p=1
Q35:	|........ ........ ........ ........| ok p=1
Q36:	|........ ........ ........ ........| ok p=1
Q37:	|........ ........ ........ ........| ok p=1
Q38:	|........ ........ ........ ........| ok p=1
Q39:	|........ ........ ........ ........| ok p=1
Q40:	|........ ........ ........ ........| ok p=1
Q41:	|........ ........ ........ ........| ok p=1
Q42:	|........ ........ ........ ........| ok p=1
Q43:	|........ ........ ........ ........| ok p=1
Q44:	|........ ........ ........ ........| ok p=1
Q45:	|........ ........ ........ ........| ok p=1
Q46:	|........ ........ ........ ........| ok p=1
Q47:	|........ ........ ........ ........| ok p=1
Q48:	|........ ........ ........ ........| ok p=1
Q49:	|........ ........ ........ ........| ok p=1
Q50:	|........ ........ ........ ........| ok p=1
Q51:	|........ ........ ........ ........| ok p=1
Q52:	|........ ........ ........ ........| ok p=1
Q53:	|........ ........ ........ ........| ok p=1
Q54:	|........ ........ ........ ........| ok p=1
Q55:	|........ ........ ........ ........| ok p=1
Q56:	|........ ........ ........ ........| ok p=1
Q57:	|........ ........ ........ ........| ok p=1
Q58:	|........ ........ ........ ........| ok p=1
Q59:	|........ ........ ........ ........| ok p=1
Q60:	|........ ........ ...0.... ........| ok p=1
Q61:	|........ ........ ..11.... ........| ok p=1
Q62:	|........ ........ ..1-.... ........| ok p=1
Q63:	|........ ........ ..-+.... ........| ok p=1
Q64:	|........ ........ ...-.... .....+..|
Saving 100000 paths...done.
Autobalance parameters: maxcond=26
Verified: 0 bad out of 172430
Estimating maxcond for upper bound 400000 (=100000 * 4)...
t=26: 0%   10   20   30   40   50   60   70   80   90   100%
      |----|----|----|----|----|----|----|----|----|----|
e     ***************************************************
Found maxcond = 31
t=26: 0%   10   20   30   40   50   60   70   80   90   100%
      |----|----|----|----|----|----|----|----|----|----|
      ***************************************************
Q23:	|........ ..-..... ....-... .....-..|
Q24:	|..1..-0. ........ ......1. ........|
Q25:	|..+...1. ........ ......+. .....+..|
Q26:	|.....^+. ........ .0...... .....+..| ok p=0.989258
Q27:	|..^..... ........ .1....^. .....-..| ok p=0.986328
Q28:	|......^. ........ .-...... .....-..| ok p=0.898438
Q29:	|........ ........ ........ .....1..| ok p=0.990234
Q30:	|........ ........ .^...... .....+..| ok p=1
Q31:	|........ ........ ........ .....+..| ok p=1
Q32:	|........ ........ ........ ........| ok p=1
Q33:	|........ ........ ........ .....!..| ok p=1
Q34:	|........ ........ ........ ........| ok p=1
Q35:	|........ ........ ........ ........| ok p=1
Q36:	|........ ........ ........ ........| ok p=1
Q37:	|........ ........ ........ ........| ok p=1
Q38:	|........ ........ ........ ........| ok p=1
Q39:	|........ ........ ........ ........| ok p=1
Q40:	|........ ........ ........ ........| ok p=1
Q41:	|........ ........ ........ ........| ok p=1
Q42:	|........ ........ ........ ........| ok p=1
Q43:	|........ ........ ........ ........| ok p=1
Q44:	|........ ........ ........ ........| ok p=1
Q45:	|........ ........ ........ ........| ok p=1
Q46:	|........ ........ ........ ........| ok p=1
Q47:	|........ ........ ........ ........| ok p=1
Q48:	|........ ........ ........ ........| ok p=1
Q49:	|........ ........ ........ ........| ok p=1
Q50:	|........ ........ ........ ........| ok p=1
Q51:	|........ ........ ........ ........| ok p=1
Q52:	|........ ........ ........ ........| ok p=1
Q53:	|........ ........ ........ ........| ok p=1
Q54:	|........ ........ ........ ........| ok p=1
Q55:	|........ ........ ........ ........| ok p=1
Q56:	|........ ........ ........ ........| ok p=1
Q57:	|........ ........ ........ ........| ok p=1
Q58:	|........ ........ ........ ........| ok p=1
Q59:	|........ ........ ........ ........| ok p=1
Q60:	|........ ........ ...0.... ........| ok p=1
Q61:	|........ ........ ..11.... ........| ok p=1
Q62:	|........ ........ ..1-.... ........| ok p=1
Q63:	|........ ........ ..-+.... ........| ok p=1
Q64:	|........ ........ ...-.... .....+..|
Saving 100000 paths...done.
Autobalance parameters: maxcond=29
Verified: 0 bad out of 163602
Estimating maxcond for upper bound 400000 (=100000 * 4)...
t=25: 0%   10   20   30   40   50   60   70   80   90   100%
      |----|----|----|----|----|----|----|----|----|----|
e     ***************************************************
Found maxcond = 36
t=25: 0%   10   20   30   40   50   60   70   80   90   100%
      |----|----|----|----|----|----|----|----|----|----|
      ***************************************************
Q22:	|........ ...-...+ .-...... ..-....-|
Q23:	|..-..1.. ........ .1..-.-. ........|
Q24:	|..0..-0. ........ .-....0. ........|
Q25:	|..+...1. ........ .+..^.+. ........| ok p=0.888672
Q26:	|.....^+. ........ .1...... .....0..| ok p=0.986328
Q27:	|..^..... ........ .1....^. .....1..| ok p=0.983398
Q28:	|......^. ........ .-...... .....-..| ok p=0.859375
Q29:	|........ ........ ........ .....0..| ok p=0.994141
Q30:	|........ ........ .^...... .....+..| ok p=1
Q31:	|........ ........ ........ .....+..| ok p=1
Q32:	|........ ........ ........ ........| ok p=1
Q33:	|........ ........ ........ .....!..| ok p=1
Q34:	|........ ........ ........ ........| ok p=1
Q35:	|........ ........ ........ ........| ok p=1
Q36:	|........ ........ ........ ........| ok p=1
Q37:	|........ ........ ........ ........| ok p=1
Q38:	|........ ........ ........ ........| ok p=1
Q39:	|........ ........ ........ ........| ok p=1
Q40:	|........ ........ ........ ........| ok p=1
Q41:	|........ ........ ........ ........| ok p=1
Q42:	|........ ........ ........ ........| ok p=1
Q43:	|........ ........ ........ ........| ok p=1
Q44:	|........ ........ ........ ........| ok p=1
Q45:	|........ ........ ........ ........| ok p=1
Q46:	|........ ........ ........ ........| ok p=1
Q47:	|........ ........ ........ ........| ok p=1
Q48:	|........ ........ ........ ........| ok p=1
Q49:	|........ ........ ........ ........| ok p=1
Q50:	|........ ........ ........ ........| ok p=1
Q51:	|........ ........ ........ ........| ok p=1
Q52:	|........ ........ ........ ........| ok p=1
Q53:	|........ ........ ........ ........| ok p=1
Q54:	|........ ........ ........ ........| ok p=1
Q55:	|........ ........ ........ ........| ok p=1
Q56:	|........ ........ ........ ........| ok p=1
Q57:	|........ ........ ........ ........| ok p=1
Q58:	|........ ........ ........ ........| ok p=1
Q59:	|........ ........ ........ ........| ok p=1
Q60:	|........ ........ ...0.... ........| ok p=1
Q61:	|........ ........ ..11.... ........| ok p=1
Q62:	|........ ........ ..1-.... ........| ok p=1
Q63:	|........ ........ ..-+.... ........| ok p=1
Q64:	|........ ........ ...-.... .....+..|
Saving 100000 paths...done.
Autobalance parameters: maxcond=35
Verified: 0 bad out of 133409
Estimating maxcond for upper bound 400000 (=100000 * 4)...
t=24: 0%   10   20   30   40   50   60   70   80   90   100%
      |----|----|----|----|----|----|----|----|----|----|
e     ***************************************************
Found maxcond = 44
t=24: 0%   10   20   30   40   50   60   70   80   90   100%
      |----|----|----|----|----|----|----|----|----|----|
      ***************************************************
Q21:	|.....+.- ..+..... .+...+.. ...+....|
Q22:	|........ ...-.... ....1... ......1-|
Q23:	|..0...-. ........ .-..-.0. ......-.|
Q24:	|..1...-. ...^.... .-....1. .......^| ok p=0.871094
Q25:	|..+...+. ........ .+..^.+. ......^.| ok p=0.891602
Q26:	|......+. ........ .+...... .....0..| ok p=0.981445
Q27:	|..^...1. ........ .-....^. .....1..| ok p=1
Q28:	|......0. ........ .-...... .....-..| ok p=0.84668
Q29:	|........ ........ .1...... .....0..| ok p=0.996094
Q30:	|........ ........ .0...... .....+..| ok p=1
Q31:	|........ ........ ........ .....+..| ok p=1
Q32:	|........ ........ ........ ........| ok p=1
Q33:	|........ ........ ........ .....!..| ok p=1
Q34:	|........ ........ ........ ........| ok p=1
Q35:	|........ ........ ........ ........| ok p=1
Q36:	|........ ........ ........ ........| ok p=1
Q37:	|........ ........ ........ ........| ok p=1
Q38:	|........ ........ ........ ........| ok p=1
Q39:	|........ ........ ........ ........| ok p=1
Q40:	|........ ........ ........ ........| ok p=1
Q41:	|........ ........ ........ ........| ok p=1
Q42:	|........ ........ ........ ........| ok p=1
Q43:	|........ ........ ........ ........| ok p=1
Q44:	|........ ........ ........ ........| ok p=1
Q45:	|........ ........ ........ ........| ok p=1
Q46:	|........ ........ ........ ........| ok p=1
Q47:	|........ ........ ........ ........| ok p=1
Q48:	|........ ........ ........ ........| ok p=1
Q49:	|........ ........ ........ ........| ok p=1
Q50:	|........ ........ ........ ........| ok p=1
Q51:	|........ ........ ........ ........| ok p=1
Q52:	|........ ........ ........ ........| ok p=1
Q53:	|........ ........ ........ ........| ok p=1
Q54:	|........ ........ ........ ........| ok p=1
Q55:	|........ ........ ........ ........| ok p=1
Q56:	|........ ........ ........ ........| ok p=1
Q57:	|........ ........ ........ ........| ok p=1
Q58:	|........ ........ ........ ........| ok p=1
Q59:	|........ ........ ........ ........| ok p=1
Q60:	|........ ........ ...0.... ........| ok p=1
Q61:	|........ ........ ..11.... ........| ok p=1
Q62:	|........ ........ ..1-.... ........| ok p=1
Q63:	|........ ........ ..-+.... ........| ok p=1
Q64:	|........ ........ ...-.... .....+..|
Saving 100000 paths...done.
Autobalance parameters: maxcond=43
Verified: 0 bad out of 131764
Estimating maxcond for upper bound 400000 (=100000 * 4)...
t=23: 0%   10   20   30   40   50   60   70   80   90   100%
      |----|----|----|----|----|----|----|----|----|----|
e     ***************************************************
Found maxcond = 53
t=23: 0%   10   20   30   40   50   60   70   80   90   100%
      |----|----|----|----|----|----|----|----|----|----|
      ***************************************************
Q20:	|..+..... +....... .....+.. ........|
Q21:	|........ ...1...1 ....+... ..1+...1|
Q22:	|..-..... ...-...+ ....0... ..-....-|
Q23:	|..-..... ........ ....-.0. ...^....| ok p=0.762695
Q24:	|..+...0. ...^...^ .0....1. ..^....^| ok p=1
Q25:	|..+...1. ........ ....^.+. ........| ok p=0.879883
Q26:	|..1...+. ........ 0-...... .....0..| ok p=1
Q27:	|..0..... ........ 1-....^. .....1..| ok p=1
Q28:	|......^. ........ -+...... .....-..| ok p=0.867188
Q29:	|........ ........ .0...... .....0..| ok p=0.998047
Q30:	|........ ........ ^1...... .....+..| ok p=1
Q31:	|........ ........ ........ .....+..| ok p=1
Q32:	|........ ........ ........ ........| ok p=1
Q33:	|........ ........ ........ .....!..| ok p=1
Q34:	|........ ........ ........ ........| ok p=1
Q35:	|........ ........ ........ ........| ok p=1
Q36:	|........ ........ ........ ........| ok p=1
Q37:	|........ ........ ........ ........| ok p=1
Q38:	|........ ........ ........ ........| ok p=1
Q39:	|........ ........ ........ ........| ok p=1
Q40:	|........ ........ ........ ........| ok p=1
Q41:	|........ ........ ........ ........| ok p=1
Q42:	|........ ........ ........ ........| ok p=1
Q43:	|........ ........ ........ ........| ok p=1
Q44:	|........ ........ ........ ........| ok p=1
Q45:	|........ ........ ........ ........| ok p=1
Q46:	|........ ........ ........ ........| ok p=1
Q47:	|........ ........ ........ ........| ok p=1
Q48:	|........ ........ ........ ........| ok p=1
Q49:	|........ ........ ........ ........| ok p=1
Q50:	|........ ........ ........ ........| ok p=1
Q51:	|........ ........ ........ ........| ok p=1
Q52:	|........ ........ ........ ........| ok p=1
Q53:	|........ ........ ........ ........| ok p=1
Q54:	|........ ........ ........ ........| ok p=1
Q55:	|........ ........ ........ ........| ok p=1
Q56:	|........ ........ ........ ........| ok p=1
Q57:	|........ ........ ........ ........| ok p=1
Q58:	|........ ........ ........ ........| ok p=1
Q59:	|........ ........ ........ ........| ok p=1
Q60:	|........ ........ ...0.... ........| ok p=1
Q61:	|........ ........ ..11.... ........| ok p=1
Q62:	|........ ........ ..1-.... ........| ok p=1
Q63:	|........ ........ ..-+.... ........| ok p=1
Q64:	|........ ........ ...-.... .....+..|
Saving 100000 paths...done.
Autobalance parameters: maxcond=52
Verified: 0 bad out of 105123
Estimating maxcond for upper bound 400000 (=100000 * 4)...
t=22: 0%   10   20   30   40   50   60   70   80   90   100%
      |----|----|----|----|----|----|----|----|----|----|
e     ***************************************************
Found maxcond = 60
t=22: 0%   10   20   30   40   50   60   70   80   90   100%
      |----|----|----|----|----|----|----|----|----|----|
      ***************************************************
Q19:	|..-..... +....+.. ........ .+...-..|
Q20:	|.......1 +..0...- ........ ..+1...0|
Q21:	|.......+ ...1...0 ....0... ..0+...1|
Q22:	|........ ^..-...+ ....1... ..-....-| ok p=0.90332
Q23:	|..0....^ ........ ....-.0. ...^....| ok p=0.996094
Q24:	|..1...0. ...^...^ .0....1. ..^....^| ok p=0.863281
Q25:	|..+...1. ........ ....^.+. ........| ok p=0.871094
Q26:	|......+. ........ 0-...... .....0..| ok p=0.988281
Q27:	|..^..... ........ 1-....^. .....1..| ok p=1
Q28:	|......^. ........ -+...... .....-..| ok p=0.836914
Q29:	|........ ........ .0...... .....0..| ok p=0.991211
Q30:	|........ ........ ^1...... .....+..| ok p=1
Q31:	|........ ........ ........ .....+..| ok p=1
Q32:	|........ ........ ........ ........| ok p=1
Q33:	|........ ........ ........ .....!..| ok p=1
Q34:	|........ ........ ........ ........| ok p=1
Q35:	|........ ........ ........ ........| ok p=1
Q36:	|........ ........ ........ ........| ok p=1
Q37:	|........ ........ ........ ........| ok p=1
Q38:	|........ ........ ........ ........| ok p=1
Q39:	|........ ........ ........ ........| ok p=1
Q40:	|........ ........ ........ ........| ok p=1
Q41:	|........ ........ ........ ........| ok p=1
Q42:	|........ ........ ........ ........| ok p=1
Q43:	|........ ........ ........ ........| ok p=1
Q44:	|........ ........ ........ ........| ok p=1
Q45:	|........ ........ ........ ........| ok p=1
Q46:	|........ ........ ........ ........| ok p=1
Q47:	|........ ........ ........ ........| ok p=1
Q48:	|........ ........ ........ ........| ok p=1
Q49:	|........ ........ ........ ........| ok p=1
Q50:	|........ ........ ........ ........| ok p=1
Q51:	|........ ........ ........ ........| ok p=1
Q52:	|........ ........ ........ ........| ok p=1
Q53:	|........ ........ ........ ........| ok p=1
Q54:	|........ ........ ........ ........| ok p=1
Q55:	|........ ........ ........ ........| ok p=1
Q56:	|........ ........ ........ ........| ok p=1
Q57:	|........ ........ ........ ........| ok p=1
Q58:	|........ ........ ........ ........| ok p=1
Q59:	|........ ........ ........ ........| ok p=1
Q60:	|........ ........ ...0.... ........| ok p=1
Q61:	|........ ........ ..11.... ........| ok p=1
Q62:	|........ ........ ..1-.... ........| ok p=1
Q63:	|........ ........ ..-+.... ........| ok p=1
Q64:	|........ ........ ...-.... .....+..|
Saving 100000 paths...done.
Autobalance parameters: maxcond=59
Verified: 0 bad out of 118439
Estimating maxcond for upper bound 400000 (=100000 * 4)...
t=21: 0%   10   20   30   40   50   60   70   80   90   100%
      |----|----|----|----|----|----|----|----|----|----|
e     ***************************************************
Found maxcond = 71
t=21: 0%   10   20   30   40   50   60   70   80   90   100%
      |----|----|----|----|----|----|----|----|----|----|
      ***************************************************
Q18:	|..-.+... -....... -...-... .+.+....|
Q19:	|..-....0 1....+.. ........ ..++.-..|
Q20:	|.......1 +..0...0 ........ ..00...0|
Q21:	|..^....+ 0..1.^.1 ....0... ..1+.^.1| ok p=0.891602
Q22:	|........ 1..-...+ ....1... ..-....-| ok p=0.897461
Q23:	|..0....^ ........ ....-.0. ...^....| ok p=0.99707
Q24:	|..1...0. ...^...^ .0....1. ..^....^| ok p=0.873047
Q25:	|..+...1. ........ ....^.+. ........| ok p=0.896484
Q26:	|......+. ........ 0-...... .....0..| ok p=0.984375
Q27:	|..^..... ........ 1-....^. .....1..| ok p=1
Q28:	|......^. ........ -+...... .....-..| ok p=0.853516
Q29:	|........ ........ .0...... .....0..| ok p=0.992188
Q30:	|........ ........ ^1...... .....+..| ok p=1
Q31:	|........ ........ ........ .....+..| ok p=1
Q32:	|........ ........ ........ ........| ok p=1
Q33:	|........ ........ ........ .....!..| ok p=1
Q34:	|........ ........ ........ ........| ok p=1
Q35:	|........ ........ ........ ........| ok p=1
Q36:	|........ ........ ........ ........| ok p=1
Q37:	|........ ........ ........ ........| ok p=1
Q38:	|........ ........ ........ ........| ok p=1
Q39:	|........ ........ ........ ........| ok p=1
Q40:	|........ ........ ........ ........| ok p=1
Q41:	|........ ........ ........ ........| ok p=1
Q42:	|........ ........ ........ ........| ok p=1
Q43:	|........ ........ ........ ........| ok p=1
Q44:	|........ ........ ........ ........| ok p=1
Q45:	|........ ........ ........ ........| ok p=1
Q46:	|........ ........ ........ ........| ok p=1
Q47:	|........ ........ ........ ........| ok p=1
Q48:	|........ ........ ........ ........| ok p=1
Q49:	|........ ........ ........ ........| ok p=1
Q50:	|........ ........ ........ ........| ok p=1
Q51:	|........ ........ ........ ........| ok p=1
Q52:	|........ ........ ........ ........| ok p=1
Q53:	|........ ........ ........ ........| ok p=1
Q54:	|........ ........ ........ ........| ok p=1
Q55:	|........ ........ ........ ........| ok p=1
Q56:	|........ ........ ........ ........| ok p=1
Q57:	|........ ........ ........ ........| ok p=1
Q58:	|........ ........ ........ ........| ok p=1
Q59:	|........ ........ ........ ........| ok p=1
Q60:	|........ ........ ...0.... ........| ok p=1
Q61:	|........ ........ ..11.... ........| ok p=1
Q62:	|........ ........ ..1-.... ........| ok p=1
Q63:	|........ ........ ..-+.... ........| ok p=1
Q64:	|........ ........ ...-.... .....+..|
Saving 100000 paths...done.
Autobalance parameters: maxcond=70
Verified: 0 bad out of 121553
Runtime: 10.0699
Extend MD5 differential paths backward
Copyright (C) 2009 Marc Stevens
http://homepages.cwi.nl/~stevens/

delta_m[11] = [!-2!]
Loading workdir3/paths21_0of1...done: 100000 (work:100000).
Estimating maxcond for upper bound 65536 (=16384 * 4)...
t=20: 0%   10   20   30   40   50   60   70   80   90   100%
      |----|----|----|----|----|----|----|----|----|----|
e     ***************************************************
Found maxcond = 84
t=20: 0%   10   20   30   40   50   60   70   80   90   100%
      |----|----|----|----|----|----|----|----|----|----|
      ***************************************************
Q17:	|+....... ...-.+.- ........ .-.+...-|
Q18:	|..-.+... -....1.. -....... +..-.1..|
Q19:	|..-....0 -..+.+.. ........ ..++.-..|
Q20:	|..0.^..0 +..+...0 ^....... ^.+0...0| ok p=0.635742
Q21:	|..^....+ 1..-.^.1 ....0... ..0+.^.1| ok p=0.887695
Q22:	|........ ^..-...+ ....1... ..-....-| ok p=0.908203
Q23:	|..0....^ ...1.... ....-.0. ...^....| ok p=0.989258
Q24:	|..1...0. ...0...^ .0....1. ..^....^| ok p=0.850586
Q25:	|..+...1. ........ ....^.+. ........| ok p=0.890625
Q26:	|......+. ........ 0-...... .....0..| ok p=0.975586
Q27:	|..^..... ........ 1-....^. .....1..| ok p=1
Q28:	|......^. ........ -+...... .....-..| ok p=0.87207
Q29:	|........ ........ .0...... .....0..| ok p=0.992188
Q30:	|........ ........ ^1...... .....+..| ok p=1
Q31:	|........ ........ ........ .....+..| ok p=1
Q32:	|........ ........ ........ ........| ok p=1
Q33:	|........ ........ ........ .....!..| ok p=1
Q34:	|........ ........ ........ ........| ok p=1
Q35:	|........ ........ ........ ........| ok p=1
Q36:	|........ ........ ........ ........| ok p=1
Q37:	|........ ........ ........ ........| ok p=1
Q38:	|........ ........ ........ ........| ok p=1
Q39:	|........ ........ ........ ........| ok p=1
Q40:	|........ ........ ........ ........| ok p=1
Q41:	|........ ........ ........ ........| ok p=1
Q42:	|........ ........ ........ ........| ok p=1
Q43:	|........ ........ ........ ........| ok p=1
Q44:	|........ ........ ........ ........| ok p=1
Q45:	|........ ........ ........ ........| ok p=1
Q46:	|........ ........ ........ ........| ok p=1
Q47:	|........ ........ ........ ........| ok p=1
Q48:	|........ ........ ........ ........| ok p=1
Q49:	|........ ........ ........ ........| ok p=1
Q50:	|........ ........ ........ ........| ok p=1
Q51:	|........ ........ ........ ........| ok p=1
Q52:	|........ ........ ........ ........| ok p=1
Q53:	|........ ........ ........ ........| ok p=1
Q54:	|........ ........ ........ ........| ok p=1
Q55:	|........ ........ ........ ........| ok p=1
Q56:	|........ ........ ........ ........| ok p=1
Q57:	|........ ........ ........ ........| ok p=1
Q58:	|........ ........ ........ ........| ok p=1
Q59:	|........ ........ ........ ........| ok p=1
Q60:	|........ ........ ...0.... ........| ok p=1
Q61:	|........ ........ ..11.... ........| ok p=1
Q62:	|........ ........ ..1-.... ........| ok p=1
Q63:	|........ ........ ..-+.... ........| ok p=1
Q64:	|........ ........ ...-.... .....+..|
Saving 16384 paths...done.
Autobalance parameters: maxcond=83
Verified: 0 bad out of 30619
Runtime: 3.30753
Extend MD5 differential paths backward
Copyright (C) 2009 Marc Stevens
http://homepages.cwi.nl/~stevens/

delta_m[11] = [!-2!]
Loading workdir3/paths20_0of1...done: 16384 (work:16384).
Estimating maxcond for upper bound 2000000 (=500000 * 4)...
t=19: 0%   10   20   30   40   50   60   70   80   90   100%
      |----|----|----|----|----|----|----|----|----|----|
e     ***************************************************
Found maxcond = 95
t=19: 0%   10   20   30   40   50   60   70   80   90   100%
      |----|----|----|----|----|----|----|----|----|----|
      ***************************************************
Q16:	|..-..... +....-.. .+....+. .-.+....|
Q17:	|+...1... .....+.. 1...1... .....+..|
Q18:	|..-.+... -....1.. -...-... .+...0..|
Q19:	|^.-....0 -....+.. ........ .+.0.-..| ok p=0.652344
Q20:	|..0.^..0 +..0...0 ^...^... .001...0| ok p=0.365234
Q21:	|..^....+ 1..1.^.1 ....0... .11+.^.1| ok p=0.898438
Q22:	|........ ^..-...+ ....1... ..-....-| ok p=0.919922
Q23:	|..0....^ ........ ....-.0. ...^....| ok p=0.99707
Q24:	|..1...0. ...^...^ .0....1. ..^....^| ok p=0.861328
Q25:	|..+...1. ........ ....^.+. ........| ok p=0.876953
Q26:	|......+. ........ 0-...... .....0..| ok p=0.985352
Q27:	|..^..... ........ 1-....^. .....1..| ok p=1
Q28:	|......^. ........ -+...... .....-..| ok p=0.856445
Q29:	|........ ........ .0...... .....0..| ok p=0.990234
Q30:	|........ ........ ^1...... .....+..| ok p=1
Q31:	|........ ........ ........ .....+..| ok p=1
Q32:	|........ ........ ........ ........| ok p=1
Q33:	|........ ........ ........ .....!..| ok p=1
Q34:	|........ ........ ........ ........| ok p=1
Q35:	|........ ........ ........ ........| ok p=1
Q36:	|........ ........ ........ ........| ok p=1
Q37:	|........ ........ ........ ........| ok p=1
Q38:	|........ ........ ........ ........| ok p=1
Q39:	|........ ........ ........ ........| ok p=1
Q40:	|........ ........ ........ ........| ok p=1
Q41:	|........ ........ ........ ........| ok p=1
Q42:	|........ ........ ........ ........| ok p=1
Q43:	|........ ........ ........ ........| ok p=1
Q44:	|........ ........ ........ ........| ok p=1
Q45:	|........ ........ ........ ........| ok p=1
Q46:	|........ ........ ........ ........| ok p=1
Q47:	|........ ........ ........ ........| ok p=1
Q48:	|........ ........ ........ ........| ok p=1
Q49:	|........ ........ ........ ........| ok p=1
Q50:	|........ ........ ........ ........| ok p=1
Q51:	|........ ........ ........ ........| ok p=1
Q52:	|........ ........ ........ ........| ok p=1
Q53:	|........ ........ ........ ........| ok p=1
Q54:	|........ ........ ........ ........| ok p=1
Q55:	|........ ........ ........ ........| ok p=1
Q56:	|........ ........ ........ ........| ok p=1
Q57:	|........ ........ ........ ........| ok p=1
Q58:	|........ ........ ........ ........| ok p=1
Q59:	|........ ........ ........ ........| ok p=1
Q60:	|........ ........ ...0.... ........| ok p=1
Q61:	|........ ........ ..11.... ........| ok p=1
Q62:	|........ ........ ..1-.... ........| ok p=1
Q63:	|........ ........ ..-+.... ........| ok p=1
Q64:	|........ ........ ...-.... .....+..|
Saving 500000 paths...done.
Autobalance parameters: maxcond=93
Verified: 0 bad out of 875950
Estimating maxcond for upper bound 2000000 (=500000 * 4)...
t=18: 0%   10   20   30   40   50   60   70   80   90   100%
      |----|----|----|----|----|----|----|----|----|----|
e     ***************************************************
Found maxcond = 106
t=18: 0%   10   20   30   40   50   60   70   80   90   100%
      |----|----|----|----|----|----|----|----|----|----|
      ***************************************************
Q15:	|..+..... +..-.... ..-..+.. ..+.-.-.|
Q16:	|1.-.0... .....-.. 0+..+.+. .-......|
Q17:	|-.1.1... -....+.. 1...0... .0...0..|
Q18:	|..-.+... -....1.. -^..-.^. .+...1..| ok p=0.800781
Q19:	|^.-....0 +....+.. ........ .+.0.-..| ok p=0.658203
Q20:	|..0.^..1 +..0...0 ^...^... .001...0| ok p=0.373047
Q21:	|..^....+ 0..1.^.1 ....0... .11+.^.1| ok p=0.899414
Q22:	|........ ^..-...+ ....1... ..-....-| ok p=0.918945
Q23:	|..0....^ ........ ....-.0. ...^....| ok p=0.996094
Q24:	|..1...0. ...^...^ .0....1. ..^....^| ok p=0.873047
Q25:	|..+...1. ........ ....^.+. ........| ok p=0.886719
Q26:	|......+. ........ 0-...... .....0..| ok p=0.986328
Q27:	|..^..... ........ 1-....^. .....1..| ok p=1
Q28:	|......^. ........ -+...... .....-..| ok p=0.820312
Q29:	|........ ........ .0...... .....0..| ok p=0.99707
Q30:	|........ ........ ^1...... .....+..| ok p=1
Q31:	|........ ........ ........ .....+..| ok p=1
Q32:	|........ ........ ........ ........| ok p=1
Q33:	|........ ........ ........ .....!..| ok p=1
Q34:	|........ ........ ........ ........| ok p=1
Q35:	|........ ........ ........ ........| ok p=1
Q36:	|........ ........ ........ ........| ok p=1
Q37:	|........ ........ ........ ........| ok p=1
Q38:	|........ ........ ........ ........| ok p=1
Q39:	|........ ........ ........ ........| ok p=1
Q40:	|........ ........ ........ ........| ok p=1
Q41:	|........ ........ ........ ........| ok p=1
Q42:	|........ ........ ........ ........| ok p=1
Q43:	|........ ........ ........ ........| ok p=1
Q44:	|........ ........ ........ ........| ok p=1
Q45:	|........ ........ ........ ........| ok p=1
Q46:	|........ ........ ........ ........| ok p=1
Q47:	|........ ........ ........ ........| ok p=1
Q48:	|........ ........ ........ ........| ok p=1
Q49:	|........ ........ ........ ........| ok p=1
Q50:	|........ ........ ........ ........| ok p=1
Q51:	|........ ........ ........ ........| ok p=1
Q52:	|........ ........ ........ ........| ok p=1
Q53:	|........ ........ ........ ........| ok p=1
Q54:	|........ ........ ........ ........| ok p=1
Q55:	|........ ........ ........ ........| ok p=1
Q56:	|........ ........ ........ ........| ok p=1
Q57:	|........ ........ ........ ........| ok p=1
Q58:	|........ ........ ........ ........| ok p=1
Q59:	|........ ........ ........ ........| ok p=1
Q60:	|........ ........ ...0.... ........| ok p=1
Q61:	|........ ........ ..11.... ........| ok p=1
Q62:	|........ ........ ..1-.... ........| ok p=1
Q63:	|........ ........ ..-+.... ........| ok p=1
Q64:	|........ ........ ...-.... .....+..|
Saving 500000 paths...done.
Autobalance parameters: maxcond=105
Verified: 0 bad out of 558642
Estimating maxcond for upper bound 2000000 (=500000 * 4)...
t=17: 0%   10   20   30   40   50   60   70   80   90   100%
      |----|----|----|----|----|----|----|----|----|----|
e     ***************************************************
Found maxcond = 123
t=17: 0%   10   20   30   40   50   60   70   80   90   100%
      |----|----|----|----|----|----|----|----|----|----|
      ***************************************************
Q14:	|+.....-. ..+..... ......-. .....-..|
Q15:	|.+...... +..-.1.. .1.-..-. .-.+.++.|
Q16:	|.1-.0... 0....-.. 0+..1.+. .-...1..|
Q17:	|.--.1... -..^.+.. 1..^1.1. .1.^.+^.| ok p=0.599609
Q18:	|..-.+... -....1.. -^..-.0. .+...0..| ok p=0.792969
Q19:	|.^-....0 +....+.. ........ .+.0.-..| ok p=0.679688
Q20:	|..1.^..1 +..0...0 ^...^... .001...0| ok p=0.368164
Q21:	|..^....+ 0..1.^.1 ....0... .11+.^.1| ok p=0.915039
Q22:	|........ ^..-...+ ....1... ..-....-| ok p=0.932617
Q23:	|..0....^ ........ ....-.0. ...^....| ok p=0.99707
Q24:	|..1...0. ...^...^ .0....1. ..^....^| ok p=0.857422
Q25:	|..+...1. ........ ....^.+. ........| ok p=0.886719
Q26:	|......+. ........ 0-...... .....0..| ok p=0.984375
Q27:	|..^..... ........ 1-....^. .....1..| ok p=1
Q28:	|......^. ........ -+...... .....-..| ok p=0.844727
Q29:	|........ ........ .0...... .....0..| ok p=0.99707
Q30:	|........ ........ ^1...... .....+..| ok p=1
Q31:	|........ ........ ........ .....+..| ok p=1
Q32:	|........ ........ ........ ........| ok p=1
Q33:	|........ ........ ........ .....!..| ok p=1
Q34:	|........ ........ ........ ........| ok p=1
Q35:	|........ ........ ........ ........| ok p=1
Q36:	|........ ........ ........ ........| ok p=1
Q37:	|........ ........ ........ ........| ok p=1
Q38:	|........ ........ ........ ........| ok p=1
Q39:	|........ ........ ........ ........| ok p=1
Q40:	|........ ........ ........ ........| ok p=1
Q41:	|........ ........ ........ ........| ok p=1
Q42:	|........ ........ ........ ........| ok p=1
Q43:	|........ ........ ........ ........| ok p=1
Q44:	|........ ........ ........ ........| ok p=1
Q45:	|........ ........ ........ ........| ok p=1
Q46:	|........ ........ ........ ........| ok p=1
Q47:	|........ ........ ........ ........| ok p=1
Q48:	|........ ........ ........ ........| ok p=1
Q49:	|........ ........ ........ ........| ok p=1
Q50:	|........ ........ ........ ........| ok p=1
Q51:	|........ ........ ........ ........| ok p=1
Q52:	|........ ........ ........ ........| ok p=1
Q53:	|........ ........ ........ ........| ok p=1
Q54:	|........ ........ ........ ........| ok p=1
Q55:	|........ ........ ........ ........| ok p=1
Q56:	|........ ........ ........ ........| ok p=1
Q57:	|........ ........ ........ ........| ok p=1
Q58:	|........ ........ ........ ........| ok p=1
Q59:	|........ ........ ........ ........| ok p=1
Q60:	|........ ........ ...0.... ........| ok p=1
Q61:	|........ ........ ..11.... ........| ok p=1
Q62:	|........ ........ ..1-.... ........| ok p=1
Q63:	|........ ........ ..-+.... ........| ok p=1
Q64:	|........ ........ ...-.... .....+..|
Saving 500000 paths...done.
Autobalance parameters: maxcond=122
Verified: 0 bad out of 539560
Estimating maxcond for upper bound 2000000 (=500000 * 4)...
t=16: 0%   10   20   30   40   50   60   70   80   90   100%
      |----|----|----|----|----|----|----|----|----|----|
e     ***************************************************
Found maxcond = 136
t=16: 0%   10   20   30   40   50   60   70   80   90   100%
      |----|----|----|----|----|----|----|----|----|----|
      ***************************************************
Q13:	|......-. -....... ..+..-.. .+.-..+.|
Q14:	|..+..... +..+.+.. .01..... ...1.11.|
Q15:	|0.+..... +..-.1.. .1-...+. .-.+.++.|
Q16:	|1.-.0... 1..1.-.. 0+..0.+. .-...1..| ok p=0.723633
Q17:	|-.+.1... -..0.0.. 1.^.1.0. .1.^.0^.| ok p=0.630859
Q18:	|..-.+... -....0.. -^..-.1. .+...1..| ok p=0.773438
Q19:	|^.-....0 +....+.. ........ .+.0.-..| ok p=0.679688
Q20:	|..1.^..1 +..0...0 ^...^... .001...0| ok p=0.379883
Q21:	|..^....+ 0..1.^.1 ....0... .11+.^.1| ok p=0.900391
Q22:	|........ ^..-...+ ....1... ..-....-| ok p=0.905273
Q23:	|..0....^ ........ ....-.0. ...^....| ok p=0.993164
Q24:	|..1...0. ...^...^ .0....1. ..^....^| ok p=0.865234
Q25:	|..+...1. ........ ....^.+. ........| ok p=0.87207
Q26:	|......+. ........ 0-...... .....0..| ok p=0.983398
Q27:	|..^..... ........ 1-....^. .....1..| ok p=1
Q28:	|......^. ........ -+...... .....-..| ok p=0.829102
Q29:	|........ ........ .0...... .....0..| ok p=0.994141
Q30:	|........ ........ ^1...... .....+..| ok p=1
Q31:	|........ ........ ........ .....+..| ok p=1
Q32:	|........ ........ ........ ........| ok p=1
Q33:	|........ ........ ........ .....!..| ok p=1
Q34:	|........ ........ ........ ........| ok p=1
Q35:	|........ ........ ........ ........| ok p=1
Q36:	|........ ........ ........ ........| ok p=1
Q37:	|........ ........ ........ ........| ok p=1
Q38:	|........ ........ ........ ........| ok p=1
Q39:	|........ ........ ........ ........| ok p=1
Q40:	|........ ........ ........ ........| ok p=1
Q41:	|........ ........ ........ ........| ok p=1
Q42:	|........ ........ ........ ........| ok p=1
Q43:	|........ ........ ........ ........| ok p=1
Q44:	|........ ........ ........ ........| ok p=1
Q45:	|........ ........ ........ ........| ok p=1
Q46:	|........ ........ ........ ........| ok p=1
Q47:	|........ ........ ........ ........| ok p=1
Q48:	|........ ........ ........ ........| ok p=1
Q49:	|........ ........ ........ ........| ok p=1
Q50:	|........ ........ ........ ........| ok p=1
Q51:	|........ ........ ........ ........| ok p=1
Q52:	|........ ........ ........ ........| ok p=1
Q53:	|........ ........ ........ ........| ok p=1
Q54:	|........ ........ ........ ........| ok p=1
Q55:	|........ ........ ........ ........| ok p=1
Q56:	|........ ........ ........ ........| ok p=1
Q57:	|........ ........ ........ ........| ok p=1
Q58:	|........ ........ ........ ........| ok p=1
Q59:	|........ ........ ........ ........| ok p=1
Q60:	|........ ........ ...0.... ........| ok p=1
Q61:	|........ ........ ..11.... ........| ok p=1
Q62:	|........ ........ ..1-.... ........| ok p=1
Q63:	|........ ........ ..-+.... ........| ok p=1
Q64:	|........ ........ ...-.... .....+..|
Saving 500000 paths...done.
Autobalance parameters: maxcond=134
Verified: 0 bad out of 919612
Runtime: 32.7136
Connect MD5 differential paths
Copyright (C) 2009 Marc Stevens
http://homepages.cwi.nl/~stevens/

delta_m[11] = [!-2!]
Loading workdir3/paths16_0of1.bin.gz...done: 500000.
Loading workdir3/paths11_0of1.bin.gz...done: 500000.
t=12: 0%   10   20   30   40   50   60   70   80   90   100%
      |----|----|----|----|----|----|----|----|----|----|
      *Q-3:	|11110001 11110111 11011100 11100001|
Q-2:	|11-01+-- 010+10-+ +1+-0100 011+---1|
Q-1:	|+++1+--- 001+0000 -10+0011 10011+-0|
Q0:	|+++10000 +--00-11 0-0-1-00 00-000-1| ok p=0.742188
Q1:	|+1..-000 +11-.0-0 0-.1.-0+ ..-..1-.| ok p=0.408203
Q2:	|1+1.+... .1+1.-01 1-.0.--- ..0...+.| ok p=1
Q3:	|1-..0... 1-+1.-0- 0....-00 ..1.1^1.| ok p=1
Q4:	|00..-^.. 10-..0.+ .0....0+ ..+11--.| ok p=1
Q5:	|1+..1-.. 1+-..-.1 .....0.1 ..0.-0+.| ok p=1
Q6:	|01..+0.. -1...-.0 .......1 .01.-11.| ok p=1
Q7:	|01..11.. -00..... .......1 .0-.+.1.| ok p=1
Q8:	|1+..0-.. .....01. .....^.- .+-0+...| ok p=1
Q9:	|01..+00. 1.....1. ....0-.0 .+11+...| ok p=1
Q10:	|1-11+00. .1^1.1+1 .1011000 .+01000.| ok p=1
Q11:	|1-100++^ 10+1.0+0 .111+11- 0+.0111.| ok p=1
Q12:	|++-101-+ 1+0-^+-+ ^+---1-+ 1+.+---.| ok p=1
Q13:	|--+++++1 -+1---+- ---+++00 +-.-1-0.| ok p=1
Q14:	|-0+01010 +.+.1+11 0-111010 01.1100.| ok p=1
Q15:	|+0+1110. +010-100 10-111+. 1-.+.++.| ok p=1
Q16:	|0.-.0... 1.0.-1.. 0+..0.+. .-...1..| ok p=0.737305
Q17:	|+.+.1... -...01.. 1.^.1.0. .1.^.0^.| ok p=0.621094
Q18:	|..-.+... -...10.. -^..-.1. .+...1..| ok p=0.768555
Q19:	|^.-....0 +....+.. ........ .+.0.-..| ok p=0.686523
Q20:	|..1.^..1 +..0...0 ^...^... .001...0| ok p=0.37207
Q21:	|..1....+ 0..1.^.1 ....0... .11+.^.1| ok p=0.902344
Q22:	|........ 0..-...+ ....1... ..-....-| ok p=0.929688
Q23:	|..0....^ ........ ....-.0. ...^....| ok p=0.998047
Q24:	|..1...0. ...^...^ .0....1. ..^....^| ok p=0.875
Q25:	|..+...1. ........ ....^.+. ........| ok p=0.860352
Q26:	|......+. ........ 0-...... .....0..| ok p=0.985352
Q27:	|..^..... ........ 1-....^. .....1..| ok p=1
Q28:	|......^. ........ -+...... .....-..| ok p=0.830078
Q29:	|........ ........ .0...... .....0..| ok p=0.991211
Q30:	|........ ........ ^1...... .....+..| ok p=1
Q31:	|........ ........ ........ .....+..| ok p=1
Q32:	|........ ........ ........ ........| ok p=1
Q33:	|........ ........ ........ .....!..| ok p=1
Q34:	|........ ........ ........ ........| ok p=1
Q35:	|........ ........ ........ ........| ok p=1
Q36:	|........ ........ ........ ........| ok p=1
Q37:	|........ ........ ........ ........| ok p=1
Q38:	|........ ........ ........ ........| ok p=1
Q39:	|........ ........ ........ ........| ok p=1
Q40:	|........ ........ ........ ........| ok p=1
Q41:	|........ ........ ........ ........| ok p=1
Q42:	|........ ........ ........ ........| ok p=1
Q43:	|........ ........ ........ ........| ok p=1
Q44:	|........ ........ ........ ........| ok p=1
Q45:	|........ ........ ........ ........| ok p=1
Q46:	|........ ........ ........ ........| ok p=1
Q47:	|........ ........ ........ ........| ok p=1
Q48:	|........ ........ ........ ........| ok p=1
Q49:	|........ ........ ........ ........| ok p=1
Q50:	|........ ........ ........ ........| ok p=1
Q51:	|........ ........ ........ ........| ok p=1
Q52:	|........ ........ ........ ........| ok p=1
Q53:	|........ ........ ........ ........| ok p=1
Q54:	|........ ........ ........ ........| ok p=1
Q55:	|........ ........ ........ ........| ok p=1
Q56:	|........ ........ ........ ........| ok p=1
Q57:	|........ ........ ........ ........| ok p=1
Q58:	|........ ........ ........ ........| ok p=1
Q59:	|........ ........ ........ ........| ok p=1
Q60:	|........ ........ ...0.... ........| ok p=1
Q61:	|........ ........ ..11.... ........| ok p=1
Q62:	|........ ........ ..1-.... ........| ok p=1
Q63:	|........ ........ ..-+.... ........| ok p=1
Q64:	|........ ........ ...-.... .....+..|
Best path: totcompl=-28 tottunnel=34, totcond=561, p=0.0147361
Q-3:	|11110001 11110111 11011100 11100001|
Q-2:	|11-01+-- 010+10-+ +1+-0100 011+---1|
Q-1:	|+++1+--- 001+0000 -10+0011 10011+-0|
Q0:	|+++10000 +--00-11 0-0-1-00 00-000-1| ok p=0.739258
Q1:	|+1..-000 +11-.0-0 0-.1.-0+ ..-..1-.| ok p=0.4375
Q2:	|1+1.+... .1+1.-01 1-.0.--- ..0...+.| ok p=1
Q3:	|1-..0... 1-+1.-0- 0....-00 ..1.1^1.| ok p=1
Q4:	|00..-^.. 10-..0.+ .0....0+ ..+11--.| ok p=1
Q5:	|1+..1-.. 1+-..-.1 .....0.1 ..0.-0+.| ok p=1
Q6:	|01..+0.. -1...-.0 .......1 .01.-11.| ok p=1
Q7:	|01..11.. -00..... .......1 .0-.+.1.| ok p=1
Q8:	|1+..0-.. .....01. .....^.- .+-0+...| ok p=1
Q9:	|01..+00. 1.....1. ....0-.0 .+11+...| ok p=1
Q10:	|1-11+00. .1^1.1+1 .1001000 .+01000.| ok p=1
Q11:	|1-100++^ 10+1.0+0 .110+11- 0+.0111.| ok p=1
Q12:	|++-101-+ 1+0-^+-+ ^+---1-+ 1+.+---.| ok p=1
Q13:	|--+++++1 -+1---+- --0-++00 +-.-1-0.| ok p=1
Q14:	|-0+01010 +.+.1+11 0-1.1010 01.1100.| ok p=1
Q15:	|+0+1110. +010-100 10-111+. 1-.+.++.| ok p=1
Q16:	|0.-.0... 1.0.-1.. 0+..0.+. .-...1..| ok p=0.741211
Q17:	|+.+.1... -...01.. 1.^.1.0. .1.^.0^.| ok p=0.648438
Q18:	|..-.+... -...10.. -^..-.1. .+...1..| ok p=0.759766
Q19:	|^.-....0 +....+.. ........ .+.0.-..| ok p=0.664062
Q20:	|..1.^..1 +..0...0 ^...^... .001...0| ok p=0.365234
Q21:	|..1....+ 0..1.^.1 ....0... .11+.^.1| ok p=0.894531
Q22:	|........ 0..-...+ ....1... ..-....-| ok p=0.90332
Q23:	|..0....^ ........ ....-.0. ...^....| ok p=0.99707
Q24:	|..1...0. ...^...^ .0....1. ..^....^| ok p=0.859375
Q25:	|..+...1. ........ ....^.+. ........| ok p=0.892578
Q26:	|......+. ........ 0-...... .....0..| ok p=0.982422
Q27:	|..^..... ........ 1-....^. .....1..| ok p=1
Q28:	|......^. ........ -+...... .....-..| ok p=0.837891
Q29:	|........ ........ .0...... .....0..| ok p=0.990234
Q30:	|........ ........ ^1...... .....+..| ok p=1
Q31:	|........ ........ ........ .....+..| ok p=1
Q32:	|........ ........ ........ ........| ok p=1
Q33:	|........ ........ ........ .....!..| ok p=1
Q34:	|........ ........ ........ ........| ok p=1
Q35:	|........ ........ ........ ........| ok p=1
Q36:	|........ ........ ........ ........| ok p=1
Q37:	|........ ........ ........ ........| ok p=1
Q38:	|........ ........ ........ ........| ok p=1
Q39:	|........ ........ ........ ........| ok p=1
Q40:	|........ ........ ........ ........| ok p=1
Q41:	|........ ........ ........ ........| ok p=1
Q42:	|........ ........ ........ ........| ok p=1
Q43:	|........ ........ ........ ........| ok p=1
Q44:	|........ ........ ........ ........| ok p=1
Q45:	|........ ........ ........ ........| ok p=1
Q46:	|........ ........ ........ ........| ok p=1
Q47:	|........ ........ ........ ........| ok p=1
Q48:	|........ ........ ........ ........| ok p=1
Q49:	|........ ........ ........ ........| ok p=1
Q50:	|........ ........ ........ ........| ok p=1
Q51:	|........ ........ ........ ........| ok p=1
Q52:	|........ ........ ........ ........| ok p=1
Q53:	|........ ........ ........ ........| ok p=1
Q54:	|........ ........ ........ ........| ok p=1
Q55:	|........ ........ ........ ........| ok p=1
Q56:	|........ ........ ........ ........| ok p=1
Q57:	|........ ........ ........ ........| ok p=1
Q58:	|........ ........ ........ ........| ok p=1
Q59:	|........ ........ ........ ........| ok p=1
Q60:	|........ ........ ...0.... ........| ok p=1
Q61:	|........ ........ ..11.... ........| ok p=1
Q62:	|........ ........ ..1-.... ........| ok p=1
Q63:	|........ ........ ..-+.... ........| ok p=1
Q64:	|........ ........ ...-.... .....+..|
Best path: totcompl=-28 tottunnel=34, totcond=560, p=0.0151675
Q-3:	|11110001 11110111 11011100 11100001|
Q-2:	|11-01+-- 010+10-+ +1+-0100 011+---1|
Q-1:	|+++1+--- 001+0000 -10+0011 10011+-0|
Q0:	|+++10000 +--00-11 0-0-1-00 00-000-1| ok p=0.75293
Q1:	|+1..-000 +11-.0-0 0-.1.-0+ ..-..1-.| ok p=0.432617
Q2:	|1+1.+... .1+1.-01 1-.0.--- ..0...+.| ok p=1
Q3:	|1-..0... 1-+1.-0- .0...-00 ..1.1^1.| ok p=1
Q4:	|00..-^.. 10-..0.+ .0....0+ ..+11--.| ok p=1
Q5:	|1+..1-.. 1+-..-.1 .....0.1 ..0.-0+.| ok p=1
Q6:	|01..+0.. -1...-.0 .......1 .01.-11.| ok p=0.99707
Q7:	|01..11.. -00..... .......1 .0-.+.1.| ok p=1
Q8:	|1+..0-.. ..0..01. .....^.- .+-0+...| ok p=1
Q9:	|01..+00. 1.....1. ....0-.0 .+11+...| ok p=1
Q10:	|1-1.+00. 11^1.1+1 .10.1000 .+01000.| ok p=1
Q11:	|1-100++^ 10+1.0+0 .11^+11- 0+.0111.| ok p=1
Q12:	|-+-101-+ 1+0-^+-+ ^+---1-+ 1+.+---.| ok p=1
Q13:	|+-+++++1 -+1---+- --01-+00 +-.-1-0.| ok p=1
Q14:	|+0+01010 +.+.1+11 0-11.010 01.1100.| ok p=1
Q15:	|-0+1110. +010-100 10-.11+. 1-.+.++.| ok p=0.495117
Q16:	|0.-.0... 1.0.-1.. 0+..0.+. .-...1..| ok p=0.755859
Q17:	|-.+.1... -...01.. 1.^.1.0. .1.^.0^.| ok p=0.629883
Q18:	|..-.+... -...10.. -^..-.1. .+...1..| ok p=0.764648
Q19:	|^.-....0 +....+.. ........ .+.0.-..| ok p=0.677734
Q20:	|..1.^..1 +..0...0 ^...^... .001...0| ok p=0.360352
Q21:	|..1....+ 0..1.^.1 ....0... .11+.^.1| ok p=0.905273
Q22:	|........ 0..-...+ ....1... ..-....-| ok p=0.924805
Q23:	|..0....^ ........ ....-.0. ...^....| ok p=0.996094
Q24:	|..1...0. ...^...^ .0....1. ..^....^| ok p=0.861328
Q25:	|..+...1. ........ ....^.+. ........| ok p=0.865234
Q26:	|......+. ........ 0-...... .....0..| ok p=0.979492
Q27:	|..^..... ........ 1-....^. .....1..| ok p=1
Q28:	|......^. ........ -+...... .....-..| ok p=0.854492
Q29:	|........ ........ .0...... .....0..| ok p=0.996094
Q30:	|........ ........ ^1...... .....+..| ok p=1
Q31:	|........ ........ ........ .....+..| ok p=1
Q32:	|........ ........ ........ ........| ok p=1
Q33:	|........ ........ ........ .....!..| ok p=1
Q34:	|........ ........ ........ ........| ok p=1
Q35:	|........ ........ ........ ........| ok p=1
Q36:	|........ ........ ........ ........| ok p=1
Q37:	|........ ........ ........ ........| ok p=1
Q38:	|........ ........ ........ ........| ok p=1
Q39:	|........ ........ ........ ........| ok p=1
Q40:	|........ ........ ........ ........| ok p=1
Q41:	|........ ........ ........ ........| ok p=1
Q42:	|........ ........ ........ ........| ok p=1
Q43:	|........ ........ ........ ........| ok p=1
Q44:	|........ ........ ........ ........| ok p=1
Q45:	|........ ........ ........ ........| ok p=1
Q46:	|........ ........ ........ ........| ok p=1
Q47:	|........ ........ ........ ........| ok p=1
Q48:	|........ ........ ........ ........| ok p=1
Q49:	|........ ........ ........ ........| ok p=1
Q50:	|........ ........ ........ ........| ok p=1
Q51:	|........ ........ ........ ........| ok p=1
Q52:	|........ ........ ........ ........| ok p=1
Q53:	|........ ........ ........ ........| ok p=1
Q54:	|........ ........ ........ ........| ok p=1
Q55:	|........ ........ ........ ........| ok p=1
Q56:	|........ ........ ........ ........| ok p=1
Q57:	|........ ........ ........ ........| ok p=1
Q58:	|........ ........ ........ ........| ok p=1
Q59:	|........ ........ ........ ........| ok p=1
Q60:	|........ ........ ...0.... ........| ok p=1
Q61:	|........ ........ ..11.... ........| ok p=1
Q62:	|........ ........ ..1-.... ........| ok p=1
Q63:	|........ ........ ..-+.... ........| ok p=1
Q64:	|........ ........ ...-.... .....+..|
Best path: totcompl=-27 tottunnel=35, totcond=559, p=0.00750436
Q-3:	|11110001 11110111 11011100 11100001|
Q-2:	|11-01+-- 010+10-+ +1+-0100 011+---1|
Q-1:	|+++1+--- 001+0000 -10+0011 10011+-0|
Q0:	|+++10000 +--00-11 0-0-1-00 00-000-1| ok p=0.765625
Q1:	|+1..-000 +11-.0-0 0-.1.-0+ ..-..1-.| ok p=0.454102
Q2:	|1+1.+... .1+1.-01 1-.0.--- ..0...+.| ok p=1
Q3:	|1-..0... 1-+1.-0- 0....-00 ..1.1^1.| ok p=1
Q4:	|00..-^.. 10-..0.+ .0....0+ ..+11--.| ok p=1
Q5:	|1+..1-.. 1+-..-.1 .....0.1 ..0.-0+.| ok p=1
Q6:	|01..+0.. -1...-.0 .......1 .01.-11.| ok p=0.998047
Q7:	|01..11.. -00..... .......1 .0-.+.1.| ok p=0.999023
Q8:	|1+..0-.. .....01. .....^.- .+-1+...| ok p=1
Q9:	|01..+00. 1.....1. ....0-.0 .+00+...| ok p=1
Q10:	|1-1.+00. 11^1.1+1 .10.1000 .+01000.| ok p=1
Q11:	|1-100++^ 10+1.0+0 .11^+11- 0+.0111.| ok p=1
Q12:	|++-101-+ 1+0-^+-+ ^+---1-+ 1+.+---.| ok p=1
Q13:	|--+++++1 -+1---+- --01-+0+ --.-1-0.| ok p=1
Q14:	|-0+01010 +.+.1+11 0-11.01. 01.1100.| ok p=1
Q15:	|+0+1110. +010-100 10-.11+1 1-.+.++.| ok p=1
Q16:	|0.-.0... 1.0.-1.. 0+..0.+. .-...1..| ok p=0.751953
Q17:	|+.+.1... -...01.. 1.^.1.0. .1.^.0^.| ok p=0.647461
Q18:	|..-.+... -...10.. -^..-.1. .+...1..| ok p=0.770508
Q19:	|^.-....0 +....+.. ........ .+.0.-..| ok p=0.651367
Q20:	|..1.^..1 +..0...0 ^...^... .001...0| ok p=0.384766
Q21:	|..1....+ 0..1.^.1 ....0... .11+.^.1| ok p=0.884766
Q22:	|........ 0..-...+ ....1... ..-....-| ok p=0.925781
Q23:	|..0....^ ........ ....-.0. ...^....| ok p=0.994141
Q24:	|..1...0. ...^...^ .0....1. ..^....^| ok p=0.87207
Q25:	|..+...1. ........ ....^.+. ........| ok p=0.880859
Q26:	|......+. ........ 0-...... .....0..| ok p=0.991211
Q27:	|..^..... ........ 1-....^. .....1..| ok p=1
Q28:	|......^. ........ -+...... .....-..| ok p=0.825195
Q29:	|........ ........ .0...... .....0..| ok p=0.995117
Q30:	|........ ........ ^1...... .....+..| ok p=1
Q31:	|........ ........ ........ .....+..| ok p=1
Q32:	|........ ........ ........ ........| ok p=1
Q33:	|........ ........ ........ .....!..| ok p=1
Q34:	|........ ........ ........ ........| ok p=1
Q35:	|........ ........ ........ ........| ok p=1
Q36:	|........ ........ ........ ........| ok p=1
Q37:	|........ ........ ........ ........| ok p=1
Q38:	|........ ........ ........ ........| ok p=1
Q39:	|........ ........ ........ ........| ok p=1
Q40:	|........ ........ ........ ........| ok p=1
Q41:	|........ ........ ........ ........| ok p=1
Q42:	|........ ........ ........ ........| ok p=1
Q43:	|........ ........ ........ ........| ok p=1
Q44:	|........ ........ ........ ........| ok p=1
Q45:	|........ ........ ........ ........| ok p=1
Q46:	|........ ........ ........ ........| ok p=1
Q47:	|........ ........ ........ ........| ok p=1
Q48:	|........ ........ ........ ........| ok p=1
Q49:	|........ ........ ........ ........| ok p=1
Q50:	|........ ........ ........ ........| ok p=1
Q51:	|........ ........ ........ ........| ok p=1
Q52:	|........ ........ ........ ........| ok p=1
Q53:	|........ ........ ........ ........| ok p=1
Q54:	|........ ........ ........ ........| ok p=1
Q55:	|........ ........ ........ ........| ok p=1
Q56:	|........ ........ ........ ........| ok p=1
Q57:	|........ ........ ........ ........| ok p=1
Q58:	|........ ........ ........ ........| ok p=1
Q59:	|........ ........ ........ ........| ok p=1
Q60:	|........ ........ ...0.... ........| ok p=1
Q61:	|........ ........ ..11.... ........| ok p=1
Q62:	|........ ........ ..1-.... ........| ok p=1
Q63:	|........ ........ ..-+.... ........| ok p=1
Q64:	|........ ........ ...-.... .....+..|
Best path: totcompl=-27 tottunnel=35, totcond=558, p=0.0141935
Best paths: 2
Q-3:	|11110001 11110111 11011100 11100001|
Q-2:	|11-01+-- 010+10-+ +1+-0100 011+---1|
Q-1:	|+++1+--- 001+0000 -10+0011 10011+-0|
Q0:	|+++10000 +--00-11 0-0-1-00 00-000-1| ok p=0.751953
Q1:	|+1..-000 +11-.0-0 0-.1.-0+ ..-..1-.| ok p=0.458008
Q2:	|1+1.+... .1+1.-01 .-.0.--- ..0...+.| ok p=1
Q3:	|1-..0... 1-+1.-0- ^0...-00 ..1.1^1.| ok p=1
Q4:	|00..-^.. 10-..0.+ .0....0+ ..+11--.| ok p=1
Q5:	|1+..1-.. 1+-..-.1 .....0.1 ..0.-0+.| ok p=1
Q6:	|01..+0.. -1...-.0 .......1 .01.-11.| ok p=0.999023
Q7:	|01..11.. -00..... .......1 .0-.+.1.| ok p=1
Q8:	|1+..0-.. .....01. .....^.- .+-1+...| ok p=1
Q9:	|01..+00. 1.....1. ....0-.0 .+00+...| ok p=1
Q10:	|1-1.+00. 11^1.1+0 ..1.1000 .+01000.| ok p=1
Q11:	|1-100++^ 10+1.0+1 000^+11- 0+.0111.| ok p=1
Q12:	|-+-101-+ 1+0-^+.- 11+--1-+ 1+.+---.| ok p=1
Q13:	|+-+++++1 -+1---0+ --01-+0+ --.-1-0.| ok p=1
Q14:	|+0+01010 +.+.1+.1 0-11.01. 01.1100.| ok p=1
Q15:	|-0+1110. +010-1.0 10-.11+1 1-.+.++.| ok p=0.488281
Q16:	|0.-.0... 1.0.-1.. 0+..0.+. .-...1..| ok p=0.760742
Q17:	|-.+.1... -...01.. 1.^.1.0. .1.^.0^.| ok p=0.628906
Q18:	|..-.+... -...10.. -^..-.1. .+...1..| ok p=0.783203
Q19:	|^.-....0 +....+.. ........ .+.0.-..| ok p=0.650391
Q20:	|..1.^..1 +..0...0 ^...^... .001...0| ok p=0.387695
Q21:	|..1....+ 0..1.^.1 ....0... .11+.^.1| ok p=0.87793
Q22:	|........ 0..-...+ ....1... ..-....-| ok p=0.914062
Q23:	|..0....^ ........ ....-.0. ...^....| ok p=0.99707
Q24:	|..1...0. ...^...^ .0....1. ..^....^| ok p=0.834961
Q25:	|..+...1. ........ ....^.+. ........| ok p=0.886719
Q26:	|......+. ........ 0-...... .....0..| ok p=0.988281
Q27:	|..^..... ........ 1-....^. .....1..| ok p=1
Q28:	|......^. ........ -+...... .....-..| ok p=0.84668
Q29:	|........ ........ .0...... .....0..| ok p=0.992188
Q30:	|........ ........ ^1...... .....+..| ok p=1
Q31:	|........ ........ ........ .....+..| ok p=1
Q32:	|........ ........ ........ ........| ok p=1
Q33:	|........ ........ ........ .....!..| ok p=1
Q34:	|........ ........ ........ ........| ok p=1
Q35:	|........ ........ ........ ........| ok p=1
Q36:	|........ ........ ........ ........| ok p=1
Q37:	|........ ........ ........ ........| ok p=1
Q38:	|........ ........ ........ ........| ok p=1
Q39:	|........ ........ ........ ........| ok p=1
Q40:	|........ ........ ........ ........| ok p=1
Q41:	|........ ........ ........ ........| ok p=1
Q42:	|........ ........ ........ ........| ok p=1
Q43:	|........ ........ ........ ........| ok p=1
Q44:	|........ ........ ........ ........| ok p=1
Q45:	|........ ........ ........ ........| ok p=1
Q46:	|........ ........ ........ ........| ok p=1
Q47:	|........ ........ ........ ........| ok p=1
Q48:	|........ ........ ........ ........| ok p=1
Q49:	|........ ........ ........ ........| ok p=1
Q50:	|........ ........ ........ ........| ok p=1
Q51:	|........ ........ ........ ........| ok p=1
Q52:	|........ ........ ........ ........| ok p=1
Q53:	|........ ........ ........ ........| ok p=1
Q54:	|........ ........ ........ ........| ok p=1
Q55:	|........ ........ ........ ........| ok p=1
Q56:	|........ ........ ........ ........| ok p=1
Q57:	|........ ........ ........ ........| ok p=1
Q58:	|........ ........ ........ ........| ok p=1
Q59:	|........ ........ ........ ........| ok p=1
Q60:	|........ ........ ...0.... ........| ok p=1
Q61:	|........ ........ ..11.... ........| ok p=1
Q62:	|........ ........ ..1-.... ........| ok p=1
Q63:	|........ ........ ..-+.... ........| ok p=1
Q64:	|........ ........ ...-.... .....+..|
Best path: totcompl=-27 tottunnel=35, totcond=555, p=0.0077674
**Best paths: 2
**Q-3:	|11110001 11110111 11011100 11100001|
Q-2:	|11-01+-- 010+10-+ +1+-0100 011+---1|
Q-1:	|+++1+--- 001+0000 -10+0011 10011+-0|
Q0:	|+++10000 +--00-11 0-0-1-00 00-000-1| ok p=0.742188
Q1:	|+1..-000 +11-.0-0 0-.1.-0+ ..-..1-.| ok p=0.443359
Q2:	|1+1.+... .1+1.-01 1-.0.--- ..0...+.| ok p=1
Q3:	|1-..0... 1-+1.-0- .0...-00 ..1..^1.| ok p=1
Q4:	|00..-^.. .0-..01+ .1....0+ ..+.^--.| ok p=1
Q5:	|1+..1-.. .+0..-11 .....1.1 .!1.-0+.| ok p=1
Q6:	|01..+0.. .1-..-+1 .......1 ..0.0--.| ok p=0.999023
Q7:	|.1..11.. .+-...-. ........ ..+.+10.| ok p=1
Q8:	|!+..0-.. .+-..0-. ..0..... ..-1+10.| ok p=1
Q9:	|.+!.+1.. 0.+...-. 0.0.0... .^00+...| ok p=1
Q10:	|!...+001 11+.101. 00+01.01 .-10+00.| ok p=1
Q11:	|.0.1+101 +01.010. +1+0+.10 .000111.| ok p=1
Q12:	|..00+--+ 0++^+--^ 1-0++^-+ .11+-+-.| ok p=1
Q13:	|..0-+++- +0+-1+-- --+-++01 .0++001.| ok p=1
Q14:	|!.+0.101 00+001.0 1-00.0-1 .11101+.| ok p=1
Q15:	|0.+10001 +..-.101 10-011+. .-0+.++.| ok p=0.644531
Q16:	|1.-.0... 0.^..-.. 0+..0.+. .-...11.| ok p=0.776367
Q17:	|-.+.1... -..^.+.. 1.^.1.0. .1.^.00.| ok p=0.636719
Q18:	|..-.+... -....1.. -^..-.1. .+...1..| ok p=0.768555
Q19:	|^.-....0 +....+.. ........ .+.0.-..| ok p=0.676758
Q20:	|..1.^..1 +..0...0 ^...^... .001...0| ok p=0.375977
Q21:	|..1....+ 0..1.^.1 ....0... .11+.^.1| ok p=0.90332
Q22:	|........ 0..-...+ ....1... ..-....-| ok p=0.904297
Q23:	|..0....^ ........ ....-.0. ...^....| ok p=0.99707
Q24:	|..1...0. ...^...^ .0....1. ..^....^| ok p=0.885742
Q25:	|..+...1. ........ ....^.+. ........| ok p=0.881836
Q26:	|......+. ........ 0-...... .....0..| ok p=0.980469
Q27:	|..^..... ........ 1-....^. .....1..| ok p=1
Q28:	|......^. ........ -+...... .....-..| ok p=0.834961
Q29:	|........ ........ .0...... .....0..| ok p=0.993164
Q30:	|........ ........ ^1...... .....+..| ok p=1
Q31:	|........ ........ ........ .....+..| ok p=1
Q32:	|........ ........ ........ ........| ok p=1
Q33:	|........ ........ ........ .....!..| ok p=1
Q34:	|........ ........ ........ ........| ok p=1
Q35:	|........ ........ ........ ........| ok p=1
Q36:	|........ ........ ........ ........| ok p=1
Q37:	|........ ........ ........ ........| ok p=1
Q38:	|........ ........ ........ ........| ok p=1
Q39:	|........ ........ ........ ........| ok p=1
Q40:	|........ ........ ........ ........| ok p=1
Q41:	|........ ........ ........ ........| ok p=1
Q42:	|........ ........ ........ ........| ok p=1
Q43:	|........ ........ ........ ........| ok p=1
Q44:	|........ ........ ........ ........| ok p=1
Q45:	|........ ........ ........ ........| ok p=1
Q46:	|........ ........ ........ ........| ok p=1
Q47:	|........ ........ ........ ........| ok p=1
Q48:	|........ ........ ........ ........| ok p=1
Q49:	|........ ........ ........ ........| ok p=1
Q50:	|........ ........ ........ ........| ok p=1
Q51:	|........ ........ ........ ........| ok p=1
Q52:	|........ ........ ........ ........| ok p=1
Q53:	|........ ........ ........ ........| ok p=1
Q54:	|........ ........ ........ ........| ok p=1
Q55:	|........ ........ ........ ........| ok p=1
Q56:	|........ ........ ........ ........| ok p=1
Q57:	|........ ........ ........ ........| ok p=1
Q58:	|........ ........ ........ ........| ok p=1
Q59:	|........ ........ ........ ........| ok p=1
Q60:	|........ ........ ...0.... ........| ok p=1
Q61:	|........ ........ ..11.... ........| ok p=1
Q62:	|........ ........ ..1-.... ........| ok p=1
Q63:	|........ ........ ..-+.... ........| ok p=1
Q64:	|........ ........ ...-.... .....+..|
Best path: totcompl=-27 tottunnel=35, totcond=545, p=0.00929325
Best paths: 2
Best paths: 4
**Q-3:	|11110001 11110111 11011100 11100001|
Q-2:	|11-01+-- 010+10-+ +1+-0100 011+---1|
Q-1:	|+++1+--- 001+0000 -10+0011 10011+-0|
Q0:	|+++10000 +--00-11 0-0-1-00 00-000-1| ok p=0.742188
Q1:	|+1..-000 +11-.0-0 0-.1.-0+ ..-..1-.| ok p=0.424805
Q2:	|1+1.+... .1+1.-01 .-.0.--- ..0...+.| ok p=1
Q3:	|1-..0... 1-+1.-0- ^0...-00 ..1..^1.| ok p=1
Q4:	|00..-^.. .0-..01+ .1....0+ ..+.^--.| ok p=1
Q5:	|1+..1-.. .+0..-11 .....1.1 .!1.-0+.| ok p=1
Q6:	|01..+0.. .1-..-+1 .......1 ..0.0--.| ok p=0.999023
Q7:	|.1..11.. .+-...-. ........ ..+.+01.| ok p=1
Q8:	|!+..0-.. .+-..0-. ..0..... .0-.+10.| ok p=1
Q9:	|.+!.+1.. .0+...-. ..0.0... .10.+...| ok p=1
Q10:	|!...+00. .+-10.0. ^1+11.0. 1-01+.1.| ok p=1
Q11:	|.0.1+10^ ^-111^0! +0+0+.1^ 00111^0.| ok p=1
Q12:	|..00+--+ -+-+---^ 1--+-^-+ +----+-.| ok p=1
Q13:	|..0-+++1 0+--11-- -0-0-+01 1+-+001.| ok p=1
Q14:	|!.+0.101 1.+010.0 1-01.0-1 11.101+.| ok p=1
Q15:	|0.+1000. +01-.101 10-.11+. .-0+.++.| ok p=0.629883
Q16:	|1.-.0... 0.1..-.. 0+..0.+. .-...11.| ok p=0.736328
Q17:	|-.+.1... -..^.+.. 1.^.1.0. .1.^.00.| ok p=0.648438
Q18:	|..-.+... -....1.. -^..-.1. .+...1..| ok p=0.768555
Q19:	|^.-....0 +....+.. ........ .+.0.-..| ok p=0.678711
Q20:	|..1.^..1 +..0...0 ^...^... .001...0| ok p=0.364258
Q21:	|..1....+ 0..1.^.1 ....0... .11+.^.1| ok p=0.905273
Q22:	|........ 0..-...+ ....1... ..-....-| ok p=0.915039
Q23:	|..0....^ ........ ....-.0. ...^....| ok p=0.994141
Q24:	|..1...0. ...^...^ .0....1. ..^....^| ok p=0.883789
Q25:	|..+...1. ........ ....^.+. ........| ok p=0.886719
Q26:	|......+. ........ 0-...... .....0..| ok p=0.987305
Q27:	|..^..... ........ 1-....^. .....1..| ok p=1
Q28:	|......^. ........ -+...... .....-..| ok p=0.841797
Q29:	|........ ........ .0...... .....0..| ok p=0.99707
Q30:	|........ ........ ^1...... .....+..| ok p=1
Q31:	|........ ........ ........ .....+..| ok p=1
Q32:	|........ ........ ........ ........| ok p=1
Q33:	|........ ........ ........ .....!..| ok p=1
Q34:	|........ ........ ........ ........| ok p=1
Q35:	|........ ........ ........ ........| ok p=1
Q36:	|........ ........ ........ ........| ok p=1
Q37:	|........ ........ ........ ........| ok p=1
Q38:	|........ ........ ........ ........| ok p=1
Q39:	|........ ........ ........ ........| ok p=1
Q40:	|........ ........ ........ ........| ok p=1
Q41:	|........ ........ ........ ........| ok p=1
Q42:	|........ ........ ........ ........| ok p=1
Q43:	|........ ........ ........ ........| ok p=1
Q44:	|........ ........ ........ ........| ok p=1
Q45:	|........ ........ ........ ........| ok p=1
Q46:	|........ ........ ........ ........| ok p=1
Q47:	|........ ........ ........ ........| ok p=1
Q48:	|........ ........ ........ ........| ok p=1
Q49:	|........ ........ ........ ........| ok p=1
Q50:	|........ ........ ........ ........| ok p=1
Q51:	|........ ........ ........ ........| ok p=1
Q52:	|........ ........ ........ ........| ok p=1
Q53:	|........ ........ ........ ........| ok p=1
Q54:	|........ ........ ........ ........| ok p=1
Q55:	|........ ........ ........ ........| ok p=1
Q56:	|........ ........ ........ ........| ok p=1
Q57:	|........ ........ ........ ........| ok p=1
Q58:	|........ ........ ........ ........| ok p=1
Q59:	|........ ........ ........ ........| ok p=1
Q60:	|........ ........ ...0.... ........| ok p=1
Q61:	|........ ........ ..11.... ........| ok p=1
Q62:	|........ ........ ..1-.... ........| ok p=1
Q63:	|........ ........ ..-+.... ........| ok p=1
Q64:	|........ ........ ...-.... .....+..|
Best path: totcompl=-27 tottunnel=35, totcond=544, p=0.00982101
**Best paths: 2
******************************************
Best path: totcompl=-27 tottunnel=35, totcond=544
Verified: 268054 bad out of 268069
Runtime: 949.721
MD5 differential path toolbox
Copyright (C) 2009 Marc Stevens
http://homepages.cwi.nl/~stevens/

delta_m[11] = [!-2!]
Q-3:	|11110001 11110111 11011100 11100001|
Q-2:	|11-01+-- 010+10-+ +1+-0100 011+---1|
Q-1:	|+++1+--- 001+0000 -10+0011 10011+-0|
Q0:	|+++10000 +--00-11 0-0-1-00 00-000-1| ok p=0.737305
Q1:	|+1..-000 +11-.0-0 0-.1.-0+ ..-..1-.| ok p=0.453125
Q2:	|1+1.+... .1+1.-01 .-.0.--- ..0...+.| ok p=1
Q3:	|1-..0... 1-+1.-0- ^0...-00 ..1..^1.| ok p=1
Q4:	|00..-^.. .0-..01+ .1....0+ ..+.^--.| ok p=1
Q5:	|1+..1-.. .+0..-11 .....1.1 .!1.-0+.| ok p=1
Q6:	|01..+0.. .1-..-+1 .......1 ..0.0--.| ok p=0.999023
Q7:	|.1..11.. .+-...-. ........ ..+.+01.| ok p=1
Q8:	|!+..0-.. .+-..0-. ..0..... .0-.+10.| ok p=1
Q9:	|.+!.+1.. .0+...-. ..0.0... .10.+...| ok p=1
Q10:	|!...+00. .+-10.0. ^1+11.0. 1-01+.1.| ok p=1
Q11:	|.0.1+10^ ^-111^0! +0+0+.1^ 00111^0.| ok p=1
Q12:	|..00+--+ -+-+---^ 1--+-^-+ +----+-.| ok p=1
Q13:	|..0-+++1 0+--11-- -0-0-+01 1+-+001.| ok p=1
Q14:	|!.+0.101 1.+010.0 1-01.0-1 11.101+.| ok p=1
Q15:	|0.+1000. +01-.101 10-.11+. .-0+.++.| ok p=0.614258
Q16:	|1.-.0... 0.1..-.. 0+..0.+. .-...11.| ok p=0.750977
Q17:	|-.+.1... -..^.+.. 1.^.1.0. .1.^.00.| ok p=0.65332
Q18:	|..-.+... -....1.. -^..-.1. .+...1..| ok p=0.776367
Q19:	|^.-....0 +....+.. ........ .+.0.-..| ok p=0.662109
Q20:	|..1.^..1 +..0...0 ^...^... .001...0| ok p=0.389648
Q21:	|..1....+ 0..1.^.1 ....0... .11+.^.1| ok p=0.898438
Q22:	|........ 0..-...+ ....1... ..-....-| ok p=0.916992
Q23:	|..0....^ ........ ....-.0. ...^....| ok p=0.995117
Q24:	|..1...0. ...^...^ .0....1. ..^....^| ok p=0.852539
Q25:	|..+...1. ........ ....^.+. ........| ok p=0.871094
Q26:	|......+. ........ 0-...... .....0..| ok p=0.980469
Q27:	|..^..... ........ 1-....^. .....1..| ok p=1
Q28:	|......^. ........ -+...... .....-..| ok p=0.841797
Q29:	|........ ........ .0...... .....0..| ok p=0.993164
Q30:	|........ ........ ^1...... .....+..| ok p=1
Q31:	|........ ........ ........ .....+..| ok p=1
Q32:	|........ ........ ........ ........| ok p=1
Q33:	|........ ........ ........ .....!..| ok p=1
Q34:	|........ ........ ........ ........| ok p=1
Q35:	|........ ........ ........ ........| ok p=1
Q36:	|........ ........ ........ ........| ok p=1
Q37:	|........ ........ ........ ........| ok p=1
Q38:	|........ ........ ........ ........| ok p=1
Q39:	|........ ........ ........ ........| ok p=1
Q40:	|........ ........ ........ ........| ok p=1
Q41:	|........ ........ ........ ........| ok p=1
Q42:	|........ ........ ........ ........| ok p=1
Q43:	|........ ........ ........ ........| ok p=1
Q44:	|........ ........ ........ ........| ok p=1
Q45:	|........ ........ ........ ........| ok p=1
Q46:	|........ ........ ........ ........| ok p=1
Q47:	|........ ........ ........ ........| ok p=1
Q48:	|........ ........ ........ ........| ok p=1
Q49:	|........ ........ ........ ........| ok p=1
Q50:	|........ ........ ........ ........| ok p=1
Q51:	|........ ........ ........ ........| ok p=1
Q52:	|........ ........ ........ ........| ok p=1
Q53:	|........ ........ ........ ........| ok p=1
Q54:	|........ ........ ........ ........| ok p=1
Q55:	|........ ........ ........ ........| ok p=1
Q56:	|........ ........ ........ ........| ok p=1
Q57:	|........ ........ ........ ........| ok p=1
Q58:	|........ ........ ........ ........| ok p=1
Q59:	|........ ........ ........ ........| ok p=1
Q60:	|........ ........ ...0.... ........| ok p=1
Q61:	|........ ........ ..11.... ........| ok p=1
Q62:	|........ ........ ..1-.... ........| ok p=1
Q63:	|........ ........ ..-+.... ........| ok p=1
Q64:	|........ ........ ...-.... .....+..|
Starting...
20: Q5m5tunnel      = 2
20: Q4m5tunnel      = 1
20: Q14m6Q3m5tunnel = 0
21: Q10m10tunnel    = 2
21: Q9m10tunnel     = 8
22: Q8Q12m15tunnel  = 2
23: Q4m4tunnel      = 13
24: Q9m9tunnel      = 5
25: Q14Q3m14tunnel  = 1
.20: Q5m5tunnel      = 2
20: Q4m5tunnel      = 1
20: Q14m6Q3m5tunnel = 0
21: Q10m10tunnel    = 2
21: Q9m10tunnel     = 8
22: Q8Q12m15tunnel  = 2
23: Q4m4tunnel      = 13
24: Q9m9tunnel      = 5
25: Q14Q3m14tunnel  = 1
.1 0
2 0
4 0
8 0
16 0
32 0
20: Q5m5tunnel      = 2
20: Q4m5tunnel      = 1
20: Q14m6Q3m5tunnel = 0
21: Q10m10tunnel    = 2
21: Q9m10tunnel     = 8
22: Q8Q12m15tunnel  = 2
23: Q4m4tunnel      = 13
24: Q9m9tunnel      = 5
25: Q14Q3m14tunnel  = 1
.64 0
128 0
20: Q5m5tunnel      = 2
20: Q4m5tunnel      = 1
20: Q14m6Q3m5tunnel = 0
21: Q10m10tunnel    = 2
21: Q9m10tunnel     = 8
22: Q8Q12m15tunnel  = 2
23: Q4m4tunnel      = 13
24: Q9m9tunnel      = 5
25: Q14Q3m14tunnel  = 1
.20: Q5m5tunnel      = 2
20: Q4m5tunnel      = 1
20: Q14m6Q3m5tunnel = 0
21: Q10m10tunnel    = 2
21: Q9m10tunnel     = 8
22: Q8Q12m15tunnel  = 2
23: Q4m4tunnel      = 13
24: Q9m9tunnel      = 5
25: Q14Q3m14tunnel  = 1
.20: Q5m5tunnel      = 2
20: Q4m5tunnel      = 1
20: Q14m6Q3m5tunnel = 0
21: Q10m10tunnel    = 2
21: Q9m10tunnel     = 8
22: Q8Q12m15tunnel  = 2
23: Q4m4tunnel      = 13
24: Q9m9tunnel      = 5
25: Q14Q3m14tunnel  = 1
.20: Q5m5tunnel      = 2
20: Q4m5tunnel      = 1
20: Q14m6Q3m5tunnel = 0
21: Q10m10tunnel    = 2
21: Q9m10tunnel     = 8
22: Q8Q12m15tunnel  = 2
23: Q4m4tunnel      = 13
24: Q9m9tunnel      = 5
25: Q14Q3m14tunnel  = 1
.20: Q5m5tunnel      = 2
20: Q4m5tunnel      = 1
20: Q14m6Q3m5tunnel = 0
21: Q10m10tunnel    = 2
21: Q9m10tunnel     = 8
22: Q8Q12m15tunnel  = 2
23: Q4m4tunnel      = 13
24: Q9m9tunnel      = 5
25: Q14Q3m14tunnel  = 1
.256 0
512 0
1024 0
2048 0
4096 0
8192 0
16384 0
32768 0
65536 0
115714 1
131072 1
156443 2
262144 2
517980 4
524288 4
1048576 7
1106244 8
2009199 16
2097152 16
3411390 32
4194304 39
6369086 64
8388608 86
20: Q5m5tunnel      = 2
20: Q4m5tunnel      = 1
20: Q14m6Q3m5tunnel = 0
21: Q10m10tunnel    = 2
21: Q9m10tunnel     = 8
22: Q8Q12m15tunnel  = 2
23: Q4m4tunnel      = 13
24: Q9m9tunnel      = 5
25: Q14Q3m14tunnel  = 1
.20: Q5m5tunnel      = 2
20: Q4m5tunnel      = 1
20: Q14m6Q3m5tunnel = 0
21: Q10m10tunnel    = 2
21: Q9m10tunnel     = 8
22: Q8Q12m15tunnel  = 2
23: Q4m4tunnel      = 13
24: Q9m9tunnel      = 5
25: Q14Q3m14tunnel  = 1
.20: Q5m5tunnel      = 2
20: Q4m5tunnel      = 1
20: Q14m6Q3m5tunnel = 0
21: Q10m10tunnel    = 2
21: Q9m10tunnel     = 8
22: Q8Q12m15tunnel  = 2
23: Q4m4tunnel      = 13
24: Q9m9tunnel      = 5
25: Q14Q3m14tunnel  = 1
.20: Q5m5tunnel      = 2
20: Q4m5tunnel      = 1
20: Q14m6Q3m5tunnel = 0
21: Q10m10tunnel    = 2
21: Q9m10tunnel     = 8
22: Q8Q12m15tunnel  = 2
23: Q4m4tunnel      = 13
24: Q9m9tunnel      = 5
25: Q14Q3m14tunnel  = 1
.20: Q5m5tunnel      = 2
20: Q4m5tunnel      = 1
20: Q14m6Q3m5tunnel = 0
21: Q10m10tunnel    = 2
21: Q9m10tunnel     = 8
22: Q8Q12m15tunnel  = 2
23: Q4m4tunnel      = 13
24: Q9m9tunnel      = 5
25: Q14Q3m14tunnel  = 1
.20: Q5m5tunnel      = 2
20: Q4m5tunnel      = 1
20: Q14m6Q3m5tunnel = 0
21: Q10m10tunnel    = 2
21: Q9m10tunnel     = 8
22: Q8Q12m15tunnel  = 2
23: Q4m4tunnel      = 13
24: Q9m9tunnel      = 5
25: Q14Q3m14tunnel  = 1
.Block 1: workdir3/coll1_566805748
49 54 05 f2 d0 e2 b0 bc 6b 8d e9 72 0e ca 05 cb 
2d f5 e0 c3 27 9e a6 05 c5 15 03 3e 22 f8 ad 03 
a9 da 3c e4 d6 cd 33 c4 89 d6 f9 70 0a 38 d7 f8 
d2 a2 b9 16 09 cb e6 50 43 6d 84 b4 c9 f2 71 10 
Block 2: workdir3/coll2_566805748
49 54 05 f2 d0 e2 b0 bc 6b 8d e9 72 0e ca 05 cb 
2d f5 e0 c3 27 9e a6 05 c5 15 03 3e 22 f8 ad 03 
a9 da 3c e4 d6 cd 33 c4 89 d6 f9 70 06 38 d7 f8 
d2 a2 b9 16 09 cb e6 50 43 6d 84 b4 c9 f2 71 10 
Found collision!
